Log file open, 03/02/23 08:31:17
LogWindows: Failed to load 'aqProf.dll' (GetLastError=126)
LogWindows: File 'aqProf.dll' does not exist
LogWindows: Failed to load 'VtuneApi.dll' (GetLastError=126)
LogWindows: File 'VtuneApi.dll' does not exist
LogWindows: Failed to load 'VtuneApi32e.dll' (GetLastError=126)
LogWindows: File 'VtuneApi32e.dll' does not exist
LogConsoleResponse: Display: Failed to find resolution value strings in scalability ini. Falling back to default.
LogConsoleResponse: Display: Failed to find resolution value strings in scalability ini. Falling back to default.
LogInit: Display: Running engine for game: UnrealProject
LogPlatformFile: Not using cached read wrapper
LogTaskGraph: Started task graph with 5 named threads and 47 total threads with 3 sets of task threads.
LogStats: Stats thread started at 0.207276
LogICUInternationalization: ICU TimeZone Detection - Raw Offset: +0:00, Platform Override: ''
LogInit: Display: Loading text-based GConfig....
LogPluginManager: Mounting plugin MeshPainting
LogPluginManager: Mounting plugin XGEController
LogPluginManager: Mounting plugin Paper2D
LogPluginManager: Mounting plugin LightPropagationVolume
LogPluginManager: Mounting plugin GameplayCameras
LogPluginManager: Mounting plugin CameraShakePreviewer
LogPluginManager: Mounting plugin LiveLink
LogPluginManager: Mounting plugin AnimationSharing
LogPluginManager: Mounting plugin CLionSourceCodeAccess
LogPluginManager: Mounting plugin CodeLiteSourceCodeAccess
LogPluginManager: Mounting plugin GitSourceControl
LogPluginManager: Mounting plugin KDevelopSourceCodeAccess
LogPluginManager: Mounting plugin NullSourceCodeAccess
LogPluginManager: Mounting plugin PerforceSourceControl
LogPluginManager: Mounting plugin PluginUtils
LogPluginManager: Mounting plugin PlasticSourceControl
LogPluginManager: Mounting plugin PropertyAccessNode
LogPluginManager: Mounting plugin PixWinPlugin
LogPluginManager: Mounting plugin RiderSourceCodeAccess
LogPluginManager: Mounting plugin SubversionSourceControl
LogPluginManager: Mounting plugin TextureFormatOodle
LogPluginManager: Mounting plugin UObjectPlugin
LogPluginManager: Mounting plugin VisualStudioCodeSourceCodeAccess
LogPluginManager: Mounting plugin VisualStudioSourceCodeAccess
LogPluginManager: Mounting plugin XCodeSourceCodeAccess
LogPluginManager: Mounting plugin AlembicImporter
LogPluginManager: Mounting plugin DatasmithContent
LogPluginManager: Mounting plugin VariantManagerContent
LogPluginManager: Mounting plugin BackChannel
LogPluginManager: Mounting plugin AutomationUtils
LogPluginManager: Mounting plugin ChaosClothEditor
LogPluginManager: Mounting plugin ChaosCloth
LogPluginManager: Mounting plugin ChaosEditor
LogPluginManager: Mounting plugin ChaosSolverPlugin
LogPluginManager: Mounting plugin ChaosNiagara
LogPluginManager: Mounting plugin CharacterAI
LogPluginManager: Mounting plugin GeometryCache
LogPluginManager: Mounting plugin GeometryProcessing
LogPluginManager: Mounting plugin GeometryCollectionPlugin
LogPluginManager: Mounting plugin OpenImageDenoise
LogPluginManager: Mounting plugin MotoSynth
LogPluginManager: Mounting plugin PlanarCut
LogPluginManager: Mounting plugin PlatformCrypto
LogPluginManager: Mounting plugin ProxyLODPlugin
LogPluginManager: Mounting plugin PythonScriptPlugin
LogPluginManager: Mounting plugin Niagara
LogPluginManager: Mounting plugin SkeletalReduction
LogPluginManager: Mounting plugin AssetManagerEditor
LogPluginManager: Mounting plugin CryptoKeys
LogPluginManager: Mounting plugin CurveEditorTools
LogPluginManager: Mounting plugin DataValidation
LogPluginManager: Mounting plugin FacialAnimation
LogPluginManager: Mounting plugin LuminPlatformFeatures
LogPluginManager: Mounting plugin GeometryMode
LogPluginManager: Mounting plugin GameplayTagsEditor
LogPluginManager: Mounting plugin MagicLeap
LogPluginManager: Mounting plugin MacGraphicsSwitching
LogPluginManager: Mounting plugin MobileLauncherProfileWizard
LogPluginManager: Mounting plugin MaterialAnalyzer
LogPluginManager: Mounting plugin PluginBrowser
LogPluginManager: Mounting plugin SpeedTreeImporter
LogPluginManager: Mounting plugin AndroidMedia
LogPluginManager: Mounting plugin MagicLeapLightEstimation
LogPluginManager: Mounting plugin MagicLeapMedia
LogPluginManager: Mounting plugin MagicLeapPassableWorld
LogPluginManager: Mounting plugin MLSDK
LogPluginManager: Mounting plugin AvfMedia
LogPluginManager: Mounting plugin ImgMedia
LogPluginManager: Mounting plugin MediaCompositing
LogPluginManager: Mounting plugin TcpMessaging
LogPluginManager: Mounting plugin UdpMessaging
LogPluginManager: Mounting plugin MediaPlayerEditor
LogPluginManager: Mounting plugin ActorSequence
LogPluginManager: Mounting plugin WebMMedia
LogPluginManager: Mounting plugin WmfMedia
LogPluginManager: Mounting plugin LevelSequenceEditor
LogPluginManager: Mounting plugin MatineeToLevelSequence
LogPluginManager: Mounting plugin TemplateSequence
LogPluginManager: Mounting plugin OnlineSubsystem
LogPluginManager: Mounting plugin LauncherChunkInstaller
LogPluginManager: Mounting plugin ActorLayerUtilities
LogPluginManager: Mounting plugin OnlineSubsystemNull
LogPluginManager: Mounting plugin OnlineSubsystemUtils
LogPluginManager: Mounting plugin AndroidDeviceProfileSelector
LogPluginManager: Mounting plugin AndroidMoviePlayer
LogPluginManager: Mounting plugin AndroidPermission
LogPluginManager: Mounting plugin AppleImageUtils
LogPluginManager: Mounting plugin ArchVisCharacter
LogPluginManager: Mounting plugin AppleMoviePlayer
LogPluginManager: Mounting plugin AudioSynesthesia
LogPluginManager: Mounting plugin AudioCapture
LogPluginManager: Mounting plugin AssetTags
LogPluginManager: Mounting plugin CableComponent
LogPluginManager: Mounting plugin ChunkDownloader
LogPluginManager: Mounting plugin CustomMeshComponent
LogPluginManager: Mounting plugin EditableMesh
LogPluginManager: Mounting plugin ExampleDeviceProfileSelector
LogPluginManager: Mounting plugin GoogleCloudMessaging
LogPluginManager: Mounting plugin GooglePAD
LogPluginManager: Mounting plugin IOSDeviceProfileSelector
LogPluginManager: Mounting plugin LinuxDeviceProfileSelector
LogPluginManager: Mounting plugin LocationServicesBPLibrary
LogPluginManager: Mounting plugin MobilePatchingUtils
LogPluginManager: Mounting plugin OpenXR
LogPluginManager: Mounting plugin OpenXREyeTracker
LogPluginManager: Mounting plugin OpenXRHandTracking
LogPluginManager: Mounting plugin PostSplashScreen
LogPluginManager: Mounting plugin PhysXVehicles
LogPluginManager: Mounting plugin ProceduralMeshComponent
LogPluginManager: Mounting plugin PropertyAccessEditor
LogPluginManager: Mounting plugin RuntimePhysXCooking
LogPluginManager: Mounting plugin SignificanceManager
LogPluginManager: Mounting plugin SoundFields
LogPluginManager: Mounting plugin Synthesis
LogPluginManager: Mounting plugin WebMMoviePlayer
LogPluginManager: Mounting plugin WindowsMoviePlayer
LogPluginManager: Mounting plugin ScreenshotTools
LogPluginManager: Mounting plugin OodleNetwork
LogPluginManager: Mounting plugin OodleData
LogPluginManager: Mounting plugin AISupport
LogPluginManager: Mounting plugin Takes
LogPluginManager: Mounting plugin EnvironmentQueryEditor
LogPluginManager: Mounting plugin ContentBrowserClassDataSource
LogPluginManager: Mounting plugin ContentBrowserFileDataSource
LogPluginManager: Mounting plugin ContentBrowserAssetDataSource
LogPluginManager: Mounting plugin OnlineSubsystemGooglePlay
LogPluginManager: Mounting plugin OnlineSubsystemIOS
PixWinPlugin: PIX capture plugin failed to initialize! Check that the process is launched from PIX.
LogInit: Using libcurl 7.55.1-DEV
LogInit:  - built for x86_64-pc-win32
LogInit:  - supports SSL with OpenSSL/1.1.1
LogInit:  - supports HTTP deflate (compression) using libz 1.2.8
LogInit:  - other features:
LogInit:      CURL_VERSION_SSL
LogInit:      CURL_VERSION_LIBZ
LogInit:      CURL_VERSION_IPV6
LogInit:      CURL_VERSION_ASYNCHDNS
LogInit:      CURL_VERSION_LARGEFILE
LogInit:      CURL_VERSION_IDN
LogInit:  CurlRequestOptions (configurable via config and command line):
LogInit:  - bVerifyPeer = true  - Libcurl will verify peer certificate
LogInit:  - bUseHttpProxy = false  - Libcurl will NOT use HTTP proxy
LogInit:  - bDontReuseConnections = false  - Libcurl will reuse connections
LogInit:  - MaxHostConnections = 16  - Libcurl will limit the number of connections to a host
LogInit:  - LocalHostAddr = Default
LogInit:  - BufferSize = 65536
LogOnline: OSS: Creating online subsystem instance for: NULL
LogInit: WinSock: version 1.1 (2.2), MaxSocks=32767, MaxUdp=65467
LogOnline: OSS: TryLoadSubsystemAndSetDefault: Loaded subsystem for module [NULL]
LogInit: Build: ++UE4+Release-4.27-CL-18319896
LogInit: Engine Version: 4.27.2-18319896+++UE4+Release-4.27
LogInit: Compatible Engine Version: 4.27.0-17155196+++UE4+Release-4.27
LogInit: Net CL: 17155196
LogInit: OS: Windows 10 (Release 2009) (), CPU: AMD Ryzen 7 3800X 8-Core Processor             , GPU: NVIDIA GeForce RTX 2060
LogInit: Compiled (64-bit): Nov 30 2021 07:12:08
LogInit: Compiled with Visual C++: 19.24.28315.00
LogInit: Build Configuration: Development
LogInit: Branch Name: ++UE4+Release-4.27
LogInit: Command Line: 
LogInit: Base Directory: D:/Unreal/UE_4.27/Engine/Binaries/Win64/
LogInit: Allocator: TBB
LogInit: Installed Engine Build: 1
LogDevObjectVersion: Number of dev versions registered: 29
LogDevObjectVersion:   Dev-Blueprints (B0D832E4-1F89-4F0D-ACCF-7EB736FD4AA2): 10
LogDevObjectVersion:   Dev-Build (E1C64328-A22C-4D53-A36C-8E866417BD8C): 0
LogDevObjectVersion:   Dev-Core (375EC13C-06E4-48FB-B500-84F0262A717E): 4
LogDevObjectVersion:   Dev-Editor (E4B068ED-F494-42E9-A231-DA0B2E46BB41): 40
LogDevObjectVersion:   Dev-Framework (CFFC743F-43B0-4480-9391-14DF171D2073): 37
LogDevObjectVersion:   Dev-Mobile (B02B49B5-BB20-44E9-A304-32B752E40360): 3
LogDevObjectVersion:   Dev-Networking (A4E4105C-59A1-49B5-A7C5-40C4547EDFEE): 0
LogDevObjectVersion:   Dev-Online (39C831C9-5AE6-47DC-9A44-9C173E1C8E7C): 0
LogDevObjectVersion:   Dev-Physics (78F01B33-EBEA-4F98-B9B4-84EACCB95AA2): 14
LogDevObjectVersion:   Dev-Platform (6631380F-2D4D-43E0-8009-CF276956A95A): 0
LogDevObjectVersion:   Dev-Rendering (12F88B9F-8875-4AFC-A67C-D90C383ABD29): 45
LogDevObjectVersion:   Dev-Sequencer (7B5AE74C-D270-4C10-A958-57980B212A5A): 13
LogDevObjectVersion:   Dev-VR (D7296918-1DD6-4BDD-9DE2-64A83CC13884): 3
LogDevObjectVersion:   Dev-LoadTimes (C2A15278-BFE7-4AFE-6C17-90FF531DF755): 1
LogDevObjectVersion:   Private-Geometry (6EACA3D4-40EC-4CC1-B786-8BED09428FC5): 3
LogDevObjectVersion:   Dev-AnimPhys (29E575DD-E0A3-4627-9D10-D276232CDCEA): 17
LogDevObjectVersion:   Dev-Anim (AF43A65D-7FD3-4947-9873-3E8ED9C1BB05): 15
LogDevObjectVersion:   Dev-ReflectionCapture (6B266CEC-1EC7-4B8F-A30B-E4D90942FC07): 1
LogDevObjectVersion:   Dev-Automation (0DF73D61-A23F-47EA-B727-89E90C41499A): 1
LogDevObjectVersion:   FortniteMain (601D1886-AC64-4F84-AA16-D3DE0DEAC7D6): 47
LogDevObjectVersion:   FortniteRelease (E7086368-6B23-4C58-8439-1B7016265E91): 1
LogDevObjectVersion:   Dev-Enterprise (9DFFBCD6-494F-0158-E221-12823C92A888): 10
LogDevObjectVersion:   Dev-Niagara (F2AED0AC-9AFE-416F-8664-AA7FFA26D6FC): 1
LogDevObjectVersion:   Dev-Destruction (174F1F0B-B4C6-45A5-B13F-2EE8D0FB917D): 10
LogDevObjectVersion:   Dev-Physics-Ext (35F94A83-E258-406C-A318-09F59610247C): 41
LogDevObjectVersion:   Dev-PhysicsMaterial-Chaos (B68FC16E-8B1B-42E2-B453-215C058844FE): 1
LogDevObjectVersion:   Dev-CineCamera (B2E18506-4273-CFC2-A54E-F4BB758BBA07): 1
LogDevObjectVersion:   Dev-VirtualProduction (64F58936-FD1B-42BA-BA96-7289D5D0FA4E): 1
LogDevObjectVersion:   Dev-MediaFramework (6F0ED827-A609-4895-9C91-998D90180EA4): 2
LogInit: Presizing for max 25165824 objects, including 0 objects not considered by GC, pre-allocating 0 bytes for permanent pool.
LogConfig: Applying CVar settings from Section [/Script/Engine.StreamingSettings] File [D:/JourneyManProject/TwonicJMRepo/UnrealProject/Saved/Config/Windows/Engine.ini]
LogConfig: Setting CVar [[s.MinBulkDataSizeForAsyncLoading:131072]]
LogConfig: Setting CVar [[s.AsyncLoadingThreadEnabled:0]]
LogConfig: Setting CVar [[s.EventDrivenLoaderEnabled:1]]
LogConfig: Setting CVar [[s.WarnIfTimeLimitExceeded:0]]
LogConfig: Setting CVar [[s.TimeLimitExceededMultiplier:1.5]]
LogConfig: Setting CVar [[s.TimeLimitExceededMinTime:0.005]]
LogConfig: Setting CVar [[s.UseBackgroundLevelStreaming:1]]
LogConfig: Setting CVar [[s.PriorityAsyncLoadingExtraTime:15.0]]
LogConfig: Setting CVar [[s.LevelStreamingActorsUpdateTimeLimit:5.0]]
LogConfig: Setting CVar [[s.PriorityLevelStreamingActorsUpdateExtraTime:5.0]]
LogConfig: Setting CVar [[s.LevelStreamingComponentsRegistrationGranularity:10]]
LogConfig: Setting CVar [[s.UnregisterComponentsTimeLimit:1.0]]
LogConfig: Setting CVar [[s.LevelStreamingComponentsUnregistrationGranularity:5]]
LogConfig: Setting CVar [[s.FlushStreamingOnExit:1]]
LogInit: Object subsystem initialized
LogConfig: Setting CVar [[con.DebugEarlyDefault:1]]
LogConfig: Setting CVar [[r.setres:1280x720]]
[2023.03.02-08.31.18:370][  0]LogConfig: Setting CVar [[r.VSync:0]]
[2023.03.02-08.31.18:370][  0]LogConfig: Setting CVar [[r.RHICmdBypass:0]]
[2023.03.02-08.31.18:370][  0]LogConfig: Applying CVar settings from Section [/Script/Engine.RendererSettings] File [D:/JourneyManProject/TwonicJMRepo/UnrealProject/Saved/Config/Windows/Engine.ini]
[2023.03.02-08.31.18:370][  0]LogConfig: Setting CVar [[r.GPUCrashDebugging:0]]
[2023.03.02-08.31.18:370][  0]LogConfig: Applying CVar settings from Section [/Script/Engine.RendererOverrideSettings] File [D:/JourneyManProject/TwonicJMRepo/UnrealProject/Saved/Config/Windows/Engine.ini]
[2023.03.02-08.31.18:370][  0]LogConfig: Applying CVar settings from Section [/Script/Engine.StreamingSettings] File [D:/JourneyManProject/TwonicJMRepo/UnrealProject/Saved/Config/Windows/Engine.ini]
[2023.03.02-08.31.18:370][  0]LogConfig: Setting CVar [[s.MinBulkDataSizeForAsyncLoading:131072]]
[2023.03.02-08.31.18:370][  0]LogConfig: Setting CVar [[s.AsyncLoadingThreadEnabled:0]]
[2023.03.02-08.31.18:370][  0]LogConfig: Setting CVar [[s.EventDrivenLoaderEnabled:1]]
[2023.03.02-08.31.18:370][  0]LogConfig: Setting CVar [[s.WarnIfTimeLimitExceeded:0]]
[2023.03.02-08.31.18:370][  0]LogConfig: Setting CVar [[s.TimeLimitExceededMultiplier:1.5]]
[2023.03.02-08.31.18:370][  0]LogConfig: Setting CVar [[s.TimeLimitExceededMinTime:0.005]]
[2023.03.02-08.31.18:370][  0]LogConfig: Setting CVar [[s.UseBackgroundLevelStreaming:1]]
[2023.03.02-08.31.18:370][  0]LogConfig: Setting CVar [[s.PriorityAsyncLoadingExtraTime:15.0]]
[2023.03.02-08.31.18:370][  0]LogConfig: Setting CVar [[s.LevelStreamingActorsUpdateTimeLimit:5.0]]
[2023.03.02-08.31.18:370][  0]LogConfig: Setting CVar [[s.PriorityLevelStreamingActorsUpdateExtraTime:5.0]]
[2023.03.02-08.31.18:370][  0]LogConfig: Setting CVar [[s.LevelStreamingComponentsRegistrationGranularity:10]]
[2023.03.02-08.31.18:370][  0]LogConfig: Setting CVar [[s.UnregisterComponentsTimeLimit:1.0]]
[2023.03.02-08.31.18:370][  0]LogConfig: Setting CVar [[s.LevelStreamingComponentsUnregistrationGranularity:5]]
[2023.03.02-08.31.18:370][  0]LogConfig: Setting CVar [[s.FlushStreamingOnExit:1]]
[2023.03.02-08.31.18:370][  0]LogConfig: Applying CVar settings from Section [/Script/Engine.GarbageCollectionSettings] File [D:/JourneyManProject/TwonicJMRepo/UnrealProject/Saved/Config/Windows/Engine.ini]
[2023.03.02-08.31.18:370][  0]LogConfig: Setting CVar [[gc.MaxObjectsNotConsideredByGC:1]]
[2023.03.02-08.31.18:370][  0]LogConfig: Setting CVar [[gc.SizeOfPermanentObjectPool:0]]
[2023.03.02-08.31.18:370][  0]LogConfig: Setting CVar [[gc.FlushStreamingOnGC:0]]
[2023.03.02-08.31.18:370][  0]LogConfig: Setting CVar [[gc.NumRetriesBeforeForcingGC:10]]
[2023.03.02-08.31.18:370][  0]LogConfig: Setting CVar [[gc.AllowParallelGC:1]]
[2023.03.02-08.31.18:370][  0]LogConfig: Setting CVar [[gc.TimeBetweenPurgingPendingKillObjects:61.1]]
[2023.03.02-08.31.18:370][  0]LogConfig: Setting CVar [[gc.MaxObjectsInEditor:25165824]]
[2023.03.02-08.31.18:370][  0]LogConfig: Setting CVar [[gc.IncrementalBeginDestroyEnabled:1]]
[2023.03.02-08.31.18:370][  0]LogConfig: Setting CVar [[gc.CreateGCClusters:1]]
[2023.03.02-08.31.18:370][  0]LogConfig: Setting CVar [[gc.MinGCClusterSize:5]]
[2023.03.02-08.31.18:370][  0]LogConfig: Setting CVar [[gc.ActorClusteringEnabled:0]]
[2023.03.02-08.31.18:370][  0]LogConfig: Setting CVar [[gc.BlueprintClusteringEnabled:0]]
[2023.03.02-08.31.18:370][  0]LogConfig: Setting CVar [[gc.UseDisregardForGCOnDedicatedServers:0]]
[2023.03.02-08.31.18:370][  0]LogConfig: Setting CVar [[gc.MultithreadedDestructionEnabled:1]]
[2023.03.02-08.31.18:370][  0]LogConfig: Applying CVar settings from Section [/Script/Engine.NetworkSettings] File [D:/JourneyManProject/TwonicJMRepo/UnrealProject/Saved/Config/Windows/Engine.ini]
[2023.03.02-08.31.18:370][  0]LogConfig: Applying CVar settings from Section [/Script/UnrealEd.CookerSettings] File [D:/JourneyManProject/TwonicJMRepo/UnrealProject/Saved/Config/Windows/Engine.ini]
[2023.03.02-08.31.18:375][  0]LogConfig: Applying CVar settings from Section [ViewDistanceQuality@3] File [D:/JourneyManProject/TwonicJMRepo/UnrealProject/Saved/Config/Windows/Scalability.ini]
[2023.03.02-08.31.18:375][  0]LogConfig: Setting CVar [[r.SkeletalMeshLODBias:0]]
[2023.03.02-08.31.18:375][  0]LogConfig: Setting CVar [[r.ViewDistanceScale:1.0]]
[2023.03.02-08.31.18:375][  0]LogConfig: Applying CVar settings from Section [AntiAliasingQuality@3] File [D:/JourneyManProject/TwonicJMRepo/UnrealProject/Saved/Config/Windows/Scalability.ini]
[2023.03.02-08.31.18:375][  0]LogConfig: Setting CVar [[r.PostProcessAAQuality:4]]
[2023.03.02-08.31.18:375][  0]LogConfig: Applying CVar settings from Section [ShadowQuality@3] File [D:/JourneyManProject/TwonicJMRepo/UnrealProject/Saved/Config/Windows/Scalability.ini]
[2023.03.02-08.31.18:375][  0]LogConfig: Setting CVar [[r.LightFunctionQuality:1]]
[2023.03.02-08.31.18:375][  0]LogConfig: Setting CVar [[r.ShadowQuality:5]]
[2023.03.02-08.31.18:375][  0]LogConfig: Setting CVar [[r.Shadow.CSM.MaxCascades:10]]
[2023.03.02-08.31.18:375][  0]LogConfig: Setting CVar [[r.Shadow.MaxResolution:2048]]
[2023.03.02-08.31.18:375][  0]LogConfig: Setting CVar [[r.Shadow.MaxCSMResolution:2048]]
[2023.03.02-08.31.18:375][  0]LogConfig: Setting CVar [[r.Shadow.RadiusThreshold:0.01]]
[2023.03.02-08.31.18:375][  0]LogConfig: Setting CVar [[r.Shadow.DistanceScale:1.0]]
[2023.03.02-08.31.18:375][  0]LogConfig: Setting CVar [[r.Shadow.CSM.TransitionScale:1.0]]
[2023.03.02-08.31.18:375][  0]LogConfig: Setting CVar [[r.Shadow.PreShadowResolutionFactor:1.0]]
[2023.03.02-08.31.18:375][  0]LogConfig: Setting CVar [[r.DistanceFieldShadowing:1]]
[2023.03.02-08.31.18:375][  0]LogConfig: Setting CVar [[r.DistanceFieldAO:1]]
[2023.03.02-08.31.18:375][  0]LogConfig: Setting CVar [[r.AOQuality:2]]
[2023.03.02-08.31.18:375][  0]LogConfig: Setting CVar [[r.VolumetricFog:1]]
[2023.03.02-08.31.18:375][  0]LogConfig: Setting CVar [[r.VolumetricFog.GridPixelSize:8]]
[2023.03.02-08.31.18:375][  0]LogConfig: Setting CVar [[r.VolumetricFog.GridSizeZ:128]]
[2023.03.02-08.31.18:375][  0]LogConfig: Setting CVar [[r.VolumetricFog.HistoryMissSupersampleCount:4]]
[2023.03.02-08.31.18:375][  0]LogConfig: Setting CVar [[r.LightMaxDrawDistanceScale:1]]
[2023.03.02-08.31.18:375][  0]LogConfig: Setting CVar [[r.CapsuleShadows:1]]
[2023.03.02-08.31.18:375][  0]LogConfig: Applying CVar settings from Section [PostProcessQuality@3] File [D:/JourneyManProject/TwonicJMRepo/UnrealProject/Saved/Config/Windows/Scalability.ini]
[2023.03.02-08.31.18:375][  0]LogConfig: Setting CVar [[r.MotionBlurQuality:4]]
[2023.03.02-08.31.18:375][  0]LogConfig: Setting CVar [[r.AmbientOcclusionMipLevelFactor:0.4]]
[2023.03.02-08.31.18:375][  0]LogConfig: Setting CVar [[r.AmbientOcclusionMaxQuality:100]]
[2023.03.02-08.31.18:375][  0]LogConfig: Setting CVar [[r.AmbientOcclusionLevels:-1]]
[2023.03.02-08.31.18:375][  0]LogConfig: Setting CVar [[r.AmbientOcclusionRadiusScale:1.0]]
[2023.03.02-08.31.18:375][  0]LogConfig: Setting CVar [[r.DepthOfFieldQuality:2]]
[2023.03.02-08.31.18:375][  0]LogConfig: Setting CVar [[r.RenderTargetPoolMin:400]]
[2023.03.02-08.31.18:375][  0]LogConfig: Setting CVar [[r.LensFlareQuality:2]]
[2023.03.02-08.31.18:375][  0]LogConfig: Setting CVar [[r.SceneColorFringeQuality:1]]
[2023.03.02-08.31.18:375][  0]LogConfig: Setting CVar [[r.EyeAdaptationQuality:2]]
[2023.03.02-08.31.18:375][  0]LogConfig: Setting CVar [[r.BloomQuality:5]]
[2023.03.02-08.31.18:375][  0]LogConfig: Setting CVar [[r.FastBlurThreshold:100]]
[2023.03.02-08.31.18:375][  0]LogConfig: Setting CVar [[r.Upscale.Quality:3]]
[2023.03.02-08.31.18:375][  0]LogConfig: Setting CVar [[r.Tonemapper.GrainQuantization:1]]
[2023.03.02-08.31.18:375][  0]LogConfig: Setting CVar [[r.LightShaftQuality:1]]
[2023.03.02-08.31.18:375][  0]LogConfig: Setting CVar [[r.Filter.SizeScale:1]]
[2023.03.02-08.31.18:375][  0]LogConfig: Setting CVar [[r.Tonemapper.Quality:5]]
[2023.03.02-08.31.18:375][  0]LogConfig: Setting CVar [[r.DOF.Gather.AccumulatorQuality:1        ; higher gathering accumulator quality]]
[2023.03.02-08.31.18:375][  0]LogConfig: Setting CVar [[r.DOF.Gather.PostfilterMethod:1          ; Median3x3 postfilering method]]
[2023.03.02-08.31.18:375][  0]LogConfig: Setting CVar [[r.DOF.Gather.EnableBokehSettings:0       ; no bokeh simulation when gathering]]
[2023.03.02-08.31.18:375][  0]LogConfig: Setting CVar [[r.DOF.Gather.RingCount:4                 ; medium number of samples when gathering]]
[2023.03.02-08.31.18:375][  0]LogConfig: Setting CVar [[r.DOF.Scatter.ForegroundCompositing:1    ; additive foreground scattering]]
[2023.03.02-08.31.18:375][  0]LogConfig: Setting CVar [[r.DOF.Scatter.BackgroundCompositing:2    ; additive background scattering]]
[2023.03.02-08.31.18:375][  0]LogConfig: Setting CVar [[r.DOF.Scatter.EnableBokehSettings:1      ; bokeh simulation when scattering]]
[2023.03.02-08.31.18:375][  0]LogConfig: Setting CVar [[r.DOF.Scatter.MaxSpriteRatio:0.1         ; only a maximum of 10% of scattered bokeh]]
[2023.03.02-08.31.18:375][  0]LogConfig: Setting CVar [[r.DOF.Recombine.Quality:1                ; cheap slight out of focus]]
[2023.03.02-08.31.18:375][  0]LogConfig: Setting CVar [[r.DOF.Recombine.EnableBokehSettings:0    ; no bokeh simulation on slight out of focus]]
[2023.03.02-08.31.18:375][  0]LogConfig: Setting CVar [[r.DOF.TemporalAAQuality:1                ; more stable temporal accumulation]]
[2023.03.02-08.31.18:375][  0]LogConfig: Setting CVar [[r.DOF.Kernel.MaxForegroundRadius:0.025]]
[2023.03.02-08.31.18:375][  0]LogConfig: Setting CVar [[r.DOF.Kernel.MaxBackgroundRadius:0.025]]
[2023.03.02-08.31.18:375][  0]LogConfig: Applying CVar settings from Section [TextureQuality@3] File [D:/JourneyManProject/TwonicJMRepo/UnrealProject/Saved/Config/Windows/Scalability.ini]
[2023.03.02-08.31.18:375][  0]LogConfig: Setting CVar [[r.Streaming.MipBias:0]]
[2023.03.02-08.31.18:375][  0]LogConfig: Setting CVar [[r.Streaming.AmortizeCPUToGPUCopy:0]]
[2023.03.02-08.31.18:375][  0]LogConfig: Setting CVar [[r.Streaming.MaxNumTexturesToStreamPerFrame:0]]
[2023.03.02-08.31.18:375][  0]LogConfig: Setting CVar [[r.Streaming.Boost:1]]
[2023.03.02-08.31.18:375][  0]LogConfig: Setting CVar [[r.MaxAnisotropy:8]]
[2023.03.02-08.31.18:375][  0]LogConfig: Setting CVar [[r.VT.MaxAnisotropy:8]]
[2023.03.02-08.31.18:375][  0]LogConfig: Setting CVar [[r.Streaming.LimitPoolSizeToVRAM:0]]
[2023.03.02-08.31.18:375][  0]LogConfig: Setting CVar [[r.Streaming.PoolSize:1000]]
[2023.03.02-08.31.18:375][  0]LogConfig: Setting CVar [[r.Streaming.MaxEffectiveScreenSize:0]]
[2023.03.02-08.31.18:375][  0]LogConfig: Applying CVar settings from Section [EffectsQuality@3] File [D:/JourneyManProject/TwonicJMRepo/UnrealProject/Saved/Config/Windows/Scalability.ini]
[2023.03.02-08.31.18:375][  0]LogConfig: Setting CVar [[r.TranslucencyLightingVolumeDim:64]]
[2023.03.02-08.31.18:375][  0]LogConfig: Setting CVar [[r.RefractionQuality:2]]
[2023.03.02-08.31.18:375][  0]LogConfig: Setting CVar [[r.SSR.Quality:3]]
[2023.03.02-08.31.18:375][  0]LogConfig: Setting CVar [[r.SSR.HalfResSceneColor:0]]
[2023.03.02-08.31.18:375][  0]LogConfig: Setting CVar [[r.SceneColorFormat:4]]
[2023.03.02-08.31.18:375][  0]LogConfig: Setting CVar [[r.DetailMode:2]]
[2023.03.02-08.31.18:375][  0]LogConfig: Setting CVar [[r.TranslucencyVolumeBlur:1]]
[2023.03.02-08.31.18:375][  0]LogConfig: Setting CVar [[r.MaterialQualityLevel:1 ; High quality]]
[2023.03.02-08.31.18:375][  0]LogConfig: Setting CVar [[r.AnisotropicMaterials:1]]
[2023.03.02-08.31.18:375][  0]LogConfig: Setting CVar [[r.SSS.Scale:1]]
[2023.03.02-08.31.18:375][  0]LogConfig: Setting CVar [[r.SSS.SampleSet:2]]
[2023.03.02-08.31.18:375][  0]LogConfig: Setting CVar [[r.SSS.Quality:1]]
[2023.03.02-08.31.18:376][  0]LogConfig: Setting CVar [[r.SSS.HalfRes:0]]
[2023.03.02-08.31.18:376][  0]LogConfig: Setting CVar [[r.SSGI.Quality:3]]
[2023.03.02-08.31.18:376][  0]LogConfig: Setting CVar [[r.EmitterSpawnRateScale:1.0]]
[2023.03.02-08.31.18:376][  0]LogConfig: Setting CVar [[r.ParticleLightQuality:2]]
[2023.03.02-08.31.18:376][  0]LogConfig: Setting CVar [[r.SkyAtmosphere.AerialPerspectiveLUT.FastApplyOnOpaque:1 ; Always have FastSkyLUT 1 in this case to avoid wrong sky]]
[2023.03.02-08.31.18:376][  0]LogConfig: Setting CVar [[r.SkyAtmosphere.AerialPerspectiveLUT.SampleCountMaxPerSlice:4]]
[2023.03.02-08.31.18:376][  0]LogConfig: Setting CVar [[r.SkyAtmosphere.AerialPerspectiveLUT.DepthResolution:16.0]]
[2023.03.02-08.31.18:376][  0]LogConfig: Setting CVar [[r.SkyAtmosphere.FastSkyLUT:1]]
[2023.03.02-08.31.18:376][  0]LogConfig: Setting CVar [[r.SkyAtmosphere.FastSkyLUT.SampleCountMin:4.0]]
[2023.03.02-08.31.18:376][  0]LogConfig: Setting CVar [[r.SkyAtmosphere.FastSkyLUT.SampleCountMax:128.0]]
[2023.03.02-08.31.18:376][  0]LogConfig: Setting CVar [[r.SkyAtmosphere.SampleCountMin:4.0]]
[2023.03.02-08.31.18:376][  0]LogConfig: Setting CVar [[r.SkyAtmosphere.SampleCountMax:128.0]]
[2023.03.02-08.31.18:376][  0]LogConfig: Setting CVar [[r.SkyAtmosphere.TransmittanceLUT.UseSmallFormat:0]]
[2023.03.02-08.31.18:376][  0]LogConfig: Setting CVar [[r.SkyAtmosphere.TransmittanceLUT.SampleCount:10.0]]
[2023.03.02-08.31.18:376][  0]LogConfig: Setting CVar [[r.SkyAtmosphere.MultiScatteringLUT.SampleCount:15.0]]
[2023.03.02-08.31.18:376][  0]LogConfig: Setting CVar [[r.SkyLight.RealTimeReflectionCapture:1]]
[2023.03.02-08.31.18:376][  0]LogConfig: Applying CVar settings from Section [FoliageQuality@3] File [D:/JourneyManProject/TwonicJMRepo/UnrealProject/Saved/Config/Windows/Scalability.ini]
[2023.03.02-08.31.18:376][  0]LogConfig: Setting CVar [[foliage.DensityScale:1.0]]
[2023.03.02-08.31.18:376][  0]LogConfig: Setting CVar [[grass.DensityScale:1.0]]
[2023.03.02-08.31.18:376][  0]LogConfig: Applying CVar settings from Section [ShadingQuality@3] File [D:/JourneyManProject/TwonicJMRepo/UnrealProject/Saved/Config/Windows/Scalability.ini]
[2023.03.02-08.31.18:376][  0]LogConfig: Setting CVar [[r.HairStrands.SkyLighting.IntegrationType:2]]
[2023.03.02-08.31.18:376][  0]LogConfig: Setting CVar [[r.HairStrands.SkyAO.SampleCount:4]]
[2023.03.02-08.31.18:376][  0]LogConfig: Setting CVar [[r.HairStrands.Visibility.MSAA.SamplePerPixel:4]]
[2023.03.02-08.31.18:376][  0]LogInit: Selected Device Profile: [Windows]
[2023.03.02-08.31.18:376][  0]LogInit: Applying CVar settings loaded from the selected device profile: [Windows]
[2023.03.02-08.31.18:376][  0]LogHAL: Display: Platform has ~ 16 GB [17080774656 / 17179869184 / 16], which maps to Larger [LargestMinGB=32, LargerMinGB=12, DefaultMinGB=8, SmallerMinGB=6, SmallestMinGB=0)
[2023.03.02-08.31.18:376][  0]LogInit: Going up to parent DeviceProfile []
[2023.03.02-08.31.18:376][  0]LogConfig: Applying CVar settings from Section [ViewDistanceQuality@3] File [D:/JourneyManProject/TwonicJMRepo/UnrealProject/Saved/Config/Windows/Scalability.ini]
[2023.03.02-08.31.18:376][  0]LogConfig: Setting CVar [[r.SkeletalMeshLODBias:0]]
[2023.03.02-08.31.18:376][  0]LogConfig: Setting CVar [[r.ViewDistanceScale:1.0]]
[2023.03.02-08.31.18:376][  0]LogConfig: Applying CVar settings from Section [AntiAliasingQuality@3] File [D:/JourneyManProject/TwonicJMRepo/UnrealProject/Saved/Config/Windows/Scalability.ini]
[2023.03.02-08.31.18:376][  0]LogConfig: Setting CVar [[r.PostProcessAAQuality:4]]
[2023.03.02-08.31.18:376][  0]LogConfig: Applying CVar settings from Section [ShadowQuality@3] File [D:/JourneyManProject/TwonicJMRepo/UnrealProject/Saved/Config/Windows/Scalability.ini]
[2023.03.02-08.31.18:376][  0]LogConfig: Setting CVar [[r.LightFunctionQuality:1]]
[2023.03.02-08.31.18:376][  0]LogConfig: Setting CVar [[r.ShadowQuality:5]]
[2023.03.02-08.31.18:376][  0]LogConfig: Setting CVar [[r.Shadow.CSM.MaxCascades:10]]
[2023.03.02-08.31.18:376][  0]LogConfig: Setting CVar [[r.Shadow.MaxResolution:2048]]
[2023.03.02-08.31.18:376][  0]LogConfig: Setting CVar [[r.Shadow.MaxCSMResolution:2048]]
[2023.03.02-08.31.18:376][  0]LogConfig: Setting CVar [[r.Shadow.RadiusThreshold:0.01]]
[2023.03.02-08.31.18:376][  0]LogConfig: Setting CVar [[r.Shadow.DistanceScale:1.0]]
[2023.03.02-08.31.18:376][  0]LogConfig: Setting CVar [[r.Shadow.CSM.TransitionScale:1.0]]
[2023.03.02-08.31.18:376][  0]LogConfig: Setting CVar [[r.Shadow.PreShadowResolutionFactor:1.0]]
[2023.03.02-08.31.18:376][  0]LogConfig: Setting CVar [[r.DistanceFieldShadowing:1]]
[2023.03.02-08.31.18:376][  0]LogConfig: Setting CVar [[r.DistanceFieldAO:1]]
[2023.03.02-08.31.18:376][  0]LogConfig: Setting CVar [[r.AOQuality:2]]
[2023.03.02-08.31.18:376][  0]LogConfig: Setting CVar [[r.VolumetricFog:1]]
[2023.03.02-08.31.18:376][  0]LogConfig: Setting CVar [[r.VolumetricFog.GridPixelSize:8]]
[2023.03.02-08.31.18:376][  0]LogConfig: Setting CVar [[r.VolumetricFog.GridSizeZ:128]]
[2023.03.02-08.31.18:376][  0]LogConfig: Setting CVar [[r.VolumetricFog.HistoryMissSupersampleCount:4]]
[2023.03.02-08.31.18:376][  0]LogConfig: Setting CVar [[r.LightMaxDrawDistanceScale:1]]
[2023.03.02-08.31.18:376][  0]LogConfig: Setting CVar [[r.CapsuleShadows:1]]
[2023.03.02-08.31.18:376][  0]LogConfig: Applying CVar settings from Section [PostProcessQuality@3] File [D:/JourneyManProject/TwonicJMRepo/UnrealProject/Saved/Config/Windows/Scalability.ini]
[2023.03.02-08.31.18:376][  0]LogConfig: Setting CVar [[r.MotionBlurQuality:4]]
[2023.03.02-08.31.18:376][  0]LogConfig: Setting CVar [[r.AmbientOcclusionMipLevelFactor:0.4]]
[2023.03.02-08.31.18:376][  0]LogConfig: Setting CVar [[r.AmbientOcclusionMaxQuality:100]]
[2023.03.02-08.31.18:376][  0]LogConfig: Setting CVar [[r.AmbientOcclusionLevels:-1]]
[2023.03.02-08.31.18:376][  0]LogConfig: Setting CVar [[r.AmbientOcclusionRadiusScale:1.0]]
[2023.03.02-08.31.18:376][  0]LogConfig: Setting CVar [[r.DepthOfFieldQuality:2]]
[2023.03.02-08.31.18:376][  0]LogConfig: Setting CVar [[r.RenderTargetPoolMin:400]]
[2023.03.02-08.31.18:376][  0]LogConfig: Setting CVar [[r.LensFlareQuality:2]]
[2023.03.02-08.31.18:376][  0]LogConfig: Setting CVar [[r.SceneColorFringeQuality:1]]
[2023.03.02-08.31.18:376][  0]LogConfig: Setting CVar [[r.EyeAdaptationQuality:2]]
[2023.03.02-08.31.18:376][  0]LogConfig: Setting CVar [[r.BloomQuality:5]]
[2023.03.02-08.31.18:376][  0]LogConfig: Setting CVar [[r.FastBlurThreshold:100]]
[2023.03.02-08.31.18:376][  0]LogConfig: Setting CVar [[r.Upscale.Quality:3]]
[2023.03.02-08.31.18:376][  0]LogConfig: Setting CVar [[r.Tonemapper.GrainQuantization:1]]
[2023.03.02-08.31.18:376][  0]LogConfig: Setting CVar [[r.LightShaftQuality:1]]
[2023.03.02-08.31.18:376][  0]LogConfig: Setting CVar [[r.Filter.SizeScale:1]]
[2023.03.02-08.31.18:376][  0]LogConfig: Setting CVar [[r.Tonemapper.Quality:5]]
[2023.03.02-08.31.18:376][  0]LogConfig: Setting CVar [[r.DOF.Gather.AccumulatorQuality:1        ; higher gathering accumulator quality]]
[2023.03.02-08.31.18:376][  0]LogConfig: Setting CVar [[r.DOF.Gather.PostfilterMethod:1          ; Median3x3 postfilering method]]
[2023.03.02-08.31.18:376][  0]LogConfig: Setting CVar [[r.DOF.Gather.EnableBokehSettings:0       ; no bokeh simulation when gathering]]
[2023.03.02-08.31.18:376][  0]LogConfig: Setting CVar [[r.DOF.Gather.RingCount:4                 ; medium number of samples when gathering]]
[2023.03.02-08.31.18:376][  0]LogConfig: Setting CVar [[r.DOF.Scatter.ForegroundCompositing:1    ; additive foreground scattering]]
[2023.03.02-08.31.18:376][  0]LogConfig: Setting CVar [[r.DOF.Scatter.BackgroundCompositing:2    ; additive background scattering]]
[2023.03.02-08.31.18:376][  0]LogConfig: Setting CVar [[r.DOF.Scatter.EnableBokehSettings:1      ; bokeh simulation when scattering]]
[2023.03.02-08.31.18:376][  0]LogConfig: Setting CVar [[r.DOF.Scatter.MaxSpriteRatio:0.1         ; only a maximum of 10% of scattered bokeh]]
[2023.03.02-08.31.18:376][  0]LogConfig: Setting CVar [[r.DOF.Recombine.Quality:1                ; cheap slight out of focus]]
[2023.03.02-08.31.18:376][  0]LogConfig: Setting CVar [[r.DOF.Recombine.EnableBokehSettings:0    ; no bokeh simulation on slight out of focus]]
[2023.03.02-08.31.18:376][  0]LogConfig: Setting CVar [[r.DOF.TemporalAAQuality:1                ; more stable temporal accumulation]]
[2023.03.02-08.31.18:376][  0]LogConfig: Setting CVar [[r.DOF.Kernel.MaxForegroundRadius:0.025]]
[2023.03.02-08.31.18:376][  0]LogConfig: Setting CVar [[r.DOF.Kernel.MaxBackgroundRadius:0.025]]
[2023.03.02-08.31.18:376][  0]LogConfig: Applying CVar settings from Section [TextureQuality@3] File [D:/JourneyManProject/TwonicJMRepo/UnrealProject/Saved/Config/Windows/Scalability.ini]
[2023.03.02-08.31.18:376][  0]LogConfig: Setting CVar [[r.Streaming.MipBias:0]]
[2023.03.02-08.31.18:376][  0]LogConfig: Setting CVar [[r.Streaming.AmortizeCPUToGPUCopy:0]]
[2023.03.02-08.31.18:376][  0]LogConfig: Setting CVar [[r.Streaming.MaxNumTexturesToStreamPerFrame:0]]
[2023.03.02-08.31.18:376][  0]LogConfig: Setting CVar [[r.Streaming.Boost:1]]
[2023.03.02-08.31.18:376][  0]LogConfig: Setting CVar [[r.MaxAnisotropy:8]]
[2023.03.02-08.31.18:376][  0]LogConfig: Setting CVar [[r.VT.MaxAnisotropy:8]]
[2023.03.02-08.31.18:376][  0]LogConfig: Setting CVar [[r.Streaming.LimitPoolSizeToVRAM:0]]
[2023.03.02-08.31.18:376][  0]LogConfig: Setting CVar [[r.Streaming.PoolSize:1000]]
[2023.03.02-08.31.18:376][  0]LogConfig: Setting CVar [[r.Streaming.MaxEffectiveScreenSize:0]]
[2023.03.02-08.31.18:376][  0]LogConfig: Applying CVar settings from Section [EffectsQuality@3] File [D:/JourneyManProject/TwonicJMRepo/UnrealProject/Saved/Config/Windows/Scalability.ini]
[2023.03.02-08.31.18:376][  0]LogConfig: Setting CVar [[r.TranslucencyLightingVolumeDim:64]]
[2023.03.02-08.31.18:376][  0]LogConfig: Setting CVar [[r.RefractionQuality:2]]
[2023.03.02-08.31.18:376][  0]LogConfig: Setting CVar [[r.SSR.Quality:3]]
[2023.03.02-08.31.18:377][  0]LogConfig: Setting CVar [[r.SSR.HalfResSceneColor:0]]
[2023.03.02-08.31.18:377][  0]LogConfig: Setting CVar [[r.SceneColorFormat:4]]
[2023.03.02-08.31.18:377][  0]LogConfig: Setting CVar [[r.DetailMode:2]]
[2023.03.02-08.31.18:377][  0]LogConfig: Setting CVar [[r.TranslucencyVolumeBlur:1]]
[2023.03.02-08.31.18:377][  0]LogConfig: Setting CVar [[r.MaterialQualityLevel:1 ; High quality]]
[2023.03.02-08.31.18:377][  0]LogConfig: Setting CVar [[r.AnisotropicMaterials:1]]
[2023.03.02-08.31.18:377][  0]LogConfig: Setting CVar [[r.SSS.Scale:1]]
[2023.03.02-08.31.18:377][  0]LogConfig: Setting CVar [[r.SSS.SampleSet:2]]
[2023.03.02-08.31.18:377][  0]LogConfig: Setting CVar [[r.SSS.Quality:1]]
[2023.03.02-08.31.18:377][  0]LogConfig: Setting CVar [[r.SSS.HalfRes:0]]
[2023.03.02-08.31.18:377][  0]LogConfig: Setting CVar [[r.SSGI.Quality:3]]
[2023.03.02-08.31.18:377][  0]LogConfig: Setting CVar [[r.EmitterSpawnRateScale:1.0]]
[2023.03.02-08.31.18:377][  0]LogConfig: Setting CVar [[r.ParticleLightQuality:2]]
[2023.03.02-08.31.18:377][  0]LogConfig: Setting CVar [[r.SkyAtmosphere.AerialPerspectiveLUT.FastApplyOnOpaque:1 ; Always have FastSkyLUT 1 in this case to avoid wrong sky]]
[2023.03.02-08.31.18:377][  0]LogConfig: Setting CVar [[r.SkyAtmosphere.AerialPerspectiveLUT.SampleCountMaxPerSlice:4]]
[2023.03.02-08.31.18:377][  0]LogConfig: Setting CVar [[r.SkyAtmosphere.AerialPerspectiveLUT.DepthResolution:16.0]]
[2023.03.02-08.31.18:377][  0]LogConfig: Setting CVar [[r.SkyAtmosphere.FastSkyLUT:1]]
[2023.03.02-08.31.18:377][  0]LogConfig: Setting CVar [[r.SkyAtmosphere.FastSkyLUT.SampleCountMin:4.0]]
[2023.03.02-08.31.18:377][  0]LogConfig: Setting CVar [[r.SkyAtmosphere.FastSkyLUT.SampleCountMax:128.0]]
[2023.03.02-08.31.18:377][  0]LogConfig: Setting CVar [[r.SkyAtmosphere.SampleCountMin:4.0]]
[2023.03.02-08.31.18:377][  0]LogConfig: Setting CVar [[r.SkyAtmosphere.SampleCountMax:128.0]]
[2023.03.02-08.31.18:377][  0]LogConfig: Setting CVar [[r.SkyAtmosphere.TransmittanceLUT.UseSmallFormat:0]]
[2023.03.02-08.31.18:377][  0]LogConfig: Setting CVar [[r.SkyAtmosphere.TransmittanceLUT.SampleCount:10.0]]
[2023.03.02-08.31.18:377][  0]LogConfig: Setting CVar [[r.SkyAtmosphere.MultiScatteringLUT.SampleCount:15.0]]
[2023.03.02-08.31.18:377][  0]LogConfig: Setting CVar [[r.SkyLight.RealTimeReflectionCapture:1]]
[2023.03.02-08.31.18:377][  0]LogConfig: Applying CVar settings from Section [FoliageQuality@3] File [D:/JourneyManProject/TwonicJMRepo/UnrealProject/Saved/Config/Windows/Scalability.ini]
[2023.03.02-08.31.18:377][  0]LogConfig: Setting CVar [[foliage.DensityScale:1.0]]
[2023.03.02-08.31.18:377][  0]LogConfig: Setting CVar [[grass.DensityScale:1.0]]
[2023.03.02-08.31.18:377][  0]LogConfig: Applying CVar settings from Section [ShadingQuality@3] File [D:/JourneyManProject/TwonicJMRepo/UnrealProject/Saved/Config/Windows/Scalability.ini]
[2023.03.02-08.31.18:377][  0]LogConfig: Setting CVar [[r.HairStrands.SkyLighting.IntegrationType:2]]
[2023.03.02-08.31.18:377][  0]LogConfig: Setting CVar [[r.HairStrands.SkyAO.SampleCount:4]]
[2023.03.02-08.31.18:377][  0]LogConfig: Setting CVar [[r.HairStrands.Visibility.MSAA.SamplePerPixel:4]]
[2023.03.02-08.31.18:377][  0]LogConfig: Applying CVar settings from Section [Startup] File [../../../Engine/Config/ConsoleVariables.ini]
[2023.03.02-08.31.18:377][  0]LogConfig: Setting CVar [[net.UseAdaptiveNetUpdateFrequency:0]]
[2023.03.02-08.31.18:377][  0]LogConfig: Setting CVar [[p.chaos.AllowCreatePhysxBodies:1]]
[2023.03.02-08.31.18:377][  0]LogConfig: Setting CVar [[fx.SkipVectorVMBackendOptimizations:1]]
[2023.03.02-08.31.18:377][  0]LogConfig: Applying CVar settings from Section [ConsoleVariables] File [D:/JourneyManProject/TwonicJMRepo/UnrealProject/Saved/Config/Windows/Engine.ini]
[2023.03.02-08.31.18:377][  0]LogConfig: Applying CVar settings from Section [ConsoleVariables] File [D:/JourneyManProject/TwonicJMRepo/UnrealProject/Saved/Config/Windows/Editor.ini]
[2023.03.02-08.31.18:377][  0]LogInit: Computer: DESKTOP-LENE5UI
[2023.03.02-08.31.18:377][  0]LogInit: User: patri
[2023.03.02-08.31.18:377][  0]LogInit: CPU Page size=4096, Cores=8
[2023.03.02-08.31.18:377][  0]LogInit: High frequency timer resolution =10.000000 MHz
[2023.03.02-08.31.18:377][  0]LogMemory: Memory total: Physical=15.9GB (16GB approx)
[2023.03.02-08.31.18:377][  0]LogMemory: Platform Memory Stats for Windows
[2023.03.02-08.31.18:377][  0]LogMemory: Process Physical Memory: 145.77 MB used, 145.77 MB peak
[2023.03.02-08.31.18:377][  0]LogMemory: Process Virtual Memory: 124.55 MB used, 124.55 MB peak
[2023.03.02-08.31.18:377][  0]LogMemory: Physical Memory: 9670.06 MB used,  6619.43 MB free, 16289.50 MB total
[2023.03.02-08.31.18:377][  0]LogMemory: Virtual Memory: 134212248.00 MB used,  5482.12 MB free, 134217728.00 MB total
[2023.03.02-08.31.18:382][  0]LogWindows: WindowsPlatformFeatures enabled
[2023.03.02-08.31.18:456][  0]LogInit: Physics initialised using underlying interface: PhysX
[2023.03.02-08.31.18:459][  0]LogInit: Using OS detected language (en-GB).
[2023.03.02-08.31.18:459][  0]LogInit: Using OS detected locale (en-GB).
[2023.03.02-08.31.18:475][  0]LogTextLocalizationManager: No specific localization for 'en-GB' exists, so the 'en' localization will be used.
[2023.03.02-08.31.18:756][  0]LogInit: Setting process to per monitor DPI aware
[2023.03.02-08.31.18:767][  0]LogWindowsTextInputMethodSystem: Display: IME system deactivated.
[2023.03.02-08.31.18:791][  0]LogSlate: New Slate User Created.  User Index 0, Is Virtual User: 0
[2023.03.02-08.31.18:791][  0]LogSlate: Slate User Registered.  User Index 0, Is Virtual User: 0
[2023.03.02-08.31.20:917][  0]LogD3D11RHI: Loaded GFSDK_Aftermath_Lib.x64.dll
[2023.03.02-08.31.20:925][  0]LogHMD: Failed to enumerate extensions. Please check that you have a valid OpenXR runtime installed.
[2023.03.02-08.31.20:925][  0]LogD3D11RHI: D3D11 min allowed feature level: 11_0
[2023.03.02-08.31.20:925][  0]LogD3D11RHI: D3D11 max allowed feature level: 11_0
[2023.03.02-08.31.20:925][  0]LogD3D11RHI: D3D11 adapters:
[2023.03.02-08.31.21:030][  0]LogD3D11RHI:    0. 'NVIDIA GeForce RTX 2060' (Feature Level 11_0)
[2023.03.02-08.31.21:030][  0]LogD3D11RHI:       5968/0/8144 MB DedicatedVideo/DedicatedSystem/SharedSystem, Outputs:1, VendorId:0x10de
[2023.03.02-08.31.21:033][  0]LogD3D11RHI:    1. 'Microsoft Basic Render Driver' (Feature Level 11_0)
[2023.03.02-08.31.21:033][  0]LogD3D11RHI:       0/0/8144 MB DedicatedVideo/DedicatedSystem/SharedSystem, Outputs:0, VendorId:0x1414
[2023.03.02-08.31.21:033][  0]LogD3D11RHI: Chosen D3D11 Adapter:
[2023.03.02-08.31.21:033][  0]LogD3D11RHI:     Description : NVIDIA GeForce RTX 2060
[2023.03.02-08.31.21:033][  0]LogD3D11RHI:     VendorId    : 10de
[2023.03.02-08.31.21:033][  0]LogD3D11RHI:     DeviceId    : 1f08
[2023.03.02-08.31.21:033][  0]LogD3D11RHI:     SubSysId    : 86f01043
[2023.03.02-08.31.21:033][  0]LogD3D11RHI:     Revision    : 00a1
[2023.03.02-08.31.21:033][  0]LogD3D11RHI:     DedicatedVideoMemory : 6257901568 bytes
[2023.03.02-08.31.21:033][  0]LogD3D11RHI:     DedicatedSystemMemory : 0 bytes
[2023.03.02-08.31.21:033][  0]LogD3D11RHI:     SharedSystemMemory : 8540387328 bytes
[2023.03.02-08.31.21:033][  0]LogD3D11RHI:     AdapterLuid : 0 60577
[2023.03.02-08.31.21:039][  0]LogD3D11RHI: Creating new Direct3DDevice
[2023.03.02-08.31.21:039][  0]LogD3D11RHI:     GPU DeviceId: 0x1f08 (for the marketing name, search the web for "GPU Device Id")
[2023.03.02-08.31.21:039][  0]LogWindows: EnumDisplayDevices:
[2023.03.02-08.31.21:039][  0]LogWindows:    0. 'NVIDIA GeForce RTX 2060' (P:1 D:1)
[2023.03.02-08.31.21:040][  0]LogWindows:    1. 'NVIDIA GeForce RTX 2060' (P:0 D:0)
[2023.03.02-08.31.21:040][  0]LogWindows:    2. 'NVIDIA GeForce RTX 2060' (P:0 D:0)
[2023.03.02-08.31.21:040][  0]LogWindows:    3. 'NVIDIA GeForce RTX 2060' (P:0 D:0)
[2023.03.02-08.31.21:040][  0]LogWindows: DebugString: FoundDriverCount:4 
[2023.03.02-08.31.21:040][  0]LogD3D11RHI:     Adapter Name: NVIDIA GeForce RTX 2060
[2023.03.02-08.31.21:040][  0]LogD3D11RHI:   Driver Version: 527.56 (internal:31.0.15.2756, unified:527.56)
[2023.03.02-08.31.21:040][  0]LogD3D11RHI:      Driver Date: 12-5-2022
[2023.03.02-08.31.21:040][  0]LogRHI: Texture pool is 4177 MB (70% of 5968 MB)
[2023.03.02-08.31.21:040][  0]LogD3D11RHI: Creating D3DDevice using adapter:
[2023.03.02-08.31.21:040][  0]LogD3D11RHI:     Description : NVIDIA GeForce RTX 2060
[2023.03.02-08.31.21:040][  0]LogD3D11RHI:     VendorId    : 10de
[2023.03.02-08.31.21:040][  0]LogD3D11RHI:     DeviceId    : 1f08
[2023.03.02-08.31.21:040][  0]LogD3D11RHI:     SubSysId    : 86f01043
[2023.03.02-08.31.21:040][  0]LogD3D11RHI:     Revision    : 00a1
[2023.03.02-08.31.21:040][  0]LogD3D11RHI:     DedicatedVideoMemory : 6257901568 bytes
[2023.03.02-08.31.21:040][  0]LogD3D11RHI:     DedicatedSystemMemory : 0 bytes
[2023.03.02-08.31.21:040][  0]LogD3D11RHI:     SharedSystemMemory : 8540387328 bytes
[2023.03.02-08.31.21:040][  0]LogD3D11RHI:     AdapterLuid : 0 60577
[2023.03.02-08.31.21:102][  0]LogD3D11RHI: RHI has support for 64 bit atomics
[2023.03.02-08.31.21:102][  0]LogD3D11RHI: Async texture creation enabled
[2023.03.02-08.31.21:102][  0]LogD3D11RHI: Array index from any shader is supported
[2023.03.02-08.31.21:126][  0]LogD3D11RHI: GPU Timing Frequency: 1000.000000 (Debug: 2 2)
[2023.03.02-08.31.21:155][  0]LogRHI: GeForceNow SDK initialized: 1
[2023.03.02-08.31.21:394][  0]LogTargetPlatformManager: Display: Loaded TargetPlatform 'AllDesktop'
[2023.03.02-08.31.21:422][  0]LogTargetPlatformManager: Display: Loaded TargetPlatform 'Android'
[2023.03.02-08.31.21:422][  0]LogTargetPlatformManager: Display: Loaded TargetPlatform 'Android_ASTC'
[2023.03.02-08.31.21:422][  0]LogTargetPlatformManager: Display: Loaded TargetPlatform 'Android_DXT'
[2023.03.02-08.31.21:422][  0]LogTargetPlatformManager: Display: Loaded TargetPlatform 'Android_ETC2'
[2023.03.02-08.31.21:422][  0]LogTargetPlatformManager: Display: Loaded TargetPlatform 'AndroidClient'
[2023.03.02-08.31.21:422][  0]LogTargetPlatformManager: Display: Loaded TargetPlatform 'Android_ASTCClient'
[2023.03.02-08.31.21:422][  0]LogTargetPlatformManager: Display: Loaded TargetPlatform 'Android_DXTClient'
[2023.03.02-08.31.21:422][  0]LogTargetPlatformManager: Display: Loaded TargetPlatform 'Android_ETC2Client'
[2023.03.02-08.31.21:422][  0]LogTargetPlatformManager: Display: Loaded TargetPlatform 'Android_Multi'
[2023.03.02-08.31.21:422][  0]LogTargetPlatformManager: Display: Loaded TargetPlatform 'Android_MultiClient'
[2023.03.02-08.31.21:440][  0]LogTargetPlatformManager: Display: Loaded TargetPlatform 'IOSClient'
[2023.03.02-08.31.21:440][  0]LogTargetPlatformManager: Display: Loaded TargetPlatform 'IOS'
[2023.03.02-08.31.21:455][  0]LogTargetPlatformManager: Display: Loaded TargetPlatform 'Linux'
[2023.03.02-08.31.21:459][  0]LogTargetPlatformManager: Display: Loaded TargetPlatform 'LinuxNoEditor'
[2023.03.02-08.31.21:462][  0]LogTargetPlatformManager: Display: Loaded TargetPlatform 'LinuxClient'
[2023.03.02-08.31.21:466][  0]LogTargetPlatformManager: Display: Loaded TargetPlatform 'LinuxServer'
[2023.03.02-08.31.21:477][  0]LogTargetPlatformManager: Display: Loaded TargetPlatform 'LinuxAArch64NoEditor'
[2023.03.02-08.31.21:481][  0]LogTargetPlatformManager: Display: Loaded TargetPlatform 'LinuxAArch64Client'
[2023.03.02-08.31.21:485][  0]LogTargetPlatformManager: Display: Loaded TargetPlatform 'LinuxAArch64Server'
[2023.03.02-08.31.21:509][  0]LogTargetPlatformManager: Display: Loaded TargetPlatform 'Lumin'
[2023.03.02-08.31.21:509][  0]LogTargetPlatformManager: Display: Loaded TargetPlatform 'LuminClient'
[2023.03.02-08.31.21:523][  0]LogTargetPlatformManager: Display: Loaded TargetPlatform 'MacNoEditor'
[2023.03.02-08.31.21:527][  0]LogTargetPlatformManager: Display: Loaded TargetPlatform 'Mac'
[2023.03.02-08.31.21:531][  0]LogTargetPlatformManager: Display: Loaded TargetPlatform 'MacClient'
[2023.03.02-08.31.21:534][  0]LogTargetPlatformManager: Display: Loaded TargetPlatform 'MacServer'
[2023.03.02-08.31.21:543][  0]LogTargetPlatformManager: Display: Loaded TargetPlatform 'TVOSClient'
[2023.03.02-08.31.21:543][  0]LogTargetPlatformManager: Display: Loaded TargetPlatform 'TVOS'
[2023.03.02-08.31.21:550][  0]LogTargetPlatformManager: Display: Loaded TargetPlatform 'WindowsNoEditor'
[2023.03.02-08.31.21:554][  0]LogTargetPlatformManager: Display: Loaded TargetPlatform 'Windows'
[2023.03.02-08.31.21:558][  0]LogTargetPlatformManager: Display: Loaded TargetPlatform 'WindowsClient'
[2023.03.02-08.31.21:561][  0]LogTargetPlatformManager: Display: Loaded TargetPlatform 'WindowsServer'
[2023.03.02-08.31.21:561][  0]LogTargetPlatformManager: Display: Building Assets For Windows
[2023.03.02-08.31.21:569][  0]LogAudioDebug: Display: Lib vorbis DLL was dynamically loaded.
[2023.03.02-08.31.21:599][  0]LogTextureFormatOodle: Display: Oodle Texture 2.9.0 init RDO Off
[2023.03.02-08.31.21:680][  0]LogRendererCore: Ray tracing is disabled. Reason: r.RayTracing=0.
[2023.03.02-08.31.21:680][  0]LogShaderCompilers: Guid format shader working directory is -14 characters bigger than the processId version (../../../../../JourneyManProject/TwonicJMRepo/UnrealProject/Intermediate/Shaders/WorkingDirectory/13488/).
[2023.03.02-08.31.21:681][  0]LogShaderCompilers: Cleaned the shader compiler working directory 'C:/Users/patri/AppData/Local/Temp/UnrealShaderWorkingDir/D4308FCA4235FFC0F41D69AFE99C2C3E/'.
[2023.03.02-08.31.21:681][  0]LogXGEController: Cannot use XGE Controller as Incredibuild is not installed on this machine.
[2023.03.02-08.31.21:681][  0]LogShaderCompilers: Cannot use XGE Shader Compiler as Incredibuild is not installed on this machine.
[2023.03.02-08.31.21:681][  0]LogShaderCompilers: Display: Using Local Shader Compiler.
[2023.03.02-08.31.23:977][  0]LogDerivedDataCache: Display: Max Cache Size: 512 MB
[2023.03.02-08.31.24:067][  0]LogDerivedDataCache: Loaded boot cache 0.09s 90MB C:/Users/patri/AppData/Local/UnrealEngine/4.27/DerivedDataCache/Boot.ddc.
[2023.03.02-08.31.24:067][  0]LogDerivedDataCache: Display: Loaded Boot cache: C:/Users/patri/AppData/Local/UnrealEngine/4.27/DerivedDataCache/Boot.ddc
[2023.03.02-08.31.24:067][  0]LogDerivedDataCache: FDerivedDataBackendGraph:  Pak pak cache file ../../../../../JourneyManProject/TwonicJMRepo/UnrealProject/DerivedDataCache/DDC.ddp not found, will not use a pak cache.
[2023.03.02-08.31.24:067][  0]LogDerivedDataCache: Unable to find inner node Pak for hierarchical cache Hierarchy.
[2023.03.02-08.31.24:067][  0]LogDerivedDataCache: FDerivedDataBackendGraph:  CompressedPak pak cache file ../../../../../JourneyManProject/TwonicJMRepo/UnrealProject/DerivedDataCache/Compressed.ddp not found, will not use a pak cache.
[2023.03.02-08.31.24:067][  0]LogDerivedDataCache: Unable to find inner node CompressedPak for hierarchical cache Hierarchy.
[2023.03.02-08.31.24:085][  0]LogDerivedDataCache: Display: Pak cache opened for reading ../../../Engine/DerivedDataCache/Compressed.ddp.
[2023.03.02-08.31.24:085][  0]LogDerivedDataCache: FDerivedDataBackendGraph:  EnterprisePak pak cache file ../../../Enterprise/DerivedDataCache/Compressed.ddp not found, will not use a pak cache.
[2023.03.02-08.31.24:085][  0]LogDerivedDataCache: Unable to find inner node EnterprisePak for hierarchical cache Hierarchy.
[2023.03.02-08.31.24:094][  0]LogDerivedDataCache: Speed tests for C:/Users/patri/AppData/Local/UnrealEngine/Common/DerivedDataCache took 0.01 seconds
[2023.03.02-08.31.24:094][  0]LogDerivedDataCache: Display: Performance to C:/Users/patri/AppData/Local/UnrealEngine/Common/DerivedDataCache: Latency=0.03ms. RandomReadSpeed=303.45MBs, RandomWriteSpeed=171.75MBs. Assigned SpeedClass 'Local'
[2023.03.02-08.31.24:095][  0]LogDerivedDataCache: Using Local data cache path C:/Users/patri/AppData/Local/UnrealEngine/Common/DerivedDataCache: Writable
[2023.03.02-08.31.24:095][  0]LogDerivedDataCache: Shared data cache path not found in *engine.ini, will not use an Shared cache.
[2023.03.02-08.31.24:095][  0]LogDerivedDataCache: Unable to find inner node Shared for hierarchical cache Hierarchy.
[2023.03.02-08.31.24:138][  0]LogSlate: Using FreeType 2.10.0
[2023.03.02-08.31.24:138][  0]LogSlate: SlateFontServices - WITH_FREETYPE: 1, WITH_HARFBUZZ: 1
[2023.03.02-08.31.24:139][  0]LogHMD: Failed to enumerate extensions. Please check that you have a valid OpenXR runtime installed.
[2023.03.02-08.31.24:177][  0]LogAssetRegistry: FAssetRegistry took 0.0023 seconds to start up
[2023.03.02-08.31.24:436][  0]LogInit: Selected Device Profile: [Windows]
[2023.03.02-08.31.24:436][  0]LogInit: Active device profile: [000002A5DCE55E00][000002A5D0DAAA80 49] Windows
[2023.03.02-08.31.24:436][  0]LogInit: Profiles: [000002A5DCE55E00][000002A5D0DAAA80 49] Windows, [000002A5DCE27800][000002A5D0DAEC00 49] WindowsNoEditor, [000002A5DCE55C00][000002A5D0DB2D80 49] WindowsServer, [000002A5DCE24300][000002A5D0DB6F00 49] WindowsClient, [000002A5DCE54400][000002A5D0DBB080 49] IOS, [000002A5DCE27F00][000002A5D0DBF200 49] iPadAir, [000002A5DCE55400][000002A5D0DC3380 49] iPadAir2, [000002A5DCDCD500][000002A5D0DCB640 49] IPadPro, [000002A5DCDCD600][000002A5D0DC7680 49] iPadAir3, [000002A5DCE57800][000002A5DB0F1800 49] iPadAir4, [000002A5DCDCF000][000002A5DB0F5980 49] iPadMini2, [000002A5DCE54C00][000002A5DB0F9B00 49] iPadMini3, [000002A5DCDCDC00][000002A5DB0FC100 49] iPadMini4, [000002A5DCE56800][000002A5DB100280 49] iPadMini5, [000002A5DCDECE00][000002A5DB108540 49] iPhone6, [000002A5DCDECF00][000002A5DB104580 49] iPodTouch6, [000002A5DCE27D00][000002A5D0DA6800 49] iPhone7, [000002A5DCE27E00][000002A5DB10C840 49] iPodTouch7, [000002A5DCDEC200][000002A5DB110980 49] iPhone5S, [000002A5DCDCFF00][000002A5DB114AC0 49] iPhone6Plus, [000002A5DCDEEE00][000002A5DB11CC40 49] iPhone6S, [000002A5DCDCD200][000002A5DB120DC0 49] iPhone6SPlus, [000002A5DCE27700][000002A5DB124F40 49] iPhone7Plus, [000002A5DCDCE500][000002A5DB1290C0 49] iPhoneSE, [000002A5DCE26800][000002A5DB12D240 49] iPhone8, [000002A5DCDCC600][000002A5DB1313C0 49] iPhone8Plus, [000002A5DCE24D00][000002A5DB135540 49] iPhoneX, [000002A5DCDCCC00][000002A5DB1396C0 49] iPhoneXS, [000002A5DCE26100][000002A5DB13D840 49] iPhoneXSMax, [000002A5DCDCEA00][000002A5DB1419C0 49] iPhoneXR, [000002A5DCE26D00][000002A5DB145B40 49] iPhone11, [000002A5DCDCF600][000002A5DB148140 49] iPhone11Pro, [000002A5DCE26200][000002A5DB14C2C0 49] iPhone11ProMax, [000002A5DCDCD800][000002A5DB150440 49] iPhoneSE2, [000002A5DCE24A00][000002A5DB1545C0 49] iPhone12Mini, [000002A5DCDCF200][000002A5DB158740 49] iPhone12, [000002A5DCE27300][000002A5DB15C8C0 49] iPhone12Pro, [000002A5DCDCF400][000002A5DB118A00 49] iPhone12ProMax, [000002A5DCE26E00][000002A5DB160B40 49] iPadPro105, [000002A5DCDCC700][000002A5DB164C80 49] iPadPro129, [000002A5DCE24700][000002A5DB168DC0 49] iPadPro97, [000002A5DCDCC900][000002A5DB170F40 49] iPadPro2_129, [000002A5DCE25400][000002A5DB1750C0 49] iPad5, [000002A5DCDCFE00][000002A5DB179240 49] iPad6, [000002A5DCE26000][000002A5DB17D3C0 49] iPad7, [000002A5DCDCD000][000002A5DBC03540 49] iPad8, [000002A5DCE24E00][000002A5DBC076C0 49] iPadPro11, [000002A5DCDCE000][000002A5DBC0B840 49] iPadPro2_11, [000002A5DCE24C00][000002A5DBC0F9C0 49] iPadPro3_129, [000002A5DCDCC100][000002A5DBC13B40 49] iPadPro4_129, [000002A5DCE26700][000002A5DBC16140 49] AppleTV, [000002A5DCDCF300][000002A5DBC1A2C0 49] AppleTV4K, [000002A5DCE27A00][000002A5DBC1E440 49] TVOS, [000002A5DCDCEE00][000002A5DBC225C0 49] Mac, [000002A5DCE24B00][000002A5DBC26740 49] MacClient, [000002A5DCDCF500][000002A5DBC2A8C0 49] MacNoEditor, [000002A5DCE24F00][000002A5DBC2EA40 49] MacServer, [000002A5DCDCF700][000002A5DB16CB80 49] Linux, [000002A5DCE27400][000002A5DBC32CC0 49] LinuxAArch64, [000002A5DCDCF100][000002A5DBC36E00 49] LinuxNoEditor, [000002A5DCE25000][000002A5DBC3AF40 49] LinuxAArch64NoEditor, [000002A5DCDCCB00][000002A5DBC430C0 49] LinuxClient, [000002A5DCE27000][000002A5DBC47240 49] LinuxAArch64Client, [000002A5DCDCEB00][000002A5DBC4B3C0 49] LinuxServer, [000002A5DCE25B00][000002A5DBC4F540 49] LinuxAArch64Server, [000002A5DCDCF900][000002A5DBC536C0 49] Android, [000002A5DCE27B00][000002A5DBC57840 49] Android_Low, [000002A5DCDCCA00][000002A5DBC5B9C0 49] Android_Mid, [000002A5DCE27500][000002A5DBC5FB40 49] Android_High, [000002A5DCDCEF00][000002A5DBC62140 49] Android_Default, [000002A5DCE56400][000002A5DBC662C0 49] Android_Adreno4xx, [000002A5DCDEF700][000002A5DBC6A440 49] Android_Adreno5xx_Low, [000002A5DCE56700][000002A5DBC6E5C0 49] Android_Adreno5xx, [000002A5DCDEF400][000002A5DBC72740 49] Android_Adreno6xx, [000002A5DCE56900][000002A5DBC768C0 49] Android_Adreno6xx_Vulkan, [000002A5DCDECC00][000002A5DBC7AA40 49] Android_Mali_T6xx, [000002A5DCE56E00][000002A5DBC7EBC0 49] Android_Mali_T7xx, [000002A5DCDEF500][000002A5DBC82D40 49] Android_Mali_T8xx, [000002A5DCE55100][000002A5DBC3EE80 49] Android_Mali_G71, [000002A5DCDEC100][000002A5DBC86FC0 49] Android_Mali_G72, [000002A5DCE54800][000002A5DBC8B100 49] Android_Mali_G72_Vulkan, [000002A5DCDEFE00][000002A5DBC93280 49] Android_Mali_G76, [000002A5DCE54600][000002A5DBC97400 49] Android_Mali_G76_Vulkan, [000002A5DCDEF900][000002A5DBC9B580 49] Android_Mali_G77, [000002A5DCE57200][000002A5DBC9F700 49] Android_Mali_G77_Vulkan, [000002A5DCDED100][000002A5DBCA3880 49] Android_Mali_G78, [000002A5DCE54100][000002A5DBCA7A00 49] Android_Mali_G78_Vulkan, [000002A5DCDED600][000002A5DBCABB80 49] Android_Mali_G710, [000002A5DCE55800][000002A5DBCAE180 49] Android_Mali_G710_Vulkan, [000002A5DCDEC800][000002A5DBD7E300 49] Android_Vulkan_SM5, [000002A5DCE57600][000002A5DBD82480 49] Android_PowerVR_G6xxx, [000002A5DCDEEC00][000002A5DBD86600 49] Android_PowerVR_GT7xxx, [000002A5DCE57400][000002A5DBD8A780 49] Android_PowerVR_GE8xxx, [000002A5DCDECD00][000002A5DBD8E900 49] Android_PowerVR_GM9xxx, [000002A5DCE56B00][000002A5DBD92A80 49] Android_PowerVR_GM9xxx_Vulkan, [000002A5DCDCD100][000002A5DBD96C00 49] Android_TegraK1, [000002A5DCE57100][000002A5DBD9AD80 49] Android_Unknown_Vulkan, [000002A5DCDCE600][000002A5DBD9EF00 49] Lumin, [000002A5DCE54A00][000002A5DBC8F040 49] Lumin_Desktop, [000002A5DCDCE200][000002A5DBDA3180 49] HoloLens, 
[2023.03.02-08.31.24:632][  0]LogMeshReduction: Using QuadricMeshReduction for automatic static mesh reduction
[2023.03.02-08.31.24:632][  0]LogMeshReduction: Using SimplygonMeshReduction for automatic skeletal mesh reduction
[2023.03.02-08.31.24:632][  0]LogMeshReduction: Using ProxyLODMeshReduction for automatic mesh merging
[2023.03.02-08.31.24:632][  0]LogMeshReduction: No distributed automatic mesh merging module available
[2023.03.02-08.31.24:633][  0]LogMeshMerging: No distributed automatic mesh merging module available
[2023.03.02-08.31.24:650][  0]LogNetVersion: UnrealProject 1.0.0, NetCL: 17155196, EngineNetVer: 17, GameNetVer: 0 (Checksum: 742620811)
[2023.03.02-08.31.25:945][  0]LogTexture: Default maximum texture size for cubemaps generated from long-lat sources has been changed from 512 to unlimited. In order to preserve old behaiour for '/Engine/MapTemplates/Sky/DaylightAmbientCubemap.DaylightAmbientCubemap', its maximum texture size has been explicitly set to 512.
[2023.03.02-08.31.26:011][  0]LogUObjectArray: 17011 objects as part of root set at end of initial load.
[2023.03.02-08.31.26:011][  0]LogUObjectAllocator: 4257152 out of 0 bytes used by permanent object pool.
[2023.03.02-08.31.26:011][  0]LogUObjectArray: CloseDisregardForGC: 0/0 objects in disregard for GC pool
[2023.03.02-08.31.26:293][  0]LogPython: Using Python 3.7.7
[2023.03.02-08.31.26:883][  0]LogNiagaraDebuggerClient: Niagara Debugger Client Initialized | Session: E832E1D149B6DE93D84E249930F9B428 | Instance: 2059E98A4E401E24C68817AD7E58A580 (DESKTOP-LENE5UI-13488).
[2023.03.02-08.31.27:261][  0]LogTcpMessaging: Initializing TcpMessaging bridge
[2023.03.02-08.31.27:267][  0]LogUdpMessaging: Initializing bridge on interface 0.0.0.0:0 to multicast group 230.0.0.1:6666.
[2023.03.02-08.31.27:325][  0]LogOutputDevice: Warning: 

Script Stack (0 frames):

[2023.03.02-08.31.27:376][  0]LogStats: FPlatformStackWalk::StackWalkAndDump -  0.050 s
[2023.03.02-08.31.27:376][  0]LogOutputDevice: Error: === Handled ensure: ===
[2023.03.02-08.31.27:376][  0]LogOutputDevice: Error: 
[2023.03.02-08.31.27:376][  0]LogOutputDevice: Error: Ensure condition failed: AttachmentRules.LocationRule == EAttachmentRule::KeepRelative && AttachmentRules.RotationRule == EAttachmentRule::KeepRelative && AttachmentRules.ScaleRule == EAttachmentRule::KeepRelative [File:D:/Build/++UE4/Sync/Engine/Source/Runtime/Engine/Private/Components/SceneComponent.cpp] [Line: 1826]
[2023.03.02-08.31.27:376][  0]LogOutputDevice: Error: AttachToComponent when called from a constructor is only setting up attachment and will always be treated as KeepRelative. Consider calling SetupAttachment directly instead.
[2023.03.02-08.31.27:376][  0]LogOutputDevice: Error: Stack: 
[2023.03.02-08.31.27:376][  0]LogOutputDevice: Error: [Callstack] 0x00007ffa18ab46f9 UE4Editor-Engine.dll!UnknownFunction []
[2023.03.02-08.31.27:376][  0]LogOutputDevice: Error: [Callstack] 0x00007ffa174f6bef UE4Editor-Engine.dll!UnknownFunction []
[2023.03.02-08.31.27:376][  0]LogOutputDevice: Error: [Callstack] 0x00007ff95402385d UE4Editor-UnrealProject-0019.dll!APickup::APickup() [D:\JourneyManProject\TwonicJMRepo\UnrealProject\Source\UnrealProject\Pickup.cpp:21]
[2023.03.02-08.31.27:376][  0]LogOutputDevice: Error: [Callstack] 0x00007ffa20c261d3 UE4Editor-CoreUObject.dll!UnknownFunction []
[2023.03.02-08.31.27:376][  0]LogOutputDevice: Error: [Callstack] 0x00007ffa20f48faf UE4Editor-CoreUObject.dll!UnknownFunction []
[2023.03.02-08.31.27:376][  0]LogOutputDevice: Error: [Callstack] 0x00007ffa20f25411 UE4Editor-CoreUObject.dll!UnknownFunction []
[2023.03.02-08.31.27:376][  0]LogOutputDevice: Error: [Callstack] 0x00007ffa20deddc5 UE4Editor-CoreUObject.dll!UnknownFunction []
[2023.03.02-08.31.27:376][  0]LogOutputDevice: Error: [Callstack] 0x00007ffa1da51bea UE4Editor-Core.dll!UnknownFunction []
[2023.03.02-08.31.27:376][  0]LogOutputDevice: Error: [Callstack] 0x00007ffa1da715a3 UE4Editor-Core.dll!UnknownFunction []
[2023.03.02-08.31.27:376][  0]LogOutputDevice: Error: [Callstack] 0x00007ffa4d196433 UE4Editor-Projects.dll!UnknownFunction []
[2023.03.02-08.31.27:376][  0]LogOutputDevice: Error: [Callstack] 0x00007ffa4d19674f UE4Editor-Projects.dll!UnknownFunction []
[2023.03.02-08.31.27:376][  0]LogOutputDevice: Error: [Callstack] 0x00007ff70bbc5642 UE4Editor.exe!UnknownFunction []
[2023.03.02-08.31.27:376][  0]LogOutputDevice: Error: [Callstack] 0x00007ff70bbc9000 UE4Editor.exe!UnknownFunction []
[2023.03.02-08.31.27:376][  0]LogOutputDevice: Error: [Callstack] 0x00007ff70bbc0d2c UE4Editor.exe!UnknownFunction []
[2023.03.02-08.31.27:376][  0]LogOutputDevice: Error: [Callstack] 0x00007ff70bbc10ba UE4Editor.exe!UnknownFunction []
[2023.03.02-08.31.27:376][  0]LogOutputDevice: Error: [Callstack] 0x00007ff70bbc40dd UE4Editor.exe!UnknownFunction []
[2023.03.02-08.31.27:376][  0]LogOutputDevice: Error: [Callstack] 0x00007ff70bbd5984 UE4Editor.exe!UnknownFunction []
[2023.03.02-08.31.27:376][  0]LogOutputDevice: Error: [Callstack] 0x00007ff70bbd853a UE4Editor.exe!UnknownFunction []
[2023.03.02-08.31.27:376][  0]LogOutputDevice: Error: [Callstack] 0x00007ffa5b6c7614 KERNEL32.DLL!UnknownFunction []
[2023.03.02-08.31.27:376][  0]LogOutputDevice: Error: [Callstack] 0x00007ffa5b9626a1 ntdll.dll!UnknownFunction []
[2023.03.02-08.31.27:376][  0]LogOutputDevice: Error: 
[2023.03.02-08.31.27:380][  0]LogStats:                SubmitErrorReport -  0.000 s
[2023.03.02-08.31.28:183][  0]LogStats:                    SendNewReport -  0.803 s
[2023.03.02-08.31.28:183][  0]LogStats:             FDebug::EnsureFailed -  0.857 s
[2023.03.02-08.31.28:339][  0]SourceControl: Source control is disabled
[2023.03.02-08.31.28:980][  0]LogUProjectInfo: Found projects:
[2023.03.02-08.31.29:172][  0]LogOpenImageDenoise: OIDN starting up
[2023.03.02-08.31.29:333][  0]LogAndroidPermission: UAndroidPermissionCallbackProxy::GetInstance
[2023.03.02-08.31.29:348][  0]LogAudioCaptureCore: Display: No Audio Capture implementations found. Audio input will be silent.
[2023.03.02-08.31.29:348][  0]LogAudioCaptureCore: Display: No Audio Capture implementations found. Audio input will be silent.
[2023.03.02-08.31.29:518][  0]LogCollectionManager: Loaded 0 collections in 0.001001 seconds
[2023.03.02-08.31.29:599][  0]LogFileCache: Scanning file cache for directory 'D:/JourneyManProject/TwonicJMRepo/UnrealProject/Saved/Collections/' took 0.00s
[2023.03.02-08.31.29:599][  0]LogFileCache: Scanning file cache for directory 'D:/JourneyManProject/TwonicJMRepo/UnrealProject/Content/Developers/patri/Collections/' took 0.00s
[2023.03.02-08.31.29:599][  0]LogFileCache: Scanning file cache for directory 'D:/JourneyManProject/TwonicJMRepo/UnrealProject/Content/Collections/' took 0.00s
[2023.03.02-08.31.29:599][  0]LogEngine: Initializing Engine...
[2023.03.02-08.31.29:600][  0]LogHMD: Failed to enumerate extensions. Please check that you have a valid OpenXR runtime installed.
[2023.03.02-08.31.29:600][  0]LogMagicLeap: Warning: VR disabled because ZI is not enabled.  To enable, in the editor, Edit -> Project Settings -> Plugins -> Magic Leap Plugin -> Enable Zero Iteration
[2023.03.02-08.31.29:601][  0]LogStats: UGameplayTagsManager::InitializeManager -  0.000 s
[2023.03.02-08.31.29:716][  0]LogInit: Initializing FReadOnlyCVARCache
[2023.03.02-08.31.29:730][  0]LogAIModule: Creating AISystem for world Untitled
[2023.03.02-08.31.29:731][  0]LogAudio: Display: Initializing Audio Device Manager...
[2023.03.02-08.31.29:734][  0]LogAudio: Display: Loading Default Audio Settings Objects...
[2023.03.02-08.31.29:734][  0]LogAudio: Display: No default SoundConcurrencyObject specified (or failed to load).
[2023.03.02-08.31.29:735][  0]LogAudio: Display: Audio Device Manager Initialized
[2023.03.02-08.31.29:735][  0]LogAudio: Display: Creating Audio Device:                 Id: 1, Scope: Shared, Realtime: True
[2023.03.02-08.31.29:735][  0]LogAudioMixer: Display: Audio Mixer Platform Settings:
[2023.03.02-08.31.29:735][  0]LogAudioMixer: Display: 	Sample Rate:						  48000
[2023.03.02-08.31.29:735][  0]LogAudioMixer: Display: 	Callback Buffer Frame Size Requested: 1024
[2023.03.02-08.31.29:735][  0]LogAudioMixer: Display: 	Callback Buffer Frame Size To Use:	  1024
[2023.03.02-08.31.29:735][  0]LogAudioMixer: Display: 	Number of buffers to queue:			  2
[2023.03.02-08.31.29:735][  0]LogAudioMixer: Display: 	Max Channels (voices):				  32
[2023.03.02-08.31.29:735][  0]LogAudioMixer: Display: 	Number of Async Source Workers:		  0
[2023.03.02-08.31.29:735][  0]LogAudio: Display: AudioDevice MaxSources: 32
[2023.03.02-08.31.29:736][  0]LogAudio: Display: Audio Spatialization Plugin: None (built-in).
[2023.03.02-08.31.29:736][  0]LogAudio: Display: Audio Reverb Plugin: None (built-in).
[2023.03.02-08.31.29:736][  0]LogAudio: Display: Audio Occlusion Plugin: None (built-in).
[2023.03.02-08.31.29:736][  0]LogAudioMixer: Display: Initializing audio mixer.
[2023.03.02-08.31.29:746][  0]LogAudioMixer: Display: 0: FrontLeft
[2023.03.02-08.31.29:746][  0]LogAudioMixer: Display: 1: FrontRight
[2023.03.02-08.31.29:756][  0]LogAudioMixer: Display: Using Audio Device Speakers (Realtek High Definition Audio)
[2023.03.02-08.31.29:759][  0]LogAudioMixer: Display: Initializing Sound Submixes...
[2023.03.02-08.31.29:762][  0]LogAudioMixer: Display: Creating Master Submix 'MasterSubmixDefault'
[2023.03.02-08.31.29:762][  0]LogAudioMixer: Display: Creating Master Submix 'MasterReverbSubmixDefault'
[2023.03.02-08.31.29:762][  0]LogAudioMixer: Display: Creating Master Submix 'MasterEQSubmixDefault'
[2023.03.02-08.31.29:763][  0]LogAudioMixer: FMixerPlatformXAudio2::StartAudioStream() called
[2023.03.02-08.31.29:763][  0]LogAudioMixer: Display: Output buffers initialized: Frames=1024, Channels=2, Samples=2048
[2023.03.02-08.31.29:763][  0]LogAudioMixer: Display: Starting AudioMixerPlatformInterface::RunInternal()
[2023.03.02-08.31.29:763][  0]LogAudioMixer: Display: FMixerPlatformXAudio2::SubmitBuffer() called for the first time
[2023.03.02-08.31.29:763][  0]LogInit: FAudioDevice initialized.
[2023.03.02-08.31.29:764][  0]LogAudio: Display: Audio Device (ID: 1) registered with world 'Untitled'.
[2023.03.02-08.31.29:764][  0]LogNetVersion: Set ProjectVersion to 1.0.0.0. Version Checksum will be recalculated on next use.
[2023.03.02-08.31.29:824][  0]LogDerivedDataCache: Saved boot cache 0.06s 90MB C:/Users/patri/AppData/Local/UnrealEngine/4.27/DerivedDataCache/Boot.ddc.
[2023.03.02-08.31.29:824][  0]LogInit: Texture streaming: Enabled
[2023.03.02-08.31.29:836][  0]LogAnalytics: Display: [UEEditor.Rocket.Release] APIServer = https://datarouter.ol.epicgames.com/. AppVersion = 4.27.2-18319896+++UE4+Release-4.27
[2023.03.02-08.31.29:840][  0]LogEngineSessionManager: EngineSessionManager initialized
[2023.03.02-08.31.29:840][  0]LogEngineSessionManager: EngineSessionManager sent abnormal shutdown report. Type=Crashed, SessionId={D718BC61-46CB-9372-3D47-8AA18859BBCC}
[2023.03.02-08.31.29:840][  0]LogEditorSessionSummary: Verbose: Initializing EditorSessionSummaryWriter for editor session tracking
[2023.03.02-08.31.29:842][  0]LogEditorSessionSummary: EditorSessionSummaryWriter initialized
[2023.03.02-08.31.29:873][  0]LogInit: Transaction tracking system initialized
[2023.03.02-08.31.29:929][  0]BlueprintLog: New page: Editor Load
[2023.03.02-08.31.30:038][  0]LocalizationService: Localization service is disabled
[2023.03.02-08.31.30:087][  0]TimingProfiler: Initialize
[2023.03.02-08.31.30:089][  0]TimingProfiler: OnSessionChanged
[2023.03.02-08.31.30:089][  0]LoadingProfiler: Initialize
[2023.03.02-08.31.30:089][  0]LoadingProfiler: OnSessionChanged
[2023.03.02-08.31.30:090][  0]NetworkingProfiler: Initialize
[2023.03.02-08.31.30:090][  0]NetworkingProfiler: OnSessionChanged
[2023.03.02-08.31.30:090][  0]MemoryProfiler: Initialize
[2023.03.02-08.31.30:090][  0]MemoryProfiler: OnSessionChanged
[2023.03.02-08.31.30:285][  0]LogCook: Display: CookSettings for Memory: MemoryMaxUsedVirtual 0MiB, MemoryMaxUsedPhysical 16384MiB, MemoryMinFreeVirtual 0MiB, MemoryMinFreePhysical 1024MiB
[2023.03.02-08.31.30:285][  0]LogCook: Display: Mobile HDR setting 1
[2023.03.02-08.31.30:391][  0]LogFileCache: Scanning file cache for directory 'D:/JourneyManProject/TwonicJMRepo/UnrealProject/Content/' took 0.01s
[2023.03.02-08.31.30:625][  0]LogInit: Display: Engine is initialized. Leaving FEngineLoop::Init()
[2023.03.02-08.31.30:745][  0]LogSlate: Took 0.000295 seconds to synchronously load lazily loaded font '../../../Engine/Content/Slate/Fonts/Roboto-Regular.ttf' (155K)
[2023.03.02-08.31.40:469][  0]LogSlate: Window 'Restore Packages' being destroyed
[2023.03.02-08.31.40:563][  0]LogUnrealEdMisc: Loading editor; pre map load, took 23.309
[2023.03.02-08.31.40:564][  0]Cmd: MAP LOAD FILE="../../../../../JourneyManProject/TwonicJMRepo/UnrealProject/Content/Empty_Tests.umap" TEMPLATE=0 SHOWPROGRESS=1 FEATURELEVEL=3
[2023.03.02-08.31.40:567][  0]LightingResults: New page: Lighting Build
[2023.03.02-08.31.40:569][  0]LogWorld: UWorld::CleanupWorld for Untitled, bSessionEnded=true, bCleanupResources=true
[2023.03.02-08.31.40:569][  0]LogSlate: InvalidateAllWidgets triggered.  All widgets were invalidated
[2023.03.02-08.31.40:569][  0]MapCheck: New page: Map Check
[2023.03.02-08.31.40:569][  0]LightingResults: New page: Lighting Build
[2023.03.02-08.31.40:572][  0]LogAudio: Display: Audio Device unregistered from world 'None'.
[2023.03.02-08.31.40:575][  0]LogUObjectHash: Compacting FUObjectHashTables data took   0.82ms
[2023.03.02-08.31.41:462][  0]LogAudio: Display: Audio Device (ID: 1) registered with world 'Empty_Tests'.
[2023.03.02-08.31.41:463][  0]LogAIModule: Creating AISystem for world Empty_Tests
[2023.03.02-08.31.41:477][  0]LogEditorServer: Finished looking for orphan Actors (0.000 secs)
[2023.03.02-08.31.41:492][  0]LogUObjectHash: Compacting FUObjectHashTables data took   1.22ms
[2023.03.02-08.31.41:493][  0]Cmd: MAP CHECKDEP NOCLEARLOG
[2023.03.02-08.31.41:493][  0]MapCheck: Map check complete: 0 Error(s), 0 Warning(s), took 0.122ms to complete.
[2023.03.02-08.31.41:493][  0]LogFileHelpers: Loading map 'Empty_Tests' took 0.929
[2023.03.02-08.31.41:496][  0]LogUnrealEdMisc: Total Editor Startup Time, took 24.243
[2023.03.02-08.31.41:606][  0]LogSlate: Updating window title bar state: overlay mode, drag disabled, window buttons hidden, title bar hidden
[2023.03.02-08.31.41:612][  0]LogSlate: Updating window title bar state: overlay mode, drag disabled, window buttons hidden, title bar hidden
[2023.03.02-08.31.41:618][  0]LogSlate: Updating window title bar state: overlay mode, drag disabled, window buttons hidden, title bar hidden
[2023.03.02-08.31.41:623][  0]LogSlate: Updating window title bar state: overlay mode, drag disabled, window buttons hidden, title bar hidden
[2023.03.02-08.31.41:647][  0]LogNativeClassHierarchy: Verbose: Native class hierarchy populated in 0.0111 seconds. Added 3810 classes and 912 folders.
[2023.03.02-08.31.41:653][  0]LogNativeClassHierarchy: Verbose: Native class hierarchy updated for 'WidgetCarousel' in 0.0003 seconds. Added 0 classes and 0 folders.
[2023.03.02-08.31.41:668][  0]LogPakFile: PakFile PrimaryIndexSize=187
[2023.03.02-08.31.41:668][  0]LogPakFile: PakFile PathHashIndexSize=101
[2023.03.02-08.31.41:668][  0]LogPakFile: PakFile FullDirectoryIndexSize=148
[2023.03.02-08.31.41:668][  0]LogShaderLibrary: Display: ShaderCodeLibraryPakFileMountedCallback: PakFile 'D:/Unreal/UE_4.27/FeaturePacks/FP_FirstPerson.upack' (chunk index -1, root 'root:/') mounted
[2023.03.02-08.31.41:668][  0]LogShaderLibrary: Display: ShaderCodeLibraryPakFileMountedCallback: pending pak file info (ChunkID:-1 Root:root:/ File:D:/Unreal/UE_4.27/FeaturePacks/FP_FirstPerson.upack)
[2023.03.02-08.31.41:668][  0]LogPakFile: OnPakFileMounted2Time == 0.000053
[2023.03.02-08.31.41:678][  0]LogPakFile: PakFile PrimaryIndexSize=189
[2023.03.02-08.31.41:678][  0]LogPakFile: PakFile PathHashIndexSize=101
[2023.03.02-08.31.41:678][  0]LogPakFile: PakFile FullDirectoryIndexSize=152
[2023.03.02-08.31.41:678][  0]LogShaderLibrary: Display: ShaderCodeLibraryPakFileMountedCallback: PakFile 'D:/Unreal/UE_4.27/FeaturePacks/FP_FirstPersonBP.upack' (chunk index -1, root 'root:/') mounted
[2023.03.02-08.31.41:678][  0]LogShaderLibrary: Display: ShaderCodeLibraryPakFileMountedCallback: pending pak file info (ChunkID:-1 Root:root:/ File:D:/Unreal/UE_4.27/FeaturePacks/FP_FirstPersonBP.upack)
[2023.03.02-08.31.41:678][  0]LogPakFile: OnPakFileMounted2Time == 0.000041
[2023.03.02-08.31.41:684][  0]LogPakFile: PakFile PrimaryIndexSize=191
[2023.03.02-08.31.41:684][  0]LogPakFile: PakFile PathHashIndexSize=101
[2023.03.02-08.31.41:684][  0]LogPakFile: PakFile FullDirectoryIndexSize=160
[2023.03.02-08.31.41:684][  0]LogShaderLibrary: Display: ShaderCodeLibraryPakFileMountedCallback: PakFile 'D:/Unreal/UE_4.27/FeaturePacks/MobileStarterContent.upack' (chunk index -1, root 'root:/') mounted
[2023.03.02-08.31.41:684][  0]LogShaderLibrary: Display: ShaderCodeLibraryPakFileMountedCallback: pending pak file info (ChunkID:-1 Root:root:/ File:D:/Unreal/UE_4.27/FeaturePacks/MobileStarterContent.upack)
[2023.03.02-08.31.41:684][  0]LogPakFile: OnPakFileMounted2Time == 0.000056
[2023.03.02-08.31.41:690][  0]LogPakFile: PakFile PrimaryIndexSize=185
[2023.03.02-08.31.41:690][  0]LogPakFile: PakFile PathHashIndexSize=101
[2023.03.02-08.31.41:690][  0]LogPakFile: PakFile FullDirectoryIndexSize=148
[2023.03.02-08.31.41:690][  0]LogShaderLibrary: Display: ShaderCodeLibraryPakFileMountedCallback: PakFile 'D:/Unreal/UE_4.27/FeaturePacks/StarterContent.upack' (chunk index -1, root 'root:/') mounted
[2023.03.02-08.31.41:690][  0]LogShaderLibrary: Display: ShaderCodeLibraryPakFileMountedCallback: pending pak file info (ChunkID:-1 Root:root:/ File:D:/Unreal/UE_4.27/FeaturePacks/StarterContent.upack)
[2023.03.02-08.31.41:690][  0]LogPakFile: OnPakFileMounted2Time == 0.000037
[2023.03.02-08.31.41:697][  0]LogPakFile: PakFile PrimaryIndexSize=190
[2023.03.02-08.31.41:697][  0]LogPakFile: PakFile PathHashIndexSize=101
[2023.03.02-08.31.41:697][  0]LogPakFile: PakFile FullDirectoryIndexSize=154
[2023.03.02-08.31.41:697][  0]LogShaderLibrary: Display: ShaderCodeLibraryPakFileMountedCallback: PakFile 'D:/Unreal/UE_4.27/FeaturePacks/TP_2DSideScroller.upack' (chunk index -1, root 'root:/') mounted
[2023.03.02-08.31.41:697][  0]LogShaderLibrary: Display: ShaderCodeLibraryPakFileMountedCallback: pending pak file info (ChunkID:-1 Root:root:/ File:D:/Unreal/UE_4.27/FeaturePacks/TP_2DSideScroller.upack)
[2023.03.02-08.31.41:697][  0]LogPakFile: OnPakFileMounted2Time == 0.000037
[2023.03.02-08.31.41:703][  0]LogPakFile: PakFile PrimaryIndexSize=192
[2023.03.02-08.31.41:703][  0]LogPakFile: PakFile PathHashIndexSize=101
[2023.03.02-08.31.41:703][  0]LogPakFile: PakFile FullDirectoryIndexSize=158
[2023.03.02-08.31.41:703][  0]LogShaderLibrary: Display: ShaderCodeLibraryPakFileMountedCallback: PakFile 'D:/Unreal/UE_4.27/FeaturePacks/TP_2DSideScrollerBP.upack' (chunk index -1, root 'root:/') mounted
[2023.03.02-08.31.41:703][  0]LogShaderLibrary: Display: ShaderCodeLibraryPakFileMountedCallback: pending pak file info (ChunkID:-1 Root:root:/ File:D:/Unreal/UE_4.27/FeaturePacks/TP_2DSideScrollerBP.upack)
[2023.03.02-08.31.41:703][  0]LogPakFile: OnPakFileMounted2Time == 0.000036
[2023.03.02-08.31.41:708][  0]LogPakFile: PakFile PrimaryIndexSize=182
[2023.03.02-08.31.41:708][  0]LogPakFile: PakFile PathHashIndexSize=101
[2023.03.02-08.31.41:708][  0]LogPakFile: PakFile FullDirectoryIndexSize=138
[2023.03.02-08.31.41:708][  0]LogShaderLibrary: Display: ShaderCodeLibraryPakFileMountedCallback: PakFile 'D:/Unreal/UE_4.27/FeaturePacks/TP_Flying.upack' (chunk index -1, root 'root:/') mounted
[2023.03.02-08.31.41:708][  0]LogShaderLibrary: Display: ShaderCodeLibraryPakFileMountedCallback: pending pak file info (ChunkID:-1 Root:root:/ File:D:/Unreal/UE_4.27/FeaturePacks/TP_Flying.upack)
[2023.03.02-08.31.41:708][  0]LogPakFile: OnPakFileMounted2Time == 0.000035
[2023.03.02-08.31.41:715][  0]LogPakFile: PakFile PrimaryIndexSize=184
[2023.03.02-08.31.41:715][  0]LogPakFile: PakFile PathHashIndexSize=101
[2023.03.02-08.31.41:715][  0]LogPakFile: PakFile FullDirectoryIndexSize=142
[2023.03.02-08.31.41:715][  0]LogShaderLibrary: Display: ShaderCodeLibraryPakFileMountedCallback: PakFile 'D:/Unreal/UE_4.27/FeaturePacks/TP_FlyingBP.upack' (chunk index -1, root 'root:/') mounted
[2023.03.02-08.31.41:715][  0]LogShaderLibrary: Display: ShaderCodeLibraryPakFileMountedCallback: pending pak file info (ChunkID:-1 Root:root:/ File:D:/Unreal/UE_4.27/FeaturePacks/TP_FlyingBP.upack)
[2023.03.02-08.31.41:715][  0]LogPakFile: OnPakFileMounted2Time == 0.000039
[2023.03.02-08.31.41:722][  0]LogPakFile: PakFile PrimaryIndexSize=188
[2023.03.02-08.31.41:722][  0]LogPakFile: PakFile PathHashIndexSize=101
[2023.03.02-08.31.41:722][  0]LogPakFile: PakFile FullDirectoryIndexSize=150
[2023.03.02-08.31.41:722][  0]LogShaderLibrary: Display: ShaderCodeLibraryPakFileMountedCallback: PakFile 'D:/Unreal/UE_4.27/FeaturePacks/TP_HandheldARBP.upack' (chunk index -1, root 'root:/') mounted
[2023.03.02-08.31.41:722][  0]LogShaderLibrary: Display: ShaderCodeLibraryPakFileMountedCallback: pending pak file info (ChunkID:-1 Root:root:/ File:D:/Unreal/UE_4.27/FeaturePacks/TP_HandheldARBP.upack)
[2023.03.02-08.31.41:722][  0]LogPakFile: OnPakFileMounted2Time == 0.000042
[2023.03.02-08.31.41:730][  0]LogPakFile: PakFile PrimaryIndexSize=182
[2023.03.02-08.31.41:730][  0]LogPakFile: PakFile PathHashIndexSize=101
[2023.03.02-08.31.41:730][  0]LogPakFile: PakFile FullDirectoryIndexSize=138
[2023.03.02-08.31.41:730][  0]LogShaderLibrary: Display: ShaderCodeLibraryPakFileMountedCallback: PakFile 'D:/Unreal/UE_4.27/FeaturePacks/TP_Puzzle.upack' (chunk index -1, root 'root:/') mounted
[2023.03.02-08.31.41:730][  0]LogShaderLibrary: Display: ShaderCodeLibraryPakFileMountedCallback: pending pak file info (ChunkID:-1 Root:root:/ File:D:/Unreal/UE_4.27/FeaturePacks/TP_Puzzle.upack)
[2023.03.02-08.31.41:730][  0]LogPakFile: OnPakFileMounted2Time == 0.000035
[2023.03.02-08.31.41:736][  0]LogPakFile: PakFile PrimaryIndexSize=184
[2023.03.02-08.31.41:736][  0]LogPakFile: PakFile PathHashIndexSize=101
[2023.03.02-08.31.41:736][  0]LogPakFile: PakFile FullDirectoryIndexSize=142
[2023.03.02-08.31.41:736][  0]LogShaderLibrary: Display: ShaderCodeLibraryPakFileMountedCallback: PakFile 'D:/Unreal/UE_4.27/FeaturePacks/TP_PuzzleBP.upack' (chunk index -1, root 'root:/') mounted
[2023.03.02-08.31.41:736][  0]LogShaderLibrary: Display: ShaderCodeLibraryPakFileMountedCallback: pending pak file info (ChunkID:-1 Root:root:/ File:D:/Unreal/UE_4.27/FeaturePacks/TP_PuzzleBP.upack)
[2023.03.02-08.31.41:736][  0]LogPakFile: OnPakFileMounted2Time == 0.000042
[2023.03.02-08.31.41:742][  0]LogPakFile: PakFile PrimaryIndexSize=183
[2023.03.02-08.31.41:742][  0]LogPakFile: PakFile PathHashIndexSize=101
[2023.03.02-08.31.41:742][  0]LogPakFile: PakFile FullDirectoryIndexSize=140
[2023.03.02-08.31.41:742][  0]LogShaderLibrary: Display: ShaderCodeLibraryPakFileMountedCallback: PakFile 'D:/Unreal/UE_4.27/FeaturePacks/TP_Rolling.upack' (chunk index -1, root 'root:/') mounted
[2023.03.02-08.31.41:742][  0]LogShaderLibrary: Display: ShaderCodeLibraryPakFileMountedCallback: pending pak file info (ChunkID:-1 Root:root:/ File:D:/Unreal/UE_4.27/FeaturePacks/TP_Rolling.upack)
[2023.03.02-08.31.41:742][  0]LogPakFile: OnPakFileMounted2Time == 0.000034
[2023.03.02-08.31.41:747][  0]LogPakFile: PakFile PrimaryIndexSize=185
[2023.03.02-08.31.41:747][  0]LogPakFile: PakFile PathHashIndexSize=101
[2023.03.02-08.31.41:747][  0]LogPakFile: PakFile FullDirectoryIndexSize=144
[2023.03.02-08.31.41:747][  0]LogShaderLibrary: Display: ShaderCodeLibraryPakFileMountedCallback: PakFile 'D:/Unreal/UE_4.27/FeaturePacks/TP_RollingBP.upack' (chunk index -1, root 'root:/') mounted
[2023.03.02-08.31.41:747][  0]LogShaderLibrary: Display: ShaderCodeLibraryPakFileMountedCallback: pending pak file info (ChunkID:-1 Root:root:/ File:D:/Unreal/UE_4.27/FeaturePacks/TP_RollingBP.upack)
[2023.03.02-08.31.41:747][  0]LogPakFile: OnPakFileMounted2Time == 0.000039
[2023.03.02-08.31.41:753][  0]LogPakFile: PakFile PrimaryIndexSize=188
[2023.03.02-08.31.41:753][  0]LogPakFile: PakFile PathHashIndexSize=101
[2023.03.02-08.31.41:753][  0]LogPakFile: PakFile FullDirectoryIndexSize=150
[2023.03.02-08.31.41:753][  0]LogShaderLibrary: Display: ShaderCodeLibraryPakFileMountedCallback: PakFile 'D:/Unreal/UE_4.27/FeaturePacks/TP_SideScroller.upack' (chunk index -1, root 'root:/') mounted
[2023.03.02-08.31.41:753][  0]LogShaderLibrary: Display: ShaderCodeLibraryPakFileMountedCallback: pending pak file info (ChunkID:-1 Root:root:/ File:D:/Unreal/UE_4.27/FeaturePacks/TP_SideScroller.upack)
[2023.03.02-08.31.41:753][  0]LogPakFile: OnPakFileMounted2Time == 0.000031
[2023.03.02-08.31.41:758][  0]LogPakFile: PakFile PrimaryIndexSize=190
[2023.03.02-08.31.41:758][  0]LogPakFile: PakFile PathHashIndexSize=101
[2023.03.02-08.31.41:758][  0]LogPakFile: PakFile FullDirectoryIndexSize=154
[2023.03.02-08.31.41:758][  0]LogShaderLibrary: Display: ShaderCodeLibraryPakFileMountedCallback: PakFile 'D:/Unreal/UE_4.27/FeaturePacks/TP_SideScrollerBP.upack' (chunk index -1, root 'root:/') mounted
[2023.03.02-08.31.41:758][  0]LogShaderLibrary: Display: ShaderCodeLibraryPakFileMountedCallback: pending pak file info (ChunkID:-1 Root:root:/ File:D:/Unreal/UE_4.27/FeaturePacks/TP_SideScrollerBP.upack)
[2023.03.02-08.31.41:758][  0]LogPakFile: OnPakFileMounted2Time == 0.000032
[2023.03.02-08.31.41:763][  0]LogPakFile: PakFile PrimaryIndexSize=187
[2023.03.02-08.31.41:763][  0]LogPakFile: PakFile PathHashIndexSize=101
[2023.03.02-08.31.41:763][  0]LogPakFile: PakFile FullDirectoryIndexSize=148
[2023.03.02-08.31.41:763][  0]LogShaderLibrary: Display: ShaderCodeLibraryPakFileMountedCallback: PakFile 'D:/Unreal/UE_4.27/FeaturePacks/TP_ThirdPerson.upack' (chunk index -1, root 'root:/') mounted
[2023.03.02-08.31.41:763][  0]LogShaderLibrary: Display: ShaderCodeLibraryPakFileMountedCallback: pending pak file info (ChunkID:-1 Root:root:/ File:D:/Unreal/UE_4.27/FeaturePacks/TP_ThirdPerson.upack)
[2023.03.02-08.31.41:763][  0]LogPakFile: OnPakFileMounted2Time == 0.000034
[2023.03.02-08.31.41:769][  0]LogPakFile: PakFile PrimaryIndexSize=189
[2023.03.02-08.31.41:769][  0]LogPakFile: PakFile PathHashIndexSize=101
[2023.03.02-08.31.41:769][  0]LogPakFile: PakFile FullDirectoryIndexSize=152
[2023.03.02-08.31.41:769][  0]LogShaderLibrary: Display: ShaderCodeLibraryPakFileMountedCallback: PakFile 'D:/Unreal/UE_4.27/FeaturePacks/TP_ThirdPersonBP.upack' (chunk index -1, root 'root:/') mounted
[2023.03.02-08.31.41:769][  0]LogShaderLibrary: Display: ShaderCodeLibraryPakFileMountedCallback: pending pak file info (ChunkID:-1 Root:root:/ File:D:/Unreal/UE_4.27/FeaturePacks/TP_ThirdPersonBP.upack)
[2023.03.02-08.31.41:769][  0]LogPakFile: OnPakFileMounted2Time == 0.000036
[2023.03.02-08.31.41:775][  0]LogPakFile: PakFile PrimaryIndexSize=183
[2023.03.02-08.31.41:775][  0]LogPakFile: PakFile PathHashIndexSize=101
[2023.03.02-08.31.41:775][  0]LogPakFile: PakFile FullDirectoryIndexSize=140
[2023.03.02-08.31.41:775][  0]LogShaderLibrary: Display: ShaderCodeLibraryPakFileMountedCallback: PakFile 'D:/Unreal/UE_4.27/FeaturePacks/TP_TopDown.upack' (chunk index -1, root 'root:/') mounted
[2023.03.02-08.31.41:776][  0]LogShaderLibrary: Display: ShaderCodeLibraryPakFileMountedCallback: pending pak file info (ChunkID:-1 Root:root:/ File:D:/Unreal/UE_4.27/FeaturePacks/TP_TopDown.upack)
[2023.03.02-08.31.41:776][  0]LogPakFile: OnPakFileMounted2Time == 0.000052
[2023.03.02-08.31.41:781][  0]LogPakFile: PakFile PrimaryIndexSize=185
[2023.03.02-08.31.41:781][  0]LogPakFile: PakFile PathHashIndexSize=101
[2023.03.02-08.31.41:781][  0]LogPakFile: PakFile FullDirectoryIndexSize=144
[2023.03.02-08.31.41:781][  0]LogShaderLibrary: Display: ShaderCodeLibraryPakFileMountedCallback: PakFile 'D:/Unreal/UE_4.27/FeaturePacks/TP_TopDownBP.upack' (chunk index -1, root 'root:/') mounted
[2023.03.02-08.31.41:781][  0]LogShaderLibrary: Display: ShaderCodeLibraryPakFileMountedCallback: pending pak file info (ChunkID:-1 Root:root:/ File:D:/Unreal/UE_4.27/FeaturePacks/TP_TopDownBP.upack)
[2023.03.02-08.31.41:781][  0]LogPakFile: OnPakFileMounted2Time == 0.000036
[2023.03.02-08.31.41:791][  0]LogPakFile: PakFile PrimaryIndexSize=185
[2023.03.02-08.31.41:791][  0]LogPakFile: PakFile PathHashIndexSize=101
[2023.03.02-08.31.41:791][  0]LogPakFile: PakFile FullDirectoryIndexSize=144
[2023.03.02-08.31.41:791][  0]LogShaderLibrary: Display: ShaderCodeLibraryPakFileMountedCallback: PakFile 'D:/Unreal/UE_4.27/FeaturePacks/TP_TwinStick.upack' (chunk index -1, root 'root:/') mounted
[2023.03.02-08.31.41:791][  0]LogShaderLibrary: Display: ShaderCodeLibraryPakFileMountedCallback: pending pak file info (ChunkID:-1 Root:root:/ File:D:/Unreal/UE_4.27/FeaturePacks/TP_TwinStick.upack)
[2023.03.02-08.31.41:791][  0]LogPakFile: OnPakFileMounted2Time == 0.000037
[2023.03.02-08.31.41:796][  0]LogPakFile: PakFile PrimaryIndexSize=187
[2023.03.02-08.31.41:796][  0]LogPakFile: PakFile PathHashIndexSize=101
[2023.03.02-08.31.41:796][  0]LogPakFile: PakFile FullDirectoryIndexSize=148
[2023.03.02-08.31.41:796][  0]LogShaderLibrary: Display: ShaderCodeLibraryPakFileMountedCallback: PakFile 'D:/Unreal/UE_4.27/FeaturePacks/TP_TwinStickBP.upack' (chunk index -1, root 'root:/') mounted
[2023.03.02-08.31.41:796][  0]LogShaderLibrary: Display: ShaderCodeLibraryPakFileMountedCallback: pending pak file info (ChunkID:-1 Root:root:/ File:D:/Unreal/UE_4.27/FeaturePacks/TP_TwinStickBP.upack)
[2023.03.02-08.31.41:796][  0]LogPakFile: OnPakFileMounted2Time == 0.000035
[2023.03.02-08.31.41:802][  0]LogPakFile: PakFile PrimaryIndexSize=183
[2023.03.02-08.31.41:802][  0]LogPakFile: PakFile PathHashIndexSize=101
[2023.03.02-08.31.41:802][  0]LogPakFile: PakFile FullDirectoryIndexSize=140
[2023.03.02-08.31.41:802][  0]LogShaderLibrary: Display: ShaderCodeLibraryPakFileMountedCallback: PakFile 'D:/Unreal/UE_4.27/FeaturePacks/TP_Vehicle.upack' (chunk index -1, root 'root:/') mounted
[2023.03.02-08.31.41:802][  0]LogShaderLibrary: Display: ShaderCodeLibraryPakFileMountedCallback: pending pak file info (ChunkID:-1 Root:root:/ File:D:/Unreal/UE_4.27/FeaturePacks/TP_Vehicle.upack)
[2023.03.02-08.31.41:802][  0]LogPakFile: OnPakFileMounted2Time == 0.000034
[2023.03.02-08.31.41:808][  0]LogPakFile: PakFile PrimaryIndexSize=186
[2023.03.02-08.31.41:808][  0]LogPakFile: PakFile PathHashIndexSize=101
[2023.03.02-08.31.41:808][  0]LogPakFile: PakFile FullDirectoryIndexSize=146
[2023.03.02-08.31.41:808][  0]LogShaderLibrary: Display: ShaderCodeLibraryPakFileMountedCallback: PakFile 'D:/Unreal/UE_4.27/FeaturePacks/TP_VehicleAdv.upack' (chunk index -1, root 'root:/') mounted
[2023.03.02-08.31.41:808][  0]LogShaderLibrary: Display: ShaderCodeLibraryPakFileMountedCallback: pending pak file info (ChunkID:-1 Root:root:/ File:D:/Unreal/UE_4.27/FeaturePacks/TP_VehicleAdv.upack)
[2023.03.02-08.31.41:808][  0]LogPakFile: OnPakFileMounted2Time == 0.000033
[2023.03.02-08.31.41:813][  0]LogPakFile: PakFile PrimaryIndexSize=188
[2023.03.02-08.31.41:813][  0]LogPakFile: PakFile PathHashIndexSize=101
[2023.03.02-08.31.41:813][  0]LogPakFile: PakFile FullDirectoryIndexSize=150
[2023.03.02-08.31.41:813][  0]LogShaderLibrary: Display: ShaderCodeLibraryPakFileMountedCallback: PakFile 'D:/Unreal/UE_4.27/FeaturePacks/TP_VehicleAdvBP.upack' (chunk index -1, root 'root:/') mounted
[2023.03.02-08.31.41:813][  0]LogShaderLibrary: Display: ShaderCodeLibraryPakFileMountedCallback: pending pak file info (ChunkID:-1 Root:root:/ File:D:/Unreal/UE_4.27/FeaturePacks/TP_VehicleAdvBP.upack)
[2023.03.02-08.31.41:813][  0]LogPakFile: OnPakFileMounted2Time == 0.000031
[2023.03.02-08.31.41:818][  0]LogPakFile: PakFile PrimaryIndexSize=185
[2023.03.02-08.31.41:818][  0]LogPakFile: PakFile PathHashIndexSize=101
[2023.03.02-08.31.41:818][  0]LogPakFile: PakFile FullDirectoryIndexSize=144
[2023.03.02-08.31.41:818][  0]LogShaderLibrary: Display: ShaderCodeLibraryPakFileMountedCallback: PakFile 'D:/Unreal/UE_4.27/FeaturePacks/TP_VehicleBP.upack' (chunk index -1, root 'root:/') mounted
[2023.03.02-08.31.41:818][  0]LogShaderLibrary: Display: ShaderCodeLibraryPakFileMountedCallback: pending pak file info (ChunkID:-1 Root:root:/ File:D:/Unreal/UE_4.27/FeaturePacks/TP_VehicleBP.upack)
[2023.03.02-08.31.41:818][  0]LogPakFile: OnPakFileMounted2Time == 0.000027
[2023.03.02-08.31.41:823][  0]LogPakFile: PakFile PrimaryIndexSize=192
[2023.03.02-08.31.41:823][  0]LogPakFile: PakFile PathHashIndexSize=101
[2023.03.02-08.31.41:823][  0]LogPakFile: PakFile FullDirectoryIndexSize=158
[2023.03.02-08.31.41:823][  0]LogShaderLibrary: Display: ShaderCodeLibraryPakFileMountedCallback: PakFile 'D:/Unreal/UE_4.27/FeaturePacks/TP_VirtualRealityBP.upack' (chunk index -1, root 'root:/') mounted
[2023.03.02-08.31.41:823][  0]LogShaderLibrary: Display: ShaderCodeLibraryPakFileMountedCallback: pending pak file info (ChunkID:-1 Root:root:/ File:D:/Unreal/UE_4.27/FeaturePacks/TP_VirtualRealityBP.upack)
[2023.03.02-08.31.41:823][  0]LogPakFile: OnPakFileMounted2Time == 0.000028
[2023.03.02-08.31.42:176][  0]LogNativeClassHierarchy: Verbose: Native class hierarchy updated for 'AddContentDialog' in 0.0003 seconds. Added 0 classes and 0 folders.
[2023.03.02-08.31.42:177][  0]LogNativeClassHierarchy: Verbose: Native class hierarchy updated for 'SceneOutliner' in 0.0002 seconds. Added 2 classes and 0 folders.
[2023.03.02-08.31.42:262][  0]LogSlate: Took 0.006536 seconds to synchronously load lazily loaded font '../../../Engine/Content/Editor/Slate/Fonts/FontAwesome.ttf' (139K)
[2023.03.02-08.31.42:263][  0]LogSlate: Took 0.000165 seconds to synchronously load lazily loaded font '../../../Engine/Content/Slate/Fonts/Roboto-Bold.ttf' (160K)
[2023.03.02-08.31.42:342][  0]LogRenderer: Reallocating scene render targets to support 1208x552 Format 10 NumSamples 1 (Frame:1).
[2023.03.02-08.31.42:384][  0]LogSlate: Took 0.005351 seconds to synchronously load lazily loaded font '../../../Engine/Content/Slate/Fonts/Roboto-Light.ttf' (167K)
[2023.03.02-08.31.42:424][  0]LogNativeClassHierarchy: Verbose: Native class hierarchy updated for 'HierarchicalLODOutliner' in 0.0003 seconds. Added 0 classes and 0 folders.
[2023.03.02-08.31.42:424][  0]LogLoad: (Engine Initialization) Total time: 25.17 seconds
[2023.03.02-08.31.42:424][  0]LogLoad: (Engine Initialization) Total Blueprint compile time: 0.00 seconds
[2023.03.02-08.31.42:464][  0]LogAssetRegistry: Asset discovery search completed in 18.2879 seconds
[2023.03.02-08.31.42:471][  0]LogCollectionManager: Fixed up redirectors for 0 collections in 0.000003 seconds (updated 0 objects)
[2023.03.02-08.31.42:479][  0]LogContentStreaming: Texture pool size now 1000 MB
[2023.03.02-08.31.43:447][ 62]LogSlate: Took 0.000193 seconds to synchronously load lazily loaded font '../../../Engine/Content/Slate/Fonts/Roboto-Light.ttf' (167K)
[2023.03.02-08.31.45:795][203]LogAssetEditorSubsystem: Opening Asset editor for Blueprint /Game/Character/Blockoput.Blockoput
[2023.03.02-08.31.45:970][203]LogNativeClassHierarchy: Verbose: Native class hierarchy updated for 'BlueprintGraph' in 0.0005 seconds. Added 126 classes and 0 folders.
[2023.03.02-08.31.46:754][203]LogSlate: Took 0.004383 seconds to synchronously load lazily loaded font '../../../Engine/Content/Slate/Fonts/Roboto-BoldCondensed.ttf' (158K)
[2023.03.02-08.31.46:801][204]LogSlate: Took 0.000220 seconds to synchronously load lazily loaded font '../../../Engine/Content/Slate/Fonts/Roboto-Italic.ttf' (157K)
[2023.03.02-08.31.47:590][243]LogFileCache: Retrieving MD5 hashes for directory 'D:/JourneyManProject/TwonicJMRepo/UnrealProject/Content/' took 5.15s
[2023.03.02-08.31.48:281][291]LogWorld: UWorld::CleanupWorld for World_3, bSessionEnded=true, bCleanupResources=true
[2023.03.02-08.31.48:281][291]LogSlate: InvalidateAllWidgets triggered.  All widgets were invalidated
[2023.03.02-08.31.50:292][488]LogOutputDevice: Warning: 

Script Stack (0 frames):

[2023.03.02-08.31.50:292][488]LogWindows: Windows GetLastError: The operation completed successfully. (0)
[2023.03.02-08.31.52:218][488]LogWindows: Error: === Critical error: ===
[2023.03.02-08.31.52:218][488]LogWindows: Error: 
[2023.03.02-08.31.52:218][488]LogWindows: Error: Fatal error: [File:D:/Build/++UE4/Sync/Engine/Source/Runtime/Engine/Private/Actor.cpp] [Line: 3326] 
[2023.03.02-08.31.52:218][488]LogWindows: Error: BP_Player_C /Engine/Transient.World_6:PersistentLevel.BP_Player_C_0 failed to route PostInitializeComponents.  Please call Super::PostInitializeComponents() in your <className>::PostInitializeComponents() function. 
[2023.03.02-08.31.52:218][488]LogWindows: Error: 
[2023.03.02-08.31.52:218][488]LogWindows: Error: 
[2023.03.02-08.31.52:218][488]LogWindows: Error: [Callstack] 0x00007ffa5969cd29 KERNELBASE.dll!UnknownFunction []
[2023.03.02-08.31.52:218][488]LogWindows: Error: [Callstack] 0x00007ffa1dcf0216 UE4Editor-Core.dll!UnknownFunction []
[2023.03.02-08.31.52:218][488]LogWindows: Error: [Callstack] 0x00007ffa1dcf4218 UE4Editor-Core.dll!UnknownFunction []
[2023.03.02-08.31.52:218][488]LogWindows: Error: [Callstack] 0x00007ffa1da1242d UE4Editor-Core.dll!UnknownFunction []
[2023.03.02-08.31.52:218][488]LogWindows: Error: [Callstack] 0x00007ffa17054f6c UE4Editor-Engine.dll!UnknownFunction []
[2023.03.02-08.31.52:218][488]LogWindows: Error: [Callstack] 0x00007ffa1703e8b0 UE4Editor-Engine.dll!UnknownFunction []
[2023.03.02-08.31.52:218][488]LogWindows: Error: [Callstack] 0x00007ffa1705879b UE4Editor-Engine.dll!UnknownFunction []
[2023.03.02-08.31.52:218][488]LogWindows: Error: [Callstack] 0x00007ffa1796a466 UE4Editor-Engine.dll!UnknownFunction []
[2023.03.02-08.31.52:218][488]LogWindows: Error: [Callstack] 0x00007ffa1796a908 UE4Editor-Engine.dll!UnknownFunction []
[2023.03.02-08.31.52:218][488]LogWindows: Error: [Callstack] 0x00007ffa1cbeb8a1 UE4Editor-UnrealEd.dll!UnknownFunction []
[2023.03.02-08.31.52:218][488]LogWindows: Error: [Callstack] 0x00007ffa1cbb3276 UE4Editor-UnrealEd.dll!UnknownFunction []
[2023.03.02-08.31.52:218][488]LogWindows: Error: [Callstack] 0x00007ffa1c8dca2c UE4Editor-UnrealEd.dll!UnknownFunction []
[2023.03.02-08.31.52:218][488]LogWindows: Error: [Callstack] 0x00007ffa1c04c7e2 UE4Editor-UnrealEd.dll!UnknownFunction []
[2023.03.02-08.31.52:218][488]LogWindows: Error: [Callstack] 0x00007ffa1bf95449 UE4Editor-UnrealEd.dll!UnknownFunction []
[2023.03.02-08.31.52:218][488]LogWindows: Error: [Callstack] 0x00007ffa1c3b0618 UE4Editor-UnrealEd.dll!UnknownFunction []
[2023.03.02-08.31.52:218][488]LogWindows: Error: [Callstack] 0x00007ffa1ccb2ba6 UE4Editor-UnrealEd.dll!UnknownFunction []
[2023.03.02-08.31.52:218][488]LogWindows: Error: [Callstack] 0x00007ff70bba87a0 UE4Editor.exe!UnknownFunction []
[2023.03.02-08.31.52:218][488]LogWindows: Error: [Callstack] 0x00007ff70bbc0fcc UE4Editor.exe!UnknownFunction []
[2023.03.02-08.31.52:218][488]LogWindows: Error: [Callstack] 0x00007ff70bbc10ba UE4Editor.exe!UnknownFunction []
[2023.03.02-08.31.52:218][488]LogWindows: Error: [Callstack] 0x00007ff70bbc40dd UE4Editor.exe!UnknownFunction []
[2023.03.02-08.31.52:218][488]LogWindows: Error: [Callstack] 0x00007ff70bbd5984 UE4Editor.exe!UnknownFunction []
[2023.03.02-08.31.52:218][488]LogWindows: Error: [Callstack] 0x00007ff70bbd853a UE4Editor.exe!UnknownFunction []
[2023.03.02-08.31.52:218][488]LogWindows: Error: [Callstack] 0x00007ffa5b6c7614 KERNEL32.DLL!UnknownFunction []
[2023.03.02-08.31.52:218][488]LogWindows: Error: [Callstack] 0x00007ffa5b9626a1 ntdll.dll!UnknownFunction []
[2023.03.02-08.31.52:218][488]LogWindows: Error: 
[2023.03.02-08.31.52:224][488]LogExit: Executing StaticShutdownAfterError
[2023.03.02-08.31.52:227][488]LogWindows: FPlatformMisc::RequestExit(1)
[2023.03.02-08.31.52:227][488]LogWindows: FPlatformMisc::RequestExitWithStatus(1, 3)
[2023.03.02-08.31.52:227][488]LogCore: Engine exit requested (reason: Win RequestExit)
[2023.03.02-08.31.52:233][488]Log file closed, 03/02/23 08:31:52
