Log file open, 03/02/23 08:37:27
LogWindows: Failed to load 'aqProf.dll' (GetLastError=126)
LogWindows: File 'aqProf.dll' does not exist
LogWindows: Failed to load 'VtuneApi.dll' (GetLastError=126)
LogWindows: File 'VtuneApi.dll' does not exist
LogWindows: Failed to load 'VtuneApi32e.dll' (GetLastError=126)
LogWindows: File 'VtuneApi32e.dll' does not exist
LogConsoleResponse: Display: Failed to find resolution value strings in scalability ini. Falling back to default.
LogConsoleResponse: Display: Failed to find resolution value strings in scalability ini. Falling back to default.
LogInit: Display: Running engine for game: UnrealProject
LogPlatformFile: Not using cached read wrapper
LogTaskGraph: Started task graph with 5 named threads and 47 total threads with 3 sets of task threads.
LogStats: Stats thread started at 0.204691
LogICUInternationalization: ICU TimeZone Detection - Raw Offset: +0:00, Platform Override: ''
LogInit: Display: Loading text-based GConfig....
LogPluginManager: Mounting plugin MeshPainting
LogPluginManager: Mounting plugin XGEController
LogPluginManager: Mounting plugin Paper2D
LogPluginManager: Mounting plugin LightPropagationVolume
LogPluginManager: Mounting plugin OodleData
LogPluginManager: Mounting plugin OodleNetwork
LogPluginManager: Mounting plugin EnvironmentQueryEditor
LogPluginManager: Mounting plugin AISupport
LogPluginManager: Mounting plugin CameraShakePreviewer
LogPluginManager: Mounting plugin GameplayCameras
LogPluginManager: Mounting plugin LiveLink
LogPluginManager: Mounting plugin GitSourceControl
LogPluginManager: Mounting plugin AnimationSharing
LogPluginManager: Mounting plugin CLionSourceCodeAccess
LogPluginManager: Mounting plugin CodeLiteSourceCodeAccess
LogPluginManager: Mounting plugin KDevelopSourceCodeAccess
LogPluginManager: Mounting plugin NullSourceCodeAccess
LogPluginManager: Mounting plugin PerforceSourceControl
LogPluginManager: Mounting plugin PluginUtils
LogPluginManager: Mounting plugin PixWinPlugin
LogPluginManager: Mounting plugin PropertyAccessNode
LogPluginManager: Mounting plugin PlasticSourceControl
LogPluginManager: Mounting plugin TextureFormatOodle
LogPluginManager: Mounting plugin AssetManagerEditor
LogPluginManager: Mounting plugin SubversionSourceControl
LogPluginManager: Mounting plugin UObjectPlugin
LogPluginManager: Mounting plugin CryptoKeys
LogPluginManager: Mounting plugin VisualStudioCodeSourceCodeAccess
LogPluginManager: Mounting plugin VisualStudioSourceCodeAccess
LogPluginManager: Mounting plugin CurveEditorTools
LogPluginManager: Mounting plugin RiderSourceCodeAccess
LogPluginManager: Mounting plugin DataValidation
LogPluginManager: Mounting plugin XCodeSourceCodeAccess
LogPluginManager: Mounting plugin AlembicImporter
LogPluginManager: Mounting plugin FacialAnimation
LogPluginManager: Mounting plugin AutomationUtils
LogPluginManager: Mounting plugin GameplayTagsEditor
LogPluginManager: Mounting plugin MacGraphicsSwitching
LogPluginManager: Mounting plugin GeometryMode
LogPluginManager: Mounting plugin BackChannel
LogPluginManager: Mounting plugin SpeedTreeImporter
LogPluginManager: Mounting plugin MobileLauncherProfileWizard
LogPluginManager: Mounting plugin PluginBrowser
LogPluginManager: Mounting plugin MaterialAnalyzer
LogPluginManager: Mounting plugin ChaosClothEditor
LogPluginManager: Mounting plugin ChaosCloth
LogPluginManager: Mounting plugin ChaosEditor
LogPluginManager: Mounting plugin ChaosNiagara
LogPluginManager: Mounting plugin ChaosSolverPlugin
LogPluginManager: Mounting plugin CharacterAI
LogPluginManager: Mounting plugin GeometryCache
LogPluginManager: Mounting plugin GeometryCollectionPlugin
LogPluginManager: Mounting plugin GeometryProcessing
LogPluginManager: Mounting plugin DatasmithContent
LogPluginManager: Mounting plugin MotoSynth
LogPluginManager: Mounting plugin OpenImageDenoise
LogPluginManager: Mounting plugin PlatformCrypto
LogPluginManager: Mounting plugin PlanarCut
LogPluginManager: Mounting plugin ProxyLODPlugin
LogPluginManager: Mounting plugin PythonScriptPlugin
LogPluginManager: Mounting plugin VariantManagerContent
LogPluginManager: Mounting plugin Niagara
LogPluginManager: Mounting plugin SkeletalReduction
LogPluginManager: Mounting plugin AndroidMedia
LogPluginManager: Mounting plugin AvfMedia
LogPluginManager: Mounting plugin ImgMedia
LogPluginManager: Mounting plugin MediaCompositing
LogPluginManager: Mounting plugin LuminPlatformFeatures
LogPluginManager: Mounting plugin MagicLeap
LogPluginManager: Mounting plugin MediaPlayerEditor
LogPluginManager: Mounting plugin WmfMedia
LogPluginManager: Mounting plugin WebMMedia
LogPluginManager: Mounting plugin MagicLeapMedia
LogPluginManager: Mounting plugin ActorSequence
LogPluginManager: Mounting plugin MagicLeapLightEstimation
LogPluginManager: Mounting plugin TcpMessaging
LogPluginManager: Mounting plugin UdpMessaging
LogPluginManager: Mounting plugin MagicLeapPassableWorld
LogPluginManager: Mounting plugin MLSDK
LogPluginManager: Mounting plugin LevelSequenceEditor
LogPluginManager: Mounting plugin LauncherChunkInstaller
LogPluginManager: Mounting plugin MatineeToLevelSequence
LogPluginManager: Mounting plugin TemplateSequence
LogPluginManager: Mounting plugin OnlineSubsystem
LogPluginManager: Mounting plugin ActorLayerUtilities
LogPluginManager: Mounting plugin OnlineSubsystemNull
LogPluginManager: Mounting plugin OnlineSubsystemUtils
LogPluginManager: Mounting plugin AndroidDeviceProfileSelector
LogPluginManager: Mounting plugin AndroidMoviePlayer
LogPluginManager: Mounting plugin AndroidPermission
LogPluginManager: Mounting plugin AppleImageUtils
LogPluginManager: Mounting plugin AppleMoviePlayer
LogPluginManager: Mounting plugin AssetTags
LogPluginManager: Mounting plugin ArchVisCharacter
LogPluginManager: Mounting plugin AudioCapture
LogPluginManager: Mounting plugin ExampleDeviceProfileSelector
LogPluginManager: Mounting plugin ChunkDownloader
LogPluginManager: Mounting plugin EditableMesh
LogPluginManager: Mounting plugin CableComponent
LogPluginManager: Mounting plugin GooglePAD
LogPluginManager: Mounting plugin GoogleCloudMessaging
LogPluginManager: Mounting plugin AudioSynesthesia
LogPluginManager: Mounting plugin CustomMeshComponent
LogPluginManager: Mounting plugin IOSDeviceProfileSelector
LogPluginManager: Mounting plugin LinuxDeviceProfileSelector
LogPluginManager: Mounting plugin LocationServicesBPLibrary
LogPluginManager: Mounting plugin MobilePatchingUtils
LogPluginManager: Mounting plugin OpenXR
LogPluginManager: Mounting plugin OpenXREyeTracker
LogPluginManager: Mounting plugin OpenXRHandTracking
LogPluginManager: Mounting plugin PhysXVehicles
LogPluginManager: Mounting plugin PostSplashScreen
LogPluginManager: Mounting plugin ProceduralMeshComponent
LogPluginManager: Mounting plugin PropertyAccessEditor
LogPluginManager: Mounting plugin RuntimePhysXCooking
LogPluginManager: Mounting plugin SignificanceManager
LogPluginManager: Mounting plugin SoundFields
LogPluginManager: Mounting plugin WebMMoviePlayer
LogPluginManager: Mounting plugin Synthesis
LogPluginManager: Mounting plugin WindowsMoviePlayer
LogPluginManager: Mounting plugin ScreenshotTools
LogPluginManager: Mounting plugin Takes
LogPluginManager: Mounting plugin ContentBrowserAssetDataSource
LogPluginManager: Mounting plugin ContentBrowserFileDataSource
LogPluginManager: Mounting plugin ContentBrowserClassDataSource
LogPluginManager: Mounting plugin OnlineSubsystemGooglePlay
LogPluginManager: Mounting plugin OnlineSubsystemIOS
PixWinPlugin: PIX capture plugin failed to initialize! Check that the process is launched from PIX.
LogInit: Using libcurl 7.55.1-DEV
LogInit:  - built for x86_64-pc-win32
LogInit:  - supports SSL with OpenSSL/1.1.1
LogInit:  - supports HTTP deflate (compression) using libz 1.2.8
LogInit:  - other features:
LogInit:      CURL_VERSION_SSL
LogInit:      CURL_VERSION_LIBZ
LogInit:      CURL_VERSION_IPV6
LogInit:      CURL_VERSION_ASYNCHDNS
LogInit:      CURL_VERSION_LARGEFILE
LogInit:      CURL_VERSION_IDN
LogInit:  CurlRequestOptions (configurable via config and command line):
LogInit:  - bVerifyPeer = true  - Libcurl will verify peer certificate
LogInit:  - bUseHttpProxy = false  - Libcurl will NOT use HTTP proxy
LogInit:  - bDontReuseConnections = false  - Libcurl will reuse connections
LogInit:  - MaxHostConnections = 16  - Libcurl will limit the number of connections to a host
LogInit:  - LocalHostAddr = Default
LogInit:  - BufferSize = 65536
LogOnline: OSS: Creating online subsystem instance for: NULL
LogInit: WinSock: version 1.1 (2.2), MaxSocks=32767, MaxUdp=65467
LogOnline: OSS: TryLoadSubsystemAndSetDefault: Loaded subsystem for module [NULL]
LogInit: Build: ++UE4+Release-4.27-CL-18319896
LogInit: Engine Version: 4.27.2-18319896+++UE4+Release-4.27
LogInit: Compatible Engine Version: 4.27.0-17155196+++UE4+Release-4.27
LogInit: Net CL: 17155196
LogInit: OS: Windows 10 (Release 2009) (), CPU: AMD Ryzen 7 3800X 8-Core Processor             , GPU: NVIDIA GeForce RTX 2060
LogInit: Compiled (64-bit): Nov 30 2021 07:12:08
LogInit: Compiled with Visual C++: 19.24.28315.00
LogInit: Build Configuration: Development
LogInit: Branch Name: ++UE4+Release-4.27
LogInit: Command Line: 
LogInit: Base Directory: D:/Unreal/UE_4.27/Engine/Binaries/Win64/
LogInit: Allocator: TBB
LogInit: Installed Engine Build: 1
LogDevObjectVersion: Number of dev versions registered: 29
LogDevObjectVersion:   Dev-Blueprints (B0D832E4-1F89-4F0D-ACCF-7EB736FD4AA2): 10
LogDevObjectVersion:   Dev-Build (E1C64328-A22C-4D53-A36C-8E866417BD8C): 0
LogDevObjectVersion:   Dev-Core (375EC13C-06E4-48FB-B500-84F0262A717E): 4
LogDevObjectVersion:   Dev-Editor (E4B068ED-F494-42E9-A231-DA0B2E46BB41): 40
LogDevObjectVersion:   Dev-Framework (CFFC743F-43B0-4480-9391-14DF171D2073): 37
LogDevObjectVersion:   Dev-Mobile (B02B49B5-BB20-44E9-A304-32B752E40360): 3
LogDevObjectVersion:   Dev-Networking (A4E4105C-59A1-49B5-A7C5-40C4547EDFEE): 0
LogDevObjectVersion:   Dev-Online (39C831C9-5AE6-47DC-9A44-9C173E1C8E7C): 0
LogDevObjectVersion:   Dev-Physics (78F01B33-EBEA-4F98-B9B4-84EACCB95AA2): 14
LogDevObjectVersion:   Dev-Platform (6631380F-2D4D-43E0-8009-CF276956A95A): 0
LogDevObjectVersion:   Dev-Rendering (12F88B9F-8875-4AFC-A67C-D90C383ABD29): 45
LogDevObjectVersion:   Dev-Sequencer (7B5AE74C-D270-4C10-A958-57980B212A5A): 13
LogDevObjectVersion:   Dev-VR (D7296918-1DD6-4BDD-9DE2-64A83CC13884): 3
LogDevObjectVersion:   Dev-LoadTimes (C2A15278-BFE7-4AFE-6C17-90FF531DF755): 1
LogDevObjectVersion:   Private-Geometry (6EACA3D4-40EC-4CC1-B786-8BED09428FC5): 3
LogDevObjectVersion:   Dev-AnimPhys (29E575DD-E0A3-4627-9D10-D276232CDCEA): 17
LogDevObjectVersion:   Dev-Anim (AF43A65D-7FD3-4947-9873-3E8ED9C1BB05): 15
LogDevObjectVersion:   Dev-ReflectionCapture (6B266CEC-1EC7-4B8F-A30B-E4D90942FC07): 1
LogDevObjectVersion:   Dev-Automation (0DF73D61-A23F-47EA-B727-89E90C41499A): 1
LogDevObjectVersion:   FortniteMain (601D1886-AC64-4F84-AA16-D3DE0DEAC7D6): 47
LogDevObjectVersion:   FortniteRelease (E7086368-6B23-4C58-8439-1B7016265E91): 1
LogDevObjectVersion:   Dev-Enterprise (9DFFBCD6-494F-0158-E221-12823C92A888): 10
LogDevObjectVersion:   Dev-Niagara (F2AED0AC-9AFE-416F-8664-AA7FFA26D6FC): 1
LogDevObjectVersion:   Dev-Destruction (174F1F0B-B4C6-45A5-B13F-2EE8D0FB917D): 10
LogDevObjectVersion:   Dev-Physics-Ext (35F94A83-E258-406C-A318-09F59610247C): 41
LogDevObjectVersion:   Dev-PhysicsMaterial-Chaos (B68FC16E-8B1B-42E2-B453-215C058844FE): 1
LogDevObjectVersion:   Dev-CineCamera (B2E18506-4273-CFC2-A54E-F4BB758BBA07): 1
LogDevObjectVersion:   Dev-VirtualProduction (64F58936-FD1B-42BA-BA96-7289D5D0FA4E): 1
LogDevObjectVersion:   Dev-MediaFramework (6F0ED827-A609-4895-9C91-998D90180EA4): 2
LogInit: Presizing for max 25165824 objects, including 0 objects not considered by GC, pre-allocating 0 bytes for permanent pool.
LogConfig: Applying CVar settings from Section [/Script/Engine.StreamingSettings] File [D:/JourneyManProject/TwonicJMRepo/UnrealProject/Saved/Config/Windows/Engine.ini]
LogConfig: Setting CVar [[s.MinBulkDataSizeForAsyncLoading:131072]]
LogConfig: Setting CVar [[s.AsyncLoadingThreadEnabled:0]]
LogConfig: Setting CVar [[s.EventDrivenLoaderEnabled:1]]
LogConfig: Setting CVar [[s.WarnIfTimeLimitExceeded:0]]
LogConfig: Setting CVar [[s.TimeLimitExceededMultiplier:1.5]]
LogConfig: Setting CVar [[s.TimeLimitExceededMinTime:0.005]]
LogConfig: Setting CVar [[s.UseBackgroundLevelStreaming:1]]
LogConfig: Setting CVar [[s.PriorityAsyncLoadingExtraTime:15.0]]
LogConfig: Setting CVar [[s.LevelStreamingActorsUpdateTimeLimit:5.0]]
LogConfig: Setting CVar [[s.PriorityLevelStreamingActorsUpdateExtraTime:5.0]]
LogConfig: Setting CVar [[s.LevelStreamingComponentsRegistrationGranularity:10]]
LogConfig: Setting CVar [[s.UnregisterComponentsTimeLimit:1.0]]
LogConfig: Setting CVar [[s.LevelStreamingComponentsUnregistrationGranularity:5]]
LogConfig: Setting CVar [[s.FlushStreamingOnExit:1]]
LogInit: Object subsystem initialized
LogConfig: Setting CVar [[con.DebugEarlyDefault:1]]
LogConfig: Setting CVar [[r.setres:1280x720]]
[2023.03.02-08.37.27:679][  0]LogConfig: Setting CVar [[r.VSync:0]]
[2023.03.02-08.37.27:679][  0]LogConfig: Setting CVar [[r.RHICmdBypass:0]]
[2023.03.02-08.37.27:679][  0]LogConfig: Applying CVar settings from Section [/Script/Engine.RendererSettings] File [D:/JourneyManProject/TwonicJMRepo/UnrealProject/Saved/Config/Windows/Engine.ini]
[2023.03.02-08.37.27:679][  0]LogConfig: Setting CVar [[r.GPUCrashDebugging:0]]
[2023.03.02-08.37.27:679][  0]LogConfig: Applying CVar settings from Section [/Script/Engine.RendererOverrideSettings] File [D:/JourneyManProject/TwonicJMRepo/UnrealProject/Saved/Config/Windows/Engine.ini]
[2023.03.02-08.37.27:679][  0]LogConfig: Applying CVar settings from Section [/Script/Engine.StreamingSettings] File [D:/JourneyManProject/TwonicJMRepo/UnrealProject/Saved/Config/Windows/Engine.ini]
[2023.03.02-08.37.27:679][  0]LogConfig: Setting CVar [[s.MinBulkDataSizeForAsyncLoading:131072]]
[2023.03.02-08.37.27:679][  0]LogConfig: Setting CVar [[s.AsyncLoadingThreadEnabled:0]]
[2023.03.02-08.37.27:679][  0]LogConfig: Setting CVar [[s.EventDrivenLoaderEnabled:1]]
[2023.03.02-08.37.27:679][  0]LogConfig: Setting CVar [[s.WarnIfTimeLimitExceeded:0]]
[2023.03.02-08.37.27:679][  0]LogConfig: Setting CVar [[s.TimeLimitExceededMultiplier:1.5]]
[2023.03.02-08.37.27:679][  0]LogConfig: Setting CVar [[s.TimeLimitExceededMinTime:0.005]]
[2023.03.02-08.37.27:679][  0]LogConfig: Setting CVar [[s.UseBackgroundLevelStreaming:1]]
[2023.03.02-08.37.27:679][  0]LogConfig: Setting CVar [[s.PriorityAsyncLoadingExtraTime:15.0]]
[2023.03.02-08.37.27:679][  0]LogConfig: Setting CVar [[s.LevelStreamingActorsUpdateTimeLimit:5.0]]
[2023.03.02-08.37.27:679][  0]LogConfig: Setting CVar [[s.PriorityLevelStreamingActorsUpdateExtraTime:5.0]]
[2023.03.02-08.37.27:679][  0]LogConfig: Setting CVar [[s.LevelStreamingComponentsRegistrationGranularity:10]]
[2023.03.02-08.37.27:679][  0]LogConfig: Setting CVar [[s.UnregisterComponentsTimeLimit:1.0]]
[2023.03.02-08.37.27:679][  0]LogConfig: Setting CVar [[s.LevelStreamingComponentsUnregistrationGranularity:5]]
[2023.03.02-08.37.27:679][  0]LogConfig: Setting CVar [[s.FlushStreamingOnExit:1]]
[2023.03.02-08.37.27:679][  0]LogConfig: Applying CVar settings from Section [/Script/Engine.GarbageCollectionSettings] File [D:/JourneyManProject/TwonicJMRepo/UnrealProject/Saved/Config/Windows/Engine.ini]
[2023.03.02-08.37.27:679][  0]LogConfig: Setting CVar [[gc.MaxObjectsNotConsideredByGC:1]]
[2023.03.02-08.37.27:679][  0]LogConfig: Setting CVar [[gc.SizeOfPermanentObjectPool:0]]
[2023.03.02-08.37.27:679][  0]LogConfig: Setting CVar [[gc.FlushStreamingOnGC:0]]
[2023.03.02-08.37.27:679][  0]LogConfig: Setting CVar [[gc.NumRetriesBeforeForcingGC:10]]
[2023.03.02-08.37.27:679][  0]LogConfig: Setting CVar [[gc.AllowParallelGC:1]]
[2023.03.02-08.37.27:679][  0]LogConfig: Setting CVar [[gc.TimeBetweenPurgingPendingKillObjects:61.1]]
[2023.03.02-08.37.27:679][  0]LogConfig: Setting CVar [[gc.MaxObjectsInEditor:25165824]]
[2023.03.02-08.37.27:679][  0]LogConfig: Setting CVar [[gc.IncrementalBeginDestroyEnabled:1]]
[2023.03.02-08.37.27:679][  0]LogConfig: Setting CVar [[gc.CreateGCClusters:1]]
[2023.03.02-08.37.27:679][  0]LogConfig: Setting CVar [[gc.MinGCClusterSize:5]]
[2023.03.02-08.37.27:679][  0]LogConfig: Setting CVar [[gc.ActorClusteringEnabled:0]]
[2023.03.02-08.37.27:679][  0]LogConfig: Setting CVar [[gc.BlueprintClusteringEnabled:0]]
[2023.03.02-08.37.27:679][  0]LogConfig: Setting CVar [[gc.UseDisregardForGCOnDedicatedServers:0]]
[2023.03.02-08.37.27:679][  0]LogConfig: Setting CVar [[gc.MultithreadedDestructionEnabled:1]]
[2023.03.02-08.37.27:679][  0]LogConfig: Applying CVar settings from Section [/Script/Engine.NetworkSettings] File [D:/JourneyManProject/TwonicJMRepo/UnrealProject/Saved/Config/Windows/Engine.ini]
[2023.03.02-08.37.27:679][  0]LogConfig: Applying CVar settings from Section [/Script/UnrealEd.CookerSettings] File [D:/JourneyManProject/TwonicJMRepo/UnrealProject/Saved/Config/Windows/Engine.ini]
[2023.03.02-08.37.27:684][  0]LogConfig: Applying CVar settings from Section [ViewDistanceQuality@3] File [D:/JourneyManProject/TwonicJMRepo/UnrealProject/Saved/Config/Windows/Scalability.ini]
[2023.03.02-08.37.27:684][  0]LogConfig: Setting CVar [[r.SkeletalMeshLODBias:0]]
[2023.03.02-08.37.27:684][  0]LogConfig: Setting CVar [[r.ViewDistanceScale:1.0]]
[2023.03.02-08.37.27:684][  0]LogConfig: Applying CVar settings from Section [AntiAliasingQuality@3] File [D:/JourneyManProject/TwonicJMRepo/UnrealProject/Saved/Config/Windows/Scalability.ini]
[2023.03.02-08.37.27:684][  0]LogConfig: Setting CVar [[r.PostProcessAAQuality:4]]
[2023.03.02-08.37.27:684][  0]LogConfig: Applying CVar settings from Section [ShadowQuality@3] File [D:/JourneyManProject/TwonicJMRepo/UnrealProject/Saved/Config/Windows/Scalability.ini]
[2023.03.02-08.37.27:684][  0]LogConfig: Setting CVar [[r.LightFunctionQuality:1]]
[2023.03.02-08.37.27:684][  0]LogConfig: Setting CVar [[r.ShadowQuality:5]]
[2023.03.02-08.37.27:684][  0]LogConfig: Setting CVar [[r.Shadow.CSM.MaxCascades:10]]
[2023.03.02-08.37.27:684][  0]LogConfig: Setting CVar [[r.Shadow.MaxResolution:2048]]
[2023.03.02-08.37.27:684][  0]LogConfig: Setting CVar [[r.Shadow.MaxCSMResolution:2048]]
[2023.03.02-08.37.27:684][  0]LogConfig: Setting CVar [[r.Shadow.RadiusThreshold:0.01]]
[2023.03.02-08.37.27:684][  0]LogConfig: Setting CVar [[r.Shadow.DistanceScale:1.0]]
[2023.03.02-08.37.27:684][  0]LogConfig: Setting CVar [[r.Shadow.CSM.TransitionScale:1.0]]
[2023.03.02-08.37.27:684][  0]LogConfig: Setting CVar [[r.Shadow.PreShadowResolutionFactor:1.0]]
[2023.03.02-08.37.27:684][  0]LogConfig: Setting CVar [[r.DistanceFieldShadowing:1]]
[2023.03.02-08.37.27:684][  0]LogConfig: Setting CVar [[r.DistanceFieldAO:1]]
[2023.03.02-08.37.27:684][  0]LogConfig: Setting CVar [[r.AOQuality:2]]
[2023.03.02-08.37.27:684][  0]LogConfig: Setting CVar [[r.VolumetricFog:1]]
[2023.03.02-08.37.27:684][  0]LogConfig: Setting CVar [[r.VolumetricFog.GridPixelSize:8]]
[2023.03.02-08.37.27:684][  0]LogConfig: Setting CVar [[r.VolumetricFog.GridSizeZ:128]]
[2023.03.02-08.37.27:684][  0]LogConfig: Setting CVar [[r.VolumetricFog.HistoryMissSupersampleCount:4]]
[2023.03.02-08.37.27:684][  0]LogConfig: Setting CVar [[r.LightMaxDrawDistanceScale:1]]
[2023.03.02-08.37.27:684][  0]LogConfig: Setting CVar [[r.CapsuleShadows:1]]
[2023.03.02-08.37.27:684][  0]LogConfig: Applying CVar settings from Section [PostProcessQuality@3] File [D:/JourneyManProject/TwonicJMRepo/UnrealProject/Saved/Config/Windows/Scalability.ini]
[2023.03.02-08.37.27:684][  0]LogConfig: Setting CVar [[r.MotionBlurQuality:4]]
[2023.03.02-08.37.27:684][  0]LogConfig: Setting CVar [[r.AmbientOcclusionMipLevelFactor:0.4]]
[2023.03.02-08.37.27:684][  0]LogConfig: Setting CVar [[r.AmbientOcclusionMaxQuality:100]]
[2023.03.02-08.37.27:684][  0]LogConfig: Setting CVar [[r.AmbientOcclusionLevels:-1]]
[2023.03.02-08.37.27:684][  0]LogConfig: Setting CVar [[r.AmbientOcclusionRadiusScale:1.0]]
[2023.03.02-08.37.27:684][  0]LogConfig: Setting CVar [[r.DepthOfFieldQuality:2]]
[2023.03.02-08.37.27:684][  0]LogConfig: Setting CVar [[r.RenderTargetPoolMin:400]]
[2023.03.02-08.37.27:684][  0]LogConfig: Setting CVar [[r.LensFlareQuality:2]]
[2023.03.02-08.37.27:684][  0]LogConfig: Setting CVar [[r.SceneColorFringeQuality:1]]
[2023.03.02-08.37.27:684][  0]LogConfig: Setting CVar [[r.EyeAdaptationQuality:2]]
[2023.03.02-08.37.27:684][  0]LogConfig: Setting CVar [[r.BloomQuality:5]]
[2023.03.02-08.37.27:684][  0]LogConfig: Setting CVar [[r.FastBlurThreshold:100]]
[2023.03.02-08.37.27:684][  0]LogConfig: Setting CVar [[r.Upscale.Quality:3]]
[2023.03.02-08.37.27:684][  0]LogConfig: Setting CVar [[r.Tonemapper.GrainQuantization:1]]
[2023.03.02-08.37.27:684][  0]LogConfig: Setting CVar [[r.LightShaftQuality:1]]
[2023.03.02-08.37.27:684][  0]LogConfig: Setting CVar [[r.Filter.SizeScale:1]]
[2023.03.02-08.37.27:684][  0]LogConfig: Setting CVar [[r.Tonemapper.Quality:5]]
[2023.03.02-08.37.27:684][  0]LogConfig: Setting CVar [[r.DOF.Gather.AccumulatorQuality:1        ; higher gathering accumulator quality]]
[2023.03.02-08.37.27:684][  0]LogConfig: Setting CVar [[r.DOF.Gather.PostfilterMethod:1          ; Median3x3 postfilering method]]
[2023.03.02-08.37.27:684][  0]LogConfig: Setting CVar [[r.DOF.Gather.EnableBokehSettings:0       ; no bokeh simulation when gathering]]
[2023.03.02-08.37.27:684][  0]LogConfig: Setting CVar [[r.DOF.Gather.RingCount:4                 ; medium number of samples when gathering]]
[2023.03.02-08.37.27:684][  0]LogConfig: Setting CVar [[r.DOF.Scatter.ForegroundCompositing:1    ; additive foreground scattering]]
[2023.03.02-08.37.27:684][  0]LogConfig: Setting CVar [[r.DOF.Scatter.BackgroundCompositing:2    ; additive background scattering]]
[2023.03.02-08.37.27:684][  0]LogConfig: Setting CVar [[r.DOF.Scatter.EnableBokehSettings:1      ; bokeh simulation when scattering]]
[2023.03.02-08.37.27:684][  0]LogConfig: Setting CVar [[r.DOF.Scatter.MaxSpriteRatio:0.1         ; only a maximum of 10% of scattered bokeh]]
[2023.03.02-08.37.27:684][  0]LogConfig: Setting CVar [[r.DOF.Recombine.Quality:1                ; cheap slight out of focus]]
[2023.03.02-08.37.27:684][  0]LogConfig: Setting CVar [[r.DOF.Recombine.EnableBokehSettings:0    ; no bokeh simulation on slight out of focus]]
[2023.03.02-08.37.27:684][  0]LogConfig: Setting CVar [[r.DOF.TemporalAAQuality:1                ; more stable temporal accumulation]]
[2023.03.02-08.37.27:684][  0]LogConfig: Setting CVar [[r.DOF.Kernel.MaxForegroundRadius:0.025]]
[2023.03.02-08.37.27:684][  0]LogConfig: Setting CVar [[r.DOF.Kernel.MaxBackgroundRadius:0.025]]
[2023.03.02-08.37.27:684][  0]LogConfig: Applying CVar settings from Section [TextureQuality@3] File [D:/JourneyManProject/TwonicJMRepo/UnrealProject/Saved/Config/Windows/Scalability.ini]
[2023.03.02-08.37.27:684][  0]LogConfig: Setting CVar [[r.Streaming.MipBias:0]]
[2023.03.02-08.37.27:684][  0]LogConfig: Setting CVar [[r.Streaming.AmortizeCPUToGPUCopy:0]]
[2023.03.02-08.37.27:684][  0]LogConfig: Setting CVar [[r.Streaming.MaxNumTexturesToStreamPerFrame:0]]
[2023.03.02-08.37.27:685][  0]LogConfig: Setting CVar [[r.Streaming.Boost:1]]
[2023.03.02-08.37.27:685][  0]LogConfig: Setting CVar [[r.MaxAnisotropy:8]]
[2023.03.02-08.37.27:685][  0]LogConfig: Setting CVar [[r.VT.MaxAnisotropy:8]]
[2023.03.02-08.37.27:685][  0]LogConfig: Setting CVar [[r.Streaming.LimitPoolSizeToVRAM:0]]
[2023.03.02-08.37.27:685][  0]LogConfig: Setting CVar [[r.Streaming.PoolSize:1000]]
[2023.03.02-08.37.27:685][  0]LogConfig: Setting CVar [[r.Streaming.MaxEffectiveScreenSize:0]]
[2023.03.02-08.37.27:685][  0]LogConfig: Applying CVar settings from Section [EffectsQuality@3] File [D:/JourneyManProject/TwonicJMRepo/UnrealProject/Saved/Config/Windows/Scalability.ini]
[2023.03.02-08.37.27:685][  0]LogConfig: Setting CVar [[r.TranslucencyLightingVolumeDim:64]]
[2023.03.02-08.37.27:685][  0]LogConfig: Setting CVar [[r.RefractionQuality:2]]
[2023.03.02-08.37.27:685][  0]LogConfig: Setting CVar [[r.SSR.Quality:3]]
[2023.03.02-08.37.27:685][  0]LogConfig: Setting CVar [[r.SSR.HalfResSceneColor:0]]
[2023.03.02-08.37.27:685][  0]LogConfig: Setting CVar [[r.SceneColorFormat:4]]
[2023.03.02-08.37.27:685][  0]LogConfig: Setting CVar [[r.DetailMode:2]]
[2023.03.02-08.37.27:685][  0]LogConfig: Setting CVar [[r.TranslucencyVolumeBlur:1]]
[2023.03.02-08.37.27:685][  0]LogConfig: Setting CVar [[r.MaterialQualityLevel:1 ; High quality]]
[2023.03.02-08.37.27:685][  0]LogConfig: Setting CVar [[r.AnisotropicMaterials:1]]
[2023.03.02-08.37.27:685][  0]LogConfig: Setting CVar [[r.SSS.Scale:1]]
[2023.03.02-08.37.27:685][  0]LogConfig: Setting CVar [[r.SSS.SampleSet:2]]
[2023.03.02-08.37.27:685][  0]LogConfig: Setting CVar [[r.SSS.Quality:1]]
[2023.03.02-08.37.27:685][  0]LogConfig: Setting CVar [[r.SSS.HalfRes:0]]
[2023.03.02-08.37.27:685][  0]LogConfig: Setting CVar [[r.SSGI.Quality:3]]
[2023.03.02-08.37.27:685][  0]LogConfig: Setting CVar [[r.EmitterSpawnRateScale:1.0]]
[2023.03.02-08.37.27:685][  0]LogConfig: Setting CVar [[r.ParticleLightQuality:2]]
[2023.03.02-08.37.27:685][  0]LogConfig: Setting CVar [[r.SkyAtmosphere.AerialPerspectiveLUT.FastApplyOnOpaque:1 ; Always have FastSkyLUT 1 in this case to avoid wrong sky]]
[2023.03.02-08.37.27:685][  0]LogConfig: Setting CVar [[r.SkyAtmosphere.AerialPerspectiveLUT.SampleCountMaxPerSlice:4]]
[2023.03.02-08.37.27:685][  0]LogConfig: Setting CVar [[r.SkyAtmosphere.AerialPerspectiveLUT.DepthResolution:16.0]]
[2023.03.02-08.37.27:685][  0]LogConfig: Setting CVar [[r.SkyAtmosphere.FastSkyLUT:1]]
[2023.03.02-08.37.27:685][  0]LogConfig: Setting CVar [[r.SkyAtmosphere.FastSkyLUT.SampleCountMin:4.0]]
[2023.03.02-08.37.27:685][  0]LogConfig: Setting CVar [[r.SkyAtmosphere.FastSkyLUT.SampleCountMax:128.0]]
[2023.03.02-08.37.27:685][  0]LogConfig: Setting CVar [[r.SkyAtmosphere.SampleCountMin:4.0]]
[2023.03.02-08.37.27:685][  0]LogConfig: Setting CVar [[r.SkyAtmosphere.SampleCountMax:128.0]]
[2023.03.02-08.37.27:685][  0]LogConfig: Setting CVar [[r.SkyAtmosphere.TransmittanceLUT.UseSmallFormat:0]]
[2023.03.02-08.37.27:685][  0]LogConfig: Setting CVar [[r.SkyAtmosphere.TransmittanceLUT.SampleCount:10.0]]
[2023.03.02-08.37.27:685][  0]LogConfig: Setting CVar [[r.SkyAtmosphere.MultiScatteringLUT.SampleCount:15.0]]
[2023.03.02-08.37.27:685][  0]LogConfig: Setting CVar [[r.SkyLight.RealTimeReflectionCapture:1]]
[2023.03.02-08.37.27:685][  0]LogConfig: Applying CVar settings from Section [FoliageQuality@3] File [D:/JourneyManProject/TwonicJMRepo/UnrealProject/Saved/Config/Windows/Scalability.ini]
[2023.03.02-08.37.27:685][  0]LogConfig: Setting CVar [[foliage.DensityScale:1.0]]
[2023.03.02-08.37.27:685][  0]LogConfig: Setting CVar [[grass.DensityScale:1.0]]
[2023.03.02-08.37.27:685][  0]LogConfig: Applying CVar settings from Section [ShadingQuality@3] File [D:/JourneyManProject/TwonicJMRepo/UnrealProject/Saved/Config/Windows/Scalability.ini]
[2023.03.02-08.37.27:685][  0]LogConfig: Setting CVar [[r.HairStrands.SkyLighting.IntegrationType:2]]
[2023.03.02-08.37.27:685][  0]LogConfig: Setting CVar [[r.HairStrands.SkyAO.SampleCount:4]]
[2023.03.02-08.37.27:685][  0]LogConfig: Setting CVar [[r.HairStrands.Visibility.MSAA.SamplePerPixel:4]]
[2023.03.02-08.37.27:685][  0]LogInit: Selected Device Profile: [Windows]
[2023.03.02-08.37.27:685][  0]LogInit: Applying CVar settings loaded from the selected device profile: [Windows]
[2023.03.02-08.37.27:685][  0]LogHAL: Display: Platform has ~ 16 GB [17080774656 / 17179869184 / 16], which maps to Larger [LargestMinGB=32, LargerMinGB=12, DefaultMinGB=8, SmallerMinGB=6, SmallestMinGB=0)
[2023.03.02-08.37.27:685][  0]LogInit: Going up to parent DeviceProfile []
[2023.03.02-08.37.27:685][  0]LogConfig: Applying CVar settings from Section [ViewDistanceQuality@3] File [D:/JourneyManProject/TwonicJMRepo/UnrealProject/Saved/Config/Windows/Scalability.ini]
[2023.03.02-08.37.27:685][  0]LogConfig: Setting CVar [[r.SkeletalMeshLODBias:0]]
[2023.03.02-08.37.27:685][  0]LogConfig: Setting CVar [[r.ViewDistanceScale:1.0]]
[2023.03.02-08.37.27:685][  0]LogConfig: Applying CVar settings from Section [AntiAliasingQuality@3] File [D:/JourneyManProject/TwonicJMRepo/UnrealProject/Saved/Config/Windows/Scalability.ini]
[2023.03.02-08.37.27:685][  0]LogConfig: Setting CVar [[r.PostProcessAAQuality:4]]
[2023.03.02-08.37.27:685][  0]LogConfig: Applying CVar settings from Section [ShadowQuality@3] File [D:/JourneyManProject/TwonicJMRepo/UnrealProject/Saved/Config/Windows/Scalability.ini]
[2023.03.02-08.37.27:685][  0]LogConfig: Setting CVar [[r.LightFunctionQuality:1]]
[2023.03.02-08.37.27:685][  0]LogConfig: Setting CVar [[r.ShadowQuality:5]]
[2023.03.02-08.37.27:685][  0]LogConfig: Setting CVar [[r.Shadow.CSM.MaxCascades:10]]
[2023.03.02-08.37.27:685][  0]LogConfig: Setting CVar [[r.Shadow.MaxResolution:2048]]
[2023.03.02-08.37.27:685][  0]LogConfig: Setting CVar [[r.Shadow.MaxCSMResolution:2048]]
[2023.03.02-08.37.27:685][  0]LogConfig: Setting CVar [[r.Shadow.RadiusThreshold:0.01]]
[2023.03.02-08.37.27:685][  0]LogConfig: Setting CVar [[r.Shadow.DistanceScale:1.0]]
[2023.03.02-08.37.27:685][  0]LogConfig: Setting CVar [[r.Shadow.CSM.TransitionScale:1.0]]
[2023.03.02-08.37.27:685][  0]LogConfig: Setting CVar [[r.Shadow.PreShadowResolutionFactor:1.0]]
[2023.03.02-08.37.27:685][  0]LogConfig: Setting CVar [[r.DistanceFieldShadowing:1]]
[2023.03.02-08.37.27:685][  0]LogConfig: Setting CVar [[r.DistanceFieldAO:1]]
[2023.03.02-08.37.27:685][  0]LogConfig: Setting CVar [[r.AOQuality:2]]
[2023.03.02-08.37.27:685][  0]LogConfig: Setting CVar [[r.VolumetricFog:1]]
[2023.03.02-08.37.27:685][  0]LogConfig: Setting CVar [[r.VolumetricFog.GridPixelSize:8]]
[2023.03.02-08.37.27:685][  0]LogConfig: Setting CVar [[r.VolumetricFog.GridSizeZ:128]]
[2023.03.02-08.37.27:685][  0]LogConfig: Setting CVar [[r.VolumetricFog.HistoryMissSupersampleCount:4]]
[2023.03.02-08.37.27:685][  0]LogConfig: Setting CVar [[r.LightMaxDrawDistanceScale:1]]
[2023.03.02-08.37.27:685][  0]LogConfig: Setting CVar [[r.CapsuleShadows:1]]
[2023.03.02-08.37.27:685][  0]LogConfig: Applying CVar settings from Section [PostProcessQuality@3] File [D:/JourneyManProject/TwonicJMRepo/UnrealProject/Saved/Config/Windows/Scalability.ini]
[2023.03.02-08.37.27:685][  0]LogConfig: Setting CVar [[r.MotionBlurQuality:4]]
[2023.03.02-08.37.27:685][  0]LogConfig: Setting CVar [[r.AmbientOcclusionMipLevelFactor:0.4]]
[2023.03.02-08.37.27:685][  0]LogConfig: Setting CVar [[r.AmbientOcclusionMaxQuality:100]]
[2023.03.02-08.37.27:685][  0]LogConfig: Setting CVar [[r.AmbientOcclusionLevels:-1]]
[2023.03.02-08.37.27:685][  0]LogConfig: Setting CVar [[r.AmbientOcclusionRadiusScale:1.0]]
[2023.03.02-08.37.27:685][  0]LogConfig: Setting CVar [[r.DepthOfFieldQuality:2]]
[2023.03.02-08.37.27:685][  0]LogConfig: Setting CVar [[r.RenderTargetPoolMin:400]]
[2023.03.02-08.37.27:685][  0]LogConfig: Setting CVar [[r.LensFlareQuality:2]]
[2023.03.02-08.37.27:685][  0]LogConfig: Setting CVar [[r.SceneColorFringeQuality:1]]
[2023.03.02-08.37.27:685][  0]LogConfig: Setting CVar [[r.EyeAdaptationQuality:2]]
[2023.03.02-08.37.27:685][  0]LogConfig: Setting CVar [[r.BloomQuality:5]]
[2023.03.02-08.37.27:685][  0]LogConfig: Setting CVar [[r.FastBlurThreshold:100]]
[2023.03.02-08.37.27:685][  0]LogConfig: Setting CVar [[r.Upscale.Quality:3]]
[2023.03.02-08.37.27:685][  0]LogConfig: Setting CVar [[r.Tonemapper.GrainQuantization:1]]
[2023.03.02-08.37.27:685][  0]LogConfig: Setting CVar [[r.LightShaftQuality:1]]
[2023.03.02-08.37.27:685][  0]LogConfig: Setting CVar [[r.Filter.SizeScale:1]]
[2023.03.02-08.37.27:685][  0]LogConfig: Setting CVar [[r.Tonemapper.Quality:5]]
[2023.03.02-08.37.27:685][  0]LogConfig: Setting CVar [[r.DOF.Gather.AccumulatorQuality:1        ; higher gathering accumulator quality]]
[2023.03.02-08.37.27:685][  0]LogConfig: Setting CVar [[r.DOF.Gather.PostfilterMethod:1          ; Median3x3 postfilering method]]
[2023.03.02-08.37.27:685][  0]LogConfig: Setting CVar [[r.DOF.Gather.EnableBokehSettings:0       ; no bokeh simulation when gathering]]
[2023.03.02-08.37.27:685][  0]LogConfig: Setting CVar [[r.DOF.Gather.RingCount:4                 ; medium number of samples when gathering]]
[2023.03.02-08.37.27:685][  0]LogConfig: Setting CVar [[r.DOF.Scatter.ForegroundCompositing:1    ; additive foreground scattering]]
[2023.03.02-08.37.27:685][  0]LogConfig: Setting CVar [[r.DOF.Scatter.BackgroundCompositing:2    ; additive background scattering]]
[2023.03.02-08.37.27:685][  0]LogConfig: Setting CVar [[r.DOF.Scatter.EnableBokehSettings:1      ; bokeh simulation when scattering]]
[2023.03.02-08.37.27:686][  0]LogConfig: Setting CVar [[r.DOF.Scatter.MaxSpriteRatio:0.1         ; only a maximum of 10% of scattered bokeh]]
[2023.03.02-08.37.27:686][  0]LogConfig: Setting CVar [[r.DOF.Recombine.Quality:1                ; cheap slight out of focus]]
[2023.03.02-08.37.27:686][  0]LogConfig: Setting CVar [[r.DOF.Recombine.EnableBokehSettings:0    ; no bokeh simulation on slight out of focus]]
[2023.03.02-08.37.27:686][  0]LogConfig: Setting CVar [[r.DOF.TemporalAAQuality:1                ; more stable temporal accumulation]]
[2023.03.02-08.37.27:686][  0]LogConfig: Setting CVar [[r.DOF.Kernel.MaxForegroundRadius:0.025]]
[2023.03.02-08.37.27:686][  0]LogConfig: Setting CVar [[r.DOF.Kernel.MaxBackgroundRadius:0.025]]
[2023.03.02-08.37.27:686][  0]LogConfig: Applying CVar settings from Section [TextureQuality@3] File [D:/JourneyManProject/TwonicJMRepo/UnrealProject/Saved/Config/Windows/Scalability.ini]
[2023.03.02-08.37.27:686][  0]LogConfig: Setting CVar [[r.Streaming.MipBias:0]]
[2023.03.02-08.37.27:686][  0]LogConfig: Setting CVar [[r.Streaming.AmortizeCPUToGPUCopy:0]]
[2023.03.02-08.37.27:686][  0]LogConfig: Setting CVar [[r.Streaming.MaxNumTexturesToStreamPerFrame:0]]
[2023.03.02-08.37.27:686][  0]LogConfig: Setting CVar [[r.Streaming.Boost:1]]
[2023.03.02-08.37.27:686][  0]LogConfig: Setting CVar [[r.MaxAnisotropy:8]]
[2023.03.02-08.37.27:686][  0]LogConfig: Setting CVar [[r.VT.MaxAnisotropy:8]]
[2023.03.02-08.37.27:686][  0]LogConfig: Setting CVar [[r.Streaming.LimitPoolSizeToVRAM:0]]
[2023.03.02-08.37.27:686][  0]LogConfig: Setting CVar [[r.Streaming.PoolSize:1000]]
[2023.03.02-08.37.27:686][  0]LogConfig: Setting CVar [[r.Streaming.MaxEffectiveScreenSize:0]]
[2023.03.02-08.37.27:686][  0]LogConfig: Applying CVar settings from Section [EffectsQuality@3] File [D:/JourneyManProject/TwonicJMRepo/UnrealProject/Saved/Config/Windows/Scalability.ini]
[2023.03.02-08.37.27:686][  0]LogConfig: Setting CVar [[r.TranslucencyLightingVolumeDim:64]]
[2023.03.02-08.37.27:686][  0]LogConfig: Setting CVar [[r.RefractionQuality:2]]
[2023.03.02-08.37.27:686][  0]LogConfig: Setting CVar [[r.SSR.Quality:3]]
[2023.03.02-08.37.27:686][  0]LogConfig: Setting CVar [[r.SSR.HalfResSceneColor:0]]
[2023.03.02-08.37.27:686][  0]LogConfig: Setting CVar [[r.SceneColorFormat:4]]
[2023.03.02-08.37.27:686][  0]LogConfig: Setting CVar [[r.DetailMode:2]]
[2023.03.02-08.37.27:686][  0]LogConfig: Setting CVar [[r.TranslucencyVolumeBlur:1]]
[2023.03.02-08.37.27:686][  0]LogConfig: Setting CVar [[r.MaterialQualityLevel:1 ; High quality]]
[2023.03.02-08.37.27:686][  0]LogConfig: Setting CVar [[r.AnisotropicMaterials:1]]
[2023.03.02-08.37.27:686][  0]LogConfig: Setting CVar [[r.SSS.Scale:1]]
[2023.03.02-08.37.27:686][  0]LogConfig: Setting CVar [[r.SSS.SampleSet:2]]
[2023.03.02-08.37.27:686][  0]LogConfig: Setting CVar [[r.SSS.Quality:1]]
[2023.03.02-08.37.27:686][  0]LogConfig: Setting CVar [[r.SSS.HalfRes:0]]
[2023.03.02-08.37.27:686][  0]LogConfig: Setting CVar [[r.SSGI.Quality:3]]
[2023.03.02-08.37.27:686][  0]LogConfig: Setting CVar [[r.EmitterSpawnRateScale:1.0]]
[2023.03.02-08.37.27:686][  0]LogConfig: Setting CVar [[r.ParticleLightQuality:2]]
[2023.03.02-08.37.27:686][  0]LogConfig: Setting CVar [[r.SkyAtmosphere.AerialPerspectiveLUT.FastApplyOnOpaque:1 ; Always have FastSkyLUT 1 in this case to avoid wrong sky]]
[2023.03.02-08.37.27:686][  0]LogConfig: Setting CVar [[r.SkyAtmosphere.AerialPerspectiveLUT.SampleCountMaxPerSlice:4]]
[2023.03.02-08.37.27:686][  0]LogConfig: Setting CVar [[r.SkyAtmosphere.AerialPerspectiveLUT.DepthResolution:16.0]]
[2023.03.02-08.37.27:686][  0]LogConfig: Setting CVar [[r.SkyAtmosphere.FastSkyLUT:1]]
[2023.03.02-08.37.27:686][  0]LogConfig: Setting CVar [[r.SkyAtmosphere.FastSkyLUT.SampleCountMin:4.0]]
[2023.03.02-08.37.27:686][  0]LogConfig: Setting CVar [[r.SkyAtmosphere.FastSkyLUT.SampleCountMax:128.0]]
[2023.03.02-08.37.27:686][  0]LogConfig: Setting CVar [[r.SkyAtmosphere.SampleCountMin:4.0]]
[2023.03.02-08.37.27:686][  0]LogConfig: Setting CVar [[r.SkyAtmosphere.SampleCountMax:128.0]]
[2023.03.02-08.37.27:686][  0]LogConfig: Setting CVar [[r.SkyAtmosphere.TransmittanceLUT.UseSmallFormat:0]]
[2023.03.02-08.37.27:686][  0]LogConfig: Setting CVar [[r.SkyAtmosphere.TransmittanceLUT.SampleCount:10.0]]
[2023.03.02-08.37.27:686][  0]LogConfig: Setting CVar [[r.SkyAtmosphere.MultiScatteringLUT.SampleCount:15.0]]
[2023.03.02-08.37.27:686][  0]LogConfig: Setting CVar [[r.SkyLight.RealTimeReflectionCapture:1]]
[2023.03.02-08.37.27:686][  0]LogConfig: Applying CVar settings from Section [FoliageQuality@3] File [D:/JourneyManProject/TwonicJMRepo/UnrealProject/Saved/Config/Windows/Scalability.ini]
[2023.03.02-08.37.27:686][  0]LogConfig: Setting CVar [[foliage.DensityScale:1.0]]
[2023.03.02-08.37.27:686][  0]LogConfig: Setting CVar [[grass.DensityScale:1.0]]
[2023.03.02-08.37.27:686][  0]LogConfig: Applying CVar settings from Section [ShadingQuality@3] File [D:/JourneyManProject/TwonicJMRepo/UnrealProject/Saved/Config/Windows/Scalability.ini]
[2023.03.02-08.37.27:686][  0]LogConfig: Setting CVar [[r.HairStrands.SkyLighting.IntegrationType:2]]
[2023.03.02-08.37.27:686][  0]LogConfig: Setting CVar [[r.HairStrands.SkyAO.SampleCount:4]]
[2023.03.02-08.37.27:686][  0]LogConfig: Setting CVar [[r.HairStrands.Visibility.MSAA.SamplePerPixel:4]]
[2023.03.02-08.37.27:686][  0]LogConfig: Applying CVar settings from Section [Startup] File [../../../Engine/Config/ConsoleVariables.ini]
[2023.03.02-08.37.27:686][  0]LogConfig: Setting CVar [[net.UseAdaptiveNetUpdateFrequency:0]]
[2023.03.02-08.37.27:686][  0]LogConfig: Setting CVar [[p.chaos.AllowCreatePhysxBodies:1]]
[2023.03.02-08.37.27:686][  0]LogConfig: Setting CVar [[fx.SkipVectorVMBackendOptimizations:1]]
[2023.03.02-08.37.27:686][  0]LogConfig: Applying CVar settings from Section [ConsoleVariables] File [D:/JourneyManProject/TwonicJMRepo/UnrealProject/Saved/Config/Windows/Engine.ini]
[2023.03.02-08.37.27:686][  0]LogConfig: Applying CVar settings from Section [ConsoleVariables] File [D:/JourneyManProject/TwonicJMRepo/UnrealProject/Saved/Config/Windows/Editor.ini]
[2023.03.02-08.37.27:686][  0]LogInit: Computer: DESKTOP-LENE5UI
[2023.03.02-08.37.27:686][  0]LogInit: User: patri
[2023.03.02-08.37.27:686][  0]LogInit: CPU Page size=4096, Cores=8
[2023.03.02-08.37.27:686][  0]LogInit: High frequency timer resolution =10.000000 MHz
[2023.03.02-08.37.27:686][  0]LogMemory: Memory total: Physical=15.9GB (16GB approx)
[2023.03.02-08.37.27:686][  0]LogMemory: Platform Memory Stats for Windows
[2023.03.02-08.37.27:686][  0]LogMemory: Process Physical Memory: 145.53 MB used, 145.54 MB peak
[2023.03.02-08.37.27:686][  0]LogMemory: Process Virtual Memory: 128.88 MB used, 128.88 MB peak
[2023.03.02-08.37.27:686][  0]LogMemory: Physical Memory: 9848.16 MB used,  6441.33 MB free, 16289.50 MB total
[2023.03.02-08.37.27:686][  0]LogMemory: Virtual Memory: 134212488.00 MB used,  5239.63 MB free, 134217728.00 MB total
[2023.03.02-08.37.27:691][  0]LogWindows: WindowsPlatformFeatures enabled
[2023.03.02-08.37.27:725][  0]LogInit: Physics initialised using underlying interface: PhysX
[2023.03.02-08.37.27:726][  0]LogInit: Using OS detected language (en-GB).
[2023.03.02-08.37.27:726][  0]LogInit: Using OS detected locale (en-GB).
[2023.03.02-08.37.27:728][  0]LogTextLocalizationManager: No specific localization for 'en-GB' exists, so the 'en' localization will be used.
[2023.03.02-08.37.27:883][  0]LogInit: Setting process to per monitor DPI aware
[2023.03.02-08.37.27:896][  0]LogWindowsTextInputMethodSystem: Display: IME system deactivated.
[2023.03.02-08.37.27:907][  0]LogSlate: New Slate User Created.  User Index 0, Is Virtual User: 0
[2023.03.02-08.37.27:907][  0]LogSlate: Slate User Registered.  User Index 0, Is Virtual User: 0
[2023.03.02-08.37.28:078][  0]LogD3D11RHI: Loaded GFSDK_Aftermath_Lib.x64.dll
[2023.03.02-08.37.28:081][  0]LogHMD: Failed to enumerate extensions. Please check that you have a valid OpenXR runtime installed.
[2023.03.02-08.37.28:081][  0]LogD3D11RHI: D3D11 min allowed feature level: 11_0
[2023.03.02-08.37.28:081][  0]LogD3D11RHI: D3D11 max allowed feature level: 11_0
[2023.03.02-08.37.28:081][  0]LogD3D11RHI: D3D11 adapters:
[2023.03.02-08.37.28:172][  0]LogD3D11RHI:    0. 'NVIDIA GeForce RTX 2060' (Feature Level 11_0)
[2023.03.02-08.37.28:172][  0]LogD3D11RHI:       5968/0/8144 MB DedicatedVideo/DedicatedSystem/SharedSystem, Outputs:1, VendorId:0x10de
[2023.03.02-08.37.28:174][  0]LogD3D11RHI:    1. 'Microsoft Basic Render Driver' (Feature Level 11_0)
[2023.03.02-08.37.28:174][  0]LogD3D11RHI:       0/0/8144 MB DedicatedVideo/DedicatedSystem/SharedSystem, Outputs:0, VendorId:0x1414
[2023.03.02-08.37.28:174][  0]LogD3D11RHI: Chosen D3D11 Adapter:
[2023.03.02-08.37.28:174][  0]LogD3D11RHI:     Description : NVIDIA GeForce RTX 2060
[2023.03.02-08.37.28:174][  0]LogD3D11RHI:     VendorId    : 10de
[2023.03.02-08.37.28:174][  0]LogD3D11RHI:     DeviceId    : 1f08
[2023.03.02-08.37.28:174][  0]LogD3D11RHI:     SubSysId    : 86f01043
[2023.03.02-08.37.28:174][  0]LogD3D11RHI:     Revision    : 00a1
[2023.03.02-08.37.28:174][  0]LogD3D11RHI:     DedicatedVideoMemory : 6257901568 bytes
[2023.03.02-08.37.28:174][  0]LogD3D11RHI:     DedicatedSystemMemory : 0 bytes
[2023.03.02-08.37.28:174][  0]LogD3D11RHI:     SharedSystemMemory : 8540387328 bytes
[2023.03.02-08.37.28:174][  0]LogD3D11RHI:     AdapterLuid : 0 60577
[2023.03.02-08.37.28:181][  0]LogD3D11RHI: Creating new Direct3DDevice
[2023.03.02-08.37.28:181][  0]LogD3D11RHI:     GPU DeviceId: 0x1f08 (for the marketing name, search the web for "GPU Device Id")
[2023.03.02-08.37.28:181][  0]LogWindows: EnumDisplayDevices:
[2023.03.02-08.37.28:181][  0]LogWindows:    0. 'NVIDIA GeForce RTX 2060' (P:1 D:1)
[2023.03.02-08.37.28:182][  0]LogWindows:    1. 'NVIDIA GeForce RTX 2060' (P:0 D:0)
[2023.03.02-08.37.28:182][  0]LogWindows:    2. 'NVIDIA GeForce RTX 2060' (P:0 D:0)
[2023.03.02-08.37.28:182][  0]LogWindows:    3. 'NVIDIA GeForce RTX 2060' (P:0 D:0)
[2023.03.02-08.37.28:182][  0]LogWindows: DebugString: FoundDriverCount:4 
[2023.03.02-08.37.28:182][  0]LogD3D11RHI:     Adapter Name: NVIDIA GeForce RTX 2060
[2023.03.02-08.37.28:182][  0]LogD3D11RHI:   Driver Version: 527.56 (internal:31.0.15.2756, unified:527.56)
[2023.03.02-08.37.28:182][  0]LogD3D11RHI:      Driver Date: 12-5-2022
[2023.03.02-08.37.28:182][  0]LogRHI: Texture pool is 4177 MB (70% of 5968 MB)
[2023.03.02-08.37.28:182][  0]LogD3D11RHI: Creating D3DDevice using adapter:
[2023.03.02-08.37.28:182][  0]LogD3D11RHI:     Description : NVIDIA GeForce RTX 2060
[2023.03.02-08.37.28:182][  0]LogD3D11RHI:     VendorId    : 10de
[2023.03.02-08.37.28:182][  0]LogD3D11RHI:     DeviceId    : 1f08
[2023.03.02-08.37.28:182][  0]LogD3D11RHI:     SubSysId    : 86f01043
[2023.03.02-08.37.28:182][  0]LogD3D11RHI:     Revision    : 00a1
[2023.03.02-08.37.28:182][  0]LogD3D11RHI:     DedicatedVideoMemory : 6257901568 bytes
[2023.03.02-08.37.28:182][  0]LogD3D11RHI:     DedicatedSystemMemory : 0 bytes
[2023.03.02-08.37.28:182][  0]LogD3D11RHI:     SharedSystemMemory : 8540387328 bytes
[2023.03.02-08.37.28:182][  0]LogD3D11RHI:     AdapterLuid : 0 60577
[2023.03.02-08.37.28:241][  0]LogD3D11RHI: RHI has support for 64 bit atomics
[2023.03.02-08.37.28:242][  0]LogD3D11RHI: Async texture creation enabled
[2023.03.02-08.37.28:242][  0]LogD3D11RHI: Array index from any shader is supported
[2023.03.02-08.37.28:260][  0]LogD3D11RHI: GPU Timing Frequency: 1000.000000 (Debug: 2 2)
[2023.03.02-08.37.28:281][  0]LogRHI: GeForceNow SDK initialized: 1
[2023.03.02-08.37.28:508][  0]LogTargetPlatformManager: Display: Loaded TargetPlatform 'AllDesktop'
[2023.03.02-08.37.28:526][  0]LogTargetPlatformManager: Display: Loaded TargetPlatform 'Android'
[2023.03.02-08.37.28:526][  0]LogTargetPlatformManager: Display: Loaded TargetPlatform 'Android_ASTC'
[2023.03.02-08.37.28:526][  0]LogTargetPlatformManager: Display: Loaded TargetPlatform 'Android_DXT'
[2023.03.02-08.37.28:526][  0]LogTargetPlatformManager: Display: Loaded TargetPlatform 'Android_ETC2'
[2023.03.02-08.37.28:526][  0]LogTargetPlatformManager: Display: Loaded TargetPlatform 'AndroidClient'
[2023.03.02-08.37.28:526][  0]LogTargetPlatformManager: Display: Loaded TargetPlatform 'Android_ASTCClient'
[2023.03.02-08.37.28:526][  0]LogTargetPlatformManager: Display: Loaded TargetPlatform 'Android_DXTClient'
[2023.03.02-08.37.28:526][  0]LogTargetPlatformManager: Display: Loaded TargetPlatform 'Android_ETC2Client'
[2023.03.02-08.37.28:526][  0]LogTargetPlatformManager: Display: Loaded TargetPlatform 'Android_Multi'
[2023.03.02-08.37.28:526][  0]LogTargetPlatformManager: Display: Loaded TargetPlatform 'Android_MultiClient'
[2023.03.02-08.37.28:541][  0]LogTargetPlatformManager: Display: Loaded TargetPlatform 'IOSClient'
[2023.03.02-08.37.28:541][  0]LogTargetPlatformManager: Display: Loaded TargetPlatform 'IOS'
[2023.03.02-08.37.28:549][  0]LogTargetPlatformManager: Display: Loaded TargetPlatform 'Linux'
[2023.03.02-08.37.28:553][  0]LogTargetPlatformManager: Display: Loaded TargetPlatform 'LinuxNoEditor'
[2023.03.02-08.37.28:556][  0]LogTargetPlatformManager: Display: Loaded TargetPlatform 'LinuxClient'
[2023.03.02-08.37.28:560][  0]LogTargetPlatformManager: Display: Loaded TargetPlatform 'LinuxServer'
[2023.03.02-08.37.28:568][  0]LogTargetPlatformManager: Display: Loaded TargetPlatform 'LinuxAArch64NoEditor'
[2023.03.02-08.37.28:571][  0]LogTargetPlatformManager: Display: Loaded TargetPlatform 'LinuxAArch64Client'
[2023.03.02-08.37.28:575][  0]LogTargetPlatformManager: Display: Loaded TargetPlatform 'LinuxAArch64Server'
[2023.03.02-08.37.28:596][  0]LogTargetPlatformManager: Display: Loaded TargetPlatform 'Lumin'
[2023.03.02-08.37.28:596][  0]LogTargetPlatformManager: Display: Loaded TargetPlatform 'LuminClient'
[2023.03.02-08.37.28:603][  0]LogTargetPlatformManager: Display: Loaded TargetPlatform 'MacNoEditor'
[2023.03.02-08.37.28:607][  0]LogTargetPlatformManager: Display: Loaded TargetPlatform 'Mac'
[2023.03.02-08.37.28:610][  0]LogTargetPlatformManager: Display: Loaded TargetPlatform 'MacClient'
[2023.03.02-08.37.28:614][  0]LogTargetPlatformManager: Display: Loaded TargetPlatform 'MacServer'
[2023.03.02-08.37.28:622][  0]LogTargetPlatformManager: Display: Loaded TargetPlatform 'TVOSClient'
[2023.03.02-08.37.28:622][  0]LogTargetPlatformManager: Display: Loaded TargetPlatform 'TVOS'
[2023.03.02-08.37.28:630][  0]LogTargetPlatformManager: Display: Loaded TargetPlatform 'WindowsNoEditor'
[2023.03.02-08.37.28:634][  0]LogTargetPlatformManager: Display: Loaded TargetPlatform 'Windows'
[2023.03.02-08.37.28:637][  0]LogTargetPlatformManager: Display: Loaded TargetPlatform 'WindowsClient'
[2023.03.02-08.37.28:641][  0]LogTargetPlatformManager: Display: Loaded TargetPlatform 'WindowsServer'
[2023.03.02-08.37.28:641][  0]LogTargetPlatformManager: Display: Building Assets For Windows
[2023.03.02-08.37.28:647][  0]LogAudioDebug: Display: Lib vorbis DLL was dynamically loaded.
[2023.03.02-08.37.28:670][  0]LogTextureFormatOodle: Display: Oodle Texture 2.9.0 init RDO Off
[2023.03.02-08.37.28:696][  0]LogRendererCore: Ray tracing is disabled. Reason: r.RayTracing=0.
[2023.03.02-08.37.28:696][  0]LogShaderCompilers: Guid format shader working directory is -13 characters bigger than the processId version (../../../../../JourneyManProject/TwonicJMRepo/UnrealProject/Intermediate/Shaders/WorkingDirectory/1528/).
[2023.03.02-08.37.28:696][  0]LogShaderCompilers: Cleaned the shader compiler working directory 'C:/Users/patri/AppData/Local/Temp/UnrealShaderWorkingDir/D25DE2A441F0E6B4367D6A95652569FE/'.
[2023.03.02-08.37.28:697][  0]LogXGEController: Cannot use XGE Controller as Incredibuild is not installed on this machine.
[2023.03.02-08.37.28:697][  0]LogShaderCompilers: Cannot use XGE Shader Compiler as Incredibuild is not installed on this machine.
[2023.03.02-08.37.28:697][  0]LogShaderCompilers: Display: Using Local Shader Compiler.
[2023.03.02-08.37.29:304][  0]LogDerivedDataCache: Display: Max Cache Size: 512 MB
[2023.03.02-08.37.29:347][  0]LogDerivedDataCache: Loaded boot cache 0.04s 90MB C:/Users/patri/AppData/Local/UnrealEngine/4.27/DerivedDataCache/Boot.ddc.
[2023.03.02-08.37.29:347][  0]LogDerivedDataCache: Display: Loaded Boot cache: C:/Users/patri/AppData/Local/UnrealEngine/4.27/DerivedDataCache/Boot.ddc
[2023.03.02-08.37.29:347][  0]LogDerivedDataCache: FDerivedDataBackendGraph:  Pak pak cache file ../../../../../JourneyManProject/TwonicJMRepo/UnrealProject/DerivedDataCache/DDC.ddp not found, will not use a pak cache.
[2023.03.02-08.37.29:347][  0]LogDerivedDataCache: Unable to find inner node Pak for hierarchical cache Hierarchy.
[2023.03.02-08.37.29:347][  0]LogDerivedDataCache: FDerivedDataBackendGraph:  CompressedPak pak cache file ../../../../../JourneyManProject/TwonicJMRepo/UnrealProject/DerivedDataCache/Compressed.ddp not found, will not use a pak cache.
[2023.03.02-08.37.29:347][  0]LogDerivedDataCache: Unable to find inner node CompressedPak for hierarchical cache Hierarchy.
[2023.03.02-08.37.29:363][  0]LogDerivedDataCache: Display: Pak cache opened for reading ../../../Engine/DerivedDataCache/Compressed.ddp.
[2023.03.02-08.37.29:363][  0]LogDerivedDataCache: FDerivedDataBackendGraph:  EnterprisePak pak cache file ../../../Enterprise/DerivedDataCache/Compressed.ddp not found, will not use a pak cache.
[2023.03.02-08.37.29:363][  0]LogDerivedDataCache: Unable to find inner node EnterprisePak for hierarchical cache Hierarchy.
[2023.03.02-08.37.29:369][  0]LogDerivedDataCache: Speed tests for C:/Users/patri/AppData/Local/UnrealEngine/Common/DerivedDataCache took 0.01 seconds
[2023.03.02-08.37.29:369][  0]LogDerivedDataCache: Display: Performance to C:/Users/patri/AppData/Local/UnrealEngine/Common/DerivedDataCache: Latency=0.03ms. RandomReadSpeed=1561.45MBs, RandomWriteSpeed=184.84MBs. Assigned SpeedClass 'Local'
[2023.03.02-08.37.29:370][  0]LogDerivedDataCache: Using Local data cache path C:/Users/patri/AppData/Local/UnrealEngine/Common/DerivedDataCache: Writable
[2023.03.02-08.37.29:370][  0]LogDerivedDataCache: Shared data cache path not found in *engine.ini, will not use an Shared cache.
[2023.03.02-08.37.29:370][  0]LogDerivedDataCache: Unable to find inner node Shared for hierarchical cache Hierarchy.
[2023.03.02-08.37.29:410][  0]LogSlate: Using FreeType 2.10.0
[2023.03.02-08.37.29:411][  0]LogSlate: SlateFontServices - WITH_FREETYPE: 1, WITH_HARFBUZZ: 1
[2023.03.02-08.37.29:411][  0]LogHMD: Failed to enumerate extensions. Please check that you have a valid OpenXR runtime installed.
[2023.03.02-08.37.29:430][  0]LogAssetRegistry: FAssetRegistry took 0.0023 seconds to start up
[2023.03.02-08.37.29:632][  0]LogInit: Selected Device Profile: [Windows]
[2023.03.02-08.37.29:632][  0]LogInit: Active device profile: [0000022470CB1E00][000002246FC02DC0 49] Windows
[2023.03.02-08.37.29:632][  0]LogInit: Profiles: [0000022470CB1E00][000002246FC02DC0 49] Windows, [0000022470C83800][000002246FC0AF40 49] WindowsNoEditor, [0000022470CB1C00][000002246FC0F0C0 49] WindowsServer, [0000022470C80300][000002246FC13240 49] WindowsClient, [0000022470CB0400][000002246FC173C0 49] IOS, [0000022470C83F00][000002246FC1B540 49] iPadAir, [0000022470CB1400][0000022468D8D6C0 49] iPadAir2, [0000022471FE5500][0000022468D95980 49] IPadPro, [0000022471FE5600][0000022468D919C0 49] iPadAir3, [0000022470CB3800][0000022468D9DB40 49] iPadAir4, [0000022471FE7000][00000224711E6140 49] iPadMini2, [0000022470CB0C00][000002247124C2C0 49] iPadMini3, [0000022471FE5C00][0000022471250440 49] iPadMini4, [0000022470CB2800][000002247223C5C0 49] iPadMini5, [0000022472020E00][000002246FC06840 49] iPhone6, [0000022472020F00][000002247224C880 49] iPodTouch6, [0000022470C83D00][00000224722ACAC0 49] iPhone7, [0000022470C83E00][000002247226AB00 49] iPodTouch7, [0000022472020200][00000224723E4C80 49] iPhone5S, [0000022471FE7F00][00000224723F2E00 49] iPhone6Plus, [0000022472022E00][00000224723F6F80 49] iPhone6S, [0000022471FE5200][00000224723FB100 49] iPhone6SPlus, [0000022470C83700][00000224723FF280 49] iPhone7Plus, [0000022471FE6500][0000022472403400 49] iPhoneSE, [0000022470C82800][0000022472407580 49] iPhone8, [0000022471FE4600][000002247240B700 49] iPhone8Plus, [0000022470C80D00][000002247240F880 49] iPhoneX, [0000022471FE4C00][0000022472413A00 49] iPhoneXS, [0000022470C82100][0000022472417B80 49] iPhoneXSMax, [0000022471FE6A00][000002247241A180 49] iPhoneXR, [0000022470C82D00][000002247241E300 49] iPhone11, [0000022471FE7600][0000022472422480 49] iPhone11Pro, [0000022470C82200][000002247242C600 49] iPhone11ProMax, [0000022471FE5800][0000022472430780 49] iPhoneSE2, [0000022470C80A00][0000022472434900 49] iPhone12Mini, [0000022471FE7200][00000224723E0A40 49] iPhone12, [0000022470C83300][0000022472088B80 49] iPhone12Pro, [0000022471FE7400][000002247208CCC0 49] iPhone12ProMax, [0000022470C82E00][00000224721C4E40 49] iPadPro105, [0000022471FE4700][00000224721C8FC0 49] iPadPro129, [0000022470C80700][00000224721CD140 49] iPadPro97, [0000022471FE4900][00000224721D12C0 49] iPadPro2_129, [0000022470C81400][00000224721D9440 49] iPad5, [0000022471FE7E00][00000224721DD5C0 49] iPad6, [0000022470C82000][00000224721E5740 49] iPad7, [0000022471FE5000][00000224721EF8C0 49] iPad8, [0000022470C80E00][00000224721F3A40 49] iPadPro11, [0000022471FE6000][00000224721E1BC0 49] iPadPro2_11, [0000022470C80C00][00000224721F61C0 49] iPadPro3_129, [0000022471FE4100][00000224721FA340 49] iPadPro4_129, [0000022470C82700][000002246FBE24C0 49] AppleTV, [0000022471FE7300][00000224721D4640 49] AppleTV4K, [0000022470C83A00][000002246FBF27C0 49] TVOS, [0000022471FE6E00][000002246FBF6940 49] Mac, [0000022470C80B00][000002246FBFAAC0 49] MacClient, [0000022471FE7500][00000224721C0C00 49] MacNoEditor, [0000022470C80F00][000002246FBFED40 49] MacServer, [0000022471FE7700][000002247299EE80 49] Linux, [0000022470C83400][00000224729A2FC0 49] LinuxAArch64, [0000022471FE7100][00000224729AB140 49] LinuxNoEditor, [0000022470C81000][00000224729AF2C0 49] LinuxAArch64NoEditor, [0000022471FE4B00][00000224729B3440 49] LinuxClient, [0000022470C83000][00000224729B75C0 49] LinuxAArch64Client, [0000022471FE6B00][00000224729BB740 49] LinuxServer, [0000022470C81B00][00000224729BF8C0 49] LinuxAArch64Server, [0000022471FE7900][00000224729C3A40 49] Android, [0000022470C83B00][00000224729C7BC0 49] Android_Low, [0000022471FE4A00][00000224729CA1C0 49] Android_Mid, [0000022470C83500][00000224729CE340 49] Android_High, [0000022471FE6F00][00000224729D24C0 49] Android_Default, [0000022470CB2400][00000224729D6640 49] Android_Adreno4xx, [0000022472023700][00000224729DA7C0 49] Android_Adreno5xx_Low, [0000022470CB2700][00000224710DC940 49] Android_Adreno5xx, [0000022472023400][0000022471254AC0 49] Android_Adreno6xx, [0000022470CB2900][000002247120EC40 49] Android_Adreno6xx_Vulkan, [0000022472020C00][00000224729A6D80 49] Android_Mali_T6xx, [0000022470CB2E00][0000022468DB0EC0 49] Android_Mali_T7xx, [0000022472023500][0000022468DAD000 49] Android_Mali_T8xx, [0000022470CB1100][0000022468DA9140 49] Android_Mali_G71, [0000022472020100][0000022468DA12C0 49] Android_Mali_G72, [0000022470CB0800][0000022468D99440 49] Android_Mali_G72_Vulkan, [0000022472023E00][00000224714275C0 49] Android_Mali_G76, [0000022470CB0600][000002247142B740 49] Android_Mali_G76_Vulkan, [0000022472023900][000002246FA5D8C0 49] Android_Mali_G77, [0000022470CB3200][000002246FA61A40 49] Android_Mali_G77_Vulkan, [0000022472021100][000002246FA65BC0 49] Android_Mali_G78, [0000022470CB0100][000002246FA681C0 49] Android_Mali_G78_Vulkan, [0000022472021600][000002246FA6C340 49] Android_Mali_G710, [0000022470CB1800][000002246FA704C0 49] Android_Mali_G710_Vulkan, [0000022472020800][000002246FA74640 49] Android_Vulkan_SM5, [0000022470CB3600][000002246FA787C0 49] Android_PowerVR_G6xxx, [0000022472022C00][000002246FA7C940 49] Android_PowerVR_GT7xxx, [0000022470CB3400][000002246FA80AC0 49] Android_PowerVR_GE8xxx, [0000022472020D00][000002246B1BEC40 49] Android_PowerVR_GM9xxx, [0000022470CB2B00][000002246B1C2DC0 49] Android_PowerVR_GM9xxx_Vulkan, [0000022471FE5100][000002246B1C6F40 49] Android_TegraK1, [0000022470CB3100][0000022468DA5080 49] Android_Unknown_Vulkan, [0000022471FE6600][000002246B1CB1C0 49] Lumin, [0000022470CB0A00][000002246B1CF300 49] Lumin_Desktop, [0000022471FE6200][000002246B1D7480 49] HoloLens, 
[2023.03.02-08.37.29:735][  0]LogMeshReduction: Using QuadricMeshReduction for automatic static mesh reduction
[2023.03.02-08.37.29:735][  0]LogMeshReduction: Using SimplygonMeshReduction for automatic skeletal mesh reduction
[2023.03.02-08.37.29:735][  0]LogMeshReduction: Using ProxyLODMeshReduction for automatic mesh merging
[2023.03.02-08.37.29:735][  0]LogMeshReduction: No distributed automatic mesh merging module available
[2023.03.02-08.37.29:735][  0]LogMeshMerging: No distributed automatic mesh merging module available
[2023.03.02-08.37.29:747][  0]LogNetVersion: UnrealProject 1.0.0, NetCL: 17155196, EngineNetVer: 17, GameNetVer: 0 (Checksum: 742620811)
[2023.03.02-08.37.30:058][  0]LogTexture: Default maximum texture size for cubemaps generated from long-lat sources has been changed from 512 to unlimited. In order to preserve old behaiour for '/Engine/MapTemplates/Sky/DaylightAmbientCubemap.DaylightAmbientCubemap', its maximum texture size has been explicitly set to 512.
[2023.03.02-08.37.30:108][  0]LogUObjectArray: 17011 objects as part of root set at end of initial load.
[2023.03.02-08.37.30:108][  0]LogUObjectAllocator: 4257152 out of 0 bytes used by permanent object pool.
[2023.03.02-08.37.30:108][  0]LogUObjectArray: CloseDisregardForGC: 0/0 objects in disregard for GC pool
[2023.03.02-08.37.30:318][  0]LogPython: Using Python 3.7.7
[2023.03.02-08.37.30:738][  0]LogNiagaraDebuggerClient: Niagara Debugger Client Initialized | Session: 8EF436584D383559974CEBA9D38679F7 | Instance: DC433BE54245D090CA686BBAD2FAE2D7 (DESKTOP-LENE5UI-1528).
[2023.03.02-08.37.30:860][  0]LogTcpMessaging: Initializing TcpMessaging bridge
[2023.03.02-08.37.30:864][  0]LogUdpMessaging: Initializing bridge on interface 0.0.0.0:0 to multicast group 230.0.0.1:6666.
[2023.03.02-08.37.30:902][  0]LogOutputDevice: Warning: 

Script Stack (0 frames):

[2023.03.02-08.37.30:951][  0]LogStats: FPlatformStackWalk::StackWalkAndDump -  0.049 s
[2023.03.02-08.37.30:951][  0]LogOutputDevice: Error: === Handled ensure: ===
[2023.03.02-08.37.30:951][  0]LogOutputDevice: Error: 
[2023.03.02-08.37.30:951][  0]LogOutputDevice: Error: Ensure condition failed: AttachmentRules.LocationRule == EAttachmentRule::KeepRelative && AttachmentRules.RotationRule == EAttachmentRule::KeepRelative && AttachmentRules.ScaleRule == EAttachmentRule::KeepRelative [File:D:/Build/++UE4/Sync/Engine/Source/Runtime/Engine/Private/Components/SceneComponent.cpp] [Line: 1826]
[2023.03.02-08.37.30:951][  0]LogOutputDevice: Error: AttachToComponent when called from a constructor is only setting up attachment and will always be treated as KeepRelative. Consider calling SetupAttachment directly instead.
[2023.03.02-08.37.30:951][  0]LogOutputDevice: Error: Stack: 
[2023.03.02-08.37.30:951][  0]LogOutputDevice: Error: [Callstack] 0x00007ffa18ab46f9 UE4Editor-Engine.dll!UnknownFunction []
[2023.03.02-08.37.30:951][  0]LogOutputDevice: Error: [Callstack] 0x00007ffa174f6bef UE4Editor-Engine.dll!UnknownFunction []
[2023.03.02-08.37.30:951][  0]LogOutputDevice: Error: [Callstack] 0x00007ff95414385d UE4Editor-UnrealProject-0026.dll!APickup::APickup() [D:\JourneyManProject\TwonicJMRepo\UnrealProject\Source\UnrealProject\Pickup.cpp:21]
[2023.03.02-08.37.30:951][  0]LogOutputDevice: Error: [Callstack] 0x00007ffa20c261d3 UE4Editor-CoreUObject.dll!UnknownFunction []
[2023.03.02-08.37.30:951][  0]LogOutputDevice: Error: [Callstack] 0x00007ffa20f48faf UE4Editor-CoreUObject.dll!UnknownFunction []
[2023.03.02-08.37.30:951][  0]LogOutputDevice: Error: [Callstack] 0x00007ffa20f25411 UE4Editor-CoreUObject.dll!UnknownFunction []
[2023.03.02-08.37.30:951][  0]LogOutputDevice: Error: [Callstack] 0x00007ffa20deddc5 UE4Editor-CoreUObject.dll!UnknownFunction []
[2023.03.02-08.37.30:951][  0]LogOutputDevice: Error: [Callstack] 0x00007ffa1da51bea UE4Editor-Core.dll!UnknownFunction []
[2023.03.02-08.37.30:951][  0]LogOutputDevice: Error: [Callstack] 0x00007ffa1da715a3 UE4Editor-Core.dll!UnknownFunction []
[2023.03.02-08.37.30:951][  0]LogOutputDevice: Error: [Callstack] 0x00007ffa4d196433 UE4Editor-Projects.dll!UnknownFunction []
[2023.03.02-08.37.30:951][  0]LogOutputDevice: Error: [Callstack] 0x00007ffa4d19674f UE4Editor-Projects.dll!UnknownFunction []
[2023.03.02-08.37.30:951][  0]LogOutputDevice: Error: [Callstack] 0x00007ff70bbc5642 UE4Editor.exe!UnknownFunction []
[2023.03.02-08.37.30:951][  0]LogOutputDevice: Error: [Callstack] 0x00007ff70bbc9000 UE4Editor.exe!UnknownFunction []
[2023.03.02-08.37.30:951][  0]LogOutputDevice: Error: [Callstack] 0x00007ff70bbc0d2c UE4Editor.exe!UnknownFunction []
[2023.03.02-08.37.30:951][  0]LogOutputDevice: Error: [Callstack] 0x00007ff70bbc10ba UE4Editor.exe!UnknownFunction []
[2023.03.02-08.37.30:951][  0]LogOutputDevice: Error: [Callstack] 0x00007ff70bbc40dd UE4Editor.exe!UnknownFunction []
[2023.03.02-08.37.30:951][  0]LogOutputDevice: Error: [Callstack] 0x00007ff70bbd5984 UE4Editor.exe!UnknownFunction []
[2023.03.02-08.37.30:951][  0]LogOutputDevice: Error: [Callstack] 0x00007ff70bbd853a UE4Editor.exe!UnknownFunction []
[2023.03.02-08.37.30:951][  0]LogOutputDevice: Error: [Callstack] 0x00007ffa5b6c7614 KERNEL32.DLL!UnknownFunction []
[2023.03.02-08.37.30:951][  0]LogOutputDevice: Error: [Callstack] 0x00007ffa5b9626a1 ntdll.dll!UnknownFunction []
[2023.03.02-08.37.30:951][  0]LogOutputDevice: Error: 
[2023.03.02-08.37.30:959][  0]LogStats:                SubmitErrorReport -  0.000 s
[2023.03.02-08.37.31:687][  0]LogStats:                    SendNewReport -  0.729 s
[2023.03.02-08.37.31:687][  0]LogStats:             FDebug::EnsureFailed -  0.786 s
[2023.03.02-08.37.31:768][  0]SourceControl: Source control is disabled
[2023.03.02-08.37.32:121][  0]LogUProjectInfo: Found projects:
[2023.03.02-08.37.32:280][  0]LogOpenImageDenoise: OIDN starting up
[2023.03.02-08.37.32:321][  0]LogAndroidPermission: UAndroidPermissionCallbackProxy::GetInstance
[2023.03.02-08.37.32:339][  0]LogAudioCaptureCore: Display: No Audio Capture implementations found. Audio input will be silent.
[2023.03.02-08.37.32:339][  0]LogAudioCaptureCore: Display: No Audio Capture implementations found. Audio input will be silent.
[2023.03.02-08.37.32:444][  0]LogCollectionManager: Loaded 0 collections in 0.000673 seconds
[2023.03.02-08.37.32:499][  0]LogFileCache: Scanning file cache for directory 'D:/JourneyManProject/TwonicJMRepo/UnrealProject/Saved/Collections/' took 0.00s
[2023.03.02-08.37.32:499][  0]LogFileCache: Scanning file cache for directory 'D:/JourneyManProject/TwonicJMRepo/UnrealProject/Content/Developers/patri/Collections/' took 0.00s
[2023.03.02-08.37.32:499][  0]LogFileCache: Scanning file cache for directory 'D:/JourneyManProject/TwonicJMRepo/UnrealProject/Content/Collections/' took 0.00s
[2023.03.02-08.37.32:499][  0]LogEngine: Initializing Engine...
[2023.03.02-08.37.32:500][  0]LogHMD: Failed to enumerate extensions. Please check that you have a valid OpenXR runtime installed.
[2023.03.02-08.37.32:500][  0]LogMagicLeap: Warning: VR disabled because ZI is not enabled.  To enable, in the editor, Edit -> Project Settings -> Plugins -> Magic Leap Plugin -> Enable Zero Iteration
[2023.03.02-08.37.32:500][  0]LogStats: UGameplayTagsManager::InitializeManager -  0.000 s
[2023.03.02-08.37.32:592][  0]LogInit: Initializing FReadOnlyCVARCache
[2023.03.02-08.37.32:602][  0]LogAIModule: Creating AISystem for world Untitled
[2023.03.02-08.37.32:604][  0]LogAudio: Display: Initializing Audio Device Manager...
[2023.03.02-08.37.32:607][  0]LogAudio: Display: Loading Default Audio Settings Objects...
[2023.03.02-08.37.32:608][  0]LogAudio: Display: No default SoundConcurrencyObject specified (or failed to load).
[2023.03.02-08.37.32:608][  0]LogAudio: Display: Audio Device Manager Initialized
[2023.03.02-08.37.32:608][  0]LogAudio: Display: Creating Audio Device:                 Id: 1, Scope: Shared, Realtime: True
[2023.03.02-08.37.32:608][  0]LogAudioMixer: Display: Audio Mixer Platform Settings:
[2023.03.02-08.37.32:608][  0]LogAudioMixer: Display: 	Sample Rate:						  48000
[2023.03.02-08.37.32:608][  0]LogAudioMixer: Display: 	Callback Buffer Frame Size Requested: 1024
[2023.03.02-08.37.32:608][  0]LogAudioMixer: Display: 	Callback Buffer Frame Size To Use:	  1024
[2023.03.02-08.37.32:608][  0]LogAudioMixer: Display: 	Number of buffers to queue:			  2
[2023.03.02-08.37.32:608][  0]LogAudioMixer: Display: 	Max Channels (voices):				  32
[2023.03.02-08.37.32:608][  0]LogAudioMixer: Display: 	Number of Async Source Workers:		  0
[2023.03.02-08.37.32:608][  0]LogAudio: Display: AudioDevice MaxSources: 32
[2023.03.02-08.37.32:608][  0]LogAudio: Display: Audio Spatialization Plugin: None (built-in).
[2023.03.02-08.37.32:608][  0]LogAudio: Display: Audio Reverb Plugin: None (built-in).
[2023.03.02-08.37.32:608][  0]LogAudio: Display: Audio Occlusion Plugin: None (built-in).
[2023.03.02-08.37.32:608][  0]LogAudioMixer: Display: Initializing audio mixer.
[2023.03.02-08.37.32:616][  0]LogAudioMixer: Display: 0: FrontLeft
[2023.03.02-08.37.32:616][  0]LogAudioMixer: Display: 1: FrontRight
[2023.03.02-08.37.32:625][  0]LogAudioMixer: Display: Using Audio Device Speakers (Realtek High Definition Audio)
[2023.03.02-08.37.32:628][  0]LogAudioMixer: Display: Initializing Sound Submixes...
[2023.03.02-08.37.32:630][  0]LogAudioMixer: Display: Creating Master Submix 'MasterSubmixDefault'
[2023.03.02-08.37.32:630][  0]LogAudioMixer: Display: Creating Master Submix 'MasterReverbSubmixDefault'
[2023.03.02-08.37.32:630][  0]LogAudioMixer: Display: Creating Master Submix 'MasterEQSubmixDefault'
[2023.03.02-08.37.32:630][  0]LogAudioMixer: FMixerPlatformXAudio2::StartAudioStream() called
[2023.03.02-08.37.32:630][  0]LogAudioMixer: Display: Output buffers initialized: Frames=1024, Channels=2, Samples=2048
[2023.03.02-08.37.32:631][  0]LogAudioMixer: Display: Starting AudioMixerPlatformInterface::RunInternal()
[2023.03.02-08.37.32:631][  0]LogAudioMixer: Display: FMixerPlatformXAudio2::SubmitBuffer() called for the first time
[2023.03.02-08.37.32:631][  0]LogInit: FAudioDevice initialized.
[2023.03.02-08.37.32:631][  0]LogAudio: Display: Audio Device (ID: 1) registered with world 'Untitled'.
[2023.03.02-08.37.32:631][  0]LogNetVersion: Set ProjectVersion to 1.0.0.0. Version Checksum will be recalculated on next use.
[2023.03.02-08.37.32:690][  0]LogDerivedDataCache: Saved boot cache 0.06s 90MB C:/Users/patri/AppData/Local/UnrealEngine/4.27/DerivedDataCache/Boot.ddc.
[2023.03.02-08.37.32:691][  0]LogInit: Texture streaming: Enabled
[2023.03.02-08.37.32:701][  0]LogAnalytics: Display: [UEEditor.Rocket.Release] APIServer = https://datarouter.ol.epicgames.com/. AppVersion = 4.27.2-18319896+++UE4+Release-4.27
[2023.03.02-08.37.32:705][  0]LogEngineSessionManager: EngineSessionManager initialized
[2023.03.02-08.37.32:705][  0]LogEngineSessionManager: EngineSessionManager sent abnormal shutdown report. Type=Crashed, SessionId={1BE45561-424E-3A81-0A7E-DB847A0FCFB8}
[2023.03.02-08.37.32:705][  0]LogEditorSessionSummary: Verbose: Initializing EditorSessionSummaryWriter for editor session tracking
[2023.03.02-08.37.32:706][  0]LogEditorSessionSummary: EditorSessionSummaryWriter initialized
[2023.03.02-08.37.32:731][  0]LogInit: Transaction tracking system initialized
[2023.03.02-08.37.32:748][  0]BlueprintLog: New page: Editor Load
[2023.03.02-08.37.32:800][  0]LocalizationService: Localization service is disabled
[2023.03.02-08.37.32:818][  0]TimingProfiler: Initialize
[2023.03.02-08.37.32:819][  0]TimingProfiler: OnSessionChanged
[2023.03.02-08.37.32:819][  0]LoadingProfiler: Initialize
[2023.03.02-08.37.32:819][  0]LoadingProfiler: OnSessionChanged
[2023.03.02-08.37.32:819][  0]NetworkingProfiler: Initialize
[2023.03.02-08.37.32:819][  0]NetworkingProfiler: OnSessionChanged
[2023.03.02-08.37.32:819][  0]MemoryProfiler: Initialize
[2023.03.02-08.37.32:819][  0]MemoryProfiler: OnSessionChanged
[2023.03.02-08.37.32:941][  0]LogCook: Display: CookSettings for Memory: MemoryMaxUsedVirtual 0MiB, MemoryMaxUsedPhysical 16384MiB, MemoryMinFreeVirtual 0MiB, MemoryMinFreePhysical 1024MiB
[2023.03.02-08.37.32:941][  0]LogCook: Display: Mobile HDR setting 1
[2023.03.02-08.37.33:093][  0]LogFileCache: Scanning file cache for directory 'D:/JourneyManProject/TwonicJMRepo/UnrealProject/Content/' took 0.01s
[2023.03.02-08.37.33:093][  0]LogInit: Display: Engine is initialized. Leaving FEngineLoop::Init()
[2023.03.02-08.37.33:096][  0]LogUnrealEdMisc: Loading editor; pre map load, took 6.290
[2023.03.02-08.37.33:096][  0]Cmd: MAP LOAD FILE="../../../../../JourneyManProject/TwonicJMRepo/UnrealProject/Content/Empty_Tests.umap" TEMPLATE=0 SHOWPROGRESS=1 FEATURELEVEL=3
[2023.03.02-08.37.33:096][  0]LightingResults: New page: Lighting Build
[2023.03.02-08.37.33:097][  0]LogWorld: UWorld::CleanupWorld for Untitled, bSessionEnded=true, bCleanupResources=true
[2023.03.02-08.37.33:098][  0]LogSlate: InvalidateAllWidgets triggered.  All widgets were invalidated
[2023.03.02-08.37.33:098][  0]MapCheck: New page: Map Check
[2023.03.02-08.37.33:098][  0]LightingResults: New page: Lighting Build
[2023.03.02-08.37.33:101][  0]LogAudio: Display: Audio Device unregistered from world 'None'.
[2023.03.02-08.37.33:103][  0]LogUObjectHash: Compacting FUObjectHashTables data took   0.78ms
[2023.03.02-08.37.33:815][  0]LogAudio: Display: Audio Device (ID: 1) registered with world 'Empty_Tests'.
[2023.03.02-08.37.33:816][  0]LogAIModule: Creating AISystem for world Empty_Tests
[2023.03.02-08.37.33:827][  0]LogEditorServer: Finished looking for orphan Actors (0.000 secs)
[2023.03.02-08.37.33:840][  0]LogUObjectHash: Compacting FUObjectHashTables data took   1.42ms
[2023.03.02-08.37.33:841][  0]Cmd: MAP CHECKDEP NOCLEARLOG
[2023.03.02-08.37.33:841][  0]MapCheck: Map check complete: 0 Error(s), 0 Warning(s), took 0.153ms to complete.
[2023.03.02-08.37.33:841][  0]LogFileHelpers: Loading map 'Empty_Tests' took 0.745
[2023.03.02-08.37.33:843][  0]LogUnrealEdMisc: Total Editor Startup Time, took 7.037
[2023.03.02-08.37.33:980][  0]LogSlate: Updating window title bar state: overlay mode, drag disabled, window buttons hidden, title bar hidden
[2023.03.02-08.37.33:987][  0]LogSlate: Updating window title bar state: overlay mode, drag disabled, window buttons hidden, title bar hidden
[2023.03.02-08.37.33:994][  0]LogSlate: Updating window title bar state: overlay mode, drag disabled, window buttons hidden, title bar hidden
[2023.03.02-08.37.34:000][  0]LogSlate: Updating window title bar state: overlay mode, drag disabled, window buttons hidden, title bar hidden
[2023.03.02-08.37.34:012][  0]LogNativeClassHierarchy: Verbose: Native class hierarchy populated in 0.0092 seconds. Added 3810 classes and 912 folders.
[2023.03.02-08.37.34:014][  0]LogNativeClassHierarchy: Verbose: Native class hierarchy updated for 'WidgetCarousel' in 0.0002 seconds. Added 0 classes and 0 folders.
[2023.03.02-08.37.34:015][  0]LogPakFile: PakFile PrimaryIndexSize=187
[2023.03.02-08.37.34:015][  0]LogPakFile: PakFile PathHashIndexSize=101
[2023.03.02-08.37.34:015][  0]LogPakFile: PakFile FullDirectoryIndexSize=148
[2023.03.02-08.37.34:015][  0]LogShaderLibrary: Display: ShaderCodeLibraryPakFileMountedCallback: PakFile 'D:/Unreal/UE_4.27/FeaturePacks/FP_FirstPerson.upack' (chunk index -1, root 'root:/') mounted
[2023.03.02-08.37.34:015][  0]LogShaderLibrary: Display: ShaderCodeLibraryPakFileMountedCallback: pending pak file info (ChunkID:-1 Root:root:/ File:D:/Unreal/UE_4.27/FeaturePacks/FP_FirstPerson.upack)
[2023.03.02-08.37.34:015][  0]LogPakFile: OnPakFileMounted2Time == 0.000044
[2023.03.02-08.37.34:016][  0]LogPakFile: PakFile PrimaryIndexSize=189
[2023.03.02-08.37.34:016][  0]LogPakFile: PakFile PathHashIndexSize=101
[2023.03.02-08.37.34:016][  0]LogPakFile: PakFile FullDirectoryIndexSize=152
[2023.03.02-08.37.34:016][  0]LogShaderLibrary: Display: ShaderCodeLibraryPakFileMountedCallback: PakFile 'D:/Unreal/UE_4.27/FeaturePacks/FP_FirstPersonBP.upack' (chunk index -1, root 'root:/') mounted
[2023.03.02-08.37.34:016][  0]LogShaderLibrary: Display: ShaderCodeLibraryPakFileMountedCallback: pending pak file info (ChunkID:-1 Root:root:/ File:D:/Unreal/UE_4.27/FeaturePacks/FP_FirstPersonBP.upack)
[2023.03.02-08.37.34:016][  0]LogPakFile: OnPakFileMounted2Time == 0.000030
[2023.03.02-08.37.34:017][  0]LogPakFile: PakFile PrimaryIndexSize=191
[2023.03.02-08.37.34:017][  0]LogPakFile: PakFile PathHashIndexSize=101
[2023.03.02-08.37.34:017][  0]LogPakFile: PakFile FullDirectoryIndexSize=160
[2023.03.02-08.37.34:017][  0]LogShaderLibrary: Display: ShaderCodeLibraryPakFileMountedCallback: PakFile 'D:/Unreal/UE_4.27/FeaturePacks/MobileStarterContent.upack' (chunk index -1, root 'root:/') mounted
[2023.03.02-08.37.34:017][  0]LogShaderLibrary: Display: ShaderCodeLibraryPakFileMountedCallback: pending pak file info (ChunkID:-1 Root:root:/ File:D:/Unreal/UE_4.27/FeaturePacks/MobileStarterContent.upack)
[2023.03.02-08.37.34:017][  0]LogPakFile: OnPakFileMounted2Time == 0.000027
[2023.03.02-08.37.34:018][  0]LogPakFile: PakFile PrimaryIndexSize=185
[2023.03.02-08.37.34:018][  0]LogPakFile: PakFile PathHashIndexSize=101
[2023.03.02-08.37.34:018][  0]LogPakFile: PakFile FullDirectoryIndexSize=148
[2023.03.02-08.37.34:018][  0]LogShaderLibrary: Display: ShaderCodeLibraryPakFileMountedCallback: PakFile 'D:/Unreal/UE_4.27/FeaturePacks/StarterContent.upack' (chunk index -1, root 'root:/') mounted
[2023.03.02-08.37.34:018][  0]LogShaderLibrary: Display: ShaderCodeLibraryPakFileMountedCallback: pending pak file info (ChunkID:-1 Root:root:/ File:D:/Unreal/UE_4.27/FeaturePacks/StarterContent.upack)
[2023.03.02-08.37.34:018][  0]LogPakFile: OnPakFileMounted2Time == 0.000029
[2023.03.02-08.37.34:018][  0]LogPakFile: PakFile PrimaryIndexSize=190
[2023.03.02-08.37.34:018][  0]LogPakFile: PakFile PathHashIndexSize=101
[2023.03.02-08.37.34:018][  0]LogPakFile: PakFile FullDirectoryIndexSize=154
[2023.03.02-08.37.34:018][  0]LogShaderLibrary: Display: ShaderCodeLibraryPakFileMountedCallback: PakFile 'D:/Unreal/UE_4.27/FeaturePacks/TP_2DSideScroller.upack' (chunk index -1, root 'root:/') mounted
[2023.03.02-08.37.34:018][  0]LogShaderLibrary: Display: ShaderCodeLibraryPakFileMountedCallback: pending pak file info (ChunkID:-1 Root:root:/ File:D:/Unreal/UE_4.27/FeaturePacks/TP_2DSideScroller.upack)
[2023.03.02-08.37.34:018][  0]LogPakFile: OnPakFileMounted2Time == 0.000028
[2023.03.02-08.37.34:019][  0]LogPakFile: PakFile PrimaryIndexSize=192
[2023.03.02-08.37.34:019][  0]LogPakFile: PakFile PathHashIndexSize=101
[2023.03.02-08.37.34:019][  0]LogPakFile: PakFile FullDirectoryIndexSize=158
[2023.03.02-08.37.34:019][  0]LogShaderLibrary: Display: ShaderCodeLibraryPakFileMountedCallback: PakFile 'D:/Unreal/UE_4.27/FeaturePacks/TP_2DSideScrollerBP.upack' (chunk index -1, root 'root:/') mounted
[2023.03.02-08.37.34:019][  0]LogShaderLibrary: Display: ShaderCodeLibraryPakFileMountedCallback: pending pak file info (ChunkID:-1 Root:root:/ File:D:/Unreal/UE_4.27/FeaturePacks/TP_2DSideScrollerBP.upack)
[2023.03.02-08.37.34:019][  0]LogPakFile: OnPakFileMounted2Time == 0.000028
[2023.03.02-08.37.34:020][  0]LogPakFile: PakFile PrimaryIndexSize=182
[2023.03.02-08.37.34:020][  0]LogPakFile: PakFile PathHashIndexSize=101
[2023.03.02-08.37.34:020][  0]LogPakFile: PakFile FullDirectoryIndexSize=138
[2023.03.02-08.37.34:020][  0]LogShaderLibrary: Display: ShaderCodeLibraryPakFileMountedCallback: PakFile 'D:/Unreal/UE_4.27/FeaturePacks/TP_Flying.upack' (chunk index -1, root 'root:/') mounted
[2023.03.02-08.37.34:020][  0]LogShaderLibrary: Display: ShaderCodeLibraryPakFileMountedCallback: pending pak file info (ChunkID:-1 Root:root:/ File:D:/Unreal/UE_4.27/FeaturePacks/TP_Flying.upack)
[2023.03.02-08.37.34:020][  0]LogPakFile: OnPakFileMounted2Time == 0.000027
[2023.03.02-08.37.34:020][  0]LogPakFile: PakFile PrimaryIndexSize=184
[2023.03.02-08.37.34:020][  0]LogPakFile: PakFile PathHashIndexSize=101
[2023.03.02-08.37.34:020][  0]LogPakFile: PakFile FullDirectoryIndexSize=142
[2023.03.02-08.37.34:020][  0]LogShaderLibrary: Display: ShaderCodeLibraryPakFileMountedCallback: PakFile 'D:/Unreal/UE_4.27/FeaturePacks/TP_FlyingBP.upack' (chunk index -1, root 'root:/') mounted
[2023.03.02-08.37.34:020][  0]LogShaderLibrary: Display: ShaderCodeLibraryPakFileMountedCallback: pending pak file info (ChunkID:-1 Root:root:/ File:D:/Unreal/UE_4.27/FeaturePacks/TP_FlyingBP.upack)
[2023.03.02-08.37.34:020][  0]LogPakFile: OnPakFileMounted2Time == 0.000027
[2023.03.02-08.37.34:021][  0]LogPakFile: PakFile PrimaryIndexSize=188
[2023.03.02-08.37.34:021][  0]LogPakFile: PakFile PathHashIndexSize=101
[2023.03.02-08.37.34:021][  0]LogPakFile: PakFile FullDirectoryIndexSize=150
[2023.03.02-08.37.34:021][  0]LogShaderLibrary: Display: ShaderCodeLibraryPakFileMountedCallback: PakFile 'D:/Unreal/UE_4.27/FeaturePacks/TP_HandheldARBP.upack' (chunk index -1, root 'root:/') mounted
[2023.03.02-08.37.34:021][  0]LogShaderLibrary: Display: ShaderCodeLibraryPakFileMountedCallback: pending pak file info (ChunkID:-1 Root:root:/ File:D:/Unreal/UE_4.27/FeaturePacks/TP_HandheldARBP.upack)
[2023.03.02-08.37.34:021][  0]LogPakFile: OnPakFileMounted2Time == 0.000027
[2023.03.02-08.37.34:022][  0]LogPakFile: PakFile PrimaryIndexSize=182
[2023.03.02-08.37.34:022][  0]LogPakFile: PakFile PathHashIndexSize=101
[2023.03.02-08.37.34:022][  0]LogPakFile: PakFile FullDirectoryIndexSize=138
[2023.03.02-08.37.34:022][  0]LogShaderLibrary: Display: ShaderCodeLibraryPakFileMountedCallback: PakFile 'D:/Unreal/UE_4.27/FeaturePacks/TP_Puzzle.upack' (chunk index -1, root 'root:/') mounted
[2023.03.02-08.37.34:022][  0]LogShaderLibrary: Display: ShaderCodeLibraryPakFileMountedCallback: pending pak file info (ChunkID:-1 Root:root:/ File:D:/Unreal/UE_4.27/FeaturePacks/TP_Puzzle.upack)
[2023.03.02-08.37.34:022][  0]LogPakFile: OnPakFileMounted2Time == 0.000027
[2023.03.02-08.37.34:022][  0]LogPakFile: PakFile PrimaryIndexSize=184
[2023.03.02-08.37.34:022][  0]LogPakFile: PakFile PathHashIndexSize=101
[2023.03.02-08.37.34:022][  0]LogPakFile: PakFile FullDirectoryIndexSize=142
[2023.03.02-08.37.34:022][  0]LogShaderLibrary: Display: ShaderCodeLibraryPakFileMountedCallback: PakFile 'D:/Unreal/UE_4.27/FeaturePacks/TP_PuzzleBP.upack' (chunk index -1, root 'root:/') mounted
[2023.03.02-08.37.34:022][  0]LogShaderLibrary: Display: ShaderCodeLibraryPakFileMountedCallback: pending pak file info (ChunkID:-1 Root:root:/ File:D:/Unreal/UE_4.27/FeaturePacks/TP_PuzzleBP.upack)
[2023.03.02-08.37.34:022][  0]LogPakFile: OnPakFileMounted2Time == 0.000026
[2023.03.02-08.37.34:023][  0]LogPakFile: PakFile PrimaryIndexSize=183
[2023.03.02-08.37.34:023][  0]LogPakFile: PakFile PathHashIndexSize=101
[2023.03.02-08.37.34:023][  0]LogPakFile: PakFile FullDirectoryIndexSize=140
[2023.03.02-08.37.34:023][  0]LogShaderLibrary: Display: ShaderCodeLibraryPakFileMountedCallback: PakFile 'D:/Unreal/UE_4.27/FeaturePacks/TP_Rolling.upack' (chunk index -1, root 'root:/') mounted
[2023.03.02-08.37.34:023][  0]LogShaderLibrary: Display: ShaderCodeLibraryPakFileMountedCallback: pending pak file info (ChunkID:-1 Root:root:/ File:D:/Unreal/UE_4.27/FeaturePacks/TP_Rolling.upack)
[2023.03.02-08.37.34:023][  0]LogPakFile: OnPakFileMounted2Time == 0.000042
[2023.03.02-08.37.34:024][  0]LogPakFile: PakFile PrimaryIndexSize=185
[2023.03.02-08.37.34:024][  0]LogPakFile: PakFile PathHashIndexSize=101
[2023.03.02-08.37.34:024][  0]LogPakFile: PakFile FullDirectoryIndexSize=144
[2023.03.02-08.37.34:024][  0]LogShaderLibrary: Display: ShaderCodeLibraryPakFileMountedCallback: PakFile 'D:/Unreal/UE_4.27/FeaturePacks/TP_RollingBP.upack' (chunk index -1, root 'root:/') mounted
[2023.03.02-08.37.34:024][  0]LogShaderLibrary: Display: ShaderCodeLibraryPakFileMountedCallback: pending pak file info (ChunkID:-1 Root:root:/ File:D:/Unreal/UE_4.27/FeaturePacks/TP_RollingBP.upack)
[2023.03.02-08.37.34:024][  0]LogPakFile: OnPakFileMounted2Time == 0.000027
[2023.03.02-08.37.34:024][  0]LogPakFile: PakFile PrimaryIndexSize=188
[2023.03.02-08.37.34:024][  0]LogPakFile: PakFile PathHashIndexSize=101
[2023.03.02-08.37.34:024][  0]LogPakFile: PakFile FullDirectoryIndexSize=150
[2023.03.02-08.37.34:024][  0]LogShaderLibrary: Display: ShaderCodeLibraryPakFileMountedCallback: PakFile 'D:/Unreal/UE_4.27/FeaturePacks/TP_SideScroller.upack' (chunk index -1, root 'root:/') mounted
[2023.03.02-08.37.34:024][  0]LogShaderLibrary: Display: ShaderCodeLibraryPakFileMountedCallback: pending pak file info (ChunkID:-1 Root:root:/ File:D:/Unreal/UE_4.27/FeaturePacks/TP_SideScroller.upack)
[2023.03.02-08.37.34:025][  0]LogPakFile: OnPakFileMounted2Time == 0.000028
[2023.03.02-08.37.34:025][  0]LogPakFile: PakFile PrimaryIndexSize=190
[2023.03.02-08.37.34:025][  0]LogPakFile: PakFile PathHashIndexSize=101
[2023.03.02-08.37.34:025][  0]LogPakFile: PakFile FullDirectoryIndexSize=154
[2023.03.02-08.37.34:025][  0]LogShaderLibrary: Display: ShaderCodeLibraryPakFileMountedCallback: PakFile 'D:/Unreal/UE_4.27/FeaturePacks/TP_SideScrollerBP.upack' (chunk index -1, root 'root:/') mounted
[2023.03.02-08.37.34:025][  0]LogShaderLibrary: Display: ShaderCodeLibraryPakFileMountedCallback: pending pak file info (ChunkID:-1 Root:root:/ File:D:/Unreal/UE_4.27/FeaturePacks/TP_SideScrollerBP.upack)
[2023.03.02-08.37.34:025][  0]LogPakFile: OnPakFileMounted2Time == 0.000037
[2023.03.02-08.37.34:026][  0]LogPakFile: PakFile PrimaryIndexSize=187
[2023.03.02-08.37.34:026][  0]LogPakFile: PakFile PathHashIndexSize=101
[2023.03.02-08.37.34:026][  0]LogPakFile: PakFile FullDirectoryIndexSize=148
[2023.03.02-08.37.34:026][  0]LogShaderLibrary: Display: ShaderCodeLibraryPakFileMountedCallback: PakFile 'D:/Unreal/UE_4.27/FeaturePacks/TP_ThirdPerson.upack' (chunk index -1, root 'root:/') mounted
[2023.03.02-08.37.34:026][  0]LogShaderLibrary: Display: ShaderCodeLibraryPakFileMountedCallback: pending pak file info (ChunkID:-1 Root:root:/ File:D:/Unreal/UE_4.27/FeaturePacks/TP_ThirdPerson.upack)
[2023.03.02-08.37.34:026][  0]LogPakFile: OnPakFileMounted2Time == 0.000028
[2023.03.02-08.37.34:027][  0]LogPakFile: PakFile PrimaryIndexSize=189
[2023.03.02-08.37.34:027][  0]LogPakFile: PakFile PathHashIndexSize=101
[2023.03.02-08.37.34:027][  0]LogPakFile: PakFile FullDirectoryIndexSize=152
[2023.03.02-08.37.34:027][  0]LogShaderLibrary: Display: ShaderCodeLibraryPakFileMountedCallback: PakFile 'D:/Unreal/UE_4.27/FeaturePacks/TP_ThirdPersonBP.upack' (chunk index -1, root 'root:/') mounted
[2023.03.02-08.37.34:027][  0]LogShaderLibrary: Display: ShaderCodeLibraryPakFileMountedCallback: pending pak file info (ChunkID:-1 Root:root:/ File:D:/Unreal/UE_4.27/FeaturePacks/TP_ThirdPersonBP.upack)
[2023.03.02-08.37.34:027][  0]LogPakFile: OnPakFileMounted2Time == 0.000027
[2023.03.02-08.37.34:027][  0]LogPakFile: PakFile PrimaryIndexSize=183
[2023.03.02-08.37.34:027][  0]LogPakFile: PakFile PathHashIndexSize=101
[2023.03.02-08.37.34:027][  0]LogPakFile: PakFile FullDirectoryIndexSize=140
[2023.03.02-08.37.34:027][  0]LogShaderLibrary: Display: ShaderCodeLibraryPakFileMountedCallback: PakFile 'D:/Unreal/UE_4.27/FeaturePacks/TP_TopDown.upack' (chunk index -1, root 'root:/') mounted
[2023.03.02-08.37.34:027][  0]LogShaderLibrary: Display: ShaderCodeLibraryPakFileMountedCallback: pending pak file info (ChunkID:-1 Root:root:/ File:D:/Unreal/UE_4.27/FeaturePacks/TP_TopDown.upack)
[2023.03.02-08.37.34:027][  0]LogPakFile: OnPakFileMounted2Time == 0.000033
[2023.03.02-08.37.34:028][  0]LogPakFile: PakFile PrimaryIndexSize=185
[2023.03.02-08.37.34:028][  0]LogPakFile: PakFile PathHashIndexSize=101
[2023.03.02-08.37.34:028][  0]LogPakFile: PakFile FullDirectoryIndexSize=144
[2023.03.02-08.37.34:028][  0]LogShaderLibrary: Display: ShaderCodeLibraryPakFileMountedCallback: PakFile 'D:/Unreal/UE_4.27/FeaturePacks/TP_TopDownBP.upack' (chunk index -1, root 'root:/') mounted
[2023.03.02-08.37.34:028][  0]LogShaderLibrary: Display: ShaderCodeLibraryPakFileMountedCallback: pending pak file info (ChunkID:-1 Root:root:/ File:D:/Unreal/UE_4.27/FeaturePacks/TP_TopDownBP.upack)
[2023.03.02-08.37.34:028][  0]LogPakFile: OnPakFileMounted2Time == 0.000027
[2023.03.02-08.37.34:029][  0]LogPakFile: PakFile PrimaryIndexSize=185
[2023.03.02-08.37.34:029][  0]LogPakFile: PakFile PathHashIndexSize=101
[2023.03.02-08.37.34:029][  0]LogPakFile: PakFile FullDirectoryIndexSize=144
[2023.03.02-08.37.34:029][  0]LogShaderLibrary: Display: ShaderCodeLibraryPakFileMountedCallback: PakFile 'D:/Unreal/UE_4.27/FeaturePacks/TP_TwinStick.upack' (chunk index -1, root 'root:/') mounted
[2023.03.02-08.37.34:029][  0]LogShaderLibrary: Display: ShaderCodeLibraryPakFileMountedCallback: pending pak file info (ChunkID:-1 Root:root:/ File:D:/Unreal/UE_4.27/FeaturePacks/TP_TwinStick.upack)
[2023.03.02-08.37.34:029][  0]LogPakFile: OnPakFileMounted2Time == 0.000027
[2023.03.02-08.37.34:029][  0]LogPakFile: PakFile PrimaryIndexSize=187
[2023.03.02-08.37.34:029][  0]LogPakFile: PakFile PathHashIndexSize=101
[2023.03.02-08.37.34:029][  0]LogPakFile: PakFile FullDirectoryIndexSize=148
[2023.03.02-08.37.34:029][  0]LogShaderLibrary: Display: ShaderCodeLibraryPakFileMountedCallback: PakFile 'D:/Unreal/UE_4.27/FeaturePacks/TP_TwinStickBP.upack' (chunk index -1, root 'root:/') mounted
[2023.03.02-08.37.34:030][  0]LogShaderLibrary: Display: ShaderCodeLibraryPakFileMountedCallback: pending pak file info (ChunkID:-1 Root:root:/ File:D:/Unreal/UE_4.27/FeaturePacks/TP_TwinStickBP.upack)
[2023.03.02-08.37.34:030][  0]LogPakFile: OnPakFileMounted2Time == 0.000032
[2023.03.02-08.37.34:030][  0]LogPakFile: PakFile PrimaryIndexSize=183
[2023.03.02-08.37.34:030][  0]LogPakFile: PakFile PathHashIndexSize=101
[2023.03.02-08.37.34:030][  0]LogPakFile: PakFile FullDirectoryIndexSize=140
[2023.03.02-08.37.34:030][  0]LogShaderLibrary: Display: ShaderCodeLibraryPakFileMountedCallback: PakFile 'D:/Unreal/UE_4.27/FeaturePacks/TP_Vehicle.upack' (chunk index -1, root 'root:/') mounted
[2023.03.02-08.37.34:030][  0]LogShaderLibrary: Display: ShaderCodeLibraryPakFileMountedCallback: pending pak file info (ChunkID:-1 Root:root:/ File:D:/Unreal/UE_4.27/FeaturePacks/TP_Vehicle.upack)
[2023.03.02-08.37.34:030][  0]LogPakFile: OnPakFileMounted2Time == 0.000026
[2023.03.02-08.37.34:031][  0]LogPakFile: PakFile PrimaryIndexSize=186
[2023.03.02-08.37.34:031][  0]LogPakFile: PakFile PathHashIndexSize=101
[2023.03.02-08.37.34:031][  0]LogPakFile: PakFile FullDirectoryIndexSize=146
[2023.03.02-08.37.34:031][  0]LogShaderLibrary: Display: ShaderCodeLibraryPakFileMountedCallback: PakFile 'D:/Unreal/UE_4.27/FeaturePacks/TP_VehicleAdv.upack' (chunk index -1, root 'root:/') mounted
[2023.03.02-08.37.34:031][  0]LogShaderLibrary: Display: ShaderCodeLibraryPakFileMountedCallback: pending pak file info (ChunkID:-1 Root:root:/ File:D:/Unreal/UE_4.27/FeaturePacks/TP_VehicleAdv.upack)
[2023.03.02-08.37.34:031][  0]LogPakFile: OnPakFileMounted2Time == 0.000027
[2023.03.02-08.37.34:032][  0]LogPakFile: PakFile PrimaryIndexSize=188
[2023.03.02-08.37.34:032][  0]LogPakFile: PakFile PathHashIndexSize=101
[2023.03.02-08.37.34:032][  0]LogPakFile: PakFile FullDirectoryIndexSize=150
[2023.03.02-08.37.34:032][  0]LogShaderLibrary: Display: ShaderCodeLibraryPakFileMountedCallback: PakFile 'D:/Unreal/UE_4.27/FeaturePacks/TP_VehicleAdvBP.upack' (chunk index -1, root 'root:/') mounted
[2023.03.02-08.37.34:032][  0]LogShaderLibrary: Display: ShaderCodeLibraryPakFileMountedCallback: pending pak file info (ChunkID:-1 Root:root:/ File:D:/Unreal/UE_4.27/FeaturePacks/TP_VehicleAdvBP.upack)
[2023.03.02-08.37.34:032][  0]LogPakFile: OnPakFileMounted2Time == 0.000028
[2023.03.02-08.37.34:032][  0]LogPakFile: PakFile PrimaryIndexSize=185
[2023.03.02-08.37.34:032][  0]LogPakFile: PakFile PathHashIndexSize=101
[2023.03.02-08.37.34:032][  0]LogPakFile: PakFile FullDirectoryIndexSize=144
[2023.03.02-08.37.34:032][  0]LogShaderLibrary: Display: ShaderCodeLibraryPakFileMountedCallback: PakFile 'D:/Unreal/UE_4.27/FeaturePacks/TP_VehicleBP.upack' (chunk index -1, root 'root:/') mounted
[2023.03.02-08.37.34:032][  0]LogShaderLibrary: Display: ShaderCodeLibraryPakFileMountedCallback: pending pak file info (ChunkID:-1 Root:root:/ File:D:/Unreal/UE_4.27/FeaturePacks/TP_VehicleBP.upack)
[2023.03.02-08.37.34:032][  0]LogPakFile: OnPakFileMounted2Time == 0.000028
[2023.03.02-08.37.34:033][  0]LogPakFile: PakFile PrimaryIndexSize=192
[2023.03.02-08.37.34:033][  0]LogPakFile: PakFile PathHashIndexSize=101
[2023.03.02-08.37.34:033][  0]LogPakFile: PakFile FullDirectoryIndexSize=158
[2023.03.02-08.37.34:033][  0]LogShaderLibrary: Display: ShaderCodeLibraryPakFileMountedCallback: PakFile 'D:/Unreal/UE_4.27/FeaturePacks/TP_VirtualRealityBP.upack' (chunk index -1, root 'root:/') mounted
[2023.03.02-08.37.34:033][  0]LogShaderLibrary: Display: ShaderCodeLibraryPakFileMountedCallback: pending pak file info (ChunkID:-1 Root:root:/ File:D:/Unreal/UE_4.27/FeaturePacks/TP_VirtualRealityBP.upack)
[2023.03.02-08.37.34:033][  0]LogPakFile: OnPakFileMounted2Time == 0.000027
[2023.03.02-08.37.34:092][  0]LogNativeClassHierarchy: Verbose: Native class hierarchy updated for 'AddContentDialog' in 0.0002 seconds. Added 0 classes and 0 folders.
[2023.03.02-08.37.34:092][  0]LogNativeClassHierarchy: Verbose: Native class hierarchy updated for 'SceneOutliner' in 0.0001 seconds. Added 2 classes and 0 folders.
[2023.03.02-08.37.34:156][  0]LogSlate: Took 0.000187 seconds to synchronously load lazily loaded font '../../../Engine/Content/Slate/Fonts/Roboto-Regular.ttf' (155K)
[2023.03.02-08.37.34:157][  0]LogSlate: Took 0.000140 seconds to synchronously load lazily loaded font '../../../Engine/Content/Editor/Slate/Fonts/FontAwesome.ttf' (139K)
[2023.03.02-08.37.34:158][  0]LogSlate: Took 0.000138 seconds to synchronously load lazily loaded font '../../../Engine/Content/Slate/Fonts/Roboto-Bold.ttf' (160K)
[2023.03.02-08.37.34:230][  0]LogRenderer: Reallocating scene render targets to support 1208x552 Format 10 NumSamples 1 (Frame:1).
[2023.03.02-08.37.34:270][  0]LogSlate: Took 0.000202 seconds to synchronously load lazily loaded font '../../../Engine/Content/Slate/Fonts/Roboto-Light.ttf' (167K)
[2023.03.02-08.37.34:353][  0]LogNativeClassHierarchy: Verbose: Native class hierarchy updated for 'HierarchicalLODOutliner' in 0.0003 seconds. Added 0 classes and 0 folders.
[2023.03.02-08.37.34:353][  0]LogLoad: (Engine Initialization) Total time: 7.55 seconds
[2023.03.02-08.37.34:353][  0]LogLoad: (Engine Initialization) Total Blueprint compile time: 0.00 seconds
[2023.03.02-08.37.34:392][  0]LogAssetRegistry: Asset discovery search completed in 4.9630 seconds
[2023.03.02-08.37.34:397][  0]LogCollectionManager: Fixed up redirectors for 0 collections in 0.000003 seconds (updated 0 objects)
[2023.03.02-08.37.34:398][  0]LogContentStreaming: Texture pool size now 1000 MB
[2023.03.02-08.37.34:419][  1]LogFileCache: Retrieving MD5 hashes for directory 'D:/JourneyManProject/TwonicJMRepo/UnrealProject/Content/' took 0.05s
[2023.03.02-08.37.35:912][152]LogOutputDevice: Warning: 

Script Stack (0 frames):

[2023.03.02-08.37.35:912][152]LogWindows: Windows GetLastError: The operation completed successfully. (0)
[2023.03.02-08.37.37:801][152]LogWindows: Error: === Critical error: ===
[2023.03.02-08.37.37:801][152]LogWindows: Error: 
[2023.03.02-08.37.37:801][152]LogWindows: Error: Fatal error: [File:D:/Build/++UE4/Sync/Engine/Source/Runtime/Engine/Private/Actor.cpp] [Line: 3326] 
[2023.03.02-08.37.37:801][152]LogWindows: Error: BP_Player_C /Engine/Transient.World_4:PersistentLevel.BP_Player_C_0 failed to route PostInitializeComponents.  Please call Super::PostInitializeComponents() in your <className>::PostInitializeComponents() function. 
[2023.03.02-08.37.37:801][152]LogWindows: Error: 
[2023.03.02-08.37.37:801][152]LogWindows: Error: 
[2023.03.02-08.37.37:801][152]LogWindows: Error: [Callstack] 0x00007ffa5969cd29 KERNELBASE.dll!UnknownFunction []
[2023.03.02-08.37.37:801][152]LogWindows: Error: [Callstack] 0x00007ffa1dcf0216 UE4Editor-Core.dll!UnknownFunction []
[2023.03.02-08.37.37:801][152]LogWindows: Error: [Callstack] 0x00007ffa1dcf4218 UE4Editor-Core.dll!UnknownFunction []
[2023.03.02-08.37.37:801][152]LogWindows: Error: [Callstack] 0x00007ffa1da1242d UE4Editor-Core.dll!UnknownFunction []
[2023.03.02-08.37.37:801][152]LogWindows: Error: [Callstack] 0x00007ffa17054f6c UE4Editor-Engine.dll!UnknownFunction []
[2023.03.02-08.37.37:801][152]LogWindows: Error: [Callstack] 0x00007ffa1703e8b0 UE4Editor-Engine.dll!UnknownFunction []
[2023.03.02-08.37.37:801][152]LogWindows: Error: [Callstack] 0x00007ffa1705879b UE4Editor-Engine.dll!UnknownFunction []
[2023.03.02-08.37.37:801][152]LogWindows: Error: [Callstack] 0x00007ffa1796a466 UE4Editor-Engine.dll!UnknownFunction []
[2023.03.02-08.37.37:801][152]LogWindows: Error: [Callstack] 0x00007ffa1796a908 UE4Editor-Engine.dll!UnknownFunction []
[2023.03.02-08.37.37:801][152]LogWindows: Error: [Callstack] 0x00007ffa1cbeb8a1 UE4Editor-UnrealEd.dll!UnknownFunction []
[2023.03.02-08.37.37:801][152]LogWindows: Error: [Callstack] 0x00007ffa1cbb3276 UE4Editor-UnrealEd.dll!UnknownFunction []
[2023.03.02-08.37.37:801][152]LogWindows: Error: [Callstack] 0x00007ffa1c8dca2c UE4Editor-UnrealEd.dll!UnknownFunction []
[2023.03.02-08.37.37:801][152]LogWindows: Error: [Callstack] 0x00007ffa1c04c7e2 UE4Editor-UnrealEd.dll!UnknownFunction []
[2023.03.02-08.37.37:801][152]LogWindows: Error: [Callstack] 0x00007ffa1bf95449 UE4Editor-UnrealEd.dll!UnknownFunction []
[2023.03.02-08.37.37:801][152]LogWindows: Error: [Callstack] 0x00007ffa1c3b0618 UE4Editor-UnrealEd.dll!UnknownFunction []
[2023.03.02-08.37.37:801][152]LogWindows: Error: [Callstack] 0x00007ffa1ccb2ba6 UE4Editor-UnrealEd.dll!UnknownFunction []
[2023.03.02-08.37.37:801][152]LogWindows: Error: [Callstack] 0x00007ff70bba87a0 UE4Editor.exe!UnknownFunction []
[2023.03.02-08.37.37:801][152]LogWindows: Error: [Callstack] 0x00007ff70bbc0fcc UE4Editor.exe!UnknownFunction []
[2023.03.02-08.37.37:801][152]LogWindows: Error: [Callstack] 0x00007ff70bbc10ba UE4Editor.exe!UnknownFunction []
[2023.03.02-08.37.37:801][152]LogWindows: Error: [Callstack] 0x00007ff70bbc40dd UE4Editor.exe!UnknownFunction []
[2023.03.02-08.37.37:801][152]LogWindows: Error: [Callstack] 0x00007ff70bbd5984 UE4Editor.exe!UnknownFunction []
[2023.03.02-08.37.37:801][152]LogWindows: Error: [Callstack] 0x00007ff70bbd853a UE4Editor.exe!UnknownFunction []
[2023.03.02-08.37.37:801][152]LogWindows: Error: [Callstack] 0x00007ffa5b6c7614 KERNEL32.DLL!UnknownFunction []
[2023.03.02-08.37.37:801][152]LogWindows: Error: [Callstack] 0x00007ffa5b9626a1 ntdll.dll!UnknownFunction []
[2023.03.02-08.37.37:801][152]LogWindows: Error: 
[2023.03.02-08.37.37:807][152]LogExit: Executing StaticShutdownAfterError
[2023.03.02-08.37.37:809][152]LogWindows: FPlatformMisc::RequestExit(1)
[2023.03.02-08.37.37:809][152]LogWindows: FPlatformMisc::RequestExitWithStatus(1, 3)
[2023.03.02-08.37.37:809][152]LogCore: Engine exit requested (reason: Win RequestExit)
[2023.03.02-08.37.37:816][152]Log file closed, 03/02/23 08:37:37
