Log file open, 01/30/23 17:35:49
LogWindows: Failed to load 'aqProf.dll' (GetLastError=126)
LogWindows: File 'aqProf.dll' does not exist
LogWindows: Failed to load 'VtuneApi.dll' (GetLastError=126)
LogWindows: File 'VtuneApi.dll' does not exist
LogWindows: Failed to load 'VtuneApi32e.dll' (GetLastError=126)
LogWindows: File 'VtuneApi32e.dll' does not exist
LogConsoleResponse: Display: Failed to find resolution value strings in scalability ini. Falling back to default.
LogConsoleResponse: Display: Failed to find resolution value strings in scalability ini. Falling back to default.
LogInit: Display: Running engine for game: UnrealProject
LogPlatformFile: Not using cached read wrapper
LogTaskGraph: Started task graph with 5 named threads and 38 total threads with 3 sets of task threads.
LogStats: Stats thread started at 0.250810
LogICUInternationalization: ICU TimeZone Detection - Raw Offset: +0:00, Platform Override: ''
LogInit: Display: Loading text-based GConfig....
LogPluginManager: Mounting plugin MeshPainting
LogPluginManager: Mounting plugin XGEController
LogPluginManager: Mounting plugin Paper2D
LogPluginManager: Mounting plugin EnvironmentQueryEditor
LogPluginManager: Mounting plugin AISupport
LogPluginManager: Mounting plugin LiveLink
LogPluginManager: Mounting plugin OodleNetwork
LogPluginManager: Mounting plugin OodleData
LogPluginManager: Mounting plugin CameraShakePreviewer
LogPluginManager: Mounting plugin GameplayCameras
LogPluginManager: Mounting plugin DatasmithContent
LogPluginManager: Mounting plugin VariantManagerContent
LogPluginManager: Mounting plugin AnimationSharing
LogPluginManager: Mounting plugin CLionSourceCodeAccess
LogPluginManager: Mounting plugin CodeLiteSourceCodeAccess
LogPluginManager: Mounting plugin KDevelopSourceCodeAccess
LogPluginManager: Mounting plugin NullSourceCodeAccess
LogPluginManager: Mounting plugin GitSourceControl
LogPluginManager: Mounting plugin PlasticSourceControl
LogPluginManager: Mounting plugin PixWinPlugin
LogPluginManager: Mounting plugin PerforceSourceControl
LogPluginManager: Mounting plugin RiderSourceCodeAccess
LogPluginManager: Mounting plugin PropertyAccessNode
LogPluginManager: Mounting plugin SubversionSourceControl
LogPluginManager: Mounting plugin PluginUtils
LogPluginManager: Mounting plugin TextureFormatOodle
LogPluginManager: Mounting plugin VisualStudioCodeSourceCodeAccess
LogPluginManager: Mounting plugin UObjectPlugin
LogPluginManager: Mounting plugin AssetManagerEditor
LogPluginManager: Mounting plugin XCodeSourceCodeAccess
LogPluginManager: Mounting plugin CurveEditorTools
LogPluginManager: Mounting plugin DataValidation
LogPluginManager: Mounting plugin CryptoKeys
LogPluginManager: Mounting plugin FacialAnimation
LogPluginManager: Mounting plugin GameplayTagsEditor
LogPluginManager: Mounting plugin GeometryMode
LogPluginManager: Mounting plugin MacGraphicsSwitching
LogPluginManager: Mounting plugin MobileLauncherProfileWizard
LogPluginManager: Mounting plugin MaterialAnalyzer
LogPluginManager: Mounting plugin SpeedTreeImporter
LogPluginManager: Mounting plugin PluginBrowser
LogPluginManager: Mounting plugin Niagara
LogPluginManager: Mounting plugin AlembicImporter
LogPluginManager: Mounting plugin VisualStudioSourceCodeAccess
LogPluginManager: Mounting plugin AutomationUtils
LogPluginManager: Mounting plugin ChaosCloth
LogPluginManager: Mounting plugin ChaosClothEditor
LogPluginManager: Mounting plugin BackChannel
LogPluginManager: Mounting plugin CharacterAI
LogPluginManager: Mounting plugin ChaosSolverPlugin
LogPluginManager: Mounting plugin ChaosEditor
LogPluginManager: Mounting plugin ChaosNiagara
LogPluginManager: Mounting plugin GeometryCollectionPlugin
LogPluginManager: Mounting plugin GeometryProcessing
LogPluginManager: Mounting plugin GeometryCache
LogPluginManager: Mounting plugin MotoSynth
LogPluginManager: Mounting plugin OpenImageDenoise
LogPluginManager: Mounting plugin PlanarCut
LogPluginManager: Mounting plugin PlatformCrypto
LogPluginManager: Mounting plugin ProxyLODPlugin
LogPluginManager: Mounting plugin PythonScriptPlugin
LogPluginManager: Mounting plugin SkeletalReduction
LogPluginManager: Mounting plugin LuminPlatformFeatures
LogPluginManager: Mounting plugin MagicLeap
LogPluginManager: Mounting plugin MagicLeapMedia
LogPluginManager: Mounting plugin MagicLeapPassableWorld
LogPluginManager: Mounting plugin MagicLeapLightEstimation
LogPluginManager: Mounting plugin AndroidMedia
LogPluginManager: Mounting plugin AvfMedia
LogPluginManager: Mounting plugin MLSDK
LogPluginManager: Mounting plugin ImgMedia
LogPluginManager: Mounting plugin MediaCompositing
LogPluginManager: Mounting plugin MediaPlayerEditor
LogPluginManager: Mounting plugin WmfMedia
LogPluginManager: Mounting plugin TcpMessaging
LogPluginManager: Mounting plugin UdpMessaging
LogPluginManager: Mounting plugin WebMMedia
LogPluginManager: Mounting plugin OnlineSubsystem
LogPluginManager: Mounting plugin OnlineSubsystemNull
LogPluginManager: Mounting plugin ActorLayerUtilities
LogPluginManager: Mounting plugin OnlineSubsystemUtils
LogPluginManager: Mounting plugin AndroidMoviePlayer
LogPluginManager: Mounting plugin LauncherChunkInstaller
LogPluginManager: Mounting plugin AndroidPermission
LogPluginManager: Mounting plugin ArchVisCharacter
LogPluginManager: Mounting plugin AudioCapture
LogPluginManager: Mounting plugin AssetTags
LogPluginManager: Mounting plugin AppleImageUtils
LogPluginManager: Mounting plugin AudioSynesthesia
LogPluginManager: Mounting plugin AppleMoviePlayer
LogPluginManager: Mounting plugin CableComponent
LogPluginManager: Mounting plugin ChunkDownloader
LogPluginManager: Mounting plugin CustomMeshComponent
LogPluginManager: Mounting plugin GooglePAD
LogPluginManager: Mounting plugin ExampleDeviceProfileSelector
LogPluginManager: Mounting plugin GoogleCloudMessaging
LogPluginManager: Mounting plugin EditableMesh
LogPluginManager: Mounting plugin LocationServicesBPLibrary
LogPluginManager: Mounting plugin IOSDeviceProfileSelector
LogPluginManager: Mounting plugin LinuxDeviceProfileSelector
LogPluginManager: Mounting plugin MobilePatchingUtils
LogPluginManager: Mounting plugin AndroidDeviceProfileSelector
LogPluginManager: Mounting plugin OpenXREyeTracker
LogPluginManager: Mounting plugin OpenXRHandTracking
LogPluginManager: Mounting plugin OpenXR
LogPluginManager: Mounting plugin PhysXVehicles
LogPluginManager: Mounting plugin PropertyAccessEditor
LogPluginManager: Mounting plugin PostSplashScreen
LogPluginManager: Mounting plugin RuntimePhysXCooking
LogPluginManager: Mounting plugin ProceduralMeshComponent
LogPluginManager: Mounting plugin SignificanceManager
LogPluginManager: Mounting plugin SoundFields
LogPluginManager: Mounting plugin Synthesis
LogPluginManager: Mounting plugin WebMMoviePlayer
LogPluginManager: Mounting plugin WindowsMoviePlayer
LogPluginManager: Mounting plugin ScreenshotTools
LogPluginManager: Mounting plugin Takes
LogPluginManager: Mounting plugin LevelSequenceEditor
LogPluginManager: Mounting plugin ActorSequence
LogPluginManager: Mounting plugin MatineeToLevelSequence
LogPluginManager: Mounting plugin TemplateSequence
LogPluginManager: Mounting plugin LightPropagationVolume
LogPluginManager: Mounting plugin ContentBrowserClassDataSource
LogPluginManager: Mounting plugin ContentBrowserAssetDataSource
LogPluginManager: Mounting plugin ContentBrowserFileDataSource
LogPluginManager: Mounting plugin OnlineSubsystemGooglePlay
LogPluginManager: Mounting plugin OnlineSubsystemIOS
LogPluginManager: Mounting plugin SteamVR
LogPluginManager: Mounting plugin OculusVR
PixWinPlugin: PIX capture plugin failed to initialize! Check that the process is launched from PIX.
LogInit: Using libcurl 7.55.1-DEV
LogInit:  - built for x86_64-pc-win32
LogInit:  - supports SSL with OpenSSL/1.1.1
LogInit:  - supports HTTP deflate (compression) using libz 1.2.8
LogInit:  - other features:
LogInit:      CURL_VERSION_SSL
LogInit:      CURL_VERSION_LIBZ
LogInit:      CURL_VERSION_IPV6
LogInit:      CURL_VERSION_ASYNCHDNS
LogInit:      CURL_VERSION_LARGEFILE
LogInit:      CURL_VERSION_IDN
LogInit:  CurlRequestOptions (configurable via config and command line):
LogInit:  - bVerifyPeer = true  - Libcurl will verify peer certificate
LogInit:  - bUseHttpProxy = false  - Libcurl will NOT use HTTP proxy
LogInit:  - bDontReuseConnections = false  - Libcurl will reuse connections
LogInit:  - MaxHostConnections = 16  - Libcurl will limit the number of connections to a host
LogInit:  - LocalHostAddr = Default
LogInit:  - BufferSize = 65536
LogOnline: OSS: Creating online subsystem instance for: NULL
LogInit: WinSock: version 1.1 (2.2), MaxSocks=32767, MaxUdp=65467
LogOnline: OSS: TryLoadSubsystemAndSetDefault: Loaded subsystem for module [NULL]
LogOculusPluginWrapper: OculusPlugin initialized successfully
LogHMD: Failed initializing OVRPlugin 1.59.0
LogInit: Build: ++UE4+Release-4.27-CL-18319896
LogInit: Engine Version: 4.27.2-18319896+++UE4+Release-4.27
LogInit: Compatible Engine Version: 4.27.0-17155196+++UE4+Release-4.27
LogInit: Net CL: 17155196
LogInit: OS: Windows 10 (Release 2009) (), CPU: 12th Gen Intel(R) Core(TM) i7-12700, GPU: NVIDIA GeForce RTX 3080
LogInit: Compiled (64-bit): Nov 30 2021 07:12:08
LogInit: Compiled with Visual C++: 19.24.28315.00
LogInit: Build Configuration: Development
LogInit: Branch Name: ++UE4+Release-4.27
LogInit: Command Line: 
LogInit: Base Directory: C:/Program Files/Epic Games/UE_4.27/Engine/Binaries/Win64/
LogInit: Allocator: TBB
LogInit: Installed Engine Build: 1
LogDevObjectVersion: Number of dev versions registered: 29
LogDevObjectVersion:   Dev-Blueprints (B0D832E4-1F89-4F0D-ACCF-7EB736FD4AA2): 10
LogDevObjectVersion:   Dev-Build (E1C64328-A22C-4D53-A36C-8E866417BD8C): 0
LogDevObjectVersion:   Dev-Core (375EC13C-06E4-48FB-B500-84F0262A717E): 4
LogDevObjectVersion:   Dev-Editor (E4B068ED-F494-42E9-A231-DA0B2E46BB41): 40
LogDevObjectVersion:   Dev-Framework (CFFC743F-43B0-4480-9391-14DF171D2073): 37
LogDevObjectVersion:   Dev-Mobile (B02B49B5-BB20-44E9-A304-32B752E40360): 3
LogDevObjectVersion:   Dev-Networking (A4E4105C-59A1-49B5-A7C5-40C4547EDFEE): 0
LogDevObjectVersion:   Dev-Online (39C831C9-5AE6-47DC-9A44-9C173E1C8E7C): 0
LogDevObjectVersion:   Dev-Physics (78F01B33-EBEA-4F98-B9B4-84EACCB95AA2): 14
LogDevObjectVersion:   Dev-Platform (6631380F-2D4D-43E0-8009-CF276956A95A): 0
LogDevObjectVersion:   Dev-Rendering (12F88B9F-8875-4AFC-A67C-D90C383ABD29): 45
LogDevObjectVersion:   Dev-Sequencer (7B5AE74C-D270-4C10-A958-57980B212A5A): 13
LogDevObjectVersion:   Dev-VR (D7296918-1DD6-4BDD-9DE2-64A83CC13884): 3
LogDevObjectVersion:   Dev-LoadTimes (C2A15278-BFE7-4AFE-6C17-90FF531DF755): 1
LogDevObjectVersion:   Private-Geometry (6EACA3D4-40EC-4CC1-B786-8BED09428FC5): 3
LogDevObjectVersion:   Dev-AnimPhys (29E575DD-E0A3-4627-9D10-D276232CDCEA): 17
LogDevObjectVersion:   Dev-Anim (AF43A65D-7FD3-4947-9873-3E8ED9C1BB05): 15
LogDevObjectVersion:   Dev-ReflectionCapture (6B266CEC-1EC7-4B8F-A30B-E4D90942FC07): 1
LogDevObjectVersion:   Dev-Automation (0DF73D61-A23F-47EA-B727-89E90C41499A): 1
LogDevObjectVersion:   FortniteMain (601D1886-AC64-4F84-AA16-D3DE0DEAC7D6): 47
LogDevObjectVersion:   FortniteRelease (E7086368-6B23-4C58-8439-1B7016265E91): 1
LogDevObjectVersion:   Dev-Enterprise (9DFFBCD6-494F-0158-E221-12823C92A888): 10
LogDevObjectVersion:   Dev-Niagara (F2AED0AC-9AFE-416F-8664-AA7FFA26D6FC): 1
LogDevObjectVersion:   Dev-Destruction (174F1F0B-B4C6-45A5-B13F-2EE8D0FB917D): 10
LogDevObjectVersion:   Dev-Physics-Ext (35F94A83-E258-406C-A318-09F59610247C): 41
LogDevObjectVersion:   Dev-PhysicsMaterial-Chaos (B68FC16E-8B1B-42E2-B453-215C058844FE): 1
LogDevObjectVersion:   Dev-CineCamera (B2E18506-4273-CFC2-A54E-F4BB758BBA07): 1
LogDevObjectVersion:   Dev-VirtualProduction (64F58936-FD1B-42BA-BA96-7289D5D0FA4E): 1
LogDevObjectVersion:   Dev-MediaFramework (6F0ED827-A609-4895-9C91-998D90180EA4): 2
LogInit: Presizing for max 25165824 objects, including 0 objects not considered by GC, pre-allocating 0 bytes for permanent pool.
LogConfig: Applying CVar settings from Section [/Script/Engine.StreamingSettings] File [C:/Users/B1035382/Documents/GitHub/TwonicJMRepo/UnrealProject/Saved/Config/Windows/Engine.ini]
LogConfig: Setting CVar [[s.MinBulkDataSizeForAsyncLoading:131072]]
LogConfig: Setting CVar [[s.AsyncLoadingThreadEnabled:0]]
LogConfig: Setting CVar [[s.EventDrivenLoaderEnabled:1]]
LogConfig: Setting CVar [[s.WarnIfTimeLimitExceeded:0]]
LogConfig: Setting CVar [[s.TimeLimitExceededMultiplier:1.5]]
LogConfig: Setting CVar [[s.TimeLimitExceededMinTime:0.005]]
LogConfig: Setting CVar [[s.UseBackgroundLevelStreaming:1]]
LogConfig: Setting CVar [[s.PriorityAsyncLoadingExtraTime:15.0]]
LogConfig: Setting CVar [[s.LevelStreamingActorsUpdateTimeLimit:5.0]]
LogConfig: Setting CVar [[s.PriorityLevelStreamingActorsUpdateExtraTime:5.0]]
LogConfig: Setting CVar [[s.LevelStreamingComponentsRegistrationGranularity:10]]
LogConfig: Setting CVar [[s.UnregisterComponentsTimeLimit:1.0]]
LogConfig: Setting CVar [[s.LevelStreamingComponentsUnregistrationGranularity:5]]
LogConfig: Setting CVar [[s.FlushStreamingOnExit:1]]
LogInit: Object subsystem initialized
LogConfig: Setting CVar [[con.DebugEarlyDefault:1]]
LogConfig: Setting CVar [[r.setres:1280x720]]
[2023.01.30-17.35.50:036][  0]LogConfig: Setting CVar [[r.VSync:0]]
[2023.01.30-17.35.50:036][  0]LogConfig: Setting CVar [[r.RHICmdBypass:0]]
[2023.01.30-17.35.50:036][  0]LogConfig: Applying CVar settings from Section [/Script/Engine.RendererSettings] File [C:/Users/B1035382/Documents/GitHub/TwonicJMRepo/UnrealProject/Saved/Config/Windows/Engine.ini]
[2023.01.30-17.35.50:036][  0]LogConfig: Setting CVar [[r.GPUCrashDebugging:0]]
[2023.01.30-17.35.50:036][  0]LogConfig: Applying CVar settings from Section [/Script/Engine.RendererOverrideSettings] File [C:/Users/B1035382/Documents/GitHub/TwonicJMRepo/UnrealProject/Saved/Config/Windows/Engine.ini]
[2023.01.30-17.35.50:036][  0]LogConfig: Applying CVar settings from Section [/Script/Engine.StreamingSettings] File [C:/Users/B1035382/Documents/GitHub/TwonicJMRepo/UnrealProject/Saved/Config/Windows/Engine.ini]
[2023.01.30-17.35.50:036][  0]LogConfig: Setting CVar [[s.MinBulkDataSizeForAsyncLoading:131072]]
[2023.01.30-17.35.50:036][  0]LogConfig: Setting CVar [[s.AsyncLoadingThreadEnabled:0]]
[2023.01.30-17.35.50:036][  0]LogConfig: Setting CVar [[s.EventDrivenLoaderEnabled:1]]
[2023.01.30-17.35.50:036][  0]LogConfig: Setting CVar [[s.WarnIfTimeLimitExceeded:0]]
[2023.01.30-17.35.50:036][  0]LogConfig: Setting CVar [[s.TimeLimitExceededMultiplier:1.5]]
[2023.01.30-17.35.50:036][  0]LogConfig: Setting CVar [[s.TimeLimitExceededMinTime:0.005]]
[2023.01.30-17.35.50:036][  0]LogConfig: Setting CVar [[s.UseBackgroundLevelStreaming:1]]
[2023.01.30-17.35.50:036][  0]LogConfig: Setting CVar [[s.PriorityAsyncLoadingExtraTime:15.0]]
[2023.01.30-17.35.50:036][  0]LogConfig: Setting CVar [[s.LevelStreamingActorsUpdateTimeLimit:5.0]]
[2023.01.30-17.35.50:036][  0]LogConfig: Setting CVar [[s.PriorityLevelStreamingActorsUpdateExtraTime:5.0]]
[2023.01.30-17.35.50:036][  0]LogConfig: Setting CVar [[s.LevelStreamingComponentsRegistrationGranularity:10]]
[2023.01.30-17.35.50:036][  0]LogConfig: Setting CVar [[s.UnregisterComponentsTimeLimit:1.0]]
[2023.01.30-17.35.50:036][  0]LogConfig: Setting CVar [[s.LevelStreamingComponentsUnregistrationGranularity:5]]
[2023.01.30-17.35.50:036][  0]LogConfig: Setting CVar [[s.FlushStreamingOnExit:1]]
[2023.01.30-17.35.50:036][  0]LogConfig: Applying CVar settings from Section [/Script/Engine.GarbageCollectionSettings] File [C:/Users/B1035382/Documents/GitHub/TwonicJMRepo/UnrealProject/Saved/Config/Windows/Engine.ini]
[2023.01.30-17.35.50:036][  0]LogConfig: Setting CVar [[gc.MaxObjectsNotConsideredByGC:1]]
[2023.01.30-17.35.50:036][  0]LogConfig: Setting CVar [[gc.SizeOfPermanentObjectPool:0]]
[2023.01.30-17.35.50:036][  0]LogConfig: Setting CVar [[gc.FlushStreamingOnGC:0]]
[2023.01.30-17.35.50:036][  0]LogConfig: Setting CVar [[gc.NumRetriesBeforeForcingGC:10]]
[2023.01.30-17.35.50:036][  0]LogConfig: Setting CVar [[gc.AllowParallelGC:1]]
[2023.01.30-17.35.50:036][  0]LogConfig: Setting CVar [[gc.TimeBetweenPurgingPendingKillObjects:61.1]]
[2023.01.30-17.35.50:036][  0]LogConfig: Setting CVar [[gc.MaxObjectsInEditor:25165824]]
[2023.01.30-17.35.50:036][  0]LogConfig: Setting CVar [[gc.IncrementalBeginDestroyEnabled:1]]
[2023.01.30-17.35.50:036][  0]LogConfig: Setting CVar [[gc.CreateGCClusters:1]]
[2023.01.30-17.35.50:036][  0]LogConfig: Setting CVar [[gc.MinGCClusterSize:5]]
[2023.01.30-17.35.50:036][  0]LogConfig: Setting CVar [[gc.ActorClusteringEnabled:0]]
[2023.01.30-17.35.50:036][  0]LogConfig: Setting CVar [[gc.BlueprintClusteringEnabled:0]]
[2023.01.30-17.35.50:036][  0]LogConfig: Setting CVar [[gc.UseDisregardForGCOnDedicatedServers:0]]
[2023.01.30-17.35.50:036][  0]LogConfig: Setting CVar [[gc.MultithreadedDestructionEnabled:1]]
[2023.01.30-17.35.50:036][  0]LogConfig: Applying CVar settings from Section [/Script/Engine.NetworkSettings] File [C:/Users/B1035382/Documents/GitHub/TwonicJMRepo/UnrealProject/Saved/Config/Windows/Engine.ini]
[2023.01.30-17.35.50:036][  0]LogConfig: Applying CVar settings from Section [/Script/UnrealEd.CookerSettings] File [C:/Users/B1035382/Documents/GitHub/TwonicJMRepo/UnrealProject/Saved/Config/Windows/Engine.ini]
[2023.01.30-17.35.50:042][  0]LogConfig: Applying CVar settings from Section [ViewDistanceQuality@3] File [C:/Users/B1035382/Documents/GitHub/TwonicJMRepo/UnrealProject/Saved/Config/Windows/Scalability.ini]
[2023.01.30-17.35.50:042][  0]LogConfig: Setting CVar [[r.SkeletalMeshLODBias:0]]
[2023.01.30-17.35.50:042][  0]LogConfig: Setting CVar [[r.ViewDistanceScale:1.0]]
[2023.01.30-17.35.50:042][  0]LogConfig: Applying CVar settings from Section [AntiAliasingQuality@3] File [C:/Users/B1035382/Documents/GitHub/TwonicJMRepo/UnrealProject/Saved/Config/Windows/Scalability.ini]
[2023.01.30-17.35.50:042][  0]LogConfig: Setting CVar [[r.PostProcessAAQuality:4]]
[2023.01.30-17.35.50:042][  0]LogConfig: Applying CVar settings from Section [ShadowQuality@3] File [C:/Users/B1035382/Documents/GitHub/TwonicJMRepo/UnrealProject/Saved/Config/Windows/Scalability.ini]
[2023.01.30-17.35.50:042][  0]LogConfig: Setting CVar [[r.LightFunctionQuality:1]]
[2023.01.30-17.35.50:042][  0]LogConfig: Setting CVar [[r.ShadowQuality:5]]
[2023.01.30-17.35.50:042][  0]LogConfig: Setting CVar [[r.Shadow.CSM.MaxCascades:10]]
[2023.01.30-17.35.50:042][  0]LogConfig: Setting CVar [[r.Shadow.MaxResolution:2048]]
[2023.01.30-17.35.50:042][  0]LogConfig: Setting CVar [[r.Shadow.MaxCSMResolution:2048]]
[2023.01.30-17.35.50:042][  0]LogConfig: Setting CVar [[r.Shadow.RadiusThreshold:0.01]]
[2023.01.30-17.35.50:042][  0]LogConfig: Setting CVar [[r.Shadow.DistanceScale:1.0]]
[2023.01.30-17.35.50:042][  0]LogConfig: Setting CVar [[r.Shadow.CSM.TransitionScale:1.0]]
[2023.01.30-17.35.50:042][  0]LogConfig: Setting CVar [[r.Shadow.PreShadowResolutionFactor:1.0]]
[2023.01.30-17.35.50:042][  0]LogConfig: Setting CVar [[r.DistanceFieldShadowing:1]]
[2023.01.30-17.35.50:042][  0]LogConfig: Setting CVar [[r.DistanceFieldAO:1]]
[2023.01.30-17.35.50:042][  0]LogConfig: Setting CVar [[r.AOQuality:2]]
[2023.01.30-17.35.50:042][  0]LogConfig: Setting CVar [[r.VolumetricFog:1]]
[2023.01.30-17.35.50:042][  0]LogConfig: Setting CVar [[r.VolumetricFog.GridPixelSize:8]]
[2023.01.30-17.35.50:042][  0]LogConfig: Setting CVar [[r.VolumetricFog.GridSizeZ:128]]
[2023.01.30-17.35.50:042][  0]LogConfig: Setting CVar [[r.VolumetricFog.HistoryMissSupersampleCount:4]]
[2023.01.30-17.35.50:042][  0]LogConfig: Setting CVar [[r.LightMaxDrawDistanceScale:1]]
[2023.01.30-17.35.50:042][  0]LogConfig: Setting CVar [[r.CapsuleShadows:1]]
[2023.01.30-17.35.50:042][  0]LogConfig: Applying CVar settings from Section [PostProcessQuality@3] File [C:/Users/B1035382/Documents/GitHub/TwonicJMRepo/UnrealProject/Saved/Config/Windows/Scalability.ini]
[2023.01.30-17.35.50:042][  0]LogConfig: Setting CVar [[r.MotionBlurQuality:4]]
[2023.01.30-17.35.50:042][  0]LogConfig: Setting CVar [[r.AmbientOcclusionMipLevelFactor:0.4]]
[2023.01.30-17.35.50:042][  0]LogConfig: Setting CVar [[r.AmbientOcclusionMaxQuality:100]]
[2023.01.30-17.35.50:042][  0]LogConfig: Setting CVar [[r.AmbientOcclusionLevels:-1]]
[2023.01.30-17.35.50:042][  0]LogConfig: Setting CVar [[r.AmbientOcclusionRadiusScale:1.0]]
[2023.01.30-17.35.50:042][  0]LogConfig: Setting CVar [[r.DepthOfFieldQuality:2]]
[2023.01.30-17.35.50:042][  0]LogConfig: Setting CVar [[r.RenderTargetPoolMin:400]]
[2023.01.30-17.35.50:042][  0]LogConfig: Setting CVar [[r.LensFlareQuality:2]]
[2023.01.30-17.35.50:042][  0]LogConfig: Setting CVar [[r.SceneColorFringeQuality:1]]
[2023.01.30-17.35.50:042][  0]LogConfig: Setting CVar [[r.EyeAdaptationQuality:2]]
[2023.01.30-17.35.50:042][  0]LogConfig: Setting CVar [[r.BloomQuality:5]]
[2023.01.30-17.35.50:042][  0]LogConfig: Setting CVar [[r.FastBlurThreshold:100]]
[2023.01.30-17.35.50:042][  0]LogConfig: Setting CVar [[r.Upscale.Quality:3]]
[2023.01.30-17.35.50:042][  0]LogConfig: Setting CVar [[r.Tonemapper.GrainQuantization:1]]
[2023.01.30-17.35.50:042][  0]LogConfig: Setting CVar [[r.LightShaftQuality:1]]
[2023.01.30-17.35.50:042][  0]LogConfig: Setting CVar [[r.Filter.SizeScale:1]]
[2023.01.30-17.35.50:042][  0]LogConfig: Setting CVar [[r.Tonemapper.Quality:5]]
[2023.01.30-17.35.50:042][  0]LogConfig: Setting CVar [[r.DOF.Gather.AccumulatorQuality:1        ; higher gathering accumulator quality]]
[2023.01.30-17.35.50:042][  0]LogConfig: Setting CVar [[r.DOF.Gather.PostfilterMethod:1          ; Median3x3 postfilering method]]
[2023.01.30-17.35.50:042][  0]LogConfig: Setting CVar [[r.DOF.Gather.EnableBokehSettings:0       ; no bokeh simulation when gathering]]
[2023.01.30-17.35.50:042][  0]LogConfig: Setting CVar [[r.DOF.Gather.RingCount:4                 ; medium number of samples when gathering]]
[2023.01.30-17.35.50:042][  0]LogConfig: Setting CVar [[r.DOF.Scatter.ForegroundCompositing:1    ; additive foreground scattering]]
[2023.01.30-17.35.50:042][  0]LogConfig: Setting CVar [[r.DOF.Scatter.BackgroundCompositing:2    ; additive background scattering]]
[2023.01.30-17.35.50:042][  0]LogConfig: Setting CVar [[r.DOF.Scatter.EnableBokehSettings:1      ; bokeh simulation when scattering]]
[2023.01.30-17.35.50:042][  0]LogConfig: Setting CVar [[r.DOF.Scatter.MaxSpriteRatio:0.1         ; only a maximum of 10% of scattered bokeh]]
[2023.01.30-17.35.50:042][  0]LogConfig: Setting CVar [[r.DOF.Recombine.Quality:1                ; cheap slight out of focus]]
[2023.01.30-17.35.50:042][  0]LogConfig: Setting CVar [[r.DOF.Recombine.EnableBokehSettings:0    ; no bokeh simulation on slight out of focus]]
[2023.01.30-17.35.50:042][  0]LogConfig: Setting CVar [[r.DOF.TemporalAAQuality:1                ; more stable temporal accumulation]]
[2023.01.30-17.35.50:042][  0]LogConfig: Setting CVar [[r.DOF.Kernel.MaxForegroundRadius:0.025]]
[2023.01.30-17.35.50:042][  0]LogConfig: Setting CVar [[r.DOF.Kernel.MaxBackgroundRadius:0.025]]
[2023.01.30-17.35.50:042][  0]LogConfig: Applying CVar settings from Section [TextureQuality@3] File [C:/Users/B1035382/Documents/GitHub/TwonicJMRepo/UnrealProject/Saved/Config/Windows/Scalability.ini]
[2023.01.30-17.35.50:042][  0]LogConfig: Setting CVar [[r.Streaming.MipBias:0]]
[2023.01.30-17.35.50:042][  0]LogConfig: Setting CVar [[r.Streaming.AmortizeCPUToGPUCopy:0]]
[2023.01.30-17.35.50:042][  0]LogConfig: Setting CVar [[r.Streaming.MaxNumTexturesToStreamPerFrame:0]]
[2023.01.30-17.35.50:042][  0]LogConfig: Setting CVar [[r.Streaming.Boost:1]]
[2023.01.30-17.35.50:042][  0]LogConfig: Setting CVar [[r.MaxAnisotropy:8]]
[2023.01.30-17.35.50:042][  0]LogConfig: Setting CVar [[r.VT.MaxAnisotropy:8]]
[2023.01.30-17.35.50:042][  0]LogConfig: Setting CVar [[r.Streaming.LimitPoolSizeToVRAM:0]]
[2023.01.30-17.35.50:042][  0]LogConfig: Setting CVar [[r.Streaming.PoolSize:1000]]
[2023.01.30-17.35.50:042][  0]LogConfig: Setting CVar [[r.Streaming.MaxEffectiveScreenSize:0]]
[2023.01.30-17.35.50:042][  0]LogConfig: Applying CVar settings from Section [EffectsQuality@3] File [C:/Users/B1035382/Documents/GitHub/TwonicJMRepo/UnrealProject/Saved/Config/Windows/Scalability.ini]
[2023.01.30-17.35.50:042][  0]LogConfig: Setting CVar [[r.TranslucencyLightingVolumeDim:64]]
[2023.01.30-17.35.50:042][  0]LogConfig: Setting CVar [[r.RefractionQuality:2]]
[2023.01.30-17.35.50:042][  0]LogConfig: Setting CVar [[r.SSR.Quality:3]]
[2023.01.30-17.35.50:042][  0]LogConfig: Setting CVar [[r.SSR.HalfResSceneColor:0]]
[2023.01.30-17.35.50:042][  0]LogConfig: Setting CVar [[r.SceneColorFormat:4]]
[2023.01.30-17.35.50:042][  0]LogConfig: Setting CVar [[r.DetailMode:2]]
[2023.01.30-17.35.50:042][  0]LogConfig: Setting CVar [[r.TranslucencyVolumeBlur:1]]
[2023.01.30-17.35.50:042][  0]LogConfig: Setting CVar [[r.MaterialQualityLevel:1 ; High quality]]
[2023.01.30-17.35.50:042][  0]LogConfig: Setting CVar [[r.AnisotropicMaterials:1]]
[2023.01.30-17.35.50:042][  0]LogConfig: Setting CVar [[r.SSS.Scale:1]]
[2023.01.30-17.35.50:042][  0]LogConfig: Setting CVar [[r.SSS.SampleSet:2]]
[2023.01.30-17.35.50:042][  0]LogConfig: Setting CVar [[r.SSS.Quality:1]]
[2023.01.30-17.35.50:042][  0]LogConfig: Setting CVar [[r.SSS.HalfRes:0]]
[2023.01.30-17.35.50:042][  0]LogConfig: Setting CVar [[r.SSGI.Quality:3]]
[2023.01.30-17.35.50:042][  0]LogConfig: Setting CVar [[r.EmitterSpawnRateScale:1.0]]
[2023.01.30-17.35.50:042][  0]LogConfig: Setting CVar [[r.ParticleLightQuality:2]]
[2023.01.30-17.35.50:042][  0]LogConfig: Setting CVar [[r.SkyAtmosphere.AerialPerspectiveLUT.FastApplyOnOpaque:1 ; Always have FastSkyLUT 1 in this case to avoid wrong sky]]
[2023.01.30-17.35.50:042][  0]LogConfig: Setting CVar [[r.SkyAtmosphere.AerialPerspectiveLUT.SampleCountMaxPerSlice:4]]
[2023.01.30-17.35.50:042][  0]LogConfig: Setting CVar [[r.SkyAtmosphere.AerialPerspectiveLUT.DepthResolution:16.0]]
[2023.01.30-17.35.50:042][  0]LogConfig: Setting CVar [[r.SkyAtmosphere.FastSkyLUT:1]]
[2023.01.30-17.35.50:042][  0]LogConfig: Setting CVar [[r.SkyAtmosphere.FastSkyLUT.SampleCountMin:4.0]]
[2023.01.30-17.35.50:042][  0]LogConfig: Setting CVar [[r.SkyAtmosphere.FastSkyLUT.SampleCountMax:128.0]]
[2023.01.30-17.35.50:042][  0]LogConfig: Setting CVar [[r.SkyAtmosphere.SampleCountMin:4.0]]
[2023.01.30-17.35.50:042][  0]LogConfig: Setting CVar [[r.SkyAtmosphere.SampleCountMax:128.0]]
[2023.01.30-17.35.50:042][  0]LogConfig: Setting CVar [[r.SkyAtmosphere.TransmittanceLUT.UseSmallFormat:0]]
[2023.01.30-17.35.50:042][  0]LogConfig: Setting CVar [[r.SkyAtmosphere.TransmittanceLUT.SampleCount:10.0]]
[2023.01.30-17.35.50:042][  0]LogConfig: Setting CVar [[r.SkyAtmosphere.MultiScatteringLUT.SampleCount:15.0]]
[2023.01.30-17.35.50:042][  0]LogConfig: Setting CVar [[r.SkyLight.RealTimeReflectionCapture:1]]
[2023.01.30-17.35.50:042][  0]LogConfig: Applying CVar settings from Section [FoliageQuality@3] File [C:/Users/B1035382/Documents/GitHub/TwonicJMRepo/UnrealProject/Saved/Config/Windows/Scalability.ini]
[2023.01.30-17.35.50:042][  0]LogConfig: Setting CVar [[foliage.DensityScale:1.0]]
[2023.01.30-17.35.50:042][  0]LogConfig: Setting CVar [[grass.DensityScale:1.0]]
[2023.01.30-17.35.50:042][  0]LogConfig: Applying CVar settings from Section [ShadingQuality@3] File [C:/Users/B1035382/Documents/GitHub/TwonicJMRepo/UnrealProject/Saved/Config/Windows/Scalability.ini]
[2023.01.30-17.35.50:042][  0]LogConfig: Setting CVar [[r.HairStrands.SkyLighting.IntegrationType:2]]
[2023.01.30-17.35.50:042][  0]LogConfig: Setting CVar [[r.HairStrands.SkyAO.SampleCount:4]]
[2023.01.30-17.35.50:042][  0]LogConfig: Setting CVar [[r.HairStrands.Visibility.MSAA.SamplePerPixel:4]]
[2023.01.30-17.35.50:042][  0]LogInit: Selected Device Profile: [Windows]
[2023.01.30-17.35.50:042][  0]LogInit: Applying CVar settings loaded from the selected device profile: [Windows]
[2023.01.30-17.35.50:042][  0]LogHAL: Display: Platform has ~ 64 GB [68410646528 / 68719476736 / 64], which maps to Largest [LargestMinGB=32, LargerMinGB=12, DefaultMinGB=8, SmallerMinGB=6, SmallestMinGB=0)
[2023.01.30-17.35.50:042][  0]LogInit: Going up to parent DeviceProfile []
[2023.01.30-17.35.50:042][  0]LogConfig: Applying CVar settings from Section [ViewDistanceQuality@3] File [C:/Users/B1035382/Documents/GitHub/TwonicJMRepo/UnrealProject/Saved/Config/Windows/Scalability.ini]
[2023.01.30-17.35.50:042][  0]LogConfig: Setting CVar [[r.SkeletalMeshLODBias:0]]
[2023.01.30-17.35.50:042][  0]LogConfig: Setting CVar [[r.ViewDistanceScale:1.0]]
[2023.01.30-17.35.50:042][  0]LogConfig: Applying CVar settings from Section [AntiAliasingQuality@3] File [C:/Users/B1035382/Documents/GitHub/TwonicJMRepo/UnrealProject/Saved/Config/Windows/Scalability.ini]
[2023.01.30-17.35.50:042][  0]LogConfig: Setting CVar [[r.PostProcessAAQuality:4]]
[2023.01.30-17.35.50:043][  0]LogConfig: Applying CVar settings from Section [ShadowQuality@3] File [C:/Users/B1035382/Documents/GitHub/TwonicJMRepo/UnrealProject/Saved/Config/Windows/Scalability.ini]
[2023.01.30-17.35.50:043][  0]LogConfig: Setting CVar [[r.LightFunctionQuality:1]]
[2023.01.30-17.35.50:043][  0]LogConfig: Setting CVar [[r.ShadowQuality:5]]
[2023.01.30-17.35.50:043][  0]LogConfig: Setting CVar [[r.Shadow.CSM.MaxCascades:10]]
[2023.01.30-17.35.50:043][  0]LogConfig: Setting CVar [[r.Shadow.MaxResolution:2048]]
[2023.01.30-17.35.50:043][  0]LogConfig: Setting CVar [[r.Shadow.MaxCSMResolution:2048]]
[2023.01.30-17.35.50:043][  0]LogConfig: Setting CVar [[r.Shadow.RadiusThreshold:0.01]]
[2023.01.30-17.35.50:043][  0]LogConfig: Setting CVar [[r.Shadow.DistanceScale:1.0]]
[2023.01.30-17.35.50:043][  0]LogConfig: Setting CVar [[r.Shadow.CSM.TransitionScale:1.0]]
[2023.01.30-17.35.50:043][  0]LogConfig: Setting CVar [[r.Shadow.PreShadowResolutionFactor:1.0]]
[2023.01.30-17.35.50:043][  0]LogConfig: Setting CVar [[r.DistanceFieldShadowing:1]]
[2023.01.30-17.35.50:043][  0]LogConfig: Setting CVar [[r.DistanceFieldAO:1]]
[2023.01.30-17.35.50:043][  0]LogConfig: Setting CVar [[r.AOQuality:2]]
[2023.01.30-17.35.50:043][  0]LogConfig: Setting CVar [[r.VolumetricFog:1]]
[2023.01.30-17.35.50:043][  0]LogConfig: Setting CVar [[r.VolumetricFog.GridPixelSize:8]]
[2023.01.30-17.35.50:043][  0]LogConfig: Setting CVar [[r.VolumetricFog.GridSizeZ:128]]
[2023.01.30-17.35.50:043][  0]LogConfig: Setting CVar [[r.VolumetricFog.HistoryMissSupersampleCount:4]]
[2023.01.30-17.35.50:043][  0]LogConfig: Setting CVar [[r.LightMaxDrawDistanceScale:1]]
[2023.01.30-17.35.50:043][  0]LogConfig: Setting CVar [[r.CapsuleShadows:1]]
[2023.01.30-17.35.50:043][  0]LogConfig: Applying CVar settings from Section [PostProcessQuality@3] File [C:/Users/B1035382/Documents/GitHub/TwonicJMRepo/UnrealProject/Saved/Config/Windows/Scalability.ini]
[2023.01.30-17.35.50:043][  0]LogConfig: Setting CVar [[r.MotionBlurQuality:4]]
[2023.01.30-17.35.50:043][  0]LogConfig: Setting CVar [[r.AmbientOcclusionMipLevelFactor:0.4]]
[2023.01.30-17.35.50:043][  0]LogConfig: Setting CVar [[r.AmbientOcclusionMaxQuality:100]]
[2023.01.30-17.35.50:043][  0]LogConfig: Setting CVar [[r.AmbientOcclusionLevels:-1]]
[2023.01.30-17.35.50:043][  0]LogConfig: Setting CVar [[r.AmbientOcclusionRadiusScale:1.0]]
[2023.01.30-17.35.50:043][  0]LogConfig: Setting CVar [[r.DepthOfFieldQuality:2]]
[2023.01.30-17.35.50:043][  0]LogConfig: Setting CVar [[r.RenderTargetPoolMin:400]]
[2023.01.30-17.35.50:043][  0]LogConfig: Setting CVar [[r.LensFlareQuality:2]]
[2023.01.30-17.35.50:043][  0]LogConfig: Setting CVar [[r.SceneColorFringeQuality:1]]
[2023.01.30-17.35.50:043][  0]LogConfig: Setting CVar [[r.EyeAdaptationQuality:2]]
[2023.01.30-17.35.50:043][  0]LogConfig: Setting CVar [[r.BloomQuality:5]]
[2023.01.30-17.35.50:043][  0]LogConfig: Setting CVar [[r.FastBlurThreshold:100]]
[2023.01.30-17.35.50:043][  0]LogConfig: Setting CVar [[r.Upscale.Quality:3]]
[2023.01.30-17.35.50:043][  0]LogConfig: Setting CVar [[r.Tonemapper.GrainQuantization:1]]
[2023.01.30-17.35.50:043][  0]LogConfig: Setting CVar [[r.LightShaftQuality:1]]
[2023.01.30-17.35.50:043][  0]LogConfig: Setting CVar [[r.Filter.SizeScale:1]]
[2023.01.30-17.35.50:043][  0]LogConfig: Setting CVar [[r.Tonemapper.Quality:5]]
[2023.01.30-17.35.50:043][  0]LogConfig: Setting CVar [[r.DOF.Gather.AccumulatorQuality:1        ; higher gathering accumulator quality]]
[2023.01.30-17.35.50:043][  0]LogConfig: Setting CVar [[r.DOF.Gather.PostfilterMethod:1          ; Median3x3 postfilering method]]
[2023.01.30-17.35.50:043][  0]LogConfig: Setting CVar [[r.DOF.Gather.EnableBokehSettings:0       ; no bokeh simulation when gathering]]
[2023.01.30-17.35.50:043][  0]LogConfig: Setting CVar [[r.DOF.Gather.RingCount:4                 ; medium number of samples when gathering]]
[2023.01.30-17.35.50:043][  0]LogConfig: Setting CVar [[r.DOF.Scatter.ForegroundCompositing:1    ; additive foreground scattering]]
[2023.01.30-17.35.50:043][  0]LogConfig: Setting CVar [[r.DOF.Scatter.BackgroundCompositing:2    ; additive background scattering]]
[2023.01.30-17.35.50:043][  0]LogConfig: Setting CVar [[r.DOF.Scatter.EnableBokehSettings:1      ; bokeh simulation when scattering]]
[2023.01.30-17.35.50:043][  0]LogConfig: Setting CVar [[r.DOF.Scatter.MaxSpriteRatio:0.1         ; only a maximum of 10% of scattered bokeh]]
[2023.01.30-17.35.50:043][  0]LogConfig: Setting CVar [[r.DOF.Recombine.Quality:1                ; cheap slight out of focus]]
[2023.01.30-17.35.50:043][  0]LogConfig: Setting CVar [[r.DOF.Recombine.EnableBokehSettings:0    ; no bokeh simulation on slight out of focus]]
[2023.01.30-17.35.50:043][  0]LogConfig: Setting CVar [[r.DOF.TemporalAAQuality:1                ; more stable temporal accumulation]]
[2023.01.30-17.35.50:043][  0]LogConfig: Setting CVar [[r.DOF.Kernel.MaxForegroundRadius:0.025]]
[2023.01.30-17.35.50:043][  0]LogConfig: Setting CVar [[r.DOF.Kernel.MaxBackgroundRadius:0.025]]
[2023.01.30-17.35.50:043][  0]LogConfig: Applying CVar settings from Section [TextureQuality@3] File [C:/Users/B1035382/Documents/GitHub/TwonicJMRepo/UnrealProject/Saved/Config/Windows/Scalability.ini]
[2023.01.30-17.35.50:043][  0]LogConfig: Setting CVar [[r.Streaming.MipBias:0]]
[2023.01.30-17.35.50:043][  0]LogConfig: Setting CVar [[r.Streaming.AmortizeCPUToGPUCopy:0]]
[2023.01.30-17.35.50:043][  0]LogConfig: Setting CVar [[r.Streaming.MaxNumTexturesToStreamPerFrame:0]]
[2023.01.30-17.35.50:043][  0]LogConfig: Setting CVar [[r.Streaming.Boost:1]]
[2023.01.30-17.35.50:043][  0]LogConfig: Setting CVar [[r.MaxAnisotropy:8]]
[2023.01.30-17.35.50:043][  0]LogConfig: Setting CVar [[r.VT.MaxAnisotropy:8]]
[2023.01.30-17.35.50:043][  0]LogConfig: Setting CVar [[r.Streaming.LimitPoolSizeToVRAM:0]]
[2023.01.30-17.35.50:043][  0]LogConfig: Setting CVar [[r.Streaming.PoolSize:1000]]
[2023.01.30-17.35.50:043][  0]LogConfig: Setting CVar [[r.Streaming.MaxEffectiveScreenSize:0]]
[2023.01.30-17.35.50:043][  0]LogConfig: Applying CVar settings from Section [EffectsQuality@3] File [C:/Users/B1035382/Documents/GitHub/TwonicJMRepo/UnrealProject/Saved/Config/Windows/Scalability.ini]
[2023.01.30-17.35.50:043][  0]LogConfig: Setting CVar [[r.TranslucencyLightingVolumeDim:64]]
[2023.01.30-17.35.50:043][  0]LogConfig: Setting CVar [[r.RefractionQuality:2]]
[2023.01.30-17.35.50:043][  0]LogConfig: Setting CVar [[r.SSR.Quality:3]]
[2023.01.30-17.35.50:043][  0]LogConfig: Setting CVar [[r.SSR.HalfResSceneColor:0]]
[2023.01.30-17.35.50:043][  0]LogConfig: Setting CVar [[r.SceneColorFormat:4]]
[2023.01.30-17.35.50:043][  0]LogConfig: Setting CVar [[r.DetailMode:2]]
[2023.01.30-17.35.50:043][  0]LogConfig: Setting CVar [[r.TranslucencyVolumeBlur:1]]
[2023.01.30-17.35.50:043][  0]LogConfig: Setting CVar [[r.MaterialQualityLevel:1 ; High quality]]
[2023.01.30-17.35.50:043][  0]LogConfig: Setting CVar [[r.AnisotropicMaterials:1]]
[2023.01.30-17.35.50:043][  0]LogConfig: Setting CVar [[r.SSS.Scale:1]]
[2023.01.30-17.35.50:043][  0]LogConfig: Setting CVar [[r.SSS.SampleSet:2]]
[2023.01.30-17.35.50:043][  0]LogConfig: Setting CVar [[r.SSS.Quality:1]]
[2023.01.30-17.35.50:043][  0]LogConfig: Setting CVar [[r.SSS.HalfRes:0]]
[2023.01.30-17.35.50:043][  0]LogConfig: Setting CVar [[r.SSGI.Quality:3]]
[2023.01.30-17.35.50:043][  0]LogConfig: Setting CVar [[r.EmitterSpawnRateScale:1.0]]
[2023.01.30-17.35.50:043][  0]LogConfig: Setting CVar [[r.ParticleLightQuality:2]]
[2023.01.30-17.35.50:043][  0]LogConfig: Setting CVar [[r.SkyAtmosphere.AerialPerspectiveLUT.FastApplyOnOpaque:1 ; Always have FastSkyLUT 1 in this case to avoid wrong sky]]
[2023.01.30-17.35.50:043][  0]LogConfig: Setting CVar [[r.SkyAtmosphere.AerialPerspectiveLUT.SampleCountMaxPerSlice:4]]
[2023.01.30-17.35.50:043][  0]LogConfig: Setting CVar [[r.SkyAtmosphere.AerialPerspectiveLUT.DepthResolution:16.0]]
[2023.01.30-17.35.50:043][  0]LogConfig: Setting CVar [[r.SkyAtmosphere.FastSkyLUT:1]]
[2023.01.30-17.35.50:043][  0]LogConfig: Setting CVar [[r.SkyAtmosphere.FastSkyLUT.SampleCountMin:4.0]]
[2023.01.30-17.35.50:043][  0]LogConfig: Setting CVar [[r.SkyAtmosphere.FastSkyLUT.SampleCountMax:128.0]]
[2023.01.30-17.35.50:043][  0]LogConfig: Setting CVar [[r.SkyAtmosphere.SampleCountMin:4.0]]
[2023.01.30-17.35.50:043][  0]LogConfig: Setting CVar [[r.SkyAtmosphere.SampleCountMax:128.0]]
[2023.01.30-17.35.50:043][  0]LogConfig: Setting CVar [[r.SkyAtmosphere.TransmittanceLUT.UseSmallFormat:0]]
[2023.01.30-17.35.50:043][  0]LogConfig: Setting CVar [[r.SkyAtmosphere.TransmittanceLUT.SampleCount:10.0]]
[2023.01.30-17.35.50:043][  0]LogConfig: Setting CVar [[r.SkyAtmosphere.MultiScatteringLUT.SampleCount:15.0]]
[2023.01.30-17.35.50:043][  0]LogConfig: Setting CVar [[r.SkyLight.RealTimeReflectionCapture:1]]
[2023.01.30-17.35.50:043][  0]LogConfig: Applying CVar settings from Section [FoliageQuality@3] File [C:/Users/B1035382/Documents/GitHub/TwonicJMRepo/UnrealProject/Saved/Config/Windows/Scalability.ini]
[2023.01.30-17.35.50:043][  0]LogConfig: Setting CVar [[foliage.DensityScale:1.0]]
[2023.01.30-17.35.50:043][  0]LogConfig: Setting CVar [[grass.DensityScale:1.0]]
[2023.01.30-17.35.50:043][  0]LogConfig: Applying CVar settings from Section [ShadingQuality@3] File [C:/Users/B1035382/Documents/GitHub/TwonicJMRepo/UnrealProject/Saved/Config/Windows/Scalability.ini]
[2023.01.30-17.35.50:043][  0]LogConfig: Setting CVar [[r.HairStrands.SkyLighting.IntegrationType:2]]
[2023.01.30-17.35.50:043][  0]LogConfig: Setting CVar [[r.HairStrands.SkyAO.SampleCount:4]]
[2023.01.30-17.35.50:043][  0]LogConfig: Setting CVar [[r.HairStrands.Visibility.MSAA.SamplePerPixel:4]]
[2023.01.30-17.35.50:043][  0]LogConfig: Applying CVar settings from Section [Startup] File [../../../Engine/Config/ConsoleVariables.ini]
[2023.01.30-17.35.50:043][  0]LogConfig: Setting CVar [[net.UseAdaptiveNetUpdateFrequency:0]]
[2023.01.30-17.35.50:043][  0]LogConfig: Setting CVar [[p.chaos.AllowCreatePhysxBodies:1]]
[2023.01.30-17.35.50:043][  0]LogConfig: Setting CVar [[fx.SkipVectorVMBackendOptimizations:1]]
[2023.01.30-17.35.50:043][  0]LogConfig: Applying CVar settings from Section [ConsoleVariables] File [C:/Users/B1035382/Documents/GitHub/TwonicJMRepo/UnrealProject/Saved/Config/Windows/Engine.ini]
[2023.01.30-17.35.50:043][  0]LogConfig: Applying CVar settings from Section [ConsoleVariables] File [C:/Users/B1035382/Documents/GitHub/TwonicJMRepo/UnrealProject/Saved/Config/Windows/Editor.ini]
[2023.01.30-17.35.50:043][  0]LogInit: Computer: TU42860
[2023.01.30-17.35.50:043][  0]LogInit: User: B1035382
[2023.01.30-17.35.50:043][  0]LogInit: CPU Page size=4096, Cores=12
[2023.01.30-17.35.50:043][  0]LogInit: High frequency timer resolution =10.000000 MHz
[2023.01.30-17.35.50:043][  0]LogMemory: Memory total: Physical=63.7GB (64GB approx)
[2023.01.30-17.35.50:043][  0]LogMemory: Platform Memory Stats for Windows
[2023.01.30-17.35.50:043][  0]LogMemory: Process Physical Memory: 146.79 MB used, 146.80 MB peak
[2023.01.30-17.35.50:043][  0]LogMemory: Process Virtual Memory: 128.93 MB used, 128.93 MB peak
[2023.01.30-17.35.50:043][  0]LogMemory: Physical Memory: 8824.90 MB used,  56416.58 MB free, 65241.48 MB total
[2023.01.30-17.35.50:043][  0]LogMemory: Virtual Memory: 134153520.00 MB used,  64207.54 MB free, 134217728.00 MB total
[2023.01.30-17.35.50:048][  0]LogWindows: WindowsPlatformFeatures enabled
[2023.01.30-17.35.50:097][  0]LogInit: Physics initialised using underlying interface: PhysX
[2023.01.30-17.35.50:098][  0]LogInit: Using OS detected language (en-GB).
[2023.01.30-17.35.50:098][  0]LogInit: Using OS detected locale (en-GB).
[2023.01.30-17.35.50:101][  0]LogTextLocalizationManager: No specific localization for 'en-GB' exists, so the 'en' localization will be used.
[2023.01.30-17.35.50:203][  0]LogInit: Setting process to per monitor DPI aware
[2023.01.30-17.35.50:216][  0]LogWindowsTextInputMethodSystem: Display: IME system deactivated.
[2023.01.30-17.35.50:229][  0]LogSlate: New Slate User Created.  User Index 0, Is Virtual User: 0
[2023.01.30-17.35.50:229][  0]LogSlate: Slate User Registered.  User Index 0, Is Virtual User: 0
[2023.01.30-17.35.50:319][  0]LogD3D11RHI: Loaded GFSDK_Aftermath_Lib.x64.dll
[2023.01.30-17.35.50:322][  0]LogHMD: Failed to initialize OpenVR with code 110
[2023.01.30-17.35.50:322][  0]LogD3D11RHI: D3D11 min allowed feature level: 11_0
[2023.01.30-17.35.50:322][  0]LogD3D11RHI: D3D11 max allowed feature level: 11_0
[2023.01.30-17.35.50:322][  0]LogD3D11RHI: D3D11 adapters:
[2023.01.30-17.35.50:415][  0]LogD3D11RHI:    0. 'NVIDIA GeForce RTX 3080' (Feature Level 11_0)
[2023.01.30-17.35.50:415][  0]LogD3D11RHI:       10078/0/32620 MB DedicatedVideo/DedicatedSystem/SharedSystem, Outputs:2, VendorId:0x10de
[2023.01.30-17.35.50:459][  0]LogD3D11RHI:    1. 'Intel(R) UHD Graphics 770' (Feature Level 11_0)
[2023.01.30-17.35.50:459][  0]LogD3D11RHI:       128/0/32620 MB DedicatedVideo/DedicatedSystem/SharedSystem, Outputs:0, VendorId:0x8086
[2023.01.30-17.35.50:461][  0]LogD3D11RHI:    2. 'Microsoft Basic Render Driver' (Feature Level 11_0)
[2023.01.30-17.35.50:461][  0]LogD3D11RHI:       0/0/32620 MB DedicatedVideo/DedicatedSystem/SharedSystem, Outputs:0, VendorId:0x1414
[2023.01.30-17.35.50:461][  0]LogD3D11RHI: Chosen D3D11 Adapter:
[2023.01.30-17.35.50:461][  0]LogD3D11RHI:     Description : NVIDIA GeForce RTX 3080
[2023.01.30-17.35.50:461][  0]LogD3D11RHI:     VendorId    : 10de
[2023.01.30-17.35.50:461][  0]LogD3D11RHI:     DeviceId    : 2216
[2023.01.30-17.35.50:461][  0]LogD3D11RHI:     SubSysId    : 88d7103c
[2023.01.30-17.35.50:461][  0]LogD3D11RHI:     Revision    : 00a1
[2023.01.30-17.35.50:461][  0]LogD3D11RHI:     DedicatedVideoMemory : 10567548928 bytes
[2023.01.30-17.35.50:461][  0]LogD3D11RHI:     DedicatedSystemMemory : 0 bytes
[2023.01.30-17.35.50:461][  0]LogD3D11RHI:     SharedSystemMemory : 34205323264 bytes
[2023.01.30-17.35.50:461][  0]LogD3D11RHI:     AdapterLuid : 0 213050
[2023.01.30-17.35.50:465][  0]LogD3D11RHI: Creating new Direct3DDevice
[2023.01.30-17.35.50:465][  0]LogD3D11RHI:     GPU DeviceId: 0x2216 (for the marketing name, search the web for "GPU Device Id")
[2023.01.30-17.35.50:465][  0]LogWindows: EnumDisplayDevices:
[2023.01.30-17.35.50:465][  0]LogWindows:    0. 'NVIDIA GeForce RTX 3080' (P:1 D:1)
[2023.01.30-17.35.50:465][  0]LogWindows:    1. 'NVIDIA GeForce RTX 3080' (P:0 D:1)
[2023.01.30-17.35.50:465][  0]LogWindows:    2. 'NVIDIA GeForce RTX 3080' (P:0 D:0)
[2023.01.30-17.35.50:466][  0]LogWindows:    3. 'NVIDIA GeForce RTX 3080' (P:0 D:0)
[2023.01.30-17.35.50:466][  0]LogWindows:    4. 'Intel(R) UHD Graphics 770' (P:0 D:0)
[2023.01.30-17.35.50:466][  0]LogWindows:    5. 'Intel(R) UHD Graphics 770' (P:0 D:0)
[2023.01.30-17.35.50:466][  0]LogWindows:    6. 'Intel(R) UHD Graphics 770' (P:0 D:0)
[2023.01.30-17.35.50:467][  0]LogWindows:    7. 'Intel(R) UHD Graphics 770' (P:0 D:0)
[2023.01.30-17.35.50:467][  0]LogWindows: DebugString: PrimaryIsNotTheChoosenAdapter PrimaryIsNotTheChoosenAdapter PrimaryIsNotTheChoosenAdapter PrimaryIsNotTheChoosenAdapter FoundDriverCount:4 
[2023.01.30-17.35.50:467][  0]LogD3D11RHI:     Adapter Name: NVIDIA GeForce RTX 3080
[2023.01.30-17.35.50:467][  0]LogD3D11RHI:   Driver Version: 516.59 (internal:31.0.15.1659, unified:516.59)
[2023.01.30-17.35.50:467][  0]LogD3D11RHI:      Driver Date: 6-23-2022
[2023.01.30-17.35.50:467][  0]LogRHI: Texture pool is 7054 MB (70% of 10078 MB)
[2023.01.30-17.35.50:467][  0]LogD3D11RHI: Creating D3DDevice using adapter:
[2023.01.30-17.35.50:467][  0]LogD3D11RHI:     Description : NVIDIA GeForce RTX 3080
[2023.01.30-17.35.50:467][  0]LogD3D11RHI:     VendorId    : 10de
[2023.01.30-17.35.50:467][  0]LogD3D11RHI:     DeviceId    : 2216
[2023.01.30-17.35.50:467][  0]LogD3D11RHI:     SubSysId    : 88d7103c
[2023.01.30-17.35.50:467][  0]LogD3D11RHI:     Revision    : 00a1
[2023.01.30-17.35.50:467][  0]LogD3D11RHI:     DedicatedVideoMemory : 10567548928 bytes
[2023.01.30-17.35.50:467][  0]LogD3D11RHI:     DedicatedSystemMemory : 0 bytes
[2023.01.30-17.35.50:467][  0]LogD3D11RHI:     SharedSystemMemory : 34205323264 bytes
[2023.01.30-17.35.50:467][  0]LogD3D11RHI:     AdapterLuid : 0 213050
[2023.01.30-17.35.50:514][  0]LogD3D11RHI: RHI has support for 64 bit atomics
[2023.01.30-17.35.50:514][  0]LogD3D11RHI: Async texture creation enabled
[2023.01.30-17.35.50:514][  0]LogD3D11RHI: Array index from any shader is supported
[2023.01.30-17.35.50:526][  0]LogD3D11RHI: GPU Timing Frequency: 1000.000000 (Debug: 2 1)
[2023.01.30-17.35.50:551][  0]LogRHI: GeForceNow SDK initialized: 1
[2023.01.30-17.35.50:787][  0]LogTargetPlatformManager: Display: Loaded TargetPlatform 'AllDesktop'
[2023.01.30-17.35.50:800][  0]LogTargetPlatformManager: Display: Loaded TargetPlatform 'Android'
[2023.01.30-17.35.50:800][  0]LogTargetPlatformManager: Display: Loaded TargetPlatform 'Android_ASTC'
[2023.01.30-17.35.50:800][  0]LogTargetPlatformManager: Display: Loaded TargetPlatform 'Android_DXT'
[2023.01.30-17.35.50:800][  0]LogTargetPlatformManager: Display: Loaded TargetPlatform 'Android_ETC2'
[2023.01.30-17.35.50:800][  0]LogTargetPlatformManager: Display: Loaded TargetPlatform 'AndroidClient'
[2023.01.30-17.35.50:800][  0]LogTargetPlatformManager: Display: Loaded TargetPlatform 'Android_ASTCClient'
[2023.01.30-17.35.50:800][  0]LogTargetPlatformManager: Display: Loaded TargetPlatform 'Android_DXTClient'
[2023.01.30-17.35.50:800][  0]LogTargetPlatformManager: Display: Loaded TargetPlatform 'Android_ETC2Client'
[2023.01.30-17.35.50:800][  0]LogTargetPlatformManager: Display: Loaded TargetPlatform 'Android_Multi'
[2023.01.30-17.35.50:800][  0]LogTargetPlatformManager: Display: Loaded TargetPlatform 'Android_MultiClient'
[2023.01.30-17.35.50:814][  0]LogTargetPlatformManager: Display: Loaded TargetPlatform 'IOSClient'
[2023.01.30-17.35.50:814][  0]LogTargetPlatformManager: Display: Loaded TargetPlatform 'IOS'
[2023.01.30-17.35.50:820][  0]LogTargetPlatformManager: Display: Loaded TargetPlatform 'Linux'
[2023.01.30-17.35.50:824][  0]LogTargetPlatformManager: Display: Loaded TargetPlatform 'LinuxNoEditor'
[2023.01.30-17.35.50:827][  0]LogTargetPlatformManager: Display: Loaded TargetPlatform 'LinuxClient'
[2023.01.30-17.35.50:830][  0]LogTargetPlatformManager: Display: Loaded TargetPlatform 'LinuxServer'
[2023.01.30-17.35.50:836][  0]LogTargetPlatformManager: Display: Loaded TargetPlatform 'LinuxAArch64NoEditor'
[2023.01.30-17.35.50:840][  0]LogTargetPlatformManager: Display: Loaded TargetPlatform 'LinuxAArch64Client'
[2023.01.30-17.35.50:843][  0]LogTargetPlatformManager: Display: Loaded TargetPlatform 'LinuxAArch64Server'
[2023.01.30-17.35.50:858][  0]LogTargetPlatformManager: Display: Loaded TargetPlatform 'Lumin'
[2023.01.30-17.35.50:858][  0]LogTargetPlatformManager: Display: Loaded TargetPlatform 'LuminClient'
[2023.01.30-17.35.50:864][  0]LogTargetPlatformManager: Display: Loaded TargetPlatform 'MacNoEditor'
[2023.01.30-17.35.50:867][  0]LogTargetPlatformManager: Display: Loaded TargetPlatform 'Mac'
[2023.01.30-17.35.50:870][  0]LogTargetPlatformManager: Display: Loaded TargetPlatform 'MacClient'
[2023.01.30-17.35.50:873][  0]LogTargetPlatformManager: Display: Loaded TargetPlatform 'MacServer'
[2023.01.30-17.35.50:880][  0]LogTargetPlatformManager: Display: Loaded TargetPlatform 'TVOSClient'
[2023.01.30-17.35.50:880][  0]LogTargetPlatformManager: Display: Loaded TargetPlatform 'TVOS'
[2023.01.30-17.35.50:886][  0]LogTargetPlatformManager: Display: Loaded TargetPlatform 'WindowsNoEditor'
[2023.01.30-17.35.50:889][  0]LogTargetPlatformManager: Display: Loaded TargetPlatform 'Windows'
[2023.01.30-17.35.50:893][  0]LogTargetPlatformManager: Display: Loaded TargetPlatform 'WindowsClient'
[2023.01.30-17.35.50:896][  0]LogTargetPlatformManager: Display: Loaded TargetPlatform 'WindowsServer'
[2023.01.30-17.35.50:896][  0]LogTargetPlatformManager: Display: Building Assets For Windows
[2023.01.30-17.35.50:903][  0]LogAudioDebug: Display: Lib vorbis DLL was dynamically loaded.
[2023.01.30-17.35.50:930][  0]LogTextureFormatOodle: Display: Oodle Texture 2.9.0 init RDO Off
[2023.01.30-17.35.50:956][  0]LogRendererCore: Ray tracing is disabled. Reason: r.RayTracing=0.
[2023.01.30-17.35.50:956][  0]LogShaderCompilers: Guid format shader working directory is -28 characters bigger than the processId version (../../../../../../Users/B1035382/Documents/GitHub/TwonicJMRepo/UnrealProject/Intermediate/Shaders/WorkingDirectory/11412/).
[2023.01.30-17.35.50:956][  0]LogShaderCompilers: Cleaned the shader compiler working directory 'C:/Users/B1035382/AppData/Local/Temp/UnrealShaderWorkingDir/BCB610634239761EDC9EB7AC14D582B5/'.
[2023.01.30-17.35.50:957][  0]LogXGEController: Cannot use XGE Controller as Incredibuild is not installed on this machine.
[2023.01.30-17.35.50:957][  0]LogShaderCompilers: Cannot use XGE Shader Compiler as Incredibuild is not installed on this machine.
[2023.01.30-17.35.50:957][  0]LogShaderCompilers: Display: Using Local Shader Compiler.
[2023.01.30-17.35.51:447][  0]LogDerivedDataCache: Display: Max Cache Size: 512 MB
[2023.01.30-17.35.51:486][  0]LogDerivedDataCache: Loaded boot cache 0.04s 96MB C:/Users/B1035382/AppData/Local/UnrealEngine/4.27/DerivedDataCache/Boot.ddc.
[2023.01.30-17.35.51:486][  0]LogDerivedDataCache: Display: Loaded Boot cache: C:/Users/B1035382/AppData/Local/UnrealEngine/4.27/DerivedDataCache/Boot.ddc
[2023.01.30-17.35.51:486][  0]LogDerivedDataCache: FDerivedDataBackendGraph:  Pak pak cache file ../../../../../../Users/B1035382/Documents/GitHub/TwonicJMRepo/UnrealProject/DerivedDataCache/DDC.ddp not found, will not use a pak cache.
[2023.01.30-17.35.51:486][  0]LogDerivedDataCache: Unable to find inner node Pak for hierarchical cache Hierarchy.
[2023.01.30-17.35.51:486][  0]LogDerivedDataCache: FDerivedDataBackendGraph:  CompressedPak pak cache file ../../../../../../Users/B1035382/Documents/GitHub/TwonicJMRepo/UnrealProject/DerivedDataCache/Compressed.ddp not found, will not use a pak cache.
[2023.01.30-17.35.51:486][  0]LogDerivedDataCache: Unable to find inner node CompressedPak for hierarchical cache Hierarchy.
[2023.01.30-17.35.51:497][  0]LogDerivedDataCache: Display: Pak cache opened for reading ../../../Engine/DerivedDataCache/Compressed.ddp.
[2023.01.30-17.35.51:497][  0]LogDerivedDataCache: FDerivedDataBackendGraph:  EnterprisePak pak cache file ../../../Enterprise/DerivedDataCache/Compressed.ddp not found, will not use a pak cache.
[2023.01.30-17.35.51:497][  0]LogDerivedDataCache: Unable to find inner node EnterprisePak for hierarchical cache Hierarchy.
[2023.01.30-17.35.51:511][  0]LogDerivedDataCache: Speed tests for C:/Users/B1035382/AppData/Local/UnrealEngine/Common/DerivedDataCache took 0.01 seconds
[2023.01.30-17.35.51:511][  0]LogDerivedDataCache: Display: Performance to C:/Users/B1035382/AppData/Local/UnrealEngine/Common/DerivedDataCache: Latency=0.02ms. RandomReadSpeed=1141.14MBs, RandomWriteSpeed=75.02MBs. Assigned SpeedClass 'Local'
[2023.01.30-17.35.51:511][  0]LogDerivedDataCache: Using Local data cache path C:/Users/B1035382/AppData/Local/UnrealEngine/Common/DerivedDataCache: Writable
[2023.01.30-17.35.51:512][  0]LogDerivedDataCache: Shared data cache path not found in *engine.ini, will not use an Shared cache.
[2023.01.30-17.35.51:512][  0]LogDerivedDataCache: Unable to find inner node Shared for hierarchical cache Hierarchy.
[2023.01.30-17.35.51:538][  0]LogSlate: Using FreeType 2.10.0
[2023.01.30-17.35.51:538][  0]LogSlate: SlateFontServices - WITH_FREETYPE: 1, WITH_HARFBUZZ: 1
[2023.01.30-17.35.51:555][  0]LogAssetRegistry: FAssetRegistry took 0.0020 seconds to start up
[2023.01.30-17.35.51:690][  0]LogInit: Selected Device Profile: [Windows]
[2023.01.30-17.35.51:690][  0]LogInit: Active device profile: [000001EB64752C00][000001EB567F21C0 49] Windows
[2023.01.30-17.35.51:690][  0]LogInit: Profiles: [000001EB64752C00][000001EB567F21C0 49] Windows, [000001EB646F1C00][000001EB6417A340 49] WindowsNoEditor, [000001EB64753A00][000001EB6417E4C0 49] WindowsServer, [000001EB646F2800][000001EB64182640 49] WindowsClient, [000001EB64751800][000001EB567F6780 49] IOS, [000001EB646F2D00][000001EB641868C0 49] iPadAir, [000001EB64752600][000001EB6418AA00 49] iPadAir2, [000001EB64695300][000001EB64196C80 49] IPadPro, [000001EB64695400][000001EB6418ECC0 49] iPadAir3, [000001EB646F2300][000001EB6419AE40 49] iPadAir4, [000001EB64696200][000001EB6419EFC0 49] iPadMini2, [000001EB646F0400][000001EB641A3140 49] iPadMini3, [000001EB64696E00][000001EB641A72C0 49] iPadMini4, [000001EB646F3800][000001EB641AB440 49] iPadMini5, [000001EB646C0C00][000001EB641B3700 49] iPhone6, [000001EB646C0D00][000001EB641AF740 49] iPodTouch6, [000001EB64751C00][000001EB641BBA00 49] iPhone7, [000001EB64751B00][000001EB641B7A40 49] iPodTouch7, [000001EB64697A00][000001EB6538FBC0 49] iPhone5S, [000001EB64694200][000001EB653921C0 49] iPhone6Plus, [000001EB646C3D00][000001EB65396340 49] iPhone6S, [000001EB64694800][000001EB6539A4C0 49] iPhone6SPlus, [000001EB646C3200][000001EB6539E640 49] iPhone7Plus, [000001EB64695200][000001EB653A27C0 49] iPhoneSE, [000001EB646C0500][000001EB653A6940 49] iPhone8, [000001EB64696000][000001EB64192A80 49] iPhone8Plus, [000001EB646C0F00][000001EB653AABC0 49] iPhoneX, [000001EB64695E00][000001EB653AED00 49] iPhoneXS, [000001EB646C2000][000001EB653B6E80 49] iPhoneXSMax, [000001EB64696400][000001EB653BB000 49] iPhoneXR, [000001EB646C2400][000001EB653BF180 49] iPhone11, [000001EB64751500][000001EB653C3300 49] iPhone11Pro, [000001EB646C3700][000001EB653C7480 49] iPhone11ProMax, [000001EB64753D00][000001EB653CB600 49] iPhoneSE2, [000001EB646C0200][000001EB653CF780 49] iPhone12Mini, [000001EB64753900][000001EB653D3900 49] iPhone12, [000001EB646C0700][000001EB653D7A80 49] iPhone12Pro, [000001EB64750F00][000001EB653DBC00 49] iPhone12ProMax, [000001EB646C1200][000001EB653DE200 49] iPadPro105, [000001EB64751D00][000001EB653E2380 49] iPadPro129, [000001EB646C2A00][000001EB653E6500 49] iPadPro97, [000001EB64752E00][000001EB653EA680 49] iPadPro2_129, [000001EB646C3B00][000001EB653EE800 49] iPad5, [000001EB64751400][000001EB653F2980 49] iPad6, [000001EB646C1D00][000001EB653F6B00 49] iPad7, [000001EB64750500][000001EB653B2C40 49] iPad8, [000001EB646C1400][000001EB653FAD80 49] iPadPro11, [000001EB64750800][000001EB653FEEC0 49] iPadPro2_11, [000001EB646C1000][000001EB65407040 49] iPadPro3_129, [000001EB64751200][000001EB6540B1C0 49] iPadPro4_129, [000001EB646C3000][000001EB6540F340 49] AppleTV, [000001EB64753200][000001EB654134C0 49] AppleTV4K, [000001EB646C0800][000001EB65417640 49] TVOS, [000001EB64750B00][000001EB6541B7C0 49] Mac, [000001EB646C0400][000001EB6541F940 49] MacClient, [000001EB64750700][000001EB65423AC0 49] MacNoEditor, [000001EB646C3500][000001EB654260C0 49] MacServer, [000001EB64752000][000001EB6542A240 49] Linux, [000001EB646C1C00][000001EB6542E3C0 49] LinuxAArch64, [000001EB64752700][000001EB65432540 49] LinuxNoEditor, [000001EB646C2C00][000001EB654366C0 49] LinuxAArch64NoEditor, [000001EB64751600][000001EB6543A840 49] LinuxClient, [000001EB646C1A00][000001EB6543E9C0 49] LinuxAArch64Client, [000001EB64751700][000001EB65442B40 49] LinuxServer, [000001EB646C1300][000001EB65446CC0 49] LinuxAArch64Server, [000001EB64750900][000001EB65402E00 49] Android, [000001EB646C3100][000001EB6544AF40 49] Android_Low, [000001EB64750600][000001EB6544F080 49] Android_Mid, [000001EB646C2600][000001EB654531C0 49] Android_High, [000001EB64752200][000001EB6545B340 49] Android_Default, [000001EB646C0300][000001EB6545F4C0 49] Android_Adreno4xx, [000001EB64752400][000001EB65463640 49] Android_Adreno5xx_Low, [000001EB646C0100][000001EB654677C0 49] Android_Adreno5xx, [000001EB64752B00][000001EB6546B940 49] Android_Adreno6xx, [000001EB646C3800][000001EB6546FAC0 49] Android_Adreno6xx_Vulkan, [000001EB64697B00][000001EB654720C0 49] Android_Mali_T6xx, [000001EB646F0300][000001EB65476240 49] Android_Mali_T7xx, [000001EB64696900][000001EB6547A3C0 49] Android_Mali_T8xx, [000001EB646F1200][000001EB6547E540 49] Android_Mali_G71, [000001EB64695A00][000001EB654826C0 49] Android_Mali_G72, [000001EB646F1A00][000001EB65486840 49] Android_Mali_G72_Vulkan, [000001EB64695700][000001EB6548A9C0 49] Android_Mali_G76, [000001EB646F3D00][000001EB6548EB40 49] Android_Mali_G76_Vulkan, [000001EB64695600][000001EB65492CC0 49] Android_Mali_G77, [000001EB646F2F00][000001EB65496E40 49] Android_Mali_G77_Vulkan, [000001EB64694A00][000001EB65456F80 49] Android_Mali_G78, [000001EB646F1700][000001EB6550F0C0 49] Android_Mali_G78_Vulkan, [000001EB64694E00][000001EB65517200 49] Android_Mali_G710, [000001EB646F1000][000001EB655CD340 49] Android_Mali_G710_Vulkan, [000001EB64696D00][000001EB666094C0 49] Android_Vulkan_SM5, [000001EB646F1100][000001EB5B6F3640 49] Android_PowerVR_G6xxx, [000001EB64697D00][000001EB5B70F7C0 49] Android_PowerVR_GT7xxx, [000001EB646F0100][000001EB5B713940 49] Android_PowerVR_GE8xxx, [000001EB64697600][000001EB5B717AC0 49] Android_PowerVR_GM9xxx, [000001EB646F3F00][000001EB5B71E0C0 49] Android_PowerVR_GM9xxx_Vulkan, [000001EB64697500][000001EB5B726240 49] Android_TegraK1, [000001EB646F0600][000001EB5B72A3C0 49] Android_Unknown_Vulkan, [000001EB64694100][000001EB5B72E540 49] Lumin, [000001EB646F2400][000001EB5B7586C0 49] Lumin_Desktop, [000001EB64694300][000001EB6696A840 49] HoloLens, 
[2023.01.30-17.35.51:776][  0]LogMeshReduction: Using QuadricMeshReduction for automatic static mesh reduction
[2023.01.30-17.35.51:776][  0]LogMeshReduction: Using SimplygonMeshReduction for automatic skeletal mesh reduction
[2023.01.30-17.35.51:776][  0]LogMeshReduction: Using ProxyLODMeshReduction for automatic mesh merging
[2023.01.30-17.35.51:776][  0]LogMeshReduction: No distributed automatic mesh merging module available
[2023.01.30-17.35.51:776][  0]LogMeshMerging: No distributed automatic mesh merging module available
[2023.01.30-17.35.51:789][  0]LogNetVersion: UnrealProject 1.0.0, NetCL: 17155196, EngineNetVer: 17, GameNetVer: 0 (Checksum: 742620811)
[2023.01.30-17.35.52:027][  0]LogTexture: Default maximum texture size for cubemaps generated from long-lat sources has been changed from 512 to unlimited. In order to preserve old behaiour for '/Engine/MapTemplates/Sky/DaylightAmbientCubemap.DaylightAmbientCubemap', its maximum texture size has been explicitly set to 512.
[2023.01.30-17.35.52:063][  0]LogHMD: PokeAHoleMaterial loaded successfully
[2023.01.30-17.35.52:067][  0]LogUObjectArray: 17178 objects as part of root set at end of initial load.
[2023.01.30-17.35.52:067][  0]LogUObjectAllocator: 4302048 out of 0 bytes used by permanent object pool.
[2023.01.30-17.35.52:067][  0]LogUObjectArray: CloseDisregardForGC: 0/0 objects in disregard for GC pool
[2023.01.30-17.35.52:270][  0]LogNiagaraDebuggerClient: Niagara Debugger Client Initialized | Session: 44E217574EB5E73DE8569A9B0B6F41C9 | Instance: 279B7E8E454F63E9E67ADD8EE3E040FB (TU42860-11412).
[2023.01.30-17.35.52:296][  0]LogPython: Using Python 3.7.7
[2023.01.30-17.35.52:653][  0]LogTcpMessaging: Initializing TcpMessaging bridge
[2023.01.30-17.35.52:657][  0]LogUdpMessaging: Initializing bridge on interface 0.0.0.0:0 to multicast group 230.0.0.1:6666.
[2023.01.30-17.35.52:785][  0]SourceControl: Source control is disabled
[2023.01.30-17.35.52:785][  0]SourceControl: Source control is disabled
[2023.01.30-17.35.52:788][  0]SourceControl: Source control is disabled
[2023.01.30-17.35.52:790][  0]SourceControl: Source control is disabled
[2023.01.30-17.35.52:796][  0]SourceControl: Source control is disabled
[2023.01.30-17.35.52:800][  0]LogUProjectInfo: Found projects:
[2023.01.30-17.35.52:951][  0]LogOpenImageDenoise: OIDN starting up
[2023.01.30-17.35.52:986][  0]LogAndroidPermission: UAndroidPermissionCallbackProxy::GetInstance
[2023.01.30-17.35.52:995][  0]LogAudioCaptureCore: Display: No Audio Capture implementations found. Audio input will be silent.
[2023.01.30-17.35.52:995][  0]LogAudioCaptureCore: Display: No Audio Capture implementations found. Audio input will be silent.
[2023.01.30-17.35.53:092][  0]LogCollectionManager: Loaded 0 collections in 0.001042 seconds
[2023.01.30-17.35.53:110][  0]LogFileCache: Scanning file cache for directory 'C:/Users/B1035382/Documents/GitHub/TwonicJMRepo/UnrealProject/Saved/Collections/' took 0.00s
[2023.01.30-17.35.53:110][  0]LogFileCache: Scanning file cache for directory 'C:/Users/B1035382/Documents/GitHub/TwonicJMRepo/UnrealProject/Content/Developers/B1035382/Collections/' took 0.00s
[2023.01.30-17.35.53:110][  0]LogFileCache: Scanning file cache for directory 'C:/Users/B1035382/Documents/GitHub/TwonicJMRepo/UnrealProject/Content/Collections/' took 0.00s
[2023.01.30-17.35.53:110][  0]LogOcInput: OculusInput pre-init called
[2023.01.30-17.35.53:265][  0]LogEngine: Initializing Engine...
[2023.01.30-17.35.53:267][  0]LogHMD: Failed to enumerate extensions. Please check that you have a valid OpenXR runtime installed.
[2023.01.30-17.35.53:267][  0]LogHMD: Failed to initialize OpenVR with code 110
[2023.01.30-17.35.53:267][  0]LogMagicLeap: Warning: VR disabled because ZI is not enabled.  To enable, in the editor, Edit -> Project Settings -> Plugins -> Magic Leap Plugin -> Enable Zero Iteration
[2023.01.30-17.35.53:268][  0]LogStats: UGameplayTagsManager::InitializeManager -  0.000 s
[2023.01.30-17.35.53:342][  0]LogInit: Initializing FReadOnlyCVARCache
[2023.01.30-17.35.53:349][  0]LogAIModule: Creating AISystem for world Untitled
[2023.01.30-17.35.53:353][  0]LogAudio: Display: Initializing Audio Device Manager...
[2023.01.30-17.35.53:355][  0]LogAudio: Display: Loading Default Audio Settings Objects...
[2023.01.30-17.35.53:355][  0]LogAudio: Display: No default SoundConcurrencyObject specified (or failed to load).
[2023.01.30-17.35.53:355][  0]LogAudio: Display: Audio Device Manager Initialized
[2023.01.30-17.35.53:355][  0]LogAudio: Display: Creating Audio Device:                 Id: 1, Scope: Shared, Realtime: True
[2023.01.30-17.35.53:355][  0]LogAudioMixer: Display: Audio Mixer Platform Settings:
[2023.01.30-17.35.53:355][  0]LogAudioMixer: Display: 	Sample Rate:						  48000
[2023.01.30-17.35.53:355][  0]LogAudioMixer: Display: 	Callback Buffer Frame Size Requested: 1024
[2023.01.30-17.35.53:355][  0]LogAudioMixer: Display: 	Callback Buffer Frame Size To Use:	  1024
[2023.01.30-17.35.53:355][  0]LogAudioMixer: Display: 	Number of buffers to queue:			  2
[2023.01.30-17.35.53:355][  0]LogAudioMixer: Display: 	Max Channels (voices):				  32
[2023.01.30-17.35.53:355][  0]LogAudioMixer: Display: 	Number of Async Source Workers:		  0
[2023.01.30-17.35.53:355][  0]LogAudio: Display: AudioDevice MaxSources: 32
[2023.01.30-17.35.53:356][  0]LogAudio: Display: Audio Spatialization Plugin: None (built-in).
[2023.01.30-17.35.53:356][  0]LogAudio: Display: Audio Reverb Plugin: None (built-in).
[2023.01.30-17.35.53:356][  0]LogAudio: Display: Audio Occlusion Plugin: None (built-in).
[2023.01.30-17.35.53:356][  0]LogAudioMixer: Display: Initializing audio mixer.
[2023.01.30-17.35.53:366][  0]LogAudioMixer: Display: 0: FrontLeft
[2023.01.30-17.35.53:366][  0]LogAudioMixer: Display: 1: FrontRight
[2023.01.30-17.35.53:440][  0]LogAudioMixer: Display: Using Audio Device Speakers (Realtek(R) Audio)
[2023.01.30-17.35.53:441][  0]LogAudioMixer: Display: Initializing Sound Submixes...
[2023.01.30-17.35.53:442][  0]LogAudioMixer: Display: Creating Master Submix 'MasterSubmixDefault'
[2023.01.30-17.35.53:442][  0]LogAudioMixer: Display: Creating Master Submix 'MasterReverbSubmixDefault'
[2023.01.30-17.35.53:443][  0]LogAudioMixer: Display: Creating Master Submix 'MasterEQSubmixDefault'
[2023.01.30-17.35.53:443][  0]LogAudioMixer: FMixerPlatformXAudio2::StartAudioStream() called
[2023.01.30-17.35.53:443][  0]LogAudioMixer: Display: Output buffers initialized: Frames=1024, Channels=2, Samples=2048
[2023.01.30-17.35.53:444][  0]LogAudioMixer: Display: Starting AudioMixerPlatformInterface::RunInternal()
[2023.01.30-17.35.53:444][  0]LogAudioMixer: Display: FMixerPlatformXAudio2::SubmitBuffer() called for the first time
[2023.01.30-17.35.53:444][  0]LogInit: FAudioDevice initialized.
[2023.01.30-17.35.53:444][  0]LogAudio: Display: Audio Device (ID: 1) registered with world 'Untitled'.
[2023.01.30-17.35.53:445][  0]LogNetVersion: Set ProjectVersion to 1.0.0.0. Version Checksum will be recalculated on next use.
[2023.01.30-17.35.53:678][  0]LogDerivedDataCache: Saved boot cache 0.23s 94MB C:/Users/B1035382/AppData/Local/UnrealEngine/4.27/DerivedDataCache/Boot.ddc.
[2023.01.30-17.35.53:679][  0]LogInit: Texture streaming: Enabled
[2023.01.30-17.35.53:692][  0]LogAnalytics: Display: [UEEditor.Rocket.Release] APIServer = https://datarouter.ol.epicgames.com/. AppVersion = 4.27.2-18319896+++UE4+Release-4.27
[2023.01.30-17.35.53:695][  0]LogEngineSessionManager: EngineSessionManager initialized
[2023.01.30-17.35.53:695][  0]LogEditorSessionSummary: Verbose: Initializing EditorSessionSummaryWriter for editor session tracking
[2023.01.30-17.35.53:699][  0]LogEditorSessionSummary: EditorSessionSummaryWriter initialized
[2023.01.30-17.35.53:716][  0]LogInit: Transaction tracking system initialized
[2023.01.30-17.35.53:733][  0]BlueprintLog: New page: Editor Load
[2023.01.30-17.35.53:781][  0]LocalizationService: Localization service is disabled
[2023.01.30-17.35.53:800][  0]TimingProfiler: Initialize
[2023.01.30-17.35.53:800][  0]TimingProfiler: OnSessionChanged
[2023.01.30-17.35.53:800][  0]LoadingProfiler: Initialize
[2023.01.30-17.35.53:800][  0]LoadingProfiler: OnSessionChanged
[2023.01.30-17.35.53:800][  0]NetworkingProfiler: Initialize
[2023.01.30-17.35.53:800][  0]NetworkingProfiler: OnSessionChanged
[2023.01.30-17.35.53:800][  0]MemoryProfiler: Initialize
[2023.01.30-17.35.53:800][  0]MemoryProfiler: OnSessionChanged
[2023.01.30-17.35.53:907][  0]LogCook: Display: CookSettings for Memory: MemoryMaxUsedVirtual 0MiB, MemoryMaxUsedPhysical 16384MiB, MemoryMinFreeVirtual 0MiB, MemoryMinFreePhysical 1024MiB
[2023.01.30-17.35.53:907][  0]LogFileCache: Scanning file cache for directory 'C:/Users/B1035382/Documents/GitHub/TwonicJMRepo/UnrealProject/Content/' took 0.00s
[2023.01.30-17.35.53:907][  0]LogCook: Display: Mobile HDR setting 1
[2023.01.30-17.35.54:163][  0]LogInit: Display: Engine is initialized. Leaving FEngineLoop::Init()
[2023.01.30-17.35.54:166][  0]SourceControl: Source control is disabled
[2023.01.30-17.35.54:166][  0]LogUnrealEdMisc: Loading editor; pre map load, took 4.999
[2023.01.30-17.35.54:166][  0]Cmd: MAP LOAD FILE="../../../Engine/Content/Maps/Templates/Template_Default.umap" TEMPLATE=1 SHOWPROGRESS=1 FEATURELEVEL=3
[2023.01.30-17.35.54:166][  0]LightingResults: New page: Lighting Build
[2023.01.30-17.35.54:167][  0]LogWorld: UWorld::CleanupWorld for Untitled, bSessionEnded=true, bCleanupResources=true
[2023.01.30-17.35.54:167][  0]LogSlate: InvalidateAllWidgets triggered.  All widgets were invalidated
[2023.01.30-17.35.54:167][  0]MapCheck: New page: Map Check
[2023.01.30-17.35.54:167][  0]LightingResults: New page: Lighting Build
[2023.01.30-17.35.54:170][  0]LogAudio: Display: Audio Device unregistered from world 'None'.
[2023.01.30-17.35.54:172][  0]LogUObjectHash: Compacting FUObjectHashTables data took   0.48ms
[2023.01.30-17.35.54:200][  0]LogTexture: Display: Building textures: DeprecatedTextureEB9CBE3C423008B5E8E130901E171C89 (BGRA8, 128X128)
[2023.01.30-17.35.54:209][  0]LogAudio: Display: Audio Device (ID: 1) registered with world 'Untitled_1'.
[2023.01.30-17.35.54:210][  0]LogAIModule: Creating AISystem for world Untitled_1
[2023.01.30-17.35.54:213][  0]LogEditorServer: Finished looking for orphan Actors (0.000 secs)
[2023.01.30-17.35.54:218][  0]LogUObjectHash: Compacting FUObjectHashTables data took   0.52ms
[2023.01.30-17.35.54:218][  0]Cmd: MAP CHECKDEP NOCLEARLOG
[2023.01.30-17.35.54:218][  0]MapCheck: Map check complete: 0 Error(s), 0 Warning(s), took 0.118ms to complete.
[2023.01.30-17.35.54:218][  0]LogFileHelpers: Loading map 'Template_Default' took 0.052
[2023.01.30-17.35.54:220][  0]LogUnrealEdMisc: Total Editor Startup Time, took 5.052
[2023.01.30-17.35.54:334][  0]LogSlate: Updating window title bar state: overlay mode, drag disabled, window buttons hidden, title bar hidden
[2023.01.30-17.35.54:338][  0]LogSlate: Updating window title bar state: overlay mode, drag disabled, window buttons hidden, title bar hidden
[2023.01.30-17.35.54:341][  0]LogSlate: Updating window title bar state: overlay mode, drag disabled, window buttons hidden, title bar hidden
[2023.01.30-17.35.54:344][  0]LogSlate: Updating window title bar state: overlay mode, drag disabled, window buttons hidden, title bar hidden
[2023.01.30-17.35.54:354][  0]LogNativeClassHierarchy: Verbose: Native class hierarchy populated in 0.0058 seconds. Added 3823 classes and 930 folders.
[2023.01.30-17.35.54:355][  0]LogNativeClassHierarchy: Verbose: Native class hierarchy updated for 'WidgetCarousel' in 0.0001 seconds. Added 0 classes and 0 folders.
[2023.01.30-17.35.54:357][  0]LogPakFile: PakFile PrimaryIndexSize=187
[2023.01.30-17.35.54:357][  0]LogPakFile: PakFile PathHashIndexSize=101
[2023.01.30-17.35.54:357][  0]LogPakFile: PakFile FullDirectoryIndexSize=148
[2023.01.30-17.35.54:357][  0]LogShaderLibrary: Display: ShaderCodeLibraryPakFileMountedCallback: PakFile 'C:/Program Files/Epic Games/UE_4.27/FeaturePacks/FP_FirstPerson.upack' (chunk index -1, root 'root:/') mounted
[2023.01.30-17.35.54:357][  0]LogShaderLibrary: Display: ShaderCodeLibraryPakFileMountedCallback: pending pak file info (ChunkID:-1 Root:root:/ File:C:/Program Files/Epic Games/UE_4.27/FeaturePacks/FP_FirstPerson.upack)
[2023.01.30-17.35.54:357][  0]LogPakFile: OnPakFileMounted2Time == 0.000034
[2023.01.30-17.35.54:357][  0]LogPakFile: PakFile PrimaryIndexSize=189
[2023.01.30-17.35.54:357][  0]LogPakFile: PakFile PathHashIndexSize=101
[2023.01.30-17.35.54:357][  0]LogPakFile: PakFile FullDirectoryIndexSize=152
[2023.01.30-17.35.54:357][  0]LogShaderLibrary: Display: ShaderCodeLibraryPakFileMountedCallback: PakFile 'C:/Program Files/Epic Games/UE_4.27/FeaturePacks/FP_FirstPersonBP.upack' (chunk index -1, root 'root:/') mounted
[2023.01.30-17.35.54:357][  0]LogShaderLibrary: Display: ShaderCodeLibraryPakFileMountedCallback: pending pak file info (ChunkID:-1 Root:root:/ File:C:/Program Files/Epic Games/UE_4.27/FeaturePacks/FP_FirstPersonBP.upack)
[2023.01.30-17.35.54:357][  0]LogPakFile: OnPakFileMounted2Time == 0.000023
[2023.01.30-17.35.54:358][  0]LogPakFile: PakFile PrimaryIndexSize=191
[2023.01.30-17.35.54:358][  0]LogPakFile: PakFile PathHashIndexSize=101
[2023.01.30-17.35.54:358][  0]LogPakFile: PakFile FullDirectoryIndexSize=160
[2023.01.30-17.35.54:358][  0]LogShaderLibrary: Display: ShaderCodeLibraryPakFileMountedCallback: PakFile 'C:/Program Files/Epic Games/UE_4.27/FeaturePacks/MobileStarterContent.upack' (chunk index -1, root 'root:/') mounted
[2023.01.30-17.35.54:358][  0]LogShaderLibrary: Display: ShaderCodeLibraryPakFileMountedCallback: pending pak file info (ChunkID:-1 Root:root:/ File:C:/Program Files/Epic Games/UE_4.27/FeaturePacks/MobileStarterContent.upack)
[2023.01.30-17.35.54:358][  0]LogPakFile: OnPakFileMounted2Time == 0.000022
[2023.01.30-17.35.54:358][  0]LogPakFile: PakFile PrimaryIndexSize=185
[2023.01.30-17.35.54:358][  0]LogPakFile: PakFile PathHashIndexSize=101
[2023.01.30-17.35.54:358][  0]LogPakFile: PakFile FullDirectoryIndexSize=148
[2023.01.30-17.35.54:358][  0]LogShaderLibrary: Display: ShaderCodeLibraryPakFileMountedCallback: PakFile 'C:/Program Files/Epic Games/UE_4.27/FeaturePacks/StarterContent.upack' (chunk index -1, root 'root:/') mounted
[2023.01.30-17.35.54:358][  0]LogShaderLibrary: Display: ShaderCodeLibraryPakFileMountedCallback: pending pak file info (ChunkID:-1 Root:root:/ File:C:/Program Files/Epic Games/UE_4.27/FeaturePacks/StarterContent.upack)
[2023.01.30-17.35.54:358][  0]LogPakFile: OnPakFileMounted2Time == 0.000021
[2023.01.30-17.35.54:358][  0]LogPakFile: PakFile PrimaryIndexSize=190
[2023.01.30-17.35.54:358][  0]LogPakFile: PakFile PathHashIndexSize=101
[2023.01.30-17.35.54:358][  0]LogPakFile: PakFile FullDirectoryIndexSize=154
[2023.01.30-17.35.54:358][  0]LogShaderLibrary: Display: ShaderCodeLibraryPakFileMountedCallback: PakFile 'C:/Program Files/Epic Games/UE_4.27/FeaturePacks/TP_2DSideScroller.upack' (chunk index -1, root 'root:/') mounted
[2023.01.30-17.35.54:358][  0]LogShaderLibrary: Display: ShaderCodeLibraryPakFileMountedCallback: pending pak file info (ChunkID:-1 Root:root:/ File:C:/Program Files/Epic Games/UE_4.27/FeaturePacks/TP_2DSideScroller.upack)
[2023.01.30-17.35.54:358][  0]LogPakFile: OnPakFileMounted2Time == 0.000019
[2023.01.30-17.35.54:359][  0]LogPakFile: PakFile PrimaryIndexSize=192
[2023.01.30-17.35.54:359][  0]LogPakFile: PakFile PathHashIndexSize=101
[2023.01.30-17.35.54:359][  0]LogPakFile: PakFile FullDirectoryIndexSize=158
[2023.01.30-17.35.54:359][  0]LogShaderLibrary: Display: ShaderCodeLibraryPakFileMountedCallback: PakFile 'C:/Program Files/Epic Games/UE_4.27/FeaturePacks/TP_2DSideScrollerBP.upack' (chunk index -1, root 'root:/') mounted
[2023.01.30-17.35.54:359][  0]LogShaderLibrary: Display: ShaderCodeLibraryPakFileMountedCallback: pending pak file info (ChunkID:-1 Root:root:/ File:C:/Program Files/Epic Games/UE_4.27/FeaturePacks/TP_2DSideScrollerBP.upack)
[2023.01.30-17.35.54:359][  0]LogPakFile: OnPakFileMounted2Time == 0.000019
[2023.01.30-17.35.54:359][  0]LogPakFile: PakFile PrimaryIndexSize=182
[2023.01.30-17.35.54:359][  0]LogPakFile: PakFile PathHashIndexSize=101
[2023.01.30-17.35.54:359][  0]LogPakFile: PakFile FullDirectoryIndexSize=138
[2023.01.30-17.35.54:359][  0]LogShaderLibrary: Display: ShaderCodeLibraryPakFileMountedCallback: PakFile 'C:/Program Files/Epic Games/UE_4.27/FeaturePacks/TP_Flying.upack' (chunk index -1, root 'root:/') mounted
[2023.01.30-17.35.54:359][  0]LogShaderLibrary: Display: ShaderCodeLibraryPakFileMountedCallback: pending pak file info (ChunkID:-1 Root:root:/ File:C:/Program Files/Epic Games/UE_4.27/FeaturePacks/TP_Flying.upack)
[2023.01.30-17.35.54:359][  0]LogPakFile: OnPakFileMounted2Time == 0.000019
[2023.01.30-17.35.54:359][  0]LogPakFile: PakFile PrimaryIndexSize=184
[2023.01.30-17.35.54:359][  0]LogPakFile: PakFile PathHashIndexSize=101
[2023.01.30-17.35.54:359][  0]LogPakFile: PakFile FullDirectoryIndexSize=142
[2023.01.30-17.35.54:359][  0]LogShaderLibrary: Display: ShaderCodeLibraryPakFileMountedCallback: PakFile 'C:/Program Files/Epic Games/UE_4.27/FeaturePacks/TP_FlyingBP.upack' (chunk index -1, root 'root:/') mounted
[2023.01.30-17.35.54:359][  0]LogShaderLibrary: Display: ShaderCodeLibraryPakFileMountedCallback: pending pak file info (ChunkID:-1 Root:root:/ File:C:/Program Files/Epic Games/UE_4.27/FeaturePacks/TP_FlyingBP.upack)
[2023.01.30-17.35.54:359][  0]LogPakFile: OnPakFileMounted2Time == 0.000019
[2023.01.30-17.35.54:360][  0]LogPakFile: PakFile PrimaryIndexSize=188
[2023.01.30-17.35.54:360][  0]LogPakFile: PakFile PathHashIndexSize=101
[2023.01.30-17.35.54:360][  0]LogPakFile: PakFile FullDirectoryIndexSize=150
[2023.01.30-17.35.54:360][  0]LogShaderLibrary: Display: ShaderCodeLibraryPakFileMountedCallback: PakFile 'C:/Program Files/Epic Games/UE_4.27/FeaturePacks/TP_HandheldARBP.upack' (chunk index -1, root 'root:/') mounted
[2023.01.30-17.35.54:360][  0]LogShaderLibrary: Display: ShaderCodeLibraryPakFileMountedCallback: pending pak file info (ChunkID:-1 Root:root:/ File:C:/Program Files/Epic Games/UE_4.27/FeaturePacks/TP_HandheldARBP.upack)
[2023.01.30-17.35.54:360][  0]LogPakFile: OnPakFileMounted2Time == 0.000019
[2023.01.30-17.35.54:360][  0]LogPakFile: PakFile PrimaryIndexSize=182
[2023.01.30-17.35.54:360][  0]LogPakFile: PakFile PathHashIndexSize=101
[2023.01.30-17.35.54:360][  0]LogPakFile: PakFile FullDirectoryIndexSize=138
[2023.01.30-17.35.54:360][  0]LogShaderLibrary: Display: ShaderCodeLibraryPakFileMountedCallback: PakFile 'C:/Program Files/Epic Games/UE_4.27/FeaturePacks/TP_Puzzle.upack' (chunk index -1, root 'root:/') mounted
[2023.01.30-17.35.54:360][  0]LogShaderLibrary: Display: ShaderCodeLibraryPakFileMountedCallback: pending pak file info (ChunkID:-1 Root:root:/ File:C:/Program Files/Epic Games/UE_4.27/FeaturePacks/TP_Puzzle.upack)
[2023.01.30-17.35.54:360][  0]LogPakFile: OnPakFileMounted2Time == 0.000018
[2023.01.30-17.35.54:361][  0]LogPakFile: PakFile PrimaryIndexSize=184
[2023.01.30-17.35.54:361][  0]LogPakFile: PakFile PathHashIndexSize=101
[2023.01.30-17.35.54:361][  0]LogPakFile: PakFile FullDirectoryIndexSize=142
[2023.01.30-17.35.54:361][  0]LogShaderLibrary: Display: ShaderCodeLibraryPakFileMountedCallback: PakFile 'C:/Program Files/Epic Games/UE_4.27/FeaturePacks/TP_PuzzleBP.upack' (chunk index -1, root 'root:/') mounted
[2023.01.30-17.35.54:361][  0]LogShaderLibrary: Display: ShaderCodeLibraryPakFileMountedCallback: pending pak file info (ChunkID:-1 Root:root:/ File:C:/Program Files/Epic Games/UE_4.27/FeaturePacks/TP_PuzzleBP.upack)
[2023.01.30-17.35.54:361][  0]LogPakFile: OnPakFileMounted2Time == 0.000019
[2023.01.30-17.35.54:361][  0]LogPakFile: PakFile PrimaryIndexSize=183
[2023.01.30-17.35.54:361][  0]LogPakFile: PakFile PathHashIndexSize=101
[2023.01.30-17.35.54:361][  0]LogPakFile: PakFile FullDirectoryIndexSize=140
[2023.01.30-17.35.54:361][  0]LogShaderLibrary: Display: ShaderCodeLibraryPakFileMountedCallback: PakFile 'C:/Program Files/Epic Games/UE_4.27/FeaturePacks/TP_Rolling.upack' (chunk index -1, root 'root:/') mounted
[2023.01.30-17.35.54:361][  0]LogShaderLibrary: Display: ShaderCodeLibraryPakFileMountedCallback: pending pak file info (ChunkID:-1 Root:root:/ File:C:/Program Files/Epic Games/UE_4.27/FeaturePacks/TP_Rolling.upack)
[2023.01.30-17.35.54:361][  0]LogPakFile: OnPakFileMounted2Time == 0.000020
[2023.01.30-17.35.54:361][  0]LogPakFile: PakFile PrimaryIndexSize=185
[2023.01.30-17.35.54:361][  0]LogPakFile: PakFile PathHashIndexSize=101
[2023.01.30-17.35.54:361][  0]LogPakFile: PakFile FullDirectoryIndexSize=144
[2023.01.30-17.35.54:361][  0]LogShaderLibrary: Display: ShaderCodeLibraryPakFileMountedCallback: PakFile 'C:/Program Files/Epic Games/UE_4.27/FeaturePacks/TP_RollingBP.upack' (chunk index -1, root 'root:/') mounted
[2023.01.30-17.35.54:361][  0]LogShaderLibrary: Display: ShaderCodeLibraryPakFileMountedCallback: pending pak file info (ChunkID:-1 Root:root:/ File:C:/Program Files/Epic Games/UE_4.27/FeaturePacks/TP_RollingBP.upack)
[2023.01.30-17.35.54:362][  0]LogPakFile: OnPakFileMounted2Time == 0.000020
[2023.01.30-17.35.54:362][  0]LogPakFile: PakFile PrimaryIndexSize=188
[2023.01.30-17.35.54:362][  0]LogPakFile: PakFile PathHashIndexSize=101
[2023.01.30-17.35.54:362][  0]LogPakFile: PakFile FullDirectoryIndexSize=150
[2023.01.30-17.35.54:362][  0]LogShaderLibrary: Display: ShaderCodeLibraryPakFileMountedCallback: PakFile 'C:/Program Files/Epic Games/UE_4.27/FeaturePacks/TP_SideScroller.upack' (chunk index -1, root 'root:/') mounted
[2023.01.30-17.35.54:362][  0]LogShaderLibrary: Display: ShaderCodeLibraryPakFileMountedCallback: pending pak file info (ChunkID:-1 Root:root:/ File:C:/Program Files/Epic Games/UE_4.27/FeaturePacks/TP_SideScroller.upack)
[2023.01.30-17.35.54:362][  0]LogPakFile: OnPakFileMounted2Time == 0.000018
[2023.01.30-17.35.54:362][  0]LogPakFile: PakFile PrimaryIndexSize=190
[2023.01.30-17.35.54:362][  0]LogPakFile: PakFile PathHashIndexSize=101
[2023.01.30-17.35.54:362][  0]LogPakFile: PakFile FullDirectoryIndexSize=154
[2023.01.30-17.35.54:362][  0]LogShaderLibrary: Display: ShaderCodeLibraryPakFileMountedCallback: PakFile 'C:/Program Files/Epic Games/UE_4.27/FeaturePacks/TP_SideScrollerBP.upack' (chunk index -1, root 'root:/') mounted
[2023.01.30-17.35.54:362][  0]LogShaderLibrary: Display: ShaderCodeLibraryPakFileMountedCallback: pending pak file info (ChunkID:-1 Root:root:/ File:C:/Program Files/Epic Games/UE_4.27/FeaturePacks/TP_SideScrollerBP.upack)
[2023.01.30-17.35.54:362][  0]LogPakFile: OnPakFileMounted2Time == 0.000020
[2023.01.30-17.35.54:363][  0]LogPakFile: PakFile PrimaryIndexSize=187
[2023.01.30-17.35.54:363][  0]LogPakFile: PakFile PathHashIndexSize=101
[2023.01.30-17.35.54:363][  0]LogPakFile: PakFile FullDirectoryIndexSize=148
[2023.01.30-17.35.54:363][  0]LogShaderLibrary: Display: ShaderCodeLibraryPakFileMountedCallback: PakFile 'C:/Program Files/Epic Games/UE_4.27/FeaturePacks/TP_ThirdPerson.upack' (chunk index -1, root 'root:/') mounted
[2023.01.30-17.35.54:363][  0]LogShaderLibrary: Display: ShaderCodeLibraryPakFileMountedCallback: pending pak file info (ChunkID:-1 Root:root:/ File:C:/Program Files/Epic Games/UE_4.27/FeaturePacks/TP_ThirdPerson.upack)
[2023.01.30-17.35.54:363][  0]LogPakFile: OnPakFileMounted2Time == 0.000018
[2023.01.30-17.35.54:363][  0]LogPakFile: PakFile PrimaryIndexSize=189
[2023.01.30-17.35.54:363][  0]LogPakFile: PakFile PathHashIndexSize=101
[2023.01.30-17.35.54:363][  0]LogPakFile: PakFile FullDirectoryIndexSize=152
[2023.01.30-17.35.54:363][  0]LogShaderLibrary: Display: ShaderCodeLibraryPakFileMountedCallback: PakFile 'C:/Program Files/Epic Games/UE_4.27/FeaturePacks/TP_ThirdPersonBP.upack' (chunk index -1, root 'root:/') mounted
[2023.01.30-17.35.54:363][  0]LogShaderLibrary: Display: ShaderCodeLibraryPakFileMountedCallback: pending pak file info (ChunkID:-1 Root:root:/ File:C:/Program Files/Epic Games/UE_4.27/FeaturePacks/TP_ThirdPersonBP.upack)
[2023.01.30-17.35.54:363][  0]LogPakFile: OnPakFileMounted2Time == 0.000024
[2023.01.30-17.35.54:364][  0]LogPakFile: PakFile PrimaryIndexSize=183
[2023.01.30-17.35.54:364][  0]LogPakFile: PakFile PathHashIndexSize=101
[2023.01.30-17.35.54:364][  0]LogPakFile: PakFile FullDirectoryIndexSize=140
[2023.01.30-17.35.54:364][  0]LogShaderLibrary: Display: ShaderCodeLibraryPakFileMountedCallback: PakFile 'C:/Program Files/Epic Games/UE_4.27/FeaturePacks/TP_TopDown.upack' (chunk index -1, root 'root:/') mounted
[2023.01.30-17.35.54:364][  0]LogShaderLibrary: Display: ShaderCodeLibraryPakFileMountedCallback: pending pak file info (ChunkID:-1 Root:root:/ File:C:/Program Files/Epic Games/UE_4.27/FeaturePacks/TP_TopDown.upack)
[2023.01.30-17.35.54:364][  0]LogPakFile: OnPakFileMounted2Time == 0.000025
[2023.01.30-17.35.54:364][  0]LogPakFile: PakFile PrimaryIndexSize=185
[2023.01.30-17.35.54:364][  0]LogPakFile: PakFile PathHashIndexSize=101
[2023.01.30-17.35.54:364][  0]LogPakFile: PakFile FullDirectoryIndexSize=144
[2023.01.30-17.35.54:364][  0]LogShaderLibrary: Display: ShaderCodeLibraryPakFileMountedCallback: PakFile 'C:/Program Files/Epic Games/UE_4.27/FeaturePacks/TP_TopDownBP.upack' (chunk index -1, root 'root:/') mounted
[2023.01.30-17.35.54:364][  0]LogShaderLibrary: Display: ShaderCodeLibraryPakFileMountedCallback: pending pak file info (ChunkID:-1 Root:root:/ File:C:/Program Files/Epic Games/UE_4.27/FeaturePacks/TP_TopDownBP.upack)
[2023.01.30-17.35.54:364][  0]LogPakFile: OnPakFileMounted2Time == 0.000021
[2023.01.30-17.35.54:364][  0]LogPakFile: PakFile PrimaryIndexSize=185
[2023.01.30-17.35.54:364][  0]LogPakFile: PakFile PathHashIndexSize=101
[2023.01.30-17.35.54:364][  0]LogPakFile: PakFile FullDirectoryIndexSize=144
[2023.01.30-17.35.54:364][  0]LogShaderLibrary: Display: ShaderCodeLibraryPakFileMountedCallback: PakFile 'C:/Program Files/Epic Games/UE_4.27/FeaturePacks/TP_TwinStick.upack' (chunk index -1, root 'root:/') mounted
[2023.01.30-17.35.54:364][  0]LogShaderLibrary: Display: ShaderCodeLibraryPakFileMountedCallback: pending pak file info (ChunkID:-1 Root:root:/ File:C:/Program Files/Epic Games/UE_4.27/FeaturePacks/TP_TwinStick.upack)
[2023.01.30-17.35.54:364][  0]LogPakFile: OnPakFileMounted2Time == 0.000019
[2023.01.30-17.35.54:365][  0]LogPakFile: PakFile PrimaryIndexSize=187
[2023.01.30-17.35.54:365][  0]LogPakFile: PakFile PathHashIndexSize=101
[2023.01.30-17.35.54:365][  0]LogPakFile: PakFile FullDirectoryIndexSize=148
[2023.01.30-17.35.54:365][  0]LogShaderLibrary: Display: ShaderCodeLibraryPakFileMountedCallback: PakFile 'C:/Program Files/Epic Games/UE_4.27/FeaturePacks/TP_TwinStickBP.upack' (chunk index -1, root 'root:/') mounted
[2023.01.30-17.35.54:365][  0]LogShaderLibrary: Display: ShaderCodeLibraryPakFileMountedCallback: pending pak file info (ChunkID:-1 Root:root:/ File:C:/Program Files/Epic Games/UE_4.27/FeaturePacks/TP_TwinStickBP.upack)
[2023.01.30-17.35.54:365][  0]LogPakFile: OnPakFileMounted2Time == 0.000021
[2023.01.30-17.35.54:365][  0]LogPakFile: PakFile PrimaryIndexSize=183
[2023.01.30-17.35.54:365][  0]LogPakFile: PakFile PathHashIndexSize=101
[2023.01.30-17.35.54:365][  0]LogPakFile: PakFile FullDirectoryIndexSize=140
[2023.01.30-17.35.54:365][  0]LogShaderLibrary: Display: ShaderCodeLibraryPakFileMountedCallback: PakFile 'C:/Program Files/Epic Games/UE_4.27/FeaturePacks/TP_Vehicle.upack' (chunk index -1, root 'root:/') mounted
[2023.01.30-17.35.54:365][  0]LogShaderLibrary: Display: ShaderCodeLibraryPakFileMountedCallback: pending pak file info (ChunkID:-1 Root:root:/ File:C:/Program Files/Epic Games/UE_4.27/FeaturePacks/TP_Vehicle.upack)
[2023.01.30-17.35.54:365][  0]LogPakFile: OnPakFileMounted2Time == 0.000019
[2023.01.30-17.35.54:366][  0]LogPakFile: PakFile PrimaryIndexSize=186
[2023.01.30-17.35.54:366][  0]LogPakFile: PakFile PathHashIndexSize=101
[2023.01.30-17.35.54:366][  0]LogPakFile: PakFile FullDirectoryIndexSize=146
[2023.01.30-17.35.54:366][  0]LogShaderLibrary: Display: ShaderCodeLibraryPakFileMountedCallback: PakFile 'C:/Program Files/Epic Games/UE_4.27/FeaturePacks/TP_VehicleAdv.upack' (chunk index -1, root 'root:/') mounted
[2023.01.30-17.35.54:366][  0]LogShaderLibrary: Display: ShaderCodeLibraryPakFileMountedCallback: pending pak file info (ChunkID:-1 Root:root:/ File:C:/Program Files/Epic Games/UE_4.27/FeaturePacks/TP_VehicleAdv.upack)
[2023.01.30-17.35.54:366][  0]LogPakFile: OnPakFileMounted2Time == 0.000019
[2023.01.30-17.35.54:366][  0]LogPakFile: PakFile PrimaryIndexSize=188
[2023.01.30-17.35.54:366][  0]LogPakFile: PakFile PathHashIndexSize=101
[2023.01.30-17.35.54:366][  0]LogPakFile: PakFile FullDirectoryIndexSize=150
[2023.01.30-17.35.54:366][  0]LogShaderLibrary: Display: ShaderCodeLibraryPakFileMountedCallback: PakFile 'C:/Program Files/Epic Games/UE_4.27/FeaturePacks/TP_VehicleAdvBP.upack' (chunk index -1, root 'root:/') mounted
[2023.01.30-17.35.54:366][  0]LogShaderLibrary: Display: ShaderCodeLibraryPakFileMountedCallback: pending pak file info (ChunkID:-1 Root:root:/ File:C:/Program Files/Epic Games/UE_4.27/FeaturePacks/TP_VehicleAdvBP.upack)
[2023.01.30-17.35.54:366][  0]LogPakFile: OnPakFileMounted2Time == 0.000018
[2023.01.30-17.35.54:366][  0]LogPakFile: PakFile PrimaryIndexSize=185
[2023.01.30-17.35.54:366][  0]LogPakFile: PakFile PathHashIndexSize=101
[2023.01.30-17.35.54:366][  0]LogPakFile: PakFile FullDirectoryIndexSize=144
[2023.01.30-17.35.54:366][  0]LogShaderLibrary: Display: ShaderCodeLibraryPakFileMountedCallback: PakFile 'C:/Program Files/Epic Games/UE_4.27/FeaturePacks/TP_VehicleBP.upack' (chunk index -1, root 'root:/') mounted
[2023.01.30-17.35.54:366][  0]LogShaderLibrary: Display: ShaderCodeLibraryPakFileMountedCallback: pending pak file info (ChunkID:-1 Root:root:/ File:C:/Program Files/Epic Games/UE_4.27/FeaturePacks/TP_VehicleBP.upack)
[2023.01.30-17.35.54:366][  0]LogPakFile: OnPakFileMounted2Time == 0.000018
[2023.01.30-17.35.54:367][  0]LogPakFile: PakFile PrimaryIndexSize=192
[2023.01.30-17.35.54:367][  0]LogPakFile: PakFile PathHashIndexSize=101
[2023.01.30-17.35.54:367][  0]LogPakFile: PakFile FullDirectoryIndexSize=158
[2023.01.30-17.35.54:367][  0]LogShaderLibrary: Display: ShaderCodeLibraryPakFileMountedCallback: PakFile 'C:/Program Files/Epic Games/UE_4.27/FeaturePacks/TP_VirtualRealityBP.upack' (chunk index -1, root 'root:/') mounted
[2023.01.30-17.35.54:367][  0]LogShaderLibrary: Display: ShaderCodeLibraryPakFileMountedCallback: pending pak file info (ChunkID:-1 Root:root:/ File:C:/Program Files/Epic Games/UE_4.27/FeaturePacks/TP_VirtualRealityBP.upack)
[2023.01.30-17.35.54:367][  0]LogPakFile: OnPakFileMounted2Time == 0.000020
[2023.01.30-17.35.54:405][  0]LogNativeClassHierarchy: Verbose: Native class hierarchy updated for 'AddContentDialog' in 0.0002 seconds. Added 0 classes and 0 folders.
[2023.01.30-17.35.54:406][  0]LogNativeClassHierarchy: Verbose: Native class hierarchy updated for 'SceneOutliner' in 0.0001 seconds. Added 2 classes and 0 folders.
[2023.01.30-17.35.54:445][  0]LogSlate: Took 0.000311 seconds to synchronously load lazily loaded font '../../../Engine/Content/Slate/Fonts/Roboto-Regular.ttf' (155K)
[2023.01.30-17.35.54:446][  0]LogSlate: Took 0.000136 seconds to synchronously load lazily loaded font '../../../Engine/Content/Editor/Slate/Fonts/FontAwesome.ttf' (139K)
[2023.01.30-17.35.54:447][  0]LogSlate: Took 0.000132 seconds to synchronously load lazily loaded font '../../../Engine/Content/Slate/Fonts/Roboto-Bold.ttf' (160K)
[2023.01.30-17.35.54:501][  0]LogRenderer: Reallocating scene render targets to support 1208x652 Format 10 NumSamples 1 (Frame:1).
[2023.01.30-17.35.54:521][  0]LogSlate: Took 0.000241 seconds to synchronously load lazily loaded font '../../../Engine/Content/Slate/Fonts/Roboto-Light.ttf' (167K)
[2023.01.30-17.35.54:553][  0]LogNativeClassHierarchy: Verbose: Native class hierarchy updated for 'HierarchicalLODOutliner' in 0.0002 seconds. Added 0 classes and 0 folders.
[2023.01.30-17.35.54:554][  0]LogLoad: (Engine Initialization) Total time: 5.39 seconds
[2023.01.30-17.35.54:554][  0]LogLoad: (Engine Initialization) Total Blueprint compile time: 0.00 seconds
[2023.01.30-17.35.54:583][  0]LogAssetRegistry: Asset discovery search completed in 3.0285 seconds
[2023.01.30-17.35.54:586][  0]LogCollectionManager: Fixed up redirectors for 0 collections in 0.000003 seconds (updated 0 objects)
[2023.01.30-17.35.54:587][  0]LogContentStreaming: Texture pool size now 1000 MB
[2023.01.30-17.36.03:248][970]LogContentBrowser: Deferred new asset folder creation: NewFolder
[2023.01.30-17.36.03:255][970]LogContentBrowser: Creating deferred item: NewFolder
[2023.01.30-17.36.06:335][327]LogContentBrowser: Attempting asset rename: NewFolder -> AI
[2023.01.30-17.36.06:335][327]LogContentBrowser: End creating deferred item NewFolder
[2023.01.30-17.36.08:468][546]LogContentBrowser: Deferred new asset folder creation: NewFolder
[2023.01.30-17.36.08:475][546]LogContentBrowser: Creating deferred item: NewFolder
[2023.01.30-17.36.14:181][220]LogContentBrowser: Attempting asset rename: NewFolder -> Interactables
[2023.01.30-17.36.14:181][220]LogContentBrowser: End creating deferred item NewFolder
[2023.01.30-17.36.16:984][517]LogContentBrowser: Deferred new asset folder creation: NewFolder
[2023.01.30-17.36.17:000][517]LogContentBrowser: Creating deferred item: NewFolder
[2023.01.30-17.36.20:503][928]LogContentBrowser: Attempting asset rename: NewFolder -> Enemies
[2023.01.30-17.36.20:503][928]LogContentBrowser: End creating deferred item NewFolder
[2023.01.30-17.36.23:372][246]LogContentBrowser: Deferred new asset folder creation: NewFolder
[2023.01.30-17.36.23:378][246]LogContentBrowser: Creating deferred item: NewFolder
[2023.01.30-17.36.26:615][606]LogContentBrowser: Attempting asset rename: NewFolder -> NPCs
[2023.01.30-17.36.26:616][606]LogContentBrowser: End creating deferred item NewFolder
