Log file open, 03/07/23 21:13:08
LogWindows: Failed to load 'aqProf.dll' (GetLastError=126)
LogWindows: File 'aqProf.dll' does not exist
LogWindows: Failed to load 'VtuneApi.dll' (GetLastError=126)
LogWindows: File 'VtuneApi.dll' does not exist
LogWindows: Failed to load 'VtuneApi32e.dll' (GetLastError=126)
LogWindows: File 'VtuneApi32e.dll' does not exist
LogConsoleResponse: Display: Failed to find resolution value strings in scalability ini. Falling back to default.
LogConsoleResponse: Display: Failed to find resolution value strings in scalability ini. Falling back to default.
LogInit: Display: Running engine for game: UnrealProject
LogPlatformFile: Not using cached read wrapper
LogTaskGraph: Started task graph with 5 named threads and 47 total threads with 3 sets of task threads.
LogStats: Stats thread started at 0.209709
LogICUInternationalization: ICU TimeZone Detection - Raw Offset: +0:00, Platform Override: ''
LogInit: Display: Loading text-based GConfig....
LogPluginManager: Mounting plugin MeshPainting
LogPluginManager: Mounting plugin XGEController
LogPluginManager: Mounting plugin Paper2D
LogPluginManager: Mounting plugin LightPropagationVolume
LogPluginManager: Mounting plugin GameplayCameras
LogPluginManager: Mounting plugin LiveLink
LogPluginManager: Mounting plugin CameraShakePreviewer
LogPluginManager: Mounting plugin EnvironmentQueryEditor
LogPluginManager: Mounting plugin AISupport
LogPluginManager: Mounting plugin OodleData
LogPluginManager: Mounting plugin OodleNetwork
LogPluginManager: Mounting plugin AnimationSharing
LogPluginManager: Mounting plugin CLionSourceCodeAccess
LogPluginManager: Mounting plugin CodeLiteSourceCodeAccess
LogPluginManager: Mounting plugin GitSourceControl
LogPluginManager: Mounting plugin KDevelopSourceCodeAccess
LogPluginManager: Mounting plugin NullSourceCodeAccess
LogPluginManager: Mounting plugin PixWinPlugin
LogPluginManager: Mounting plugin PlasticSourceControl
LogPluginManager: Mounting plugin PropertyAccessNode
LogPluginManager: Mounting plugin PerforceSourceControl
LogPluginManager: Mounting plugin PluginUtils
LogPluginManager: Mounting plugin AssetManagerEditor
LogPluginManager: Mounting plugin RiderSourceCodeAccess
LogPluginManager: Mounting plugin CryptoKeys
LogPluginManager: Mounting plugin SubversionSourceControl
LogPluginManager: Mounting plugin CurveEditorTools
LogPluginManager: Mounting plugin TextureFormatOodle
LogPluginManager: Mounting plugin UObjectPlugin
LogPluginManager: Mounting plugin VisualStudioSourceCodeAccess
LogPluginManager: Mounting plugin VisualStudioCodeSourceCodeAccess
LogPluginManager: Mounting plugin XCodeSourceCodeAccess
LogPluginManager: Mounting plugin DataValidation
LogPluginManager: Mounting plugin FacialAnimation
LogPluginManager: Mounting plugin GeometryMode
LogPluginManager: Mounting plugin GameplayTagsEditor
LogPluginManager: Mounting plugin DatasmithContent
LogPluginManager: Mounting plugin MacGraphicsSwitching
LogPluginManager: Mounting plugin MaterialAnalyzer
LogPluginManager: Mounting plugin MobileLauncherProfileWizard
LogPluginManager: Mounting plugin PluginBrowser
LogPluginManager: Mounting plugin SpeedTreeImporter
LogPluginManager: Mounting plugin AlembicImporter
LogPluginManager: Mounting plugin AutomationUtils
LogPluginManager: Mounting plugin VariantManagerContent
LogPluginManager: Mounting plugin BackChannel
LogPluginManager: Mounting plugin ChaosCloth
LogPluginManager: Mounting plugin ChaosClothEditor
LogPluginManager: Mounting plugin ChaosEditor
LogPluginManager: Mounting plugin ChaosSolverPlugin
LogPluginManager: Mounting plugin ChaosNiagara
LogPluginManager: Mounting plugin CharacterAI
LogPluginManager: Mounting plugin GeometryCache
LogPluginManager: Mounting plugin GeometryCollectionPlugin
LogPluginManager: Mounting plugin GeometryProcessing
LogPluginManager: Mounting plugin MotoSynth
LogPluginManager: Mounting plugin OpenImageDenoise
LogPluginManager: Mounting plugin PlanarCut
LogPluginManager: Mounting plugin PlatformCrypto
LogPluginManager: Mounting plugin ProxyLODPlugin
LogPluginManager: Mounting plugin PythonScriptPlugin
LogPluginManager: Mounting plugin Niagara
LogPluginManager: Mounting plugin LuminPlatformFeatures
LogPluginManager: Mounting plugin MagicLeap
LogPluginManager: Mounting plugin SkeletalReduction
LogPluginManager: Mounting plugin MagicLeapLightEstimation
LogPluginManager: Mounting plugin MagicLeapMedia
LogPluginManager: Mounting plugin MagicLeapPassableWorld
LogPluginManager: Mounting plugin MLSDK
LogPluginManager: Mounting plugin AndroidMedia
LogPluginManager: Mounting plugin AvfMedia
LogPluginManager: Mounting plugin ImgMedia
LogPluginManager: Mounting plugin MediaCompositing
LogPluginManager: Mounting plugin TcpMessaging
LogPluginManager: Mounting plugin UdpMessaging
LogPluginManager: Mounting plugin ActorSequence
LogPluginManager: Mounting plugin MediaPlayerEditor
LogPluginManager: Mounting plugin LevelSequenceEditor
LogPluginManager: Mounting plugin WebMMedia
LogPluginManager: Mounting plugin MatineeToLevelSequence
LogPluginManager: Mounting plugin WmfMedia
LogPluginManager: Mounting plugin TemplateSequence
LogPluginManager: Mounting plugin OnlineSubsystem
LogPluginManager: Mounting plugin LauncherChunkInstaller
LogPluginManager: Mounting plugin ActorLayerUtilities
LogPluginManager: Mounting plugin OnlineSubsystemNull
LogPluginManager: Mounting plugin OnlineSubsystemUtils
LogPluginManager: Mounting plugin AndroidDeviceProfileSelector
LogPluginManager: Mounting plugin AndroidPermission
LogPluginManager: Mounting plugin AndroidMoviePlayer
LogPluginManager: Mounting plugin AppleImageUtils
LogPluginManager: Mounting plugin AppleMoviePlayer
LogPluginManager: Mounting plugin ArchVisCharacter
LogPluginManager: Mounting plugin AssetTags
LogPluginManager: Mounting plugin AudioSynesthesia
LogPluginManager: Mounting plugin AudioCapture
LogPluginManager: Mounting plugin CableComponent
LogPluginManager: Mounting plugin ChunkDownloader
LogPluginManager: Mounting plugin CustomMeshComponent
LogPluginManager: Mounting plugin EditableMesh
LogPluginManager: Mounting plugin ExampleDeviceProfileSelector
LogPluginManager: Mounting plugin GoogleCloudMessaging
LogPluginManager: Mounting plugin GooglePAD
LogPluginManager: Mounting plugin IOSDeviceProfileSelector
LogPluginManager: Mounting plugin LinuxDeviceProfileSelector
LogPluginManager: Mounting plugin LocationServicesBPLibrary
LogPluginManager: Mounting plugin MobilePatchingUtils
LogPluginManager: Mounting plugin OpenXR
LogPluginManager: Mounting plugin OpenXREyeTracker
LogPluginManager: Mounting plugin OpenXRHandTracking
LogPluginManager: Mounting plugin PhysXVehicles
LogPluginManager: Mounting plugin PostSplashScreen
LogPluginManager: Mounting plugin ProceduralMeshComponent
LogPluginManager: Mounting plugin PropertyAccessEditor
LogPluginManager: Mounting plugin RuntimePhysXCooking
LogPluginManager: Mounting plugin SignificanceManager
LogPluginManager: Mounting plugin SoundFields
LogPluginManager: Mounting plugin Synthesis
LogPluginManager: Mounting plugin WebMMoviePlayer
LogPluginManager: Mounting plugin WindowsMoviePlayer
LogPluginManager: Mounting plugin ScreenshotTools
LogPluginManager: Mounting plugin Takes
LogPluginManager: Mounting plugin ContentBrowserAssetDataSource
LogPluginManager: Mounting plugin ContentBrowserFileDataSource
LogPluginManager: Mounting plugin ContentBrowserClassDataSource
LogPluginManager: Mounting plugin OnlineSubsystemGooglePlay
LogPluginManager: Mounting plugin OnlineSubsystemIOS
PixWinPlugin: PIX capture plugin failed to initialize! Check that the process is launched from PIX.
LogInit: Using libcurl 7.55.1-DEV
LogInit:  - built for x86_64-pc-win32
LogInit:  - supports SSL with OpenSSL/1.1.1
LogInit:  - supports HTTP deflate (compression) using libz 1.2.8
LogInit:  - other features:
LogInit:      CURL_VERSION_SSL
LogInit:      CURL_VERSION_LIBZ
LogInit:      CURL_VERSION_IPV6
LogInit:      CURL_VERSION_ASYNCHDNS
LogInit:      CURL_VERSION_LARGEFILE
LogInit:      CURL_VERSION_IDN
LogInit:  CurlRequestOptions (configurable via config and command line):
LogInit:  - bVerifyPeer = true  - Libcurl will verify peer certificate
LogInit:  - bUseHttpProxy = false  - Libcurl will NOT use HTTP proxy
LogInit:  - bDontReuseConnections = false  - Libcurl will reuse connections
LogInit:  - MaxHostConnections = 16  - Libcurl will limit the number of connections to a host
LogInit:  - LocalHostAddr = Default
LogInit:  - BufferSize = 65536
LogOnline: OSS: Creating online subsystem instance for: NULL
LogInit: WinSock: version 1.1 (2.2), MaxSocks=32767, MaxUdp=65467
LogOnline: OSS: TryLoadSubsystemAndSetDefault: Loaded subsystem for module [NULL]
LogInit: Build: ++UE4+Release-4.27-CL-18319896
LogInit: Engine Version: 4.27.2-18319896+++UE4+Release-4.27
LogInit: Compatible Engine Version: 4.27.0-17155196+++UE4+Release-4.27
LogInit: Net CL: 17155196
LogInit: OS: Windows 10 (Release 2009) (), CPU: AMD Ryzen 7 3800X 8-Core Processor             , GPU: NVIDIA GeForce RTX 2060
LogInit: Compiled (64-bit): Nov 30 2021 07:12:08
LogInit: Compiled with Visual C++: 19.24.28315.00
LogInit: Build Configuration: Development
LogInit: Branch Name: ++UE4+Release-4.27
LogInit: Command Line:  /Game/Overworld -game -PIEVIACONSOLE -Multiprocess GameUserSettingsINI=D:/JourneyManProject/TwonicJMRepo/UnrealProject/Saved/Config/Windows/PIEGameUserSettings0.ini -MultiprocessSaveConfig -forcepassthrough -messaging -SessionName="Play in Standalone Game" -windowed -WinX=540 -WinY=138 SAVEWINPOS=1 -ResX=1280 -ResY=720
LogInit: Base Directory: D:/Unreal/UE_4.27/Engine/Binaries/Win64/
LogInit: Allocator: TBB
LogInit: Installed Engine Build: 1
LogDevObjectVersion: Number of dev versions registered: 29
LogDevObjectVersion:   Dev-Blueprints (B0D832E4-1F89-4F0D-ACCF-7EB736FD4AA2): 10
LogDevObjectVersion:   Dev-Build (E1C64328-A22C-4D53-A36C-8E866417BD8C): 0
LogDevObjectVersion:   Dev-Core (375EC13C-06E4-48FB-B500-84F0262A717E): 4
LogDevObjectVersion:   Dev-Editor (E4B068ED-F494-42E9-A231-DA0B2E46BB41): 40
LogDevObjectVersion:   Dev-Framework (CFFC743F-43B0-4480-9391-14DF171D2073): 37
LogDevObjectVersion:   Dev-Mobile (B02B49B5-BB20-44E9-A304-32B752E40360): 3
LogDevObjectVersion:   Dev-Networking (A4E4105C-59A1-49B5-A7C5-40C4547EDFEE): 0
LogDevObjectVersion:   Dev-Online (39C831C9-5AE6-47DC-9A44-9C173E1C8E7C): 0
LogDevObjectVersion:   Dev-Physics (78F01B33-EBEA-4F98-B9B4-84EACCB95AA2): 14
LogDevObjectVersion:   Dev-Platform (6631380F-2D4D-43E0-8009-CF276956A95A): 0
LogDevObjectVersion:   Dev-Rendering (12F88B9F-8875-4AFC-A67C-D90C383ABD29): 45
LogDevObjectVersion:   Dev-Sequencer (7B5AE74C-D270-4C10-A958-57980B212A5A): 13
LogDevObjectVersion:   Dev-VR (D7296918-1DD6-4BDD-9DE2-64A83CC13884): 3
LogDevObjectVersion:   Dev-LoadTimes (C2A15278-BFE7-4AFE-6C17-90FF531DF755): 1
LogDevObjectVersion:   Private-Geometry (6EACA3D4-40EC-4CC1-B786-8BED09428FC5): 3
LogDevObjectVersion:   Dev-AnimPhys (29E575DD-E0A3-4627-9D10-D276232CDCEA): 17
LogDevObjectVersion:   Dev-Anim (AF43A65D-7FD3-4947-9873-3E8ED9C1BB05): 15
LogDevObjectVersion:   Dev-ReflectionCapture (6B266CEC-1EC7-4B8F-A30B-E4D90942FC07): 1
LogDevObjectVersion:   Dev-Automation (0DF73D61-A23F-47EA-B727-89E90C41499A): 1
LogDevObjectVersion:   FortniteMain (601D1886-AC64-4F84-AA16-D3DE0DEAC7D6): 47
LogDevObjectVersion:   FortniteRelease (E7086368-6B23-4C58-8439-1B7016265E91): 1
LogDevObjectVersion:   Dev-Enterprise (9DFFBCD6-494F-0158-E221-12823C92A888): 10
LogDevObjectVersion:   Dev-Niagara (F2AED0AC-9AFE-416F-8664-AA7FFA26D6FC): 1
LogDevObjectVersion:   Dev-Destruction (174F1F0B-B4C6-45A5-B13F-2EE8D0FB917D): 10
LogDevObjectVersion:   Dev-Physics-Ext (35F94A83-E258-406C-A318-09F59610247C): 41
LogDevObjectVersion:   Dev-PhysicsMaterial-Chaos (B68FC16E-8B1B-42E2-B453-215C058844FE): 1
LogDevObjectVersion:   Dev-CineCamera (B2E18506-4273-CFC2-A54E-F4BB758BBA07): 1
LogDevObjectVersion:   Dev-VirtualProduction (64F58936-FD1B-42BA-BA96-7289D5D0FA4E): 1
LogDevObjectVersion:   Dev-MediaFramework (6F0ED827-A609-4895-9C91-998D90180EA4): 2
LogInit: Presizing for max 25165824 objects, including 0 objects not considered by GC, pre-allocating 0 bytes for permanent pool.
LogConfig: Applying CVar settings from Section [/Script/Engine.StreamingSettings] File [D:/JourneyManProject/TwonicJMRepo/UnrealProject/Saved/Config/Windows/Engine.ini]
LogConfig: Setting CVar [[s.MinBulkDataSizeForAsyncLoading:131072]]
LogConfig: Setting CVar [[s.AsyncLoadingThreadEnabled:0]]
LogConfig: Setting CVar [[s.EventDrivenLoaderEnabled:1]]
LogConfig: Setting CVar [[s.WarnIfTimeLimitExceeded:0]]
LogConfig: Setting CVar [[s.TimeLimitExceededMultiplier:1.5]]
LogConfig: Setting CVar [[s.TimeLimitExceededMinTime:0.005]]
LogConfig: Setting CVar [[s.UseBackgroundLevelStreaming:1]]
LogConfig: Setting CVar [[s.PriorityAsyncLoadingExtraTime:15.0]]
LogConfig: Setting CVar [[s.LevelStreamingActorsUpdateTimeLimit:5.0]]
LogConfig: Setting CVar [[s.PriorityLevelStreamingActorsUpdateExtraTime:5.0]]
LogConfig: Setting CVar [[s.LevelStreamingComponentsRegistrationGranularity:10]]
LogConfig: Setting CVar [[s.UnregisterComponentsTimeLimit:1.0]]
LogConfig: Setting CVar [[s.LevelStreamingComponentsUnregistrationGranularity:5]]
LogConfig: Setting CVar [[s.FlushStreamingOnExit:1]]
LogInit: Object subsystem initialized
LogConfig: Setting CVar [[con.DebugEarlyDefault:1]]
LogConfig: Setting CVar [[r.setres:1280x720]]
[2023.03.07-21.13.08:874][  0]LogConfig: Setting CVar [[con.DebugEarlyDefault:1]]
[2023.03.07-21.13.08:874][  0]LogConfig: Setting CVar [[r.setres:1280x720]]
[2023.03.07-21.13.08:874][  0]LogConfig: Applying CVar settings from Section [/Script/Engine.RendererSettings] File [D:/JourneyManProject/TwonicJMRepo/UnrealProject/Saved/Config/Windows/Engine.ini]
[2023.03.07-21.13.08:874][  0]LogConfig: Setting CVar [[r.GPUCrashDebugging:0]]
[2023.03.07-21.13.08:874][  0]LogConfig: Applying CVar settings from Section [/Script/Engine.RendererOverrideSettings] File [D:/JourneyManProject/TwonicJMRepo/UnrealProject/Saved/Config/Windows/Engine.ini]
[2023.03.07-21.13.08:874][  0]LogConfig: Applying CVar settings from Section [/Script/Engine.StreamingSettings] File [D:/JourneyManProject/TwonicJMRepo/UnrealProject/Saved/Config/Windows/Engine.ini]
[2023.03.07-21.13.08:874][  0]LogConfig: Setting CVar [[s.MinBulkDataSizeForAsyncLoading:131072]]
[2023.03.07-21.13.08:874][  0]LogConfig: Setting CVar [[s.AsyncLoadingThreadEnabled:0]]
[2023.03.07-21.13.08:874][  0]LogConfig: Setting CVar [[s.EventDrivenLoaderEnabled:1]]
[2023.03.07-21.13.08:874][  0]LogConfig: Setting CVar [[s.WarnIfTimeLimitExceeded:0]]
[2023.03.07-21.13.08:874][  0]LogConfig: Setting CVar [[s.TimeLimitExceededMultiplier:1.5]]
[2023.03.07-21.13.08:874][  0]LogConfig: Setting CVar [[s.TimeLimitExceededMinTime:0.005]]
[2023.03.07-21.13.08:874][  0]LogConfig: Setting CVar [[s.UseBackgroundLevelStreaming:1]]
[2023.03.07-21.13.08:874][  0]LogConfig: Setting CVar [[s.PriorityAsyncLoadingExtraTime:15.0]]
[2023.03.07-21.13.08:874][  0]LogConfig: Setting CVar [[s.LevelStreamingActorsUpdateTimeLimit:5.0]]
[2023.03.07-21.13.08:874][  0]LogConfig: Setting CVar [[s.PriorityLevelStreamingActorsUpdateExtraTime:5.0]]
[2023.03.07-21.13.08:875][  0]LogConfig: Setting CVar [[s.LevelStreamingComponentsRegistrationGranularity:10]]
[2023.03.07-21.13.08:875][  0]LogConfig: Setting CVar [[s.UnregisterComponentsTimeLimit:1.0]]
[2023.03.07-21.13.08:875][  0]LogConfig: Setting CVar [[s.LevelStreamingComponentsUnregistrationGranularity:5]]
[2023.03.07-21.13.08:875][  0]LogConfig: Setting CVar [[s.FlushStreamingOnExit:1]]
[2023.03.07-21.13.08:875][  0]LogConfig: Applying CVar settings from Section [/Script/Engine.GarbageCollectionSettings] File [D:/JourneyManProject/TwonicJMRepo/UnrealProject/Saved/Config/Windows/Engine.ini]
[2023.03.07-21.13.08:875][  0]LogConfig: Setting CVar [[gc.MaxObjectsNotConsideredByGC:1]]
[2023.03.07-21.13.08:875][  0]LogConfig: Setting CVar [[gc.SizeOfPermanentObjectPool:0]]
[2023.03.07-21.13.08:875][  0]LogConfig: Setting CVar [[gc.FlushStreamingOnGC:0]]
[2023.03.07-21.13.08:875][  0]LogConfig: Setting CVar [[gc.NumRetriesBeforeForcingGC:10]]
[2023.03.07-21.13.08:875][  0]LogConfig: Setting CVar [[gc.AllowParallelGC:1]]
[2023.03.07-21.13.08:875][  0]LogConfig: Setting CVar [[gc.TimeBetweenPurgingPendingKillObjects:61.1]]
[2023.03.07-21.13.08:875][  0]LogConfig: Setting CVar [[gc.MaxObjectsInEditor:25165824]]
[2023.03.07-21.13.08:875][  0]LogConfig: Setting CVar [[gc.IncrementalBeginDestroyEnabled:1]]
[2023.03.07-21.13.08:875][  0]LogConfig: Setting CVar [[gc.CreateGCClusters:1]]
[2023.03.07-21.13.08:875][  0]LogConfig: Setting CVar [[gc.MinGCClusterSize:5]]
[2023.03.07-21.13.08:875][  0]LogConfig: Setting CVar [[gc.ActorClusteringEnabled:0]]
[2023.03.07-21.13.08:875][  0]LogConfig: Setting CVar [[gc.BlueprintClusteringEnabled:0]]
[2023.03.07-21.13.08:875][  0]LogConfig: Setting CVar [[gc.UseDisregardForGCOnDedicatedServers:0]]
[2023.03.07-21.13.08:875][  0]LogConfig: Setting CVar [[gc.MultithreadedDestructionEnabled:1]]
[2023.03.07-21.13.08:875][  0]LogConfig: Applying CVar settings from Section [/Script/Engine.NetworkSettings] File [D:/JourneyManProject/TwonicJMRepo/UnrealProject/Saved/Config/Windows/Engine.ini]
[2023.03.07-21.13.08:875][  0]LogConfig: Applying CVar settings from Section [/Script/UnrealEd.CookerSettings] File [D:/JourneyManProject/TwonicJMRepo/UnrealProject/Saved/Config/Windows/Engine.ini]
[2023.03.07-21.13.08:880][  0]LogConfig: Applying CVar settings from Section [ViewDistanceQuality@3] File [D:/JourneyManProject/TwonicJMRepo/UnrealProject/Saved/Config/Windows/Scalability.ini]
[2023.03.07-21.13.08:880][  0]LogConfig: Setting CVar [[r.SkeletalMeshLODBias:0]]
[2023.03.07-21.13.08:880][  0]LogConfig: Setting CVar [[r.ViewDistanceScale:1.0]]
[2023.03.07-21.13.08:880][  0]LogConfig: Applying CVar settings from Section [AntiAliasingQuality@3] File [D:/JourneyManProject/TwonicJMRepo/UnrealProject/Saved/Config/Windows/Scalability.ini]
[2023.03.07-21.13.08:880][  0]LogConfig: Setting CVar [[r.PostProcessAAQuality:4]]
[2023.03.07-21.13.08:880][  0]LogConfig: Applying CVar settings from Section [ShadowQuality@3] File [D:/JourneyManProject/TwonicJMRepo/UnrealProject/Saved/Config/Windows/Scalability.ini]
[2023.03.07-21.13.08:880][  0]LogConfig: Setting CVar [[r.LightFunctionQuality:1]]
[2023.03.07-21.13.08:880][  0]LogConfig: Setting CVar [[r.ShadowQuality:5]]
[2023.03.07-21.13.08:880][  0]LogConfig: Setting CVar [[r.Shadow.CSM.MaxCascades:10]]
[2023.03.07-21.13.08:880][  0]LogConfig: Setting CVar [[r.Shadow.MaxResolution:2048]]
[2023.03.07-21.13.08:880][  0]LogConfig: Setting CVar [[r.Shadow.MaxCSMResolution:2048]]
[2023.03.07-21.13.08:880][  0]LogConfig: Setting CVar [[r.Shadow.RadiusThreshold:0.01]]
[2023.03.07-21.13.08:880][  0]LogConfig: Setting CVar [[r.Shadow.DistanceScale:1.0]]
[2023.03.07-21.13.08:880][  0]LogConfig: Setting CVar [[r.Shadow.CSM.TransitionScale:1.0]]
[2023.03.07-21.13.08:880][  0]LogConfig: Setting CVar [[r.Shadow.PreShadowResolutionFactor:1.0]]
[2023.03.07-21.13.08:880][  0]LogConfig: Setting CVar [[r.DistanceFieldShadowing:1]]
[2023.03.07-21.13.08:880][  0]LogConfig: Setting CVar [[r.DistanceFieldAO:1]]
[2023.03.07-21.13.08:880][  0]LogConfig: Setting CVar [[r.AOQuality:2]]
[2023.03.07-21.13.08:880][  0]LogConfig: Setting CVar [[r.VolumetricFog:1]]
[2023.03.07-21.13.08:880][  0]LogConfig: Setting CVar [[r.VolumetricFog.GridPixelSize:8]]
[2023.03.07-21.13.08:880][  0]LogConfig: Setting CVar [[r.VolumetricFog.GridSizeZ:128]]
[2023.03.07-21.13.08:880][  0]LogConfig: Setting CVar [[r.VolumetricFog.HistoryMissSupersampleCount:4]]
[2023.03.07-21.13.08:880][  0]LogConfig: Setting CVar [[r.LightMaxDrawDistanceScale:1]]
[2023.03.07-21.13.08:880][  0]LogConfig: Setting CVar [[r.CapsuleShadows:1]]
[2023.03.07-21.13.08:880][  0]LogConfig: Applying CVar settings from Section [PostProcessQuality@3] File [D:/JourneyManProject/TwonicJMRepo/UnrealProject/Saved/Config/Windows/Scalability.ini]
[2023.03.07-21.13.08:880][  0]LogConfig: Setting CVar [[r.MotionBlurQuality:4]]
[2023.03.07-21.13.08:880][  0]LogConfig: Setting CVar [[r.AmbientOcclusionMipLevelFactor:0.4]]
[2023.03.07-21.13.08:880][  0]LogConfig: Setting CVar [[r.AmbientOcclusionMaxQuality:100]]
[2023.03.07-21.13.08:880][  0]LogConfig: Setting CVar [[r.AmbientOcclusionLevels:-1]]
[2023.03.07-21.13.08:880][  0]LogConfig: Setting CVar [[r.AmbientOcclusionRadiusScale:1.0]]
[2023.03.07-21.13.08:880][  0]LogConfig: Setting CVar [[r.DepthOfFieldQuality:2]]
[2023.03.07-21.13.08:880][  0]LogConfig: Setting CVar [[r.RenderTargetPoolMin:400]]
[2023.03.07-21.13.08:880][  0]LogConfig: Setting CVar [[r.LensFlareQuality:2]]
[2023.03.07-21.13.08:880][  0]LogConfig: Setting CVar [[r.SceneColorFringeQuality:1]]
[2023.03.07-21.13.08:880][  0]LogConfig: Setting CVar [[r.EyeAdaptationQuality:2]]
[2023.03.07-21.13.08:880][  0]LogConfig: Setting CVar [[r.BloomQuality:5]]
[2023.03.07-21.13.08:880][  0]LogConfig: Setting CVar [[r.FastBlurThreshold:100]]
[2023.03.07-21.13.08:880][  0]LogConfig: Setting CVar [[r.Upscale.Quality:3]]
[2023.03.07-21.13.08:880][  0]LogConfig: Setting CVar [[r.Tonemapper.GrainQuantization:1]]
[2023.03.07-21.13.08:880][  0]LogConfig: Setting CVar [[r.LightShaftQuality:1]]
[2023.03.07-21.13.08:880][  0]LogConfig: Setting CVar [[r.Filter.SizeScale:1]]
[2023.03.07-21.13.08:880][  0]LogConfig: Setting CVar [[r.Tonemapper.Quality:5]]
[2023.03.07-21.13.08:880][  0]LogConfig: Setting CVar [[r.DOF.Gather.AccumulatorQuality:1        ; higher gathering accumulator quality]]
[2023.03.07-21.13.08:880][  0]LogConfig: Setting CVar [[r.DOF.Gather.PostfilterMethod:1          ; Median3x3 postfilering method]]
[2023.03.07-21.13.08:880][  0]LogConfig: Setting CVar [[r.DOF.Gather.EnableBokehSettings:0       ; no bokeh simulation when gathering]]
[2023.03.07-21.13.08:880][  0]LogConfig: Setting CVar [[r.DOF.Gather.RingCount:4                 ; medium number of samples when gathering]]
[2023.03.07-21.13.08:880][  0]LogConfig: Setting CVar [[r.DOF.Scatter.ForegroundCompositing:1    ; additive foreground scattering]]
[2023.03.07-21.13.08:880][  0]LogConfig: Setting CVar [[r.DOF.Scatter.BackgroundCompositing:2    ; additive background scattering]]
[2023.03.07-21.13.08:880][  0]LogConfig: Setting CVar [[r.DOF.Scatter.EnableBokehSettings:1      ; bokeh simulation when scattering]]
[2023.03.07-21.13.08:880][  0]LogConfig: Setting CVar [[r.DOF.Scatter.MaxSpriteRatio:0.1         ; only a maximum of 10% of scattered bokeh]]
[2023.03.07-21.13.08:880][  0]LogConfig: Setting CVar [[r.DOF.Recombine.Quality:1                ; cheap slight out of focus]]
[2023.03.07-21.13.08:880][  0]LogConfig: Setting CVar [[r.DOF.Recombine.EnableBokehSettings:0    ; no bokeh simulation on slight out of focus]]
[2023.03.07-21.13.08:880][  0]LogConfig: Setting CVar [[r.DOF.TemporalAAQuality:1                ; more stable temporal accumulation]]
[2023.03.07-21.13.08:880][  0]LogConfig: Setting CVar [[r.DOF.Kernel.MaxForegroundRadius:0.025]]
[2023.03.07-21.13.08:880][  0]LogConfig: Setting CVar [[r.DOF.Kernel.MaxBackgroundRadius:0.025]]
[2023.03.07-21.13.08:880][  0]LogConfig: Applying CVar settings from Section [TextureQuality@3] File [D:/JourneyManProject/TwonicJMRepo/UnrealProject/Saved/Config/Windows/Scalability.ini]
[2023.03.07-21.13.08:880][  0]LogConfig: Setting CVar [[r.Streaming.MipBias:0]]
[2023.03.07-21.13.08:880][  0]LogConfig: Setting CVar [[r.Streaming.AmortizeCPUToGPUCopy:0]]
[2023.03.07-21.13.08:880][  0]LogConfig: Setting CVar [[r.Streaming.MaxNumTexturesToStreamPerFrame:0]]
[2023.03.07-21.13.08:880][  0]LogConfig: Setting CVar [[r.Streaming.Boost:1]]
[2023.03.07-21.13.08:880][  0]LogConfig: Setting CVar [[r.MaxAnisotropy:8]]
[2023.03.07-21.13.08:880][  0]LogConfig: Setting CVar [[r.VT.MaxAnisotropy:8]]
[2023.03.07-21.13.08:880][  0]LogConfig: Setting CVar [[r.Streaming.LimitPoolSizeToVRAM:0]]
[2023.03.07-21.13.08:880][  0]LogConfig: Setting CVar [[r.Streaming.PoolSize:1000]]
[2023.03.07-21.13.08:880][  0]LogConfig: Setting CVar [[r.Streaming.MaxEffectiveScreenSize:0]]
[2023.03.07-21.13.08:880][  0]LogConfig: Applying CVar settings from Section [EffectsQuality@3] File [D:/JourneyManProject/TwonicJMRepo/UnrealProject/Saved/Config/Windows/Scalability.ini]
[2023.03.07-21.13.08:880][  0]LogConfig: Setting CVar [[r.TranslucencyLightingVolumeDim:64]]
[2023.03.07-21.13.08:880][  0]LogConfig: Setting CVar [[r.RefractionQuality:2]]
[2023.03.07-21.13.08:880][  0]LogConfig: Setting CVar [[r.SSR.Quality:3]]
[2023.03.07-21.13.08:880][  0]LogConfig: Setting CVar [[r.SSR.HalfResSceneColor:0]]
[2023.03.07-21.13.08:880][  0]LogConfig: Setting CVar [[r.SceneColorFormat:4]]
[2023.03.07-21.13.08:880][  0]LogConfig: Setting CVar [[r.DetailMode:2]]
[2023.03.07-21.13.08:880][  0]LogConfig: Setting CVar [[r.TranslucencyVolumeBlur:1]]
[2023.03.07-21.13.08:880][  0]LogConfig: Setting CVar [[r.MaterialQualityLevel:1 ; High quality]]
[2023.03.07-21.13.08:880][  0]LogConfig: Setting CVar [[r.AnisotropicMaterials:1]]
[2023.03.07-21.13.08:880][  0]LogConfig: Setting CVar [[r.SSS.Scale:1]]
[2023.03.07-21.13.08:881][  0]LogConfig: Setting CVar [[r.SSS.SampleSet:2]]
[2023.03.07-21.13.08:881][  0]LogConfig: Setting CVar [[r.SSS.Quality:1]]
[2023.03.07-21.13.08:881][  0]LogConfig: Setting CVar [[r.SSS.HalfRes:0]]
[2023.03.07-21.13.08:881][  0]LogConfig: Setting CVar [[r.SSGI.Quality:3]]
[2023.03.07-21.13.08:881][  0]LogConfig: Setting CVar [[r.EmitterSpawnRateScale:1.0]]
[2023.03.07-21.13.08:881][  0]LogConfig: Setting CVar [[r.ParticleLightQuality:2]]
[2023.03.07-21.13.08:881][  0]LogConfig: Setting CVar [[r.SkyAtmosphere.AerialPerspectiveLUT.FastApplyOnOpaque:1 ; Always have FastSkyLUT 1 in this case to avoid wrong sky]]
[2023.03.07-21.13.08:881][  0]LogConfig: Setting CVar [[r.SkyAtmosphere.AerialPerspectiveLUT.SampleCountMaxPerSlice:4]]
[2023.03.07-21.13.08:881][  0]LogConfig: Setting CVar [[r.SkyAtmosphere.AerialPerspectiveLUT.DepthResolution:16.0]]
[2023.03.07-21.13.08:881][  0]LogConfig: Setting CVar [[r.SkyAtmosphere.FastSkyLUT:1]]
[2023.03.07-21.13.08:881][  0]LogConfig: Setting CVar [[r.SkyAtmosphere.FastSkyLUT.SampleCountMin:4.0]]
[2023.03.07-21.13.08:881][  0]LogConfig: Setting CVar [[r.SkyAtmosphere.FastSkyLUT.SampleCountMax:128.0]]
[2023.03.07-21.13.08:881][  0]LogConfig: Setting CVar [[r.SkyAtmosphere.SampleCountMin:4.0]]
[2023.03.07-21.13.08:881][  0]LogConfig: Setting CVar [[r.SkyAtmosphere.SampleCountMax:128.0]]
[2023.03.07-21.13.08:881][  0]LogConfig: Setting CVar [[r.SkyAtmosphere.TransmittanceLUT.UseSmallFormat:0]]
[2023.03.07-21.13.08:881][  0]LogConfig: Setting CVar [[r.SkyAtmosphere.TransmittanceLUT.SampleCount:10.0]]
[2023.03.07-21.13.08:881][  0]LogConfig: Setting CVar [[r.SkyAtmosphere.MultiScatteringLUT.SampleCount:15.0]]
[2023.03.07-21.13.08:881][  0]LogConfig: Setting CVar [[r.SkyLight.RealTimeReflectionCapture:1]]
[2023.03.07-21.13.08:881][  0]LogConfig: Applying CVar settings from Section [FoliageQuality@3] File [D:/JourneyManProject/TwonicJMRepo/UnrealProject/Saved/Config/Windows/Scalability.ini]
[2023.03.07-21.13.08:881][  0]LogConfig: Setting CVar [[foliage.DensityScale:1.0]]
[2023.03.07-21.13.08:881][  0]LogConfig: Setting CVar [[grass.DensityScale:1.0]]
[2023.03.07-21.13.08:881][  0]LogConfig: Applying CVar settings from Section [ShadingQuality@3] File [D:/JourneyManProject/TwonicJMRepo/UnrealProject/Saved/Config/Windows/Scalability.ini]
[2023.03.07-21.13.08:881][  0]LogConfig: Setting CVar [[r.HairStrands.SkyLighting.IntegrationType:2]]
[2023.03.07-21.13.08:881][  0]LogConfig: Setting CVar [[r.HairStrands.SkyAO.SampleCount:4]]
[2023.03.07-21.13.08:881][  0]LogConfig: Setting CVar [[r.HairStrands.Visibility.MSAA.SamplePerPixel:4]]
[2023.03.07-21.13.08:881][  0]LogInit: Selected Device Profile: [Windows]
[2023.03.07-21.13.08:881][  0]LogInit: Applying CVar settings loaded from the selected device profile: [Windows]
[2023.03.07-21.13.08:881][  0]LogHAL: Display: Platform has ~ 16 GB [17080774656 / 17179869184 / 16], which maps to Larger [LargestMinGB=32, LargerMinGB=12, DefaultMinGB=8, SmallerMinGB=6, SmallestMinGB=0)
[2023.03.07-21.13.08:881][  0]LogInit: Going up to parent DeviceProfile []
[2023.03.07-21.13.08:881][  0]LogConfig: Applying CVar settings from Section [ViewDistanceQuality@3] File [D:/JourneyManProject/TwonicJMRepo/UnrealProject/Saved/Config/Windows/Scalability.ini]
[2023.03.07-21.13.08:881][  0]LogConfig: Setting CVar [[r.SkeletalMeshLODBias:0]]
[2023.03.07-21.13.08:881][  0]LogConfig: Setting CVar [[r.ViewDistanceScale:1.0]]
[2023.03.07-21.13.08:881][  0]LogConfig: Applying CVar settings from Section [AntiAliasingQuality@3] File [D:/JourneyManProject/TwonicJMRepo/UnrealProject/Saved/Config/Windows/Scalability.ini]
[2023.03.07-21.13.08:881][  0]LogConfig: Setting CVar [[r.PostProcessAAQuality:4]]
[2023.03.07-21.13.08:881][  0]LogConfig: Applying CVar settings from Section [ShadowQuality@3] File [D:/JourneyManProject/TwonicJMRepo/UnrealProject/Saved/Config/Windows/Scalability.ini]
[2023.03.07-21.13.08:881][  0]LogConfig: Setting CVar [[r.LightFunctionQuality:1]]
[2023.03.07-21.13.08:881][  0]LogConfig: Setting CVar [[r.ShadowQuality:5]]
[2023.03.07-21.13.08:881][  0]LogConfig: Setting CVar [[r.Shadow.CSM.MaxCascades:10]]
[2023.03.07-21.13.08:881][  0]LogConfig: Setting CVar [[r.Shadow.MaxResolution:2048]]
[2023.03.07-21.13.08:881][  0]LogConfig: Setting CVar [[r.Shadow.MaxCSMResolution:2048]]
[2023.03.07-21.13.08:881][  0]LogConfig: Setting CVar [[r.Shadow.RadiusThreshold:0.01]]
[2023.03.07-21.13.08:881][  0]LogConfig: Setting CVar [[r.Shadow.DistanceScale:1.0]]
[2023.03.07-21.13.08:881][  0]LogConfig: Setting CVar [[r.Shadow.CSM.TransitionScale:1.0]]
[2023.03.07-21.13.08:881][  0]LogConfig: Setting CVar [[r.Shadow.PreShadowResolutionFactor:1.0]]
[2023.03.07-21.13.08:881][  0]LogConfig: Setting CVar [[r.DistanceFieldShadowing:1]]
[2023.03.07-21.13.08:881][  0]LogConfig: Setting CVar [[r.DistanceFieldAO:1]]
[2023.03.07-21.13.08:881][  0]LogConfig: Setting CVar [[r.AOQuality:2]]
[2023.03.07-21.13.08:881][  0]LogConfig: Setting CVar [[r.VolumetricFog:1]]
[2023.03.07-21.13.08:881][  0]LogConfig: Setting CVar [[r.VolumetricFog.GridPixelSize:8]]
[2023.03.07-21.13.08:881][  0]LogConfig: Setting CVar [[r.VolumetricFog.GridSizeZ:128]]
[2023.03.07-21.13.08:881][  0]LogConfig: Setting CVar [[r.VolumetricFog.HistoryMissSupersampleCount:4]]
[2023.03.07-21.13.08:881][  0]LogConfig: Setting CVar [[r.LightMaxDrawDistanceScale:1]]
[2023.03.07-21.13.08:881][  0]LogConfig: Setting CVar [[r.CapsuleShadows:1]]
[2023.03.07-21.13.08:881][  0]LogConfig: Applying CVar settings from Section [PostProcessQuality@3] File [D:/JourneyManProject/TwonicJMRepo/UnrealProject/Saved/Config/Windows/Scalability.ini]
[2023.03.07-21.13.08:881][  0]LogConfig: Setting CVar [[r.MotionBlurQuality:4]]
[2023.03.07-21.13.08:881][  0]LogConfig: Setting CVar [[r.AmbientOcclusionMipLevelFactor:0.4]]
[2023.03.07-21.13.08:881][  0]LogConfig: Setting CVar [[r.AmbientOcclusionMaxQuality:100]]
[2023.03.07-21.13.08:881][  0]LogConfig: Setting CVar [[r.AmbientOcclusionLevels:-1]]
[2023.03.07-21.13.08:881][  0]LogConfig: Setting CVar [[r.AmbientOcclusionRadiusScale:1.0]]
[2023.03.07-21.13.08:881][  0]LogConfig: Setting CVar [[r.DepthOfFieldQuality:2]]
[2023.03.07-21.13.08:881][  0]LogConfig: Setting CVar [[r.RenderTargetPoolMin:400]]
[2023.03.07-21.13.08:881][  0]LogConfig: Setting CVar [[r.LensFlareQuality:2]]
[2023.03.07-21.13.08:881][  0]LogConfig: Setting CVar [[r.SceneColorFringeQuality:1]]
[2023.03.07-21.13.08:881][  0]LogConfig: Setting CVar [[r.EyeAdaptationQuality:2]]
[2023.03.07-21.13.08:881][  0]LogConfig: Setting CVar [[r.BloomQuality:5]]
[2023.03.07-21.13.08:881][  0]LogConfig: Setting CVar [[r.FastBlurThreshold:100]]
[2023.03.07-21.13.08:881][  0]LogConfig: Setting CVar [[r.Upscale.Quality:3]]
[2023.03.07-21.13.08:881][  0]LogConfig: Setting CVar [[r.Tonemapper.GrainQuantization:1]]
[2023.03.07-21.13.08:881][  0]LogConfig: Setting CVar [[r.LightShaftQuality:1]]
[2023.03.07-21.13.08:881][  0]LogConfig: Setting CVar [[r.Filter.SizeScale:1]]
[2023.03.07-21.13.08:881][  0]LogConfig: Setting CVar [[r.Tonemapper.Quality:5]]
[2023.03.07-21.13.08:881][  0]LogConfig: Setting CVar [[r.DOF.Gather.AccumulatorQuality:1        ; higher gathering accumulator quality]]
[2023.03.07-21.13.08:881][  0]LogConfig: Setting CVar [[r.DOF.Gather.PostfilterMethod:1          ; Median3x3 postfilering method]]
[2023.03.07-21.13.08:881][  0]LogConfig: Setting CVar [[r.DOF.Gather.EnableBokehSettings:0       ; no bokeh simulation when gathering]]
[2023.03.07-21.13.08:881][  0]LogConfig: Setting CVar [[r.DOF.Gather.RingCount:4                 ; medium number of samples when gathering]]
[2023.03.07-21.13.08:881][  0]LogConfig: Setting CVar [[r.DOF.Scatter.ForegroundCompositing:1    ; additive foreground scattering]]
[2023.03.07-21.13.08:881][  0]LogConfig: Setting CVar [[r.DOF.Scatter.BackgroundCompositing:2    ; additive background scattering]]
[2023.03.07-21.13.08:881][  0]LogConfig: Setting CVar [[r.DOF.Scatter.EnableBokehSettings:1      ; bokeh simulation when scattering]]
[2023.03.07-21.13.08:881][  0]LogConfig: Setting CVar [[r.DOF.Scatter.MaxSpriteRatio:0.1         ; only a maximum of 10% of scattered bokeh]]
[2023.03.07-21.13.08:881][  0]LogConfig: Setting CVar [[r.DOF.Recombine.Quality:1                ; cheap slight out of focus]]
[2023.03.07-21.13.08:881][  0]LogConfig: Setting CVar [[r.DOF.Recombine.EnableBokehSettings:0    ; no bokeh simulation on slight out of focus]]
[2023.03.07-21.13.08:881][  0]LogConfig: Setting CVar [[r.DOF.TemporalAAQuality:1                ; more stable temporal accumulation]]
[2023.03.07-21.13.08:881][  0]LogConfig: Setting CVar [[r.DOF.Kernel.MaxForegroundRadius:0.025]]
[2023.03.07-21.13.08:881][  0]LogConfig: Setting CVar [[r.DOF.Kernel.MaxBackgroundRadius:0.025]]
[2023.03.07-21.13.08:881][  0]LogConfig: Applying CVar settings from Section [TextureQuality@3] File [D:/JourneyManProject/TwonicJMRepo/UnrealProject/Saved/Config/Windows/Scalability.ini]
[2023.03.07-21.13.08:881][  0]LogConfig: Setting CVar [[r.Streaming.MipBias:0]]
[2023.03.07-21.13.08:881][  0]LogConfig: Setting CVar [[r.Streaming.AmortizeCPUToGPUCopy:0]]
[2023.03.07-21.13.08:881][  0]LogConfig: Setting CVar [[r.Streaming.MaxNumTexturesToStreamPerFrame:0]]
[2023.03.07-21.13.08:881][  0]LogConfig: Setting CVar [[r.Streaming.Boost:1]]
[2023.03.07-21.13.08:881][  0]LogConfig: Setting CVar [[r.MaxAnisotropy:8]]
[2023.03.07-21.13.08:881][  0]LogConfig: Setting CVar [[r.VT.MaxAnisotropy:8]]
[2023.03.07-21.13.08:881][  0]LogConfig: Setting CVar [[r.Streaming.LimitPoolSizeToVRAM:0]]
[2023.03.07-21.13.08:881][  0]LogConfig: Setting CVar [[r.Streaming.PoolSize:1000]]
[2023.03.07-21.13.08:882][  0]LogConfig: Setting CVar [[r.Streaming.MaxEffectiveScreenSize:0]]
[2023.03.07-21.13.08:882][  0]LogConfig: Applying CVar settings from Section [EffectsQuality@3] File [D:/JourneyManProject/TwonicJMRepo/UnrealProject/Saved/Config/Windows/Scalability.ini]
[2023.03.07-21.13.08:882][  0]LogConfig: Setting CVar [[r.TranslucencyLightingVolumeDim:64]]
[2023.03.07-21.13.08:882][  0]LogConfig: Setting CVar [[r.RefractionQuality:2]]
[2023.03.07-21.13.08:882][  0]LogConfig: Setting CVar [[r.SSR.Quality:3]]
[2023.03.07-21.13.08:882][  0]LogConfig: Setting CVar [[r.SSR.HalfResSceneColor:0]]
[2023.03.07-21.13.08:882][  0]LogConfig: Setting CVar [[r.SceneColorFormat:4]]
[2023.03.07-21.13.08:882][  0]LogConfig: Setting CVar [[r.DetailMode:2]]
[2023.03.07-21.13.08:882][  0]LogConfig: Setting CVar [[r.TranslucencyVolumeBlur:1]]
[2023.03.07-21.13.08:882][  0]LogConfig: Setting CVar [[r.MaterialQualityLevel:1 ; High quality]]
[2023.03.07-21.13.08:882][  0]LogConfig: Setting CVar [[r.AnisotropicMaterials:1]]
[2023.03.07-21.13.08:882][  0]LogConfig: Setting CVar [[r.SSS.Scale:1]]
[2023.03.07-21.13.08:882][  0]LogConfig: Setting CVar [[r.SSS.SampleSet:2]]
[2023.03.07-21.13.08:882][  0]LogConfig: Setting CVar [[r.SSS.Quality:1]]
[2023.03.07-21.13.08:882][  0]LogConfig: Setting CVar [[r.SSS.HalfRes:0]]
[2023.03.07-21.13.08:882][  0]LogConfig: Setting CVar [[r.SSGI.Quality:3]]
[2023.03.07-21.13.08:882][  0]LogConfig: Setting CVar [[r.EmitterSpawnRateScale:1.0]]
[2023.03.07-21.13.08:882][  0]LogConfig: Setting CVar [[r.ParticleLightQuality:2]]
[2023.03.07-21.13.08:882][  0]LogConfig: Setting CVar [[r.SkyAtmosphere.AerialPerspectiveLUT.FastApplyOnOpaque:1 ; Always have FastSkyLUT 1 in this case to avoid wrong sky]]
[2023.03.07-21.13.08:882][  0]LogConfig: Setting CVar [[r.SkyAtmosphere.AerialPerspectiveLUT.SampleCountMaxPerSlice:4]]
[2023.03.07-21.13.08:882][  0]LogConfig: Setting CVar [[r.SkyAtmosphere.AerialPerspectiveLUT.DepthResolution:16.0]]
[2023.03.07-21.13.08:882][  0]LogConfig: Setting CVar [[r.SkyAtmosphere.FastSkyLUT:1]]
[2023.03.07-21.13.08:882][  0]LogConfig: Setting CVar [[r.SkyAtmosphere.FastSkyLUT.SampleCountMin:4.0]]
[2023.03.07-21.13.08:882][  0]LogConfig: Setting CVar [[r.SkyAtmosphere.FastSkyLUT.SampleCountMax:128.0]]
[2023.03.07-21.13.08:882][  0]LogConfig: Setting CVar [[r.SkyAtmosphere.SampleCountMin:4.0]]
[2023.03.07-21.13.08:882][  0]LogConfig: Setting CVar [[r.SkyAtmosphere.SampleCountMax:128.0]]
[2023.03.07-21.13.08:882][  0]LogConfig: Setting CVar [[r.SkyAtmosphere.TransmittanceLUT.UseSmallFormat:0]]
[2023.03.07-21.13.08:882][  0]LogConfig: Setting CVar [[r.SkyAtmosphere.TransmittanceLUT.SampleCount:10.0]]
[2023.03.07-21.13.08:882][  0]LogConfig: Setting CVar [[r.SkyAtmosphere.MultiScatteringLUT.SampleCount:15.0]]
[2023.03.07-21.13.08:882][  0]LogConfig: Setting CVar [[r.SkyLight.RealTimeReflectionCapture:1]]
[2023.03.07-21.13.08:882][  0]LogConfig: Applying CVar settings from Section [FoliageQuality@3] File [D:/JourneyManProject/TwonicJMRepo/UnrealProject/Saved/Config/Windows/Scalability.ini]
[2023.03.07-21.13.08:882][  0]LogConfig: Setting CVar [[foliage.DensityScale:1.0]]
[2023.03.07-21.13.08:882][  0]LogConfig: Setting CVar [[grass.DensityScale:1.0]]
[2023.03.07-21.13.08:882][  0]LogConfig: Applying CVar settings from Section [ShadingQuality@3] File [D:/JourneyManProject/TwonicJMRepo/UnrealProject/Saved/Config/Windows/Scalability.ini]
[2023.03.07-21.13.08:882][  0]LogConfig: Setting CVar [[r.HairStrands.SkyLighting.IntegrationType:2]]
[2023.03.07-21.13.08:882][  0]LogConfig: Setting CVar [[r.HairStrands.SkyAO.SampleCount:4]]
[2023.03.07-21.13.08:882][  0]LogConfig: Setting CVar [[r.HairStrands.Visibility.MSAA.SamplePerPixel:4]]
[2023.03.07-21.13.08:882][  0]LogConfig: Applying CVar settings from Section [Startup] File [../../../Engine/Config/ConsoleVariables.ini]
[2023.03.07-21.13.08:882][  0]LogConfig: Setting CVar [[net.UseAdaptiveNetUpdateFrequency:0]]
[2023.03.07-21.13.08:882][  0]LogConfig: Setting CVar [[p.chaos.AllowCreatePhysxBodies:1]]
[2023.03.07-21.13.08:882][  0]LogConfig: Setting CVar [[fx.SkipVectorVMBackendOptimizations:1]]
[2023.03.07-21.13.08:882][  0]LogConfig: Applying CVar settings from Section [ConsoleVariables] File [D:/JourneyManProject/TwonicJMRepo/UnrealProject/Saved/Config/Windows/Engine.ini]
[2023.03.07-21.13.08:882][  0]LogConfig: Applying CVar settings from Section [ConsoleVariables] File [D:/JourneyManProject/TwonicJMRepo/UnrealProject/Saved/Config/Windows/Editor.ini]
[2023.03.07-21.13.08:882][  0]LogInit: Computer: DESKTOP-LENE5UI
[2023.03.07-21.13.08:882][  0]LogInit: User: patri
[2023.03.07-21.13.08:882][  0]LogInit: CPU Page size=4096, Cores=8
[2023.03.07-21.13.08:882][  0]LogInit: High frequency timer resolution =10.000000 MHz
[2023.03.07-21.13.08:882][  0]LogMemory: Memory total: Physical=15.9GB (16GB approx)
[2023.03.07-21.13.08:882][  0]LogMemory: Platform Memory Stats for Windows
[2023.03.07-21.13.08:882][  0]LogMemory: Process Physical Memory: 144.48 MB used, 144.48 MB peak
[2023.03.07-21.13.08:882][  0]LogMemory: Process Virtual Memory: 128.73 MB used, 128.73 MB peak
[2023.03.07-21.13.08:882][  0]LogMemory: Physical Memory: 11689.34 MB used,  4600.15 MB free, 16289.50 MB total
[2023.03.07-21.13.08:882][  0]LogMemory: Virtual Memory: 134213744.00 MB used,  3984.61 MB free, 134217728.00 MB total
[2023.03.07-21.13.08:887][  0]LogWindows: WindowsPlatformFeatures enabled
[2023.03.07-21.13.08:922][  0]LogInit: Physics initialised using underlying interface: PhysX
[2023.03.07-21.13.08:922][  0]LogInit: Using OS detected language (en-GB).
[2023.03.07-21.13.08:922][  0]LogInit: Using OS detected locale (en-GB).
[2023.03.07-21.13.08:924][  0]LogTextLocalizationManager: No specific localization for 'en-GB' exists, so the 'en' localization will be used.
[2023.03.07-21.13.09:117][  0]LogWindowsTextInputMethodSystem: Display: IME system deactivated.
[2023.03.07-21.13.09:131][  0]LogSlate: New Slate User Created.  User Index 0, Is Virtual User: 0
[2023.03.07-21.13.09:131][  0]LogSlate: Slate User Registered.  User Index 0, Is Virtual User: 0
[2023.03.07-21.13.09:142][  0]LogD3D11RHI: Loaded GFSDK_Aftermath_Lib.x64.dll
[2023.03.07-21.13.09:145][  0]LogHMD: Failed to enumerate extensions. Please check that you have a valid OpenXR runtime installed.
[2023.03.07-21.13.09:145][  0]LogD3D11RHI: D3D11 min allowed feature level: 11_0
[2023.03.07-21.13.09:145][  0]LogD3D11RHI: D3D11 max allowed feature level: 11_0
[2023.03.07-21.13.09:145][  0]LogD3D11RHI: D3D11 adapters:
[2023.03.07-21.13.09:240][  0]LogD3D11RHI:    0. 'NVIDIA GeForce RTX 2060' (Feature Level 11_0)
[2023.03.07-21.13.09:240][  0]LogD3D11RHI:       5968/0/8144 MB DedicatedVideo/DedicatedSystem/SharedSystem, Outputs:1, VendorId:0x10de
[2023.03.07-21.13.09:242][  0]LogD3D11RHI:    1. 'Microsoft Basic Render Driver' (Feature Level 11_0)
[2023.03.07-21.13.09:242][  0]LogD3D11RHI:       0/0/8144 MB DedicatedVideo/DedicatedSystem/SharedSystem, Outputs:0, VendorId:0x1414
[2023.03.07-21.13.09:242][  0]LogD3D11RHI: Chosen D3D11 Adapter:
[2023.03.07-21.13.09:242][  0]LogD3D11RHI:     Description : NVIDIA GeForce RTX 2060
[2023.03.07-21.13.09:242][  0]LogD3D11RHI:     VendorId    : 10de
[2023.03.07-21.13.09:242][  0]LogD3D11RHI:     DeviceId    : 1f08
[2023.03.07-21.13.09:242][  0]LogD3D11RHI:     SubSysId    : 86f01043
[2023.03.07-21.13.09:242][  0]LogD3D11RHI:     Revision    : 00a1
[2023.03.07-21.13.09:242][  0]LogD3D11RHI:     DedicatedVideoMemory : 6257901568 bytes
[2023.03.07-21.13.09:242][  0]LogD3D11RHI:     DedicatedSystemMemory : 0 bytes
[2023.03.07-21.13.09:242][  0]LogD3D11RHI:     SharedSystemMemory : 8540387328 bytes
[2023.03.07-21.13.09:242][  0]LogD3D11RHI:     AdapterLuid : 0 60577
[2023.03.07-21.13.09:248][  0]LogD3D11RHI: Creating new Direct3DDevice
[2023.03.07-21.13.09:248][  0]LogD3D11RHI:     GPU DeviceId: 0x1f08 (for the marketing name, search the web for "GPU Device Id")
[2023.03.07-21.13.09:249][  0]LogWindows: EnumDisplayDevices:
[2023.03.07-21.13.09:249][  0]LogWindows:    0. 'NVIDIA GeForce RTX 2060' (P:1 D:1)
[2023.03.07-21.13.09:249][  0]LogWindows:    1. 'NVIDIA GeForce RTX 2060' (P:0 D:0)
[2023.03.07-21.13.09:249][  0]LogWindows:    2. 'NVIDIA GeForce RTX 2060' (P:0 D:0)
[2023.03.07-21.13.09:249][  0]LogWindows:    3. 'NVIDIA GeForce RTX 2060' (P:0 D:0)
[2023.03.07-21.13.09:249][  0]LogWindows: DebugString: FoundDriverCount:4 
[2023.03.07-21.13.09:249][  0]LogD3D11RHI:     Adapter Name: NVIDIA GeForce RTX 2060
[2023.03.07-21.13.09:249][  0]LogD3D11RHI:   Driver Version: 527.56 (internal:31.0.15.2756, unified:527.56)
[2023.03.07-21.13.09:249][  0]LogD3D11RHI:      Driver Date: 12-5-2022
[2023.03.07-21.13.09:249][  0]LogRHI: Texture pool is 4177 MB (70% of 5968 MB)
[2023.03.07-21.13.09:249][  0]LogD3D11RHI: Creating D3DDevice using adapter:
[2023.03.07-21.13.09:249][  0]LogD3D11RHI:     Description : NVIDIA GeForce RTX 2060
[2023.03.07-21.13.09:249][  0]LogD3D11RHI:     VendorId    : 10de
[2023.03.07-21.13.09:249][  0]LogD3D11RHI:     DeviceId    : 1f08
[2023.03.07-21.13.09:249][  0]LogD3D11RHI:     SubSysId    : 86f01043
[2023.03.07-21.13.09:249][  0]LogD3D11RHI:     Revision    : 00a1
[2023.03.07-21.13.09:249][  0]LogD3D11RHI:     DedicatedVideoMemory : 6257901568 bytes
[2023.03.07-21.13.09:249][  0]LogD3D11RHI:     DedicatedSystemMemory : 0 bytes
[2023.03.07-21.13.09:249][  0]LogD3D11RHI:     SharedSystemMemory : 8540387328 bytes
[2023.03.07-21.13.09:249][  0]LogD3D11RHI:     AdapterLuid : 0 60577
[2023.03.07-21.13.09:320][  0]LogD3D11RHI: RHI has support for 64 bit atomics
[2023.03.07-21.13.09:320][  0]LogD3D11RHI: Async texture creation enabled
[2023.03.07-21.13.09:320][  0]LogD3D11RHI: Array index from any shader is supported
[2023.03.07-21.13.09:338][  0]LogD3D11RHI: GPU Timing Frequency: 1000.000000 (Debug: 2 2)
[2023.03.07-21.13.09:359][  0]LogRHI: GeForceNow SDK initialized: 1
[2023.03.07-21.13.09:584][  0]LogTargetPlatformManager: Display: Loaded TargetPlatform 'WindowsNoEditor'
[2023.03.07-21.13.09:587][  0]LogTargetPlatformManager: Display: Loaded TargetPlatform 'Windows'
[2023.03.07-21.13.09:591][  0]LogTargetPlatformManager: Display: Loaded TargetPlatform 'WindowsClient'
[2023.03.07-21.13.09:594][  0]LogTargetPlatformManager: Display: Loaded TargetPlatform 'WindowsServer'
[2023.03.07-21.13.09:594][  0]LogTargetPlatformManager: Display: Building Assets For Windows
[2023.03.07-21.13.09:600][  0]LogAudioDebug: Display: Lib vorbis DLL was dynamically loaded.
[2023.03.07-21.13.09:623][  0]LogTextureFormatOodle: Display: Oodle Texture 2.9.0 init RDO Off
[2023.03.07-21.13.09:647][  0]LogRendererCore: Ray tracing is disabled. Reason: r.RayTracing=0.
[2023.03.07-21.13.09:647][  0]LogShaderCompilers: Guid format shader working directory is -14 characters bigger than the processId version (../../../../../JourneyManProject/TwonicJMRepo/UnrealProject/Intermediate/Shaders/WorkingDirectory/34688/).
[2023.03.07-21.13.09:647][  0]LogShaderCompilers: Cleaned the shader compiler working directory 'C:/Users/patri/AppData/Local/Temp/UnrealShaderWorkingDir/C99ADD2A421DB4BE132BAD8C5A3D86DF/'.
[2023.03.07-21.13.09:647][  0]LogXGEController: Cannot use XGE Controller as Incredibuild is not installed on this machine.
[2023.03.07-21.13.09:647][  0]LogShaderCompilers: Cannot use XGE Shader Compiler as Incredibuild is not installed on this machine.
[2023.03.07-21.13.09:647][  0]LogShaderCompilers: Display: Using Local Shader Compiler.
[2023.03.07-21.13.10:264][  0]LogDerivedDataCache: Display: Max Cache Size: 512 MB
[2023.03.07-21.13.10:311][  0]LogDerivedDataCache: Loaded boot cache 0.05s 90MB C:/Users/patri/AppData/Local/UnrealEngine/4.27/DerivedDataCache/Boot.ddc.
[2023.03.07-21.13.10:311][  0]LogDerivedDataCache: Display: Loaded Boot cache: C:/Users/patri/AppData/Local/UnrealEngine/4.27/DerivedDataCache/Boot.ddc
[2023.03.07-21.13.10:312][  0]LogDerivedDataCache: FDerivedDataBackendGraph:  Pak pak cache file ../../../../../JourneyManProject/TwonicJMRepo/UnrealProject/DerivedDataCache/DDC.ddp not found, will not use a pak cache.
[2023.03.07-21.13.10:312][  0]LogDerivedDataCache: Unable to find inner node Pak for hierarchical cache Hierarchy.
[2023.03.07-21.13.10:312][  0]LogDerivedDataCache: FDerivedDataBackendGraph:  CompressedPak pak cache file ../../../../../JourneyManProject/TwonicJMRepo/UnrealProject/DerivedDataCache/Compressed.ddp not found, will not use a pak cache.
[2023.03.07-21.13.10:312][  0]LogDerivedDataCache: Unable to find inner node CompressedPak for hierarchical cache Hierarchy.
[2023.03.07-21.13.10:327][  0]LogDerivedDataCache: Display: Pak cache opened for reading ../../../Engine/DerivedDataCache/Compressed.ddp.
[2023.03.07-21.13.10:328][  0]LogDerivedDataCache: FDerivedDataBackendGraph:  EnterprisePak pak cache file ../../../Enterprise/DerivedDataCache/Compressed.ddp not found, will not use a pak cache.
[2023.03.07-21.13.10:328][  0]LogDerivedDataCache: Unable to find inner node EnterprisePak for hierarchical cache Hierarchy.
[2023.03.07-21.13.10:333][  0]LogDerivedDataCache: Speed tests for C:/Users/patri/AppData/Local/UnrealEngine/Common/DerivedDataCache took 0.01 seconds
[2023.03.07-21.13.10:333][  0]LogDerivedDataCache: Display: Performance to C:/Users/patri/AppData/Local/UnrealEngine/Common/DerivedDataCache: Latency=0.03ms. RandomReadSpeed=1517.86MBs, RandomWriteSpeed=202.83MBs. Assigned SpeedClass 'Local'
[2023.03.07-21.13.10:334][  0]LogDerivedDataCache: Using Local data cache path C:/Users/patri/AppData/Local/UnrealEngine/Common/DerivedDataCache: Writable
[2023.03.07-21.13.10:334][  0]LogDerivedDataCache: Shared data cache path not found in *engine.ini, will not use an Shared cache.
[2023.03.07-21.13.10:334][  0]LogDerivedDataCache: Unable to find inner node Shared for hierarchical cache Hierarchy.
[2023.03.07-21.13.10:365][  0]LogSlate: Using FreeType 2.10.0
[2023.03.07-21.13.10:365][  0]LogSlate: SlateFontServices - WITH_FREETYPE: 1, WITH_HARFBUZZ: 1
[2023.03.07-21.13.10:366][  0]LogHMD: Failed to enumerate extensions. Please check that you have a valid OpenXR runtime installed.
[2023.03.07-21.13.10:424][  0]LogInit: Using OS detected language (en-GB).
[2023.03.07-21.13.10:424][  0]LogInit: Using OS detected locale (en-GB).
[2023.03.07-21.13.10:424][  0]LogTextLocalizationManager: No localization for 'en-GB' exists, so 'en' will be used for the language.
[2023.03.07-21.13.10:424][  0]LogTextLocalizationManager: No localization for 'en-GB' exists, so 'en' will be used for the locale.
[2023.03.07-21.13.10:424][  0]LogSlate: FontCache flush requested. Reason: Culture for localization was changed
[2023.03.07-21.13.10:424][  0]LogSlate: FontCache flush requested. Reason: Culture for localization was changed
[2023.03.07-21.13.10:427][  0]LogTextLocalizationManager: Compacting localization data took   0.01ms
[2023.03.07-21.13.10:427][  0]LogAssetRegistry: FAssetRegistry took 0.0015 seconds to start up
[2023.03.07-21.13.10:560][  0]LogPackageLocalizationCache: Processed 25 localized package path(s) for 1 prioritized culture(s) in 0.001092 seconds
[2023.03.07-21.13.10:619][  0]LogInit: Selected Device Profile: [Windows]
[2023.03.07-21.13.10:619][  0]LogInit: Active device profile: [000001D5F821D400][000001D5F31020C0 49] Windows
[2023.03.07-21.13.10:619][  0]LogInit: Profiles: [000001D5F821D400][000001D5F31020C0 49] Windows, [000001D5F81CF100][000001D5F310A240 49] WindowsNoEditor, [000001D5F821D100][000001D5EFD343C0 49] WindowsServer, [000001D5F81CD100][000001D5EFD38540 49] WindowsClient, [000001D5F821E500][000001D5EFD3C6C0 49] IOS, [000001D5F821D200][000001D5EFD40840 49] iPadAir, [000001D5F81B9B00][000001D5EFD449C0 49] iPadAir2, [000001D5F8178700][000001D5EFD4CC80 49] IPadPro, [000001D5F8178800][000001D5EFD48CC0 49] iPadAir3, [000001D5F81B8100][000001D5EF5B2E40 49] iPadAir4, [000001D5F8178300][000001D5EF5B6FC0 49] iPadMini2, [000001D5F81BB200][000001D5EF5BB140 49] iPadMini3, [000001D5F817B100][000001D5EF5BF2C0 49] iPadMini4, [000001D5F81BBB00][000001D5EF5C3440 49] iPadMini5, [000001D5F8167F00][000001D5EF5C7680 49] iPhone6, [000001D5F8167E00][000001D5F31076C0 49] iPodTouch6, [000001D5F81CDF00][000001D5EF5CF900 49] iPhone7, [000001D5F81CDE00][000001D5EF5CB940 49] iPodTouch7, [000001D5F8164500][000001D5EF8D9AC0 49] iPhone5S, [000001D5F81CEE00][000001D5EF8DC0C0 49] iPhone6Plus, [000001D5F8165600][000001D5EF8E0240 49] iPhone6S, [000001D5F81CE800][000001D5EF8E43C0 49] iPhone6SPlus, [000001D5F8166300][000001D5EF8E8540 49] iPhone7Plus, [000001D5F81CEC00][000001D5EF8EC6C0 49] iPhoneSE, [000001D5F8164100][000001D5EF8F0840 49] iPhone8, [000001D5F81CEA00][000001D5EF8F49C0 49] iPhone8Plus, [000001D5F8167100][000001D5EF8F8B40 49] iPhoneX, [000001D5F81CF900][000001D5EF8FCCC0 49] iPhoneXS, [000001D5F8166400][000001D5EF900E40 49] iPhoneXSMax, [000001D5F81CFA00][000001D5EF904FC0 49] iPhoneXR, [000001D5F8164800][000001D5EF909140 49] iPhone11, [000001D5F81CE100][000001D5EF90D2C0 49] iPhone11Pro, [000001D5F8166B00][000001D5F2EC5440 49] iPhone11ProMax, [000001D5F81CD800][000001D5F2EC95C0 49] iPhoneSE2, [000001D5F8167A00][000001D5EF5D3700 49] iPhone12Mini, [000001D5F81CC500][000001D5F2ECD840 49] iPhone12, [000001D5F8164900][000001D5F2ED1980 49] iPhone12Pro, [000001D5F81CE200][000001D5F2ED5AC0 49] iPhone12ProMax, [000001D5F8164F00][000001D5F2EDC0C0 49] iPadPro105, [000001D5F81CE500][000001D5F2EE0240 49] iPadPro129, [000001D5F8165000][000001D5F2EE43C0 49] iPadPro97, [000001D5F81CED00][000001D5F2EE8540 49] iPadPro2_129, [000001D5F8165E00][000001D5F2EEC6C0 49] iPad5, [000001D5F81CE400][000001D5F2EF0840 49] iPad6, [000001D5F8164E00][000001D5F2EF49C0 49] iPad7, [000001D5F81CE600][000001D5F2EF8B40 49] iPad8, [000001D5F8167700][000001D5F2EFCCC0 49] iPadPro11, [000001D5F81CF800][000001D5F2F00E40 49] iPadPro2_11, [000001D5F8166E00][000001D5F2F04FC0 49] iPadPro3_129, [000001D5F81CFC00][000001D5F2F09140 49] iPadPro4_129, [000001D5F8165D00][000001D5EFCC52C0 49] AppleTV, [000001D5F81CE000][000001D5EFCC9440 49] AppleTV4K, [000001D5F8164200][000001D5EFCCD5C0 49] TVOS, [000001D5F81CD300][000001D5EFCD1740 49] Mac, [000001D5F8167000][000001D5EFCD58C0 49] MacClient, [000001D5F81CEF00][000001D5F2ED9A00 49] MacNoEditor, [000001D5F8167B00][000001D5EFCD9B40 49] MacServer, [000001D5F81CF000][000001D5EFCDC100 49] Linux, [000001D5F8166F00][000001D5EFCE4280 49] LinuxAArch64, [000001D5F81CC600][000001D5EFCE8400 49] LinuxNoEditor, [000001D5F8167500][000001D5EFCEC580 49] LinuxAArch64NoEditor, [000001D5F81CDA00][000001D5EFCF0700 49] LinuxClient, [000001D5F8164700][000001D5EFCF4880 49] LinuxAArch64Client, [000001D5F81CE700][000001D5EFCF8A00 49] LinuxServer, [000001D5F8165700][000001D5EFCFCB80 49] LinuxAArch64Server, [000001D5F81CFD00][000001D5EFD00D00 49] Android, [000001D5F8165100][000001D5EFD04E80 49] Android_Low, [000001D5F81B8300][000001D5EFD09000 49] Android_Mid, [000001D5F821C700][000001D5EFD0D180 49] Android_High, [000001D5F81BB800][000001D5F2F79300 49] Android_Default, [000001D5F821CE00][000001D5F2F7D480 49] Android_Adreno4xx, [000001D5F81B8200][000001D5F2F81600 49] Android_Adreno5xx_Low, [000001D5F821E800][000001D5F2F85780 49] Android_Adreno5xx, [000001D5F81BB700][000001D5F2F89900 49] Android_Adreno6xx, [000001D5F821E900][000001D5F2F8DA80 49] Android_Adreno6xx_Vulkan, [000001D5F81B9800][000001D5EFCE1BC0 49] Android_Mali_T6xx, [000001D5F821E200][000001D5F2F90180 49] Android_Mali_T7xx, [000001D5F81B8F00][000001D5F2F942C0 49] Android_Mali_T8xx, [000001D5F821F900][000001D5F2F9C440 49] Android_Mali_G71, [000001D5F81B9100][000001D5F2FA05C0 49] Android_Mali_G72, [000001D5F821C900][000001D5F2FA4740 49] Android_Mali_G72_Vulkan, [000001D5F81B9A00][000001D5F2FA88C0 49] Android_Mali_G76, [000001D5F821CD00][000001D5F2FACA40 49] Android_Mali_G76_Vulkan, [000001D5F81BB900][000001D5F2FB0BC0 49] Android_Mali_G77, [000001D5F821FC00][000001D5F2FB4D40 49] Android_Mali_G77_Vulkan, [000001D5F81B9500][000001D5F2FB8EC0 49] Android_Mali_G78, [000001D5F821F200][000001D5F2FBD040 49] Android_Mali_G78_Vulkan, [000001D5F81B9300][000001D5F2FC11C0 49] Android_Mali_G710, [000001D5F821E300][000001D5F3BED340 49] Android_Mali_G710_Vulkan, [000001D5F81BB100][000001D5F3BF14C0 49] Android_Vulkan_SM5, [000001D5F821DB00][000001D5F3BF5640 49] Android_PowerVR_G6xxx, [000001D5F81B8700][000001D5F3BF97C0 49] Android_PowerVR_GT7xxx, [000001D5F821FB00][000001D5F3BFD940 49] Android_PowerVR_GE8xxx, [000001D5F81BAC00][000001D5F3C01AC0 49] Android_PowerVR_GM9xxx, [000001D5F8166D00][000001D5F3C040C0 49] Android_PowerVR_GM9xxx_Vulkan, [000001D5F81BB400][000001D5F2F98200 49] Android_TegraK1, [000001D5F8166A00][000001D5F3C08340 49] Android_Unknown_Vulkan, [000001D5F81B9900][000001D5F3C0C480 49] Lumin, [000001D5F8166600][000001D5F3C105C0 49] Lumin_Desktop, [000001D5F81BA400][000001D5F3C18740 49] HoloLens, 
[2023.03.07-21.13.10:651][  0]LogMeshReduction: Using QuadricMeshReduction for automatic static mesh reduction
[2023.03.07-21.13.10:651][  0]LogMeshReduction: Using SimplygonMeshReduction for automatic skeletal mesh reduction
[2023.03.07-21.13.10:651][  0]LogMeshReduction: Using ProxyLODMeshReduction for automatic mesh merging
[2023.03.07-21.13.10:652][  0]LogMeshReduction: No distributed automatic mesh merging module available
[2023.03.07-21.13.10:652][  0]LogMeshMerging: No distributed automatic mesh merging module available
[2023.03.07-21.13.10:730][  0]LogNetVersion: UnrealProject 1.0.0, NetCL: 17155196, EngineNetVer: 17, GameNetVer: 0 (Checksum: 742620811)
[2023.03.07-21.13.10:923][  0]LogTexture: Default maximum texture size for cubemaps generated from long-lat sources has been changed from 512 to unlimited. In order to preserve old behaiour for '/Engine/MapTemplates/Sky/DaylightAmbientCubemap.DaylightAmbientCubemap', its maximum texture size has been explicitly set to 512.
[2023.03.07-21.13.11:039][  0]LogMoviePlayer: Initializing movie player
[2023.03.07-21.13.11:125][  0]LogPython: Using Python 3.7.7
[2023.03.07-21.13.11:483][  0]LogNiagaraDebuggerClient: Niagara Debugger Client Initialized | Session: 14AE9E024E9FF2A1396735943ED7DE58 | Instance: E0AEA2914722BF81B63CF8A5AA243BBF (DESKTOP-LENE5UI-34688).
[2023.03.07-21.13.11:501][  0]LogCollectionManager: Loaded 0 collections in 0.000661 seconds
[2023.03.07-21.13.11:503][  0]LogFileCache: Scanning file cache for directory 'D:/JourneyManProject/TwonicJMRepo/UnrealProject/Saved/Collections/' took 0.00s
[2023.03.07-21.13.11:503][  0]LogFileCache: Scanning file cache for directory 'D:/JourneyManProject/TwonicJMRepo/UnrealProject/Content/Developers/patri/Collections/' took 0.00s
[2023.03.07-21.13.11:503][  0]LogFileCache: Scanning file cache for directory 'D:/JourneyManProject/TwonicJMRepo/UnrealProject/Content/Collections/' took 0.00s
[2023.03.07-21.13.11:503][  0]LogCollectionManager: Fixed up redirectors for 0 collections in 0.000001 seconds (updated 0 objects)
[2023.03.07-21.13.11:599][  0]LogTcpMessaging: Initializing TcpMessaging bridge
[2023.03.07-21.13.11:602][  0]LogUdpMessaging: Initializing bridge on interface 0.0.0.0:0 to multicast group 230.0.0.1:6666.
[2023.03.07-21.13.11:633][  0]LogOutputDevice: Warning: 

Script Stack (0 frames):

[2023.03.07-21.13.11:680][  0]LogStats: FPlatformStackWalk::StackWalkAndDump -  0.046 s
[2023.03.07-21.13.11:680][  0]LogOutputDevice: Error: === Handled ensure: ===
[2023.03.07-21.13.11:680][  0]LogOutputDevice: Error: 
[2023.03.07-21.13.11:680][  0]LogOutputDevice: Error: Ensure condition failed: AttachmentRules.LocationRule == EAttachmentRule::KeepRelative && AttachmentRules.RotationRule == EAttachmentRule::KeepRelative && AttachmentRules.ScaleRule == EAttachmentRule::KeepRelative [File:D:/Build/++UE4/Sync/Engine/Source/Runtime/Engine/Private/Components/SceneComponent.cpp] [Line: 1826]
[2023.03.07-21.13.11:680][  0]LogOutputDevice: Error: AttachToComponent when called from a constructor is only setting up attachment and will always be treated as KeepRelative. Consider calling SetupAttachment directly instead.
[2023.03.07-21.13.11:680][  0]LogOutputDevice: Error: Stack: 
[2023.03.07-21.13.11:680][  0]LogOutputDevice: Error: [Callstack] 0x00007ff97a1146f9 UE4Editor-Engine.dll!UnknownFunction []
[2023.03.07-21.13.11:680][  0]LogOutputDevice: Error: [Callstack] 0x00007ff978b56bef UE4Editor-Engine.dll!UnknownFunction []
[2023.03.07-21.13.11:680][  0]LogOutputDevice: Error: [Callstack] 0x00007ffa123734af UE4Editor-UnrealProject.dll!AMeleeWeapon::AMeleeWeapon() [D:\JourneyManProject\TwonicJMRepo\UnrealProject\Source\UnrealProject\MeleeWeapon.cpp:22]
[2023.03.07-21.13.11:680][  0]LogOutputDevice: Error: [Callstack] 0x00007ff97f1661d3 UE4Editor-CoreUObject.dll!UnknownFunction []
[2023.03.07-21.13.11:680][  0]LogOutputDevice: Error: [Callstack] 0x00007ff97f488faf UE4Editor-CoreUObject.dll!UnknownFunction []
[2023.03.07-21.13.11:680][  0]LogOutputDevice: Error: [Callstack] 0x00007ff97f465411 UE4Editor-CoreUObject.dll!UnknownFunction []
[2023.03.07-21.13.11:680][  0]LogOutputDevice: Error: [Callstack] 0x00007ff97f32ddc5 UE4Editor-CoreUObject.dll!UnknownFunction []
[2023.03.07-21.13.11:680][  0]LogOutputDevice: Error: [Callstack] 0x00007ff97fb41bea UE4Editor-Core.dll!UnknownFunction []
[2023.03.07-21.13.11:680][  0]LogOutputDevice: Error: [Callstack] 0x00007ff97fb615a3 UE4Editor-Core.dll!UnknownFunction []
[2023.03.07-21.13.11:680][  0]LogOutputDevice: Error: [Callstack] 0x00007ff97eec6433 UE4Editor-Projects.dll!UnknownFunction []
[2023.03.07-21.13.11:680][  0]LogOutputDevice: Error: [Callstack] 0x00007ff97eec674f UE4Editor-Projects.dll!UnknownFunction []
[2023.03.07-21.13.11:680][  0]LogOutputDevice: Error: [Callstack] 0x00007ff641d25642 UE4Editor.exe!UnknownFunction []
[2023.03.07-21.13.11:680][  0]LogOutputDevice: Error: [Callstack] 0x00007ff641d29000 UE4Editor.exe!UnknownFunction []
[2023.03.07-21.13.11:680][  0]LogOutputDevice: Error: [Callstack] 0x00007ff641d20d2c UE4Editor.exe!UnknownFunction []
[2023.03.07-21.13.11:680][  0]LogOutputDevice: Error: [Callstack] 0x00007ff641d210ba UE4Editor.exe!UnknownFunction []
[2023.03.07-21.13.11:680][  0]LogOutputDevice: Error: [Callstack] 0x00007ff641d240dd UE4Editor.exe!UnknownFunction []
[2023.03.07-21.13.11:680][  0]LogOutputDevice: Error: [Callstack] 0x00007ff641d35984 UE4Editor.exe!UnknownFunction []
[2023.03.07-21.13.11:680][  0]LogOutputDevice: Error: [Callstack] 0x00007ff641d3853a UE4Editor.exe!UnknownFunction []
[2023.03.07-21.13.11:680][  0]LogOutputDevice: Error: [Callstack] 0x00007ffa5b6c7614 KERNEL32.DLL!UnknownFunction []
[2023.03.07-21.13.11:680][  0]LogOutputDevice: Error: [Callstack] 0x00007ffa5b9626a1 ntdll.dll!UnknownFunction []
[2023.03.07-21.13.11:680][  0]LogOutputDevice: Error: 
[2023.03.07-21.13.11:682][  0]LogStats:                SubmitErrorReport -  0.000 s
[2023.03.07-21.13.12:417][  0]LogStats:                    SendNewReport -  0.736 s
[2023.03.07-21.13.12:417][  0]LogStats:             FDebug::EnsureFailed -  0.784 s
[2023.03.07-21.13.12:458][  0]SourceControl: Source control is disabled
[2023.03.07-21.13.12:458][  0]SourceControl: Source control is disabled
[2023.03.07-21.13.12:461][  0]SourceControl: Source control is disabled
[2023.03.07-21.13.12:467][  0]LogUProjectInfo: Found projects:
[2023.03.07-21.13.12:532][  0]LogOpenImageDenoise: OIDN starting up
[2023.03.07-21.13.12:557][  0]LogAndroidPermission: UAndroidPermissionCallbackProxy::GetInstance
[2023.03.07-21.13.12:573][  0]LogAudioCaptureCore: Display: No Audio Capture implementations found. Audio input will be silent.
[2023.03.07-21.13.12:573][  0]LogAudioCaptureCore: Display: No Audio Capture implementations found. Audio input will be silent.
[2023.03.07-21.13.12:626][  0]LogUObjectArray: 21804 objects as part of root set at end of initial load.
[2023.03.07-21.13.12:626][  0]LogUObjectAllocator: 5904880 out of 0 bytes used by permanent object pool.
[2023.03.07-21.13.12:626][  0]LogUObjectArray: CloseDisregardForGC: 0/0 objects in disregard for GC pool
[2023.03.07-21.13.12:670][  0]LogEngine: Initializing Engine...
[2023.03.07-21.13.12:671][  0]LogHMD: Failed to enumerate extensions. Please check that you have a valid OpenXR runtime installed.
[2023.03.07-21.13.12:671][  0]LogMagicLeap: Warning: VR disabled because ZI is not enabled.  To enable, in the editor, Edit -> Project Settings -> Plugins -> Magic Leap Plugin -> Enable Zero Iteration
[2023.03.07-21.13.12:672][  0]LogStats: UGameplayTagsManager::InitializeManager -  0.000 s
[2023.03.07-21.13.12:747][  0]LogInit: Initializing FReadOnlyCVARCache
[2023.03.07-21.13.12:747][  0]LogAudio: Display: Initializing Audio Device Manager...
[2023.03.07-21.13.12:750][  0]LogAudio: Display: Loading Default Audio Settings Objects...
[2023.03.07-21.13.12:750][  0]LogAudio: Display: No default SoundConcurrencyObject specified (or failed to load).
[2023.03.07-21.13.12:751][  0]LogAudio: Display: Audio Device Manager Initialized
[2023.03.07-21.13.12:751][  0]LogAudio: Display: Creating Audio Device:                 Id: 1, Scope: Shared, Realtime: True
[2023.03.07-21.13.12:751][  0]LogAudioMixer: Display: Audio Mixer Platform Settings:
[2023.03.07-21.13.12:751][  0]LogAudioMixer: Display: 	Sample Rate:						  48000
[2023.03.07-21.13.12:751][  0]LogAudioMixer: Display: 	Callback Buffer Frame Size Requested: 1024
[2023.03.07-21.13.12:751][  0]LogAudioMixer: Display: 	Callback Buffer Frame Size To Use:	  1024
[2023.03.07-21.13.12:751][  0]LogAudioMixer: Display: 	Number of buffers to queue:			  2
[2023.03.07-21.13.12:751][  0]LogAudioMixer: Display: 	Max Channels (voices):				  32
[2023.03.07-21.13.12:751][  0]LogAudioMixer: Display: 	Number of Async Source Workers:		  0
[2023.03.07-21.13.12:751][  0]LogAudio: Display: AudioDevice MaxSources: 32
[2023.03.07-21.13.12:751][  0]LogAudio: Display: Audio Spatialization Plugin: None (built-in).
[2023.03.07-21.13.12:751][  0]LogAudio: Display: Audio Reverb Plugin: None (built-in).
[2023.03.07-21.13.12:751][  0]LogAudio: Display: Audio Occlusion Plugin: None (built-in).
[2023.03.07-21.13.12:751][  0]LogAudioMixer: Display: Initializing audio mixer.
[2023.03.07-21.13.12:759][  0]LogAudioMixer: Display: 0: FrontLeft
[2023.03.07-21.13.12:759][  0]LogAudioMixer: Display: 1: FrontRight
[2023.03.07-21.13.12:767][  0]LogAudioMixer: Display: Using Audio Device Speakers (Realtek High Definition Audio)
[2023.03.07-21.13.12:772][  0]LogAudioMixer: Display: Initializing Sound Submixes...
[2023.03.07-21.13.12:774][  0]LogAudioMixer: Display: Creating Master Submix 'MasterSubmixDefault'
[2023.03.07-21.13.12:774][  0]LogAudioMixer: Display: Creating Master Submix 'MasterReverbSubmixDefault'
[2023.03.07-21.13.12:775][  0]LogAudioMixer: Display: Creating Master Submix 'MasterEQSubmixDefault'
[2023.03.07-21.13.12:775][  0]LogAudioMixer: FMixerPlatformXAudio2::StartAudioStream() called
[2023.03.07-21.13.12:775][  0]LogAudioMixer: Display: Output buffers initialized: Frames=1024, Channels=2, Samples=2048
[2023.03.07-21.13.12:776][  0]LogAudioMixer: Display: Starting AudioMixerPlatformInterface::RunInternal()
[2023.03.07-21.13.12:776][  0]LogAudioMixer: Display: FMixerPlatformXAudio2::SubmitBuffer() called for the first time
[2023.03.07-21.13.12:776][  0]LogInit: FAudioDevice initialized.
[2023.03.07-21.13.12:777][  0]LogNetVersion: Set ProjectVersion to 1.0.0.0. Version Checksum will be recalculated on next use.
[2023.03.07-21.13.12:777][  0]LogInit: Texture streaming: Enabled
[2023.03.07-21.13.12:831][  0]LogAudio: Display: Audio Device (ID: 1) registered with world 'Untitled'.
[2023.03.07-21.13.12:831][  0]LogSlate: Updating window title bar state: overlay mode, drag disabled, window buttons hidden, title bar hidden
[2023.03.07-21.13.12:831][  0]LogInit: Display: Game Engine Initialized.
[2023.03.07-21.13.12:831][  0]LogNiagaraEditor: GEditor isn't valid! Particle reset commands will not work for Niagara components!
[2023.03.07-21.13.12:881][  0]LogInit: Display: Starting Game.
[2023.03.07-21.13.12:881][  0]LogNet: Browse: /Game/Overworld?Name=Player
[2023.03.07-21.13.12:881][  0]LogLoad: LoadMap: /Game/Overworld?Name=Player
[2023.03.07-21.13.12:881][  0]LogWorld: BeginTearingDown for /Temp/Untitled_0
[2023.03.07-21.13.12:882][  0]LogWorld: UWorld::CleanupWorld for Untitled, bSessionEnded=true, bCleanupResources=true
[2023.03.07-21.13.12:882][  0]LogSlate: InvalidateAllWidgets triggered.  All widgets were invalidated
[2023.03.07-21.13.12:887][  0]LogAudio: Display: Audio Device unregistered from world 'None'.
[2023.03.07-21.13.12:889][  0]LogUObjectHash: Compacting FUObjectHashTables data took   0.86ms
[2023.03.07-21.13.13:125][  0]LogBlueprint: Warning: [AssetLog] D:\JourneyManProject\TwonicJMRepo\UnrealProject\Content\Animations\Anims\CharaAnim.uasset: [Compiler] Idle to Attack  will never be taken, please connect something to  Can Enter Transition
[2023.03.07-21.13.13:125][  0]LogBlueprint: Warning: [AssetLog] D:\JourneyManProject\TwonicJMRepo\UnrealProject\Content\Animations\Anims\CharaAnim.uasset: [Compiler] Attack to Idle  will never be taken, please connect something to  Can Enter Transition
[2023.03.07-21.13.13:125][  0]LogBlueprint: Warning: [AssetLog] D:\JourneyManProject\TwonicJMRepo\UnrealProject\Content\Animations\Anims\CharaAnim.uasset: [Compiler] Walk/Run to Climb  will never be taken, please connect something to  Can Enter Transition
[2023.03.07-21.13.13:125][  0]LogBlueprint: Warning: [AssetLog] D:\JourneyManProject\TwonicJMRepo\UnrealProject\Content\Animations\Anims\CharaAnim.uasset: [Compiler] Climb to Walk/Run  will never be taken, please connect something to  Can Enter Transition
[2023.03.07-21.13.13:125][  0]LogBlueprint: Warning: [AssetLog] D:\JourneyManProject\TwonicJMRepo\UnrealProject\Content\Animations\Anims\CharaAnim.uasset: [Compiler] Idle to Sit start  will never be taken, please connect something to  Can Enter Transition
[2023.03.07-21.13.13:125][  0]LogBlueprint: Warning: [AssetLog] D:\JourneyManProject\TwonicJMRepo\UnrealProject\Content\Animations\Anims\CharaAnim.uasset: [Compiler] Sit start to Sit loop  will never be taken, please connect something to  Can Enter Transition
[2023.03.07-21.13.13:126][  0]LogBlueprint: Warning: [AssetLog] D:\JourneyManProject\TwonicJMRepo\UnrealProject\Content\Animations\Anims\CharaAnim.uasset: [Compiler] Sit loop to Sit end  will never be taken, please connect something to  Can Enter Transition
[2023.03.07-21.13.13:126][  0]LogBlueprint: Warning: [AssetLog] D:\JourneyManProject\TwonicJMRepo\UnrealProject\Content\Animations\Anims\CharaAnim.uasset: [Compiler] Sit end to Idle  will never be taken, please connect something to  Can Enter Transition
[2023.03.07-21.13.13:126][  0]LogBlueprint: Warning: [AssetLog] D:\JourneyManProject\TwonicJMRepo\UnrealProject\Content\Animations\Anims\CharaAnim.uasset: [Compiler] Idle to Death  will never be taken, please connect something to  Can Enter Transition
[2023.03.07-21.13.13:126][  0]LogBlueprint: Warning: [AssetLog] D:\JourneyManProject\TwonicJMRepo\UnrealProject\Content\Animations\Anims\CharaAnim.uasset: [Compiler] Idle to Bomb Throw  will never be taken, please connect something to  Can Enter Transition
[2023.03.07-21.13.13:126][  0]LogBlueprint: Warning: [AssetLog] D:\JourneyManProject\TwonicJMRepo\UnrealProject\Content\Animations\Anims\CharaAnim.uasset: [Compiler] Bomb Throw to Idle  will never be taken, please connect something to  Can Enter Transition
[2023.03.07-21.13.13:510][  0]LogUObjectGlobals: Warning: [AssetLog] D:\JourneyManProject\TwonicJMRepo\UnrealProject\Content\Meshes\Linear_Stair_StaticMesh.uasset: Failed to load '/Game/ThirdPerson/Meshes/RampMaterial': Can't find file.
[2023.03.07-21.13.13:758][  0]LogAudio: Display: Audio Device (ID: 1) registered with world 'Overworld'.
[2023.03.07-21.13.13:764][  0]LogAIModule: Creating AISystem for world Overworld
[2023.03.07-21.13.13:766][  0]LogLoad: Game class is 'Game_Mode_1_C'
[2023.03.07-21.13.13:770][  0]LogPhysics: Warning: Scale for /Game/Overworld.Overworld:PersistentLevel.Cylinder_8.StaticMeshComponent0 has a component set to zero, which will result in a bad body instance. Scale:X=2.250 Y=1.750 Z=0.000
[2023.03.07-21.13.13:770][  0]LogPhysics: Warning: PopulatePhysXGeometryAndTransform(Convex): ConvexElem has invalid transform
[2023.03.07-21.13.13:770][  0]LogPhysics: Warning: ForeachShape(Convex): ScaledElem[0] invalid
[2023.03.07-21.13.13:770][  0]LogPhysics: Warning: Scale for /Game/Overworld.Overworld:PersistentLevel.Cylinder2_450.StaticMeshComponent0 has a component set to zero, which will result in a bad body instance. Scale:X=1.500 Y=1.500 Z=0.000
[2023.03.07-21.13.13:770][  0]LogPhysics: Warning: PopulatePhysXGeometryAndTransform(Convex): ConvexElem has invalid transform
[2023.03.07-21.13.13:770][  0]LogPhysics: Warning: ForeachShape(Convex): ScaledElem[0] invalid
[2023.03.07-21.13.13:771][  0]LogPhysics: Warning: Scale for /Game/Overworld.Overworld:PersistentLevel.Cube136_669.StaticMeshComponent0 has a component set to zero, which will result in a bad body instance. Scale:X=2.750 Y=0.000 Z=3.750
[2023.03.07-21.13.13:771][  0]LogPhysics: Warning: Scale for /Game/Overworld.Overworld:PersistentLevel.Cylinder3.StaticMeshComponent0 has a component set to zero, which will result in a bad body instance. Scale:X=2.250 Y=1.750 Z=0.000
[2023.03.07-21.13.13:771][  0]LogPhysics: Warning: PopulatePhysXGeometryAndTransform(Convex): ConvexElem has invalid transform
[2023.03.07-21.13.13:771][  0]LogPhysics: Warning: ForeachShape(Convex): ScaledElem[0] invalid
[2023.03.07-21.13.13:840][  0]LogWorld: Bringing World /Game/Overworld.Overworld up for play (max tick rate 0) at 2023.03.07-21.13.13
[2023.03.07-21.13.13:840][  0]LogWorld: Bringing up level for play took: 0.073485
[2023.03.07-21.13.13:842][  0]LogPhysics: Warning: Scale for /Game/Overworld.Overworld:PersistentLevel.BP_Player_C_0.TraceDetector has a component set to zero, which will result in a bad body instance. Scale:X=0.000 Y=0.000 Z=0.000
[2023.03.07-21.13.13:842][  0]LogPhysics: Warning: Initialising Body : Scale3D is (nearly) zero: Component: '/Game/Overworld.Overworld:PersistentLevel.BP_Player_C_0.TraceDetector' 
[2023.03.07-21.13.13:845][  0]LogLoad: Took 0.963925 seconds to LoadMap(/Game/Overworld)
[2023.03.07-21.13.13:867][  0]LogSlate: Took 0.000206 seconds to synchronously load lazily loaded font '../../../Engine/Content/Slate/Fonts/Roboto-Regular.ttf' (155K)
[2023.03.07-21.13.13:885][  0]LogRenderer: Reallocating scene render targets to support 1280x720 Format 10 NumSamples 1 (Frame:1).
[2023.03.07-21.13.13:885][  0]LogInit: Display: Engine is initialized. Leaving FEngineLoop::Init()
[2023.03.07-21.13.13:885][  0]LogLoad: (Engine Initialization) Total time: 5.93 seconds
[2023.03.07-21.13.13:885][  0]LogLoad: (Engine Initialization) Total Blueprint compile time: 0.00 seconds
[2023.03.07-21.13.13:913][  0]LogContentStreaming: Texture pool size now 1000 MB
[2023.03.07-21.13.13:916][  0]LogSlate: InvalidateAllWidgets triggered.  All widgets were invalidated
[2023.03.07-21.13.14:016][  0]LogRenderer: Reallocating scene render targets to support 128x128 Format 10 NumSamples 1 (Frame:1).
[2023.03.07-21.13.14:043][  0]LogRenderer: Reallocating scene render targets to support 1280x720 Format 10 NumSamples 1 (Frame:2).
[2023.03.07-21.13.14:056][  1]LogSlate: Took 0.000181 seconds to synchronously load lazily loaded font '../../../Engine/Content/Slate/Fonts/Roboto-Regular.ttf' (155K)
[2023.03.07-21.13.22:442][167]LogViewport: Display: Viewport MouseLockMode Changed, LockOnCapture -> DoNotLock
[2023.03.07-21.13.22:442][167]LogViewport: Display: Viewport HideCursorDuringCapture Changed, False -> True
[2023.03.07-21.13.22:442][167]LogViewport: Display: Viewport MouseCaptureMode Changed, CapturePermanently_IncludingInitialMouseDown -> CaptureDuringMouseDown
[2023.03.07-21.13.23:627][631]Closing by request
[2023.03.07-21.13.23:627][631]LogWindows: FPlatformMisc::RequestExit(0)
[2023.03.07-21.13.23:627][631]LogWindows: FPlatformMisc::RequestExitWithStatus(0, 0)
[2023.03.07-21.13.23:627][631]LogCore: Engine exit requested (reason: Win RequestExit)
[2023.03.07-21.13.23:629][632]LogCore: Engine exit requested (reason: EngineExit() was called; note: exit was already requested)
[2023.03.07-21.13.23:629][632]LogInit: Display: PreExit Game.
[2023.03.07-21.13.23:638][632]LogWorld: BeginTearingDown for /Game/Overworld
[2023.03.07-21.13.23:639][632]LogWorld: UWorld::CleanupWorld for Overworld, bSessionEnded=true, bCleanupResources=true
[2023.03.07-21.13.23:644][632]LogSlate: InvalidateAllWidgets triggered.  All widgets were invalidated
[2023.03.07-21.13.23:676][632]LogAudio: Display: Beginning Audio Device Manager Shutdown (Module: AudioMixerXAudio2)...
[2023.03.07-21.13.23:676][632]LogAudio: Display: Destroying 1 Remaining Audio Device(s)...
[2023.03.07-21.13.23:676][632]LogAudio: Display: Audio Device unregistered from world 'Overworld'.
[2023.03.07-21.13.23:701][632]LogAudioMixer: FMixerPlatformXAudio2::StopAudioStream() called
[2023.03.07-21.13.23:701][632]LogAudioMixer: FMixerPlatformXAudio2::StopAudioStream() called
[2023.03.07-21.13.23:703][632]LogAudio: Display: Audio Device Manager Shutdown
[2023.03.07-21.13.23:709][632]LogSlate: Window 'UnrealProject (64-bit Development PCD3D_SM5) ' being destroyed
[2023.03.07-21.13.23:709][632]LogWindowsTextInputMethodSystem: Display: IME system deactivated.
[2023.03.07-21.13.23:712][632]LogWindowsTextInputMethodSystem: Display: IME system deactivated.
[2023.03.07-21.13.23:715][632]LogExit: Preparing to exit.
[2023.03.07-21.13.24:618][632]LogUObjectHash: Compacting FUObjectHashTables data took   1.15ms
[2023.03.07-21.13.24:639][632]LogMoviePlayer: Shutting down movie player
[2023.03.07-21.13.24:727][632]LogSlate: Updating window title bar state: overlay mode, drag disabled, window buttons hidden, title bar hidden
[2023.03.07-21.13.24:737][632]LogDemo: Cleaned up 0 splitscreen connections with owner deletion
[2023.03.07-21.13.24:747][632]LogExit: Game engine shut down
[2023.03.07-21.13.24:782][632]LogExit: Object subsystem successfully closed.
[2023.03.07-21.13.24:793][632]LogShaderCompilers: Display: === FShaderJobCache stats ===
[2023.03.07-21.13.24:793][632]LogShaderCompilers: Display: Total job queries 0, among them cache hits 0 (0.00%)
[2023.03.07-21.13.24:793][632]LogShaderCompilers: Display: Tracking 0 distinct input hashes that result in 0 distinct outputs (0.00%)
[2023.03.07-21.13.24:793][632]LogShaderCompilers: Display: RAM used: 0.00 MB (0.00 GB) of 819.20 MB (0.80 GB) budget. Usage: 0.00%
[2023.03.07-21.13.24:793][632]LogShaderCompilers: Display: ================================================
[2023.03.07-21.13.24:801][632]LogShaderCompilers: Display: Shaders left to compile 0
[2023.03.07-21.13.24:807][632]LogModuleManager: Shutting down and abandoning module SequenceRecorderSections (546)
[2023.03.07-21.13.24:807][632]LogModuleManager: Shutting down and abandoning module SequenceRecorder (544)
[2023.03.07-21.13.24:807][632]LogModuleManager: Shutting down and abandoning module AutomationController (542)
[2023.03.07-21.13.24:807][632]LogModuleManager: Shutting down and abandoning module AutomationWorker (540)
[2023.03.07-21.13.24:807][632]LogModuleManager: Shutting down and abandoning module Voice (538)
[2023.03.07-21.13.24:807][632]LogModuleManager: Shutting down and abandoning module AIModule (536)
[2023.03.07-21.13.24:807][632]LogModuleManager: Shutting down and abandoning module GameplayDebugger (535)
[2023.03.07-21.13.24:807][632]LogModuleManager: Shutting down and abandoning module AITestSuite (533)
[2023.03.07-21.13.24:807][632]LogModuleManager: Shutting down and abandoning module NavigationSystem (531)
[2023.03.07-21.13.24:807][632]LogModuleManager: Shutting down and abandoning module AnimGraph (528)
[2023.03.07-21.13.24:807][632]LogModuleManager: Shutting down and abandoning module TakeRecorderSources (526)
[2023.03.07-21.13.24:807][632]LogModuleManager: Shutting down and abandoning module TakeRecorder (525)
[2023.03.07-21.13.24:807][632]LogModuleManager: Shutting down and abandoning module TakeTrackRecorders (522)
[2023.03.07-21.13.24:807][632]LogModuleManager: Shutting down and abandoning module TakesCore (520)
[2023.03.07-21.13.24:807][632]LogModuleManager: Shutting down and abandoning module OpenXRInput (518)
[2023.03.07-21.13.24:807][632]LogModuleManager: Shutting down and abandoning module WmfMediaFactory (516)
[2023.03.07-21.13.24:807][632]LogModuleManager: Shutting down and abandoning module WebMMediaFactory (514)
[2023.03.07-21.13.24:807][632]LogModuleManager: Shutting down and abandoning module WebMMedia (512)
[2023.03.07-21.13.24:807][632]LogModuleManager: Shutting down and abandoning module OpenExrWrapper (510)
[2023.03.07-21.13.24:807][632]LogModuleManager: Shutting down and abandoning module ImgMediaFactory (508)
[2023.03.07-21.13.24:807][632]LogModuleManager: Shutting down and abandoning module AvfMediaFactory (506)
[2023.03.07-21.13.24:807][632]LogModuleManager: Shutting down and abandoning module MagicLeapMediaCodecFactory (504)
[2023.03.07-21.13.24:807][632]LogModuleManager: Shutting down and abandoning module MagicLeapMediaFactory (502)
[2023.03.07-21.13.24:807][632]LogModuleManager: Shutting down and abandoning module PlanarCut (500)
[2023.03.07-21.13.24:807][632]LogModuleManager: Shutting down and abandoning module CharacterAI (498)
[2023.03.07-21.13.24:807][632]LogModuleManager: Shutting down and abandoning module SessionServices (496)
[2023.03.07-21.13.24:807][632]LogModuleManager: Shutting down and abandoning module MovieSceneCapture (494)
[2023.03.07-21.13.24:807][632]LogModuleManager: Shutting down and abandoning module LiveCoding (492)
[2023.03.07-21.13.24:807][632]LogModuleManager: Shutting down and abandoning module LevelSequence (490)
[2023.03.07-21.13.24:807][632]LogModuleManager: Shutting down and abandoning module MovieSceneTracks (488)
[2023.03.07-21.13.24:807][632]LogModuleManager: Shutting down and abandoning module MovieScene (486)
[2023.03.07-21.13.24:807][632]LogModuleManager: Shutting down and abandoning module StreamingPauseRendering (484)
[2023.03.07-21.13.24:807][632]LogModuleManager: Shutting down and abandoning module PortalServices (482)
[2023.03.07-21.13.24:807][632]LogModuleManager: Shutting down and abandoning module PortalRpc (480)
[2023.03.07-21.13.24:807][632]LogModuleManager: Shutting down and abandoning module MessagingRpc (478)
[2023.03.07-21.13.24:807][632]LogModuleManager: Shutting down and abandoning module AudioMixerXAudio2 (476)
[2023.03.07-21.13.24:807][632]LogModuleManager: Shutting down and abandoning module AudioMixerCore (475)
[2023.03.07-21.13.24:807][632]LogModuleManager: Shutting down and abandoning module ImageWriteQueue (472)
[2023.03.07-21.13.24:810][632]LogModuleManager: Shutting down and abandoning module ProfilerService (470)
[2023.03.07-21.13.24:896][632]LogModuleManager: Shutting down and abandoning module TaskGraph (468)
[2023.03.07-21.13.24:896][632]LogModuleManager: Shutting down and abandoning module TakeMovieScene (466)
[2023.03.07-21.13.24:896][632]LogModuleManager: Shutting down and abandoning module Synthesis (464)
[2023.03.07-21.13.24:896][632]LogModuleManager: Shutting down and abandoning module ProceduralMeshComponent (462)
[2023.03.07-21.13.24:897][632]LogModuleManager: Shutting down and abandoning module MobilePatchingUtils (460)
[2023.03.07-21.13.24:897][632]LogModuleManager: Shutting down and abandoning module GooglePAD (458)
[2023.03.07-21.13.24:897][632]LogModuleManager: Shutting down and abandoning module EditableMesh (456)
[2023.03.07-21.13.24:897][632]LogModuleManager: Shutting down and abandoning module CustomMeshComponent (454)
[2023.03.07-21.13.24:897][632]LogModuleManager: Shutting down and abandoning module CableComponent (452)
[2023.03.07-21.13.24:897][632]LogModuleManager: Shutting down and abandoning module AudioCapture (450)
[2023.03.07-21.13.24:897][632]LogModuleManager: Shutting down and abandoning module AudioCaptureRtAudio (449)
[2023.03.07-21.13.24:897][632]LogModuleManager: Shutting down and abandoning module AssetTags (446)
[2023.03.07-21.13.24:897][632]LogModuleManager: Shutting down and abandoning module ArchVisCharacter (444)
[2023.03.07-21.13.24:897][632]LogModuleManager: Shutting down and abandoning module AppleImageUtilsBlueprintSupport (442)
[2023.03.07-21.13.24:897][632]LogModuleManager: Shutting down and abandoning module AppleImageUtils (440)
[2023.03.07-21.13.24:897][632]LogModuleManager: Shutting down and abandoning module AndroidPermission (438)
[2023.03.07-21.13.24:897][632]LogModuleManager: Shutting down and abandoning module ActorLayerUtilities (436)
[2023.03.07-21.13.24:897][632]LogModuleManager: Shutting down and abandoning module TemplateSequence (434)
[2023.03.07-21.13.24:897][632]LogModuleManager: Shutting down and abandoning module MediaCompositing (432)
[2023.03.07-21.13.24:897][632]LogModuleManager: Shutting down and abandoning module ImgMedia (430)
[2023.03.07-21.13.24:897][632]LogModuleManager: Shutting down and abandoning module MagicLeapSharedWorld (428)
[2023.03.07-21.13.24:897][632]LogModuleManager: Shutting down and abandoning module MagicLeapLightEstimation (426)
[2023.03.07-21.13.24:897][632]LogModuleManager: Shutting down and abandoning module MagicLeapHelperVulkan (424)
[2023.03.07-21.13.24:897][632]LogModuleManager: Shutting down and abandoning module MagicLeapHelperOpenGL (422)
[2023.03.07-21.13.24:897][632]LogModuleManager: Shutting down and abandoning module MagicLeapAudio (420)
[2023.03.07-21.13.24:897][632]LogModuleManager: Shutting down and abandoning module OpenImageDenoise (418)
[2023.03.07-21.13.24:897][632]LogOpenImageDenoise: OIDN shutting down
[2023.03.07-21.13.24:897][632]LogModuleManager: Shutting down and abandoning module MotoSynth (416)
[2023.03.07-21.13.24:897][632]LogModuleManager: Shutting down and abandoning module MeshConversion (414)
[2023.03.07-21.13.24:897][632]LogModuleManager: Shutting down and abandoning module DynamicMesh (412)
[2023.03.07-21.13.24:897][632]LogModuleManager: Shutting down and abandoning module GeometryAlgorithms (410)
[2023.03.07-21.13.24:897][632]LogModuleManager: Shutting down and abandoning module GeometricObjects (408)
[2023.03.07-21.13.24:897][632]LogModuleManager: Shutting down and abandoning module GeometryCollectionTracks (406)
[2023.03.07-21.13.24:897][632]LogModuleManager: Shutting down and abandoning module GeometryCollectionSequencer (405)
[2023.03.07-21.13.24:897][632]LogModuleManager: Shutting down and abandoning module GeometryCacheTracks (402)
[2023.03.07-21.13.24:897][632]LogModuleManager: Shutting down and abandoning module GeometryCacheSequencer (401)
[2023.03.07-21.13.24:897][632]LogModuleManager: Shutting down and abandoning module GeometryCache (398)
[2023.03.07-21.13.24:897][632]LogModuleManager: Shutting down and abandoning module GeometryCacheEd (397)
[2023.03.07-21.13.24:897][632]LogModuleManager: Shutting down and abandoning module ChaosNiagara (394)
[2023.03.07-21.13.24:897][632]LogModuleManager: Shutting down and abandoning module FieldSystemEngine (393)
[2023.03.07-21.13.24:897][632]LogModuleManager: Shutting down and abandoning module BackChannel (390)
[2023.03.07-21.13.24:897][632]LogModuleManager: Shutting down and abandoning module AutomationUtils (388)
[2023.03.07-21.13.24:897][632]LogModuleManager: Shutting down and abandoning module VisualStudioCodeSourceCodeAccess (386)
[2023.03.07-21.13.24:897][632]LogModuleManager: Shutting down and abandoning module VisualStudioSourceCodeAccess (384)
[2023.03.07-21.13.24:897][632]LogModuleManager: Shutting down and abandoning module HotReload (383)
[2023.03.07-21.13.24:897][632]LogModuleManager: Shutting down and abandoning module UObjectPlugin (380)
[2023.03.07-21.13.24:897][632]LogModuleManager: Shutting down and abandoning module SubversionSourceControl (378)
[2023.03.07-21.13.24:897][632]LogModuleManager: Shutting down and abandoning module PerforceSourceControl (376)
[2023.03.07-21.13.24:897][632]LogModuleManager: Shutting down and abandoning module SourceControl (375)
[2023.03.07-21.13.24:897][632]LogModuleManager: Shutting down and abandoning module CLionSourceCodeAccess (372)
[2023.03.07-21.13.24:897][632]LogModuleManager: Shutting down and abandoning module OodleNetworkHandlerComponent (370)
[2023.03.07-21.13.24:897][632]LogModuleManager: Shutting down and abandoning module LiveLinkSequencer (368)
[2023.03.07-21.13.24:897][632]LogModuleManager: Shutting down and abandoning module LiveLinkMovieScene (366)
[2023.03.07-21.13.24:897][632]LogModuleManager: Shutting down and abandoning module LiveLinkGraphNode (364)
[2023.03.07-21.13.24:897][632]LogModuleManager: Shutting down and abandoning module LiveLinkComponents (362)
[2023.03.07-21.13.24:897][632]LogModuleManager: Shutting down and abandoning module LiveLink (360)
